[2023-02-27T19:12:35.032+0000] {processor.py:153} INFO - Started process (PID=80) to work on /home/airflow/.local/lib/python3.7/site-packages/airflow/example_dags/example_xcom.py
[2023-02-27T19:12:35.032+0000] {processor.py:743} INFO - Processing file /home/airflow/.local/lib/python3.7/site-packages/airflow/example_dags/example_xcom.py for tasks to queue
[2023-02-27T19:12:35.033+0000] {logging_mixin.py:137} INFO - [2023-02-27T19:12:35.033+0000] {dagbag.py:538} INFO - Filling up the DagBag from /home/airflow/.local/lib/python3.7/site-packages/airflow/example_dags/example_xcom.py
[2023-02-27T19:12:35.090+0000] {processor.py:753} INFO - DAG(s) dict_keys(['example_xcom']) retrieved from /home/airflow/.local/lib/python3.7/site-packages/airflow/example_dags/example_xcom.py
[2023-02-27T19:12:35.140+0000] {logging_mixin.py:137} INFO - [2023-02-27T19:12:35.140+0000] {dag.py:2690} INFO - Sync 1 DAGs
[2023-02-27T19:12:35.197+0000] {logging_mixin.py:137} INFO - [2023-02-27T19:12:35.197+0000] {dag.py:3441} INFO - Setting next_dagrun for example_xcom to 2021-01-01T00:00:00+00:00, run_after=2021-01-01T00:00:00+00:00
[2023-02-27T19:12:35.271+0000] {processor.py:175} INFO - Processing /home/airflow/.local/lib/python3.7/site-packages/airflow/example_dags/example_xcom.py took 0.244 seconds
[2023-02-27T19:14:19.053+0000] {processor.py:153} INFO - Started process (PID=80) to work on /home/airflow/.local/lib/python3.7/site-packages/airflow/example_dags/example_xcom.py
[2023-02-27T19:14:19.055+0000] {processor.py:743} INFO - Processing file /home/airflow/.local/lib/python3.7/site-packages/airflow/example_dags/example_xcom.py for tasks to queue
[2023-02-27T19:14:19.056+0000] {logging_mixin.py:137} INFO - [2023-02-27T19:14:19.055+0000] {dagbag.py:538} INFO - Filling up the DagBag from /home/airflow/.local/lib/python3.7/site-packages/airflow/example_dags/example_xcom.py
[2023-02-27T19:14:19.125+0000] {processor.py:753} INFO - DAG(s) dict_keys(['example_xcom']) retrieved from /home/airflow/.local/lib/python3.7/site-packages/airflow/example_dags/example_xcom.py
[2023-02-27T19:14:19.381+0000] {logging_mixin.py:137} INFO - [2023-02-27T19:14:19.381+0000] {manager.py:504} INFO - Created Permission View: can delete on DAG:example_xcom
[2023-02-27T19:14:19.394+0000] {logging_mixin.py:137} INFO - [2023-02-27T19:14:19.394+0000] {manager.py:504} INFO - Created Permission View: can edit on DAG:example_xcom
[2023-02-27T19:14:19.410+0000] {logging_mixin.py:137} INFO - [2023-02-27T19:14:19.410+0000] {manager.py:504} INFO - Created Permission View: can read on DAG:example_xcom
[2023-02-27T19:14:19.410+0000] {logging_mixin.py:137} INFO - [2023-02-27T19:14:19.410+0000] {dag.py:2690} INFO - Sync 1 DAGs
[2023-02-27T19:14:19.453+0000] {logging_mixin.py:137} INFO - [2023-02-27T19:14:19.453+0000] {dag.py:2711} INFO - Creating ORM DAG for example_xcom
[2023-02-27T19:14:19.478+0000] {logging_mixin.py:137} INFO - [2023-02-27T19:14:19.478+0000] {dag.py:3441} INFO - Setting next_dagrun for example_xcom to 2021-01-01T00:00:00+00:00, run_after=2021-01-01T00:00:00+00:00
[2023-02-27T19:14:19.567+0000] {processor.py:175} INFO - Processing /home/airflow/.local/lib/python3.7/site-packages/airflow/example_dags/example_xcom.py took 0.521 seconds
[2023-02-27T19:14:50.168+0000] {processor.py:153} INFO - Started process (PID=148) to work on /home/airflow/.local/lib/python3.7/site-packages/airflow/example_dags/example_xcom.py
[2023-02-27T19:14:50.170+0000] {processor.py:743} INFO - Processing file /home/airflow/.local/lib/python3.7/site-packages/airflow/example_dags/example_xcom.py for tasks to queue
[2023-02-27T19:14:50.171+0000] {logging_mixin.py:137} INFO - [2023-02-27T19:14:50.170+0000] {dagbag.py:538} INFO - Filling up the DagBag from /home/airflow/.local/lib/python3.7/site-packages/airflow/example_dags/example_xcom.py
[2023-02-27T19:14:50.203+0000] {processor.py:753} INFO - DAG(s) dict_keys(['example_xcom']) retrieved from /home/airflow/.local/lib/python3.7/site-packages/airflow/example_dags/example_xcom.py
[2023-02-27T19:14:50.236+0000] {logging_mixin.py:137} INFO - [2023-02-27T19:14:50.236+0000] {dag.py:2690} INFO - Sync 1 DAGs
[2023-02-27T19:14:50.274+0000] {logging_mixin.py:137} INFO - [2023-02-27T19:14:50.274+0000] {dag.py:3441} INFO - Setting next_dagrun for example_xcom to 2021-01-01T00:00:00+00:00, run_after=2021-01-01T00:00:00+00:00
[2023-02-27T19:14:50.296+0000] {processor.py:175} INFO - Processing /home/airflow/.local/lib/python3.7/site-packages/airflow/example_dags/example_xcom.py took 0.132 seconds
[2023-02-27T19:15:20.318+0000] {processor.py:153} INFO - Started process (PID=224) to work on /home/airflow/.local/lib/python3.7/site-packages/airflow/example_dags/example_xcom.py
[2023-02-27T19:15:20.328+0000] {processor.py:743} INFO - Processing file /home/airflow/.local/lib/python3.7/site-packages/airflow/example_dags/example_xcom.py for tasks to queue
[2023-02-27T19:15:20.329+0000] {logging_mixin.py:137} INFO - [2023-02-27T19:15:20.328+0000] {dagbag.py:538} INFO - Filling up the DagBag from /home/airflow/.local/lib/python3.7/site-packages/airflow/example_dags/example_xcom.py
[2023-02-27T19:15:20.396+0000] {processor.py:753} INFO - DAG(s) dict_keys(['example_xcom']) retrieved from /home/airflow/.local/lib/python3.7/site-packages/airflow/example_dags/example_xcom.py
[2023-02-27T19:15:20.458+0000] {logging_mixin.py:137} INFO - [2023-02-27T19:15:20.458+0000] {dag.py:2690} INFO - Sync 1 DAGs
[2023-02-27T19:15:20.517+0000] {logging_mixin.py:137} INFO - [2023-02-27T19:15:20.517+0000] {dag.py:3441} INFO - Setting next_dagrun for example_xcom to 2021-01-01T00:00:00+00:00, run_after=2021-01-01T00:00:00+00:00
[2023-02-27T19:15:20.567+0000] {processor.py:175} INFO - Processing /home/airflow/.local/lib/python3.7/site-packages/airflow/example_dags/example_xcom.py took 0.252 seconds
[2023-02-27T19:15:51.016+0000] {processor.py:153} INFO - Started process (PID=297) to work on /home/airflow/.local/lib/python3.7/site-packages/airflow/example_dags/example_xcom.py
[2023-02-27T19:15:51.018+0000] {processor.py:743} INFO - Processing file /home/airflow/.local/lib/python3.7/site-packages/airflow/example_dags/example_xcom.py for tasks to queue
[2023-02-27T19:15:51.019+0000] {logging_mixin.py:137} INFO - [2023-02-27T19:15:51.019+0000] {dagbag.py:538} INFO - Filling up the DagBag from /home/airflow/.local/lib/python3.7/site-packages/airflow/example_dags/example_xcom.py
[2023-02-27T19:15:51.053+0000] {processor.py:753} INFO - DAG(s) dict_keys(['example_xcom']) retrieved from /home/airflow/.local/lib/python3.7/site-packages/airflow/example_dags/example_xcom.py
[2023-02-27T19:15:51.088+0000] {logging_mixin.py:137} INFO - [2023-02-27T19:15:51.088+0000] {dag.py:2690} INFO - Sync 1 DAGs
[2023-02-27T19:15:51.127+0000] {logging_mixin.py:137} INFO - [2023-02-27T19:15:51.127+0000] {dag.py:3441} INFO - Setting next_dagrun for example_xcom to 2021-01-01T00:00:00+00:00, run_after=2021-01-01T00:00:00+00:00
[2023-02-27T19:15:51.152+0000] {processor.py:175} INFO - Processing /home/airflow/.local/lib/python3.7/site-packages/airflow/example_dags/example_xcom.py took 0.139 seconds
[2023-02-27T19:16:22.140+0000] {processor.py:153} INFO - Started process (PID=365) to work on /home/airflow/.local/lib/python3.7/site-packages/airflow/example_dags/example_xcom.py
[2023-02-27T19:16:22.142+0000] {processor.py:743} INFO - Processing file /home/airflow/.local/lib/python3.7/site-packages/airflow/example_dags/example_xcom.py for tasks to queue
[2023-02-27T19:16:22.142+0000] {logging_mixin.py:137} INFO - [2023-02-27T19:16:22.142+0000] {dagbag.py:538} INFO - Filling up the DagBag from /home/airflow/.local/lib/python3.7/site-packages/airflow/example_dags/example_xcom.py
[2023-02-27T19:16:22.175+0000] {processor.py:753} INFO - DAG(s) dict_keys(['example_xcom']) retrieved from /home/airflow/.local/lib/python3.7/site-packages/airflow/example_dags/example_xcom.py
[2023-02-27T19:16:22.205+0000] {logging_mixin.py:137} INFO - [2023-02-27T19:16:22.205+0000] {dag.py:2690} INFO - Sync 1 DAGs
[2023-02-27T19:16:22.236+0000] {logging_mixin.py:137} INFO - [2023-02-27T19:16:22.236+0000] {dag.py:3441} INFO - Setting next_dagrun for example_xcom to 2021-01-01T00:00:00+00:00, run_after=2021-01-01T00:00:00+00:00
[2023-02-27T19:16:22.259+0000] {processor.py:175} INFO - Processing /home/airflow/.local/lib/python3.7/site-packages/airflow/example_dags/example_xcom.py took 0.122 seconds
[2023-02-27T19:16:52.444+0000] {processor.py:153} INFO - Started process (PID=432) to work on /home/airflow/.local/lib/python3.7/site-packages/airflow/example_dags/example_xcom.py
[2023-02-27T19:16:52.445+0000] {processor.py:743} INFO - Processing file /home/airflow/.local/lib/python3.7/site-packages/airflow/example_dags/example_xcom.py for tasks to queue
[2023-02-27T19:16:52.446+0000] {logging_mixin.py:137} INFO - [2023-02-27T19:16:52.445+0000] {dagbag.py:538} INFO - Filling up the DagBag from /home/airflow/.local/lib/python3.7/site-packages/airflow/example_dags/example_xcom.py
[2023-02-27T19:16:52.479+0000] {processor.py:753} INFO - DAG(s) dict_keys(['example_xcom']) retrieved from /home/airflow/.local/lib/python3.7/site-packages/airflow/example_dags/example_xcom.py
[2023-02-27T19:16:52.519+0000] {logging_mixin.py:137} INFO - [2023-02-27T19:16:52.519+0000] {dag.py:2690} INFO - Sync 1 DAGs
[2023-02-27T19:16:52.562+0000] {logging_mixin.py:137} INFO - [2023-02-27T19:16:52.562+0000] {dag.py:3441} INFO - Setting next_dagrun for example_xcom to 2021-01-01T00:00:00+00:00, run_after=2021-01-01T00:00:00+00:00
[2023-02-27T19:16:52.591+0000] {processor.py:175} INFO - Processing /home/airflow/.local/lib/python3.7/site-packages/airflow/example_dags/example_xcom.py took 0.151 seconds
[2023-02-27T19:17:22.918+0000] {processor.py:153} INFO - Started process (PID=515) to work on /home/airflow/.local/lib/python3.7/site-packages/airflow/example_dags/example_xcom.py
[2023-02-27T19:17:22.923+0000] {processor.py:743} INFO - Processing file /home/airflow/.local/lib/python3.7/site-packages/airflow/example_dags/example_xcom.py for tasks to queue
[2023-02-27T19:17:22.924+0000] {logging_mixin.py:137} INFO - [2023-02-27T19:17:22.924+0000] {dagbag.py:538} INFO - Filling up the DagBag from /home/airflow/.local/lib/python3.7/site-packages/airflow/example_dags/example_xcom.py
[2023-02-27T19:17:22.954+0000] {processor.py:753} INFO - DAG(s) dict_keys(['example_xcom']) retrieved from /home/airflow/.local/lib/python3.7/site-packages/airflow/example_dags/example_xcom.py
[2023-02-27T19:17:22.991+0000] {logging_mixin.py:137} INFO - [2023-02-27T19:17:22.991+0000] {dag.py:2690} INFO - Sync 1 DAGs
[2023-02-27T19:17:23.023+0000] {logging_mixin.py:137} INFO - [2023-02-27T19:17:23.023+0000] {dag.py:3441} INFO - Setting next_dagrun for example_xcom to 2021-01-01T00:00:00+00:00, run_after=2021-01-01T00:00:00+00:00
[2023-02-27T19:17:23.050+0000] {processor.py:175} INFO - Processing /home/airflow/.local/lib/python3.7/site-packages/airflow/example_dags/example_xcom.py took 0.136 seconds
[2023-02-27T19:17:53.595+0000] {processor.py:153} INFO - Started process (PID=582) to work on /home/airflow/.local/lib/python3.7/site-packages/airflow/example_dags/example_xcom.py
[2023-02-27T19:17:53.595+0000] {processor.py:743} INFO - Processing file /home/airflow/.local/lib/python3.7/site-packages/airflow/example_dags/example_xcom.py for tasks to queue
[2023-02-27T19:17:53.597+0000] {logging_mixin.py:137} INFO - [2023-02-27T19:17:53.596+0000] {dagbag.py:538} INFO - Filling up the DagBag from /home/airflow/.local/lib/python3.7/site-packages/airflow/example_dags/example_xcom.py
[2023-02-27T19:17:53.649+0000] {processor.py:753} INFO - DAG(s) dict_keys(['example_xcom']) retrieved from /home/airflow/.local/lib/python3.7/site-packages/airflow/example_dags/example_xcom.py
[2023-02-27T19:17:53.695+0000] {logging_mixin.py:137} INFO - [2023-02-27T19:17:53.695+0000] {dag.py:2690} INFO - Sync 1 DAGs
[2023-02-27T19:17:53.745+0000] {logging_mixin.py:137} INFO - [2023-02-27T19:17:53.745+0000] {dag.py:3441} INFO - Setting next_dagrun for example_xcom to 2021-01-01T00:00:00+00:00, run_after=2021-01-01T00:00:00+00:00
[2023-02-27T19:17:53.799+0000] {processor.py:175} INFO - Processing /home/airflow/.local/lib/python3.7/site-packages/airflow/example_dags/example_xcom.py took 0.208 seconds
[2023-02-27T19:18:24.637+0000] {processor.py:153} INFO - Started process (PID=649) to work on /home/airflow/.local/lib/python3.7/site-packages/airflow/example_dags/example_xcom.py
[2023-02-27T19:18:24.638+0000] {processor.py:743} INFO - Processing file /home/airflow/.local/lib/python3.7/site-packages/airflow/example_dags/example_xcom.py for tasks to queue
[2023-02-27T19:18:24.639+0000] {logging_mixin.py:137} INFO - [2023-02-27T19:18:24.639+0000] {dagbag.py:538} INFO - Filling up the DagBag from /home/airflow/.local/lib/python3.7/site-packages/airflow/example_dags/example_xcom.py
[2023-02-27T19:18:24.674+0000] {processor.py:753} INFO - DAG(s) dict_keys(['example_xcom']) retrieved from /home/airflow/.local/lib/python3.7/site-packages/airflow/example_dags/example_xcom.py
[2023-02-27T19:18:24.719+0000] {logging_mixin.py:137} INFO - [2023-02-27T19:18:24.719+0000] {dag.py:2690} INFO - Sync 1 DAGs
[2023-02-27T19:18:24.761+0000] {logging_mixin.py:137} INFO - [2023-02-27T19:18:24.760+0000] {dag.py:3441} INFO - Setting next_dagrun for example_xcom to 2021-01-01T00:00:00+00:00, run_after=2021-01-01T00:00:00+00:00
[2023-02-27T19:18:24.811+0000] {processor.py:175} INFO - Processing /home/airflow/.local/lib/python3.7/site-packages/airflow/example_dags/example_xcom.py took 0.179 seconds
[2023-02-27T19:18:55.240+0000] {processor.py:153} INFO - Started process (PID=717) to work on /home/airflow/.local/lib/python3.7/site-packages/airflow/example_dags/example_xcom.py
[2023-02-27T19:18:55.241+0000] {processor.py:743} INFO - Processing file /home/airflow/.local/lib/python3.7/site-packages/airflow/example_dags/example_xcom.py for tasks to queue
[2023-02-27T19:18:55.242+0000] {logging_mixin.py:137} INFO - [2023-02-27T19:18:55.242+0000] {dagbag.py:538} INFO - Filling up the DagBag from /home/airflow/.local/lib/python3.7/site-packages/airflow/example_dags/example_xcom.py
[2023-02-27T19:18:55.293+0000] {processor.py:753} INFO - DAG(s) dict_keys(['example_xcom']) retrieved from /home/airflow/.local/lib/python3.7/site-packages/airflow/example_dags/example_xcom.py
[2023-02-27T19:18:55.357+0000] {logging_mixin.py:137} INFO - [2023-02-27T19:18:55.357+0000] {dag.py:2690} INFO - Sync 1 DAGs
[2023-02-27T19:18:55.405+0000] {logging_mixin.py:137} INFO - [2023-02-27T19:18:55.405+0000] {dag.py:3441} INFO - Setting next_dagrun for example_xcom to 2021-01-01T00:00:00+00:00, run_after=2021-01-01T00:00:00+00:00
[2023-02-27T19:18:55.449+0000] {processor.py:175} INFO - Processing /home/airflow/.local/lib/python3.7/site-packages/airflow/example_dags/example_xcom.py took 0.214 seconds
[2023-02-27T19:19:26.324+0000] {processor.py:153} INFO - Started process (PID=798) to work on /home/airflow/.local/lib/python3.7/site-packages/airflow/example_dags/example_xcom.py
[2023-02-27T19:19:26.327+0000] {processor.py:743} INFO - Processing file /home/airflow/.local/lib/python3.7/site-packages/airflow/example_dags/example_xcom.py for tasks to queue
[2023-02-27T19:19:26.328+0000] {logging_mixin.py:137} INFO - [2023-02-27T19:19:26.328+0000] {dagbag.py:538} INFO - Filling up the DagBag from /home/airflow/.local/lib/python3.7/site-packages/airflow/example_dags/example_xcom.py
[2023-02-27T19:19:26.374+0000] {processor.py:753} INFO - DAG(s) dict_keys(['example_xcom']) retrieved from /home/airflow/.local/lib/python3.7/site-packages/airflow/example_dags/example_xcom.py
[2023-02-27T19:19:26.430+0000] {logging_mixin.py:137} INFO - [2023-02-27T19:19:26.430+0000] {dag.py:2690} INFO - Sync 1 DAGs
[2023-02-27T19:19:26.475+0000] {logging_mixin.py:137} INFO - [2023-02-27T19:19:26.475+0000] {dag.py:3441} INFO - Setting next_dagrun for example_xcom to 2021-01-01T00:00:00+00:00, run_after=2021-01-01T00:00:00+00:00
[2023-02-27T19:19:26.535+0000] {processor.py:175} INFO - Processing /home/airflow/.local/lib/python3.7/site-packages/airflow/example_dags/example_xcom.py took 0.222 seconds
[2023-02-27T19:19:57.356+0000] {processor.py:153} INFO - Started process (PID=865) to work on /home/airflow/.local/lib/python3.7/site-packages/airflow/example_dags/example_xcom.py
[2023-02-27T19:19:57.357+0000] {processor.py:743} INFO - Processing file /home/airflow/.local/lib/python3.7/site-packages/airflow/example_dags/example_xcom.py for tasks to queue
[2023-02-27T19:19:57.358+0000] {logging_mixin.py:137} INFO - [2023-02-27T19:19:57.358+0000] {dagbag.py:538} INFO - Filling up the DagBag from /home/airflow/.local/lib/python3.7/site-packages/airflow/example_dags/example_xcom.py
[2023-02-27T19:19:57.394+0000] {processor.py:753} INFO - DAG(s) dict_keys(['example_xcom']) retrieved from /home/airflow/.local/lib/python3.7/site-packages/airflow/example_dags/example_xcom.py
[2023-02-27T19:19:57.428+0000] {logging_mixin.py:137} INFO - [2023-02-27T19:19:57.428+0000] {dag.py:2690} INFO - Sync 1 DAGs
[2023-02-27T19:19:57.462+0000] {logging_mixin.py:137} INFO - [2023-02-27T19:19:57.461+0000] {dag.py:3441} INFO - Setting next_dagrun for example_xcom to 2021-01-01T00:00:00+00:00, run_after=2021-01-01T00:00:00+00:00
[2023-02-27T19:19:57.489+0000] {processor.py:175} INFO - Processing /home/airflow/.local/lib/python3.7/site-packages/airflow/example_dags/example_xcom.py took 0.138 seconds
[2023-02-27T19:20:27.707+0000] {processor.py:153} INFO - Started process (PID=932) to work on /home/airflow/.local/lib/python3.7/site-packages/airflow/example_dags/example_xcom.py
[2023-02-27T19:20:27.707+0000] {processor.py:743} INFO - Processing file /home/airflow/.local/lib/python3.7/site-packages/airflow/example_dags/example_xcom.py for tasks to queue
[2023-02-27T19:20:27.708+0000] {logging_mixin.py:137} INFO - [2023-02-27T19:20:27.708+0000] {dagbag.py:538} INFO - Filling up the DagBag from /home/airflow/.local/lib/python3.7/site-packages/airflow/example_dags/example_xcom.py
[2023-02-27T19:20:27.734+0000] {processor.py:753} INFO - DAG(s) dict_keys(['example_xcom']) retrieved from /home/airflow/.local/lib/python3.7/site-packages/airflow/example_dags/example_xcom.py
[2023-02-27T19:20:27.776+0000] {logging_mixin.py:137} INFO - [2023-02-27T19:20:27.775+0000] {dag.py:2690} INFO - Sync 1 DAGs
[2023-02-27T19:20:27.813+0000] {logging_mixin.py:137} INFO - [2023-02-27T19:20:27.813+0000] {dag.py:3441} INFO - Setting next_dagrun for example_xcom to 2021-01-01T00:00:00+00:00, run_after=2021-01-01T00:00:00+00:00
[2023-02-27T19:20:27.842+0000] {processor.py:175} INFO - Processing /home/airflow/.local/lib/python3.7/site-packages/airflow/example_dags/example_xcom.py took 0.139 seconds
[2023-02-27T19:20:57.971+0000] {processor.py:153} INFO - Started process (PID=1007) to work on /home/airflow/.local/lib/python3.7/site-packages/airflow/example_dags/example_xcom.py
[2023-02-27T19:20:57.974+0000] {processor.py:743} INFO - Processing file /home/airflow/.local/lib/python3.7/site-packages/airflow/example_dags/example_xcom.py for tasks to queue
[2023-02-27T19:20:57.977+0000] {logging_mixin.py:137} INFO - [2023-02-27T19:20:57.976+0000] {dagbag.py:538} INFO - Filling up the DagBag from /home/airflow/.local/lib/python3.7/site-packages/airflow/example_dags/example_xcom.py
[2023-02-27T19:20:58.007+0000] {processor.py:753} INFO - DAG(s) dict_keys(['example_xcom']) retrieved from /home/airflow/.local/lib/python3.7/site-packages/airflow/example_dags/example_xcom.py
[2023-02-27T19:20:58.040+0000] {logging_mixin.py:137} INFO - [2023-02-27T19:20:58.040+0000] {dag.py:2690} INFO - Sync 1 DAGs
[2023-02-27T19:20:58.077+0000] {logging_mixin.py:137} INFO - [2023-02-27T19:20:58.077+0000] {dag.py:3441} INFO - Setting next_dagrun for example_xcom to 2021-01-01T00:00:00+00:00, run_after=2021-01-01T00:00:00+00:00
[2023-02-27T19:20:58.112+0000] {processor.py:175} INFO - Processing /home/airflow/.local/lib/python3.7/site-packages/airflow/example_dags/example_xcom.py took 0.145 seconds
[2023-02-27T19:21:28.546+0000] {processor.py:153} INFO - Started process (PID=1081) to work on /home/airflow/.local/lib/python3.7/site-packages/airflow/example_dags/example_xcom.py
[2023-02-27T19:21:28.547+0000] {processor.py:743} INFO - Processing file /home/airflow/.local/lib/python3.7/site-packages/airflow/example_dags/example_xcom.py for tasks to queue
[2023-02-27T19:21:28.548+0000] {logging_mixin.py:137} INFO - [2023-02-27T19:21:28.547+0000] {dagbag.py:538} INFO - Filling up the DagBag from /home/airflow/.local/lib/python3.7/site-packages/airflow/example_dags/example_xcom.py
[2023-02-27T19:21:28.574+0000] {processor.py:753} INFO - DAG(s) dict_keys(['example_xcom']) retrieved from /home/airflow/.local/lib/python3.7/site-packages/airflow/example_dags/example_xcom.py
[2023-02-27T19:21:28.602+0000] {logging_mixin.py:137} INFO - [2023-02-27T19:21:28.602+0000] {dag.py:2690} INFO - Sync 1 DAGs
[2023-02-27T19:21:28.632+0000] {logging_mixin.py:137} INFO - [2023-02-27T19:21:28.632+0000] {dag.py:3441} INFO - Setting next_dagrun for example_xcom to 2021-01-01T00:00:00+00:00, run_after=2021-01-01T00:00:00+00:00
[2023-02-27T19:21:28.663+0000] {processor.py:175} INFO - Processing /home/airflow/.local/lib/python3.7/site-packages/airflow/example_dags/example_xcom.py took 0.121 seconds
[2023-02-27T19:21:59.421+0000] {processor.py:153} INFO - Started process (PID=1148) to work on /home/airflow/.local/lib/python3.7/site-packages/airflow/example_dags/example_xcom.py
[2023-02-27T19:21:59.422+0000] {processor.py:743} INFO - Processing file /home/airflow/.local/lib/python3.7/site-packages/airflow/example_dags/example_xcom.py for tasks to queue
[2023-02-27T19:21:59.423+0000] {logging_mixin.py:137} INFO - [2023-02-27T19:21:59.423+0000] {dagbag.py:538} INFO - Filling up the DagBag from /home/airflow/.local/lib/python3.7/site-packages/airflow/example_dags/example_xcom.py
[2023-02-27T19:21:59.457+0000] {processor.py:753} INFO - DAG(s) dict_keys(['example_xcom']) retrieved from /home/airflow/.local/lib/python3.7/site-packages/airflow/example_dags/example_xcom.py
[2023-02-27T19:21:59.494+0000] {logging_mixin.py:137} INFO - [2023-02-27T19:21:59.494+0000] {dag.py:2690} INFO - Sync 1 DAGs
[2023-02-27T19:21:59.531+0000] {logging_mixin.py:137} INFO - [2023-02-27T19:21:59.531+0000] {dag.py:3441} INFO - Setting next_dagrun for example_xcom to 2021-01-01T00:00:00+00:00, run_after=2021-01-01T00:00:00+00:00
[2023-02-27T19:21:59.562+0000] {processor.py:175} INFO - Processing /home/airflow/.local/lib/python3.7/site-packages/airflow/example_dags/example_xcom.py took 0.145 seconds
[2023-02-27T19:22:30.198+0000] {processor.py:153} INFO - Started process (PID=1229) to work on /home/airflow/.local/lib/python3.7/site-packages/airflow/example_dags/example_xcom.py
[2023-02-27T19:22:30.199+0000] {processor.py:743} INFO - Processing file /home/airflow/.local/lib/python3.7/site-packages/airflow/example_dags/example_xcom.py for tasks to queue
[2023-02-27T19:22:30.200+0000] {logging_mixin.py:137} INFO - [2023-02-27T19:22:30.200+0000] {dagbag.py:538} INFO - Filling up the DagBag from /home/airflow/.local/lib/python3.7/site-packages/airflow/example_dags/example_xcom.py
[2023-02-27T19:22:30.230+0000] {processor.py:753} INFO - DAG(s) dict_keys(['example_xcom']) retrieved from /home/airflow/.local/lib/python3.7/site-packages/airflow/example_dags/example_xcom.py
[2023-02-27T19:22:30.262+0000] {logging_mixin.py:137} INFO - [2023-02-27T19:22:30.262+0000] {dag.py:2690} INFO - Sync 1 DAGs
[2023-02-27T19:22:30.301+0000] {logging_mixin.py:137} INFO - [2023-02-27T19:22:30.301+0000] {dag.py:3441} INFO - Setting next_dagrun for example_xcom to 2021-01-01T00:00:00+00:00, run_after=2021-01-01T00:00:00+00:00
[2023-02-27T19:22:30.326+0000] {processor.py:175} INFO - Processing /home/airflow/.local/lib/python3.7/site-packages/airflow/example_dags/example_xcom.py took 0.131 seconds
[2023-02-27T19:23:00.670+0000] {processor.py:153} INFO - Started process (PID=1296) to work on /home/airflow/.local/lib/python3.7/site-packages/airflow/example_dags/example_xcom.py
[2023-02-27T19:23:00.671+0000] {processor.py:743} INFO - Processing file /home/airflow/.local/lib/python3.7/site-packages/airflow/example_dags/example_xcom.py for tasks to queue
[2023-02-27T19:23:00.672+0000] {logging_mixin.py:137} INFO - [2023-02-27T19:23:00.671+0000] {dagbag.py:538} INFO - Filling up the DagBag from /home/airflow/.local/lib/python3.7/site-packages/airflow/example_dags/example_xcom.py
[2023-02-27T19:23:00.704+0000] {processor.py:753} INFO - DAG(s) dict_keys(['example_xcom']) retrieved from /home/airflow/.local/lib/python3.7/site-packages/airflow/example_dags/example_xcom.py
[2023-02-27T19:23:00.738+0000] {logging_mixin.py:137} INFO - [2023-02-27T19:23:00.738+0000] {dag.py:2690} INFO - Sync 1 DAGs
[2023-02-27T19:23:00.773+0000] {logging_mixin.py:137} INFO - [2023-02-27T19:23:00.772+0000] {dag.py:3441} INFO - Setting next_dagrun for example_xcom to 2021-01-01T00:00:00+00:00, run_after=2021-01-01T00:00:00+00:00
[2023-02-27T19:23:00.801+0000] {processor.py:175} INFO - Processing /home/airflow/.local/lib/python3.7/site-packages/airflow/example_dags/example_xcom.py took 0.136 seconds
[2023-02-27T19:23:31.472+0000] {processor.py:153} INFO - Started process (PID=1364) to work on /home/airflow/.local/lib/python3.7/site-packages/airflow/example_dags/example_xcom.py
[2023-02-27T19:23:31.473+0000] {processor.py:743} INFO - Processing file /home/airflow/.local/lib/python3.7/site-packages/airflow/example_dags/example_xcom.py for tasks to queue
[2023-02-27T19:23:31.474+0000] {logging_mixin.py:137} INFO - [2023-02-27T19:23:31.474+0000] {dagbag.py:538} INFO - Filling up the DagBag from /home/airflow/.local/lib/python3.7/site-packages/airflow/example_dags/example_xcom.py
[2023-02-27T19:23:31.502+0000] {processor.py:753} INFO - DAG(s) dict_keys(['example_xcom']) retrieved from /home/airflow/.local/lib/python3.7/site-packages/airflow/example_dags/example_xcom.py
[2023-02-27T19:23:31.535+0000] {logging_mixin.py:137} INFO - [2023-02-27T19:23:31.534+0000] {dag.py:2690} INFO - Sync 1 DAGs
[2023-02-27T19:23:31.578+0000] {logging_mixin.py:137} INFO - [2023-02-27T19:23:31.578+0000] {dag.py:3441} INFO - Setting next_dagrun for example_xcom to 2021-01-01T00:00:00+00:00, run_after=2021-01-01T00:00:00+00:00
[2023-02-27T19:23:31.617+0000] {processor.py:175} INFO - Processing /home/airflow/.local/lib/python3.7/site-packages/airflow/example_dags/example_xcom.py took 0.149 seconds
[2023-02-27T19:24:01.853+0000] {processor.py:153} INFO - Started process (PID=1447) to work on /home/airflow/.local/lib/python3.7/site-packages/airflow/example_dags/example_xcom.py
[2023-02-27T19:24:01.855+0000] {processor.py:743} INFO - Processing file /home/airflow/.local/lib/python3.7/site-packages/airflow/example_dags/example_xcom.py for tasks to queue
[2023-02-27T19:24:01.856+0000] {logging_mixin.py:137} INFO - [2023-02-27T19:24:01.856+0000] {dagbag.py:538} INFO - Filling up the DagBag from /home/airflow/.local/lib/python3.7/site-packages/airflow/example_dags/example_xcom.py
[2023-02-27T19:24:01.886+0000] {processor.py:753} INFO - DAG(s) dict_keys(['example_xcom']) retrieved from /home/airflow/.local/lib/python3.7/site-packages/airflow/example_dags/example_xcom.py
[2023-02-27T19:24:01.916+0000] {logging_mixin.py:137} INFO - [2023-02-27T19:24:01.916+0000] {dag.py:2690} INFO - Sync 1 DAGs
[2023-02-27T19:24:01.951+0000] {logging_mixin.py:137} INFO - [2023-02-27T19:24:01.950+0000] {dag.py:3441} INFO - Setting next_dagrun for example_xcom to 2021-01-01T00:00:00+00:00, run_after=2021-01-01T00:00:00+00:00
[2023-02-27T19:24:01.998+0000] {processor.py:175} INFO - Processing /home/airflow/.local/lib/python3.7/site-packages/airflow/example_dags/example_xcom.py took 0.148 seconds
[2023-02-27T19:24:32.430+0000] {processor.py:153} INFO - Started process (PID=1513) to work on /home/airflow/.local/lib/python3.7/site-packages/airflow/example_dags/example_xcom.py
[2023-02-27T19:24:32.431+0000] {processor.py:743} INFO - Processing file /home/airflow/.local/lib/python3.7/site-packages/airflow/example_dags/example_xcom.py for tasks to queue
[2023-02-27T19:24:32.432+0000] {logging_mixin.py:137} INFO - [2023-02-27T19:24:32.431+0000] {dagbag.py:538} INFO - Filling up the DagBag from /home/airflow/.local/lib/python3.7/site-packages/airflow/example_dags/example_xcom.py
[2023-02-27T19:24:32.466+0000] {processor.py:753} INFO - DAG(s) dict_keys(['example_xcom']) retrieved from /home/airflow/.local/lib/python3.7/site-packages/airflow/example_dags/example_xcom.py
[2023-02-27T19:24:32.512+0000] {logging_mixin.py:137} INFO - [2023-02-27T19:24:32.512+0000] {dag.py:2690} INFO - Sync 1 DAGs
[2023-02-27T19:24:32.545+0000] {logging_mixin.py:137} INFO - [2023-02-27T19:24:32.544+0000] {dag.py:3441} INFO - Setting next_dagrun for example_xcom to 2021-01-01T00:00:00+00:00, run_after=2021-01-01T00:00:00+00:00
[2023-02-27T19:24:32.570+0000] {processor.py:175} INFO - Processing /home/airflow/.local/lib/python3.7/site-packages/airflow/example_dags/example_xcom.py took 0.143 seconds
[2023-02-27T19:25:02.758+0000] {processor.py:153} INFO - Started process (PID=1580) to work on /home/airflow/.local/lib/python3.7/site-packages/airflow/example_dags/example_xcom.py
[2023-02-27T19:25:02.759+0000] {processor.py:743} INFO - Processing file /home/airflow/.local/lib/python3.7/site-packages/airflow/example_dags/example_xcom.py for tasks to queue
[2023-02-27T19:25:02.761+0000] {logging_mixin.py:137} INFO - [2023-02-27T19:25:02.760+0000] {dagbag.py:538} INFO - Filling up the DagBag from /home/airflow/.local/lib/python3.7/site-packages/airflow/example_dags/example_xcom.py
[2023-02-27T19:25:02.793+0000] {processor.py:753} INFO - DAG(s) dict_keys(['example_xcom']) retrieved from /home/airflow/.local/lib/python3.7/site-packages/airflow/example_dags/example_xcom.py
[2023-02-27T19:25:02.830+0000] {logging_mixin.py:137} INFO - [2023-02-27T19:25:02.830+0000] {dag.py:2690} INFO - Sync 1 DAGs
[2023-02-27T19:25:02.864+0000] {logging_mixin.py:137} INFO - [2023-02-27T19:25:02.864+0000] {dag.py:3441} INFO - Setting next_dagrun for example_xcom to 2021-01-01T00:00:00+00:00, run_after=2021-01-01T00:00:00+00:00
[2023-02-27T19:25:02.887+0000] {processor.py:175} INFO - Processing /home/airflow/.local/lib/python3.7/site-packages/airflow/example_dags/example_xcom.py took 0.134 seconds
[2023-02-27T19:25:32.989+0000] {processor.py:153} INFO - Started process (PID=1661) to work on /home/airflow/.local/lib/python3.7/site-packages/airflow/example_dags/example_xcom.py
[2023-02-27T19:25:32.990+0000] {processor.py:743} INFO - Processing file /home/airflow/.local/lib/python3.7/site-packages/airflow/example_dags/example_xcom.py for tasks to queue
[2023-02-27T19:25:32.990+0000] {logging_mixin.py:137} INFO - [2023-02-27T19:25:32.990+0000] {dagbag.py:538} INFO - Filling up the DagBag from /home/airflow/.local/lib/python3.7/site-packages/airflow/example_dags/example_xcom.py
[2023-02-27T19:25:33.019+0000] {processor.py:753} INFO - DAG(s) dict_keys(['example_xcom']) retrieved from /home/airflow/.local/lib/python3.7/site-packages/airflow/example_dags/example_xcom.py
[2023-02-27T19:25:33.051+0000] {logging_mixin.py:137} INFO - [2023-02-27T19:25:33.050+0000] {dag.py:2690} INFO - Sync 1 DAGs
[2023-02-27T19:25:33.080+0000] {logging_mixin.py:137} INFO - [2023-02-27T19:25:33.079+0000] {dag.py:3441} INFO - Setting next_dagrun for example_xcom to 2021-01-01T00:00:00+00:00, run_after=2021-01-01T00:00:00+00:00
[2023-02-27T19:25:33.101+0000] {processor.py:175} INFO - Processing /home/airflow/.local/lib/python3.7/site-packages/airflow/example_dags/example_xcom.py took 0.116 seconds
[2023-02-27T19:26:03.192+0000] {processor.py:153} INFO - Started process (PID=1728) to work on /home/airflow/.local/lib/python3.7/site-packages/airflow/example_dags/example_xcom.py
[2023-02-27T19:26:03.193+0000] {processor.py:743} INFO - Processing file /home/airflow/.local/lib/python3.7/site-packages/airflow/example_dags/example_xcom.py for tasks to queue
[2023-02-27T19:26:03.195+0000] {logging_mixin.py:137} INFO - [2023-02-27T19:26:03.194+0000] {dagbag.py:538} INFO - Filling up the DagBag from /home/airflow/.local/lib/python3.7/site-packages/airflow/example_dags/example_xcom.py
[2023-02-27T19:26:03.224+0000] {processor.py:753} INFO - DAG(s) dict_keys(['example_xcom']) retrieved from /home/airflow/.local/lib/python3.7/site-packages/airflow/example_dags/example_xcom.py
[2023-02-27T19:26:03.253+0000] {logging_mixin.py:137} INFO - [2023-02-27T19:26:03.253+0000] {dag.py:2690} INFO - Sync 1 DAGs
[2023-02-27T19:26:03.285+0000] {logging_mixin.py:137} INFO - [2023-02-27T19:26:03.284+0000] {dag.py:3441} INFO - Setting next_dagrun for example_xcom to 2021-01-01T00:00:00+00:00, run_after=2021-01-01T00:00:00+00:00
[2023-02-27T19:26:03.313+0000] {processor.py:175} INFO - Processing /home/airflow/.local/lib/python3.7/site-packages/airflow/example_dags/example_xcom.py took 0.125 seconds
[2023-02-27T19:26:33.615+0000] {processor.py:153} INFO - Started process (PID=1804) to work on /home/airflow/.local/lib/python3.7/site-packages/airflow/example_dags/example_xcom.py
[2023-02-27T19:26:33.617+0000] {processor.py:743} INFO - Processing file /home/airflow/.local/lib/python3.7/site-packages/airflow/example_dags/example_xcom.py for tasks to queue
[2023-02-27T19:26:33.620+0000] {logging_mixin.py:137} INFO - [2023-02-27T19:26:33.620+0000] {dagbag.py:538} INFO - Filling up the DagBag from /home/airflow/.local/lib/python3.7/site-packages/airflow/example_dags/example_xcom.py
[2023-02-27T19:26:33.663+0000] {processor.py:753} INFO - DAG(s) dict_keys(['example_xcom']) retrieved from /home/airflow/.local/lib/python3.7/site-packages/airflow/example_dags/example_xcom.py
[2023-02-27T19:26:33.748+0000] {logging_mixin.py:137} INFO - [2023-02-27T19:26:33.747+0000] {dag.py:2690} INFO - Sync 1 DAGs
[2023-02-27T19:26:33.799+0000] {logging_mixin.py:137} INFO - [2023-02-27T19:26:33.799+0000] {dag.py:3441} INFO - Setting next_dagrun for example_xcom to 2021-01-01T00:00:00+00:00, run_after=2021-01-01T00:00:00+00:00
[2023-02-27T19:26:33.854+0000] {processor.py:175} INFO - Processing /home/airflow/.local/lib/python3.7/site-packages/airflow/example_dags/example_xcom.py took 0.244 seconds
[2023-02-27T19:27:03.994+0000] {processor.py:153} INFO - Started process (PID=1876) to work on /home/airflow/.local/lib/python3.7/site-packages/airflow/example_dags/example_xcom.py
[2023-02-27T19:27:03.996+0000] {processor.py:743} INFO - Processing file /home/airflow/.local/lib/python3.7/site-packages/airflow/example_dags/example_xcom.py for tasks to queue
[2023-02-27T19:27:03.996+0000] {logging_mixin.py:137} INFO - [2023-02-27T19:27:03.996+0000] {dagbag.py:538} INFO - Filling up the DagBag from /home/airflow/.local/lib/python3.7/site-packages/airflow/example_dags/example_xcom.py
[2023-02-27T19:27:04.030+0000] {processor.py:753} INFO - DAG(s) dict_keys(['example_xcom']) retrieved from /home/airflow/.local/lib/python3.7/site-packages/airflow/example_dags/example_xcom.py
[2023-02-27T19:27:04.061+0000] {logging_mixin.py:137} INFO - [2023-02-27T19:27:04.061+0000] {dag.py:2690} INFO - Sync 1 DAGs
[2023-02-27T19:27:04.097+0000] {logging_mixin.py:137} INFO - [2023-02-27T19:27:04.097+0000] {dag.py:3441} INFO - Setting next_dagrun for example_xcom to 2021-01-01T00:00:00+00:00, run_after=2021-01-01T00:00:00+00:00
[2023-02-27T19:27:04.122+0000] {processor.py:175} INFO - Processing /home/airflow/.local/lib/python3.7/site-packages/airflow/example_dags/example_xcom.py took 0.132 seconds
[2023-02-27T19:27:34.253+0000] {processor.py:153} INFO - Started process (PID=1943) to work on /home/airflow/.local/lib/python3.7/site-packages/airflow/example_dags/example_xcom.py
[2023-02-27T19:27:34.254+0000] {processor.py:743} INFO - Processing file /home/airflow/.local/lib/python3.7/site-packages/airflow/example_dags/example_xcom.py for tasks to queue
[2023-02-27T19:27:34.255+0000] {logging_mixin.py:137} INFO - [2023-02-27T19:27:34.255+0000] {dagbag.py:538} INFO - Filling up the DagBag from /home/airflow/.local/lib/python3.7/site-packages/airflow/example_dags/example_xcom.py
[2023-02-27T19:27:34.281+0000] {processor.py:753} INFO - DAG(s) dict_keys(['example_xcom']) retrieved from /home/airflow/.local/lib/python3.7/site-packages/airflow/example_dags/example_xcom.py
[2023-02-27T19:27:34.309+0000] {logging_mixin.py:137} INFO - [2023-02-27T19:27:34.309+0000] {dag.py:2690} INFO - Sync 1 DAGs
[2023-02-27T19:27:34.336+0000] {logging_mixin.py:137} INFO - [2023-02-27T19:27:34.336+0000] {dag.py:3441} INFO - Setting next_dagrun for example_xcom to 2021-01-01T00:00:00+00:00, run_after=2021-01-01T00:00:00+00:00
[2023-02-27T19:27:34.358+0000] {processor.py:175} INFO - Processing /home/airflow/.local/lib/python3.7/site-packages/airflow/example_dags/example_xcom.py took 0.108 seconds
[2023-02-27T19:28:04.824+0000] {processor.py:153} INFO - Started process (PID=2010) to work on /home/airflow/.local/lib/python3.7/site-packages/airflow/example_dags/example_xcom.py
[2023-02-27T19:28:04.826+0000] {processor.py:743} INFO - Processing file /home/airflow/.local/lib/python3.7/site-packages/airflow/example_dags/example_xcom.py for tasks to queue
[2023-02-27T19:28:04.827+0000] {logging_mixin.py:137} INFO - [2023-02-27T19:28:04.826+0000] {dagbag.py:538} INFO - Filling up the DagBag from /home/airflow/.local/lib/python3.7/site-packages/airflow/example_dags/example_xcom.py
[2023-02-27T19:28:04.860+0000] {processor.py:753} INFO - DAG(s) dict_keys(['example_xcom']) retrieved from /home/airflow/.local/lib/python3.7/site-packages/airflow/example_dags/example_xcom.py
[2023-02-27T19:28:04.905+0000] {logging_mixin.py:137} INFO - [2023-02-27T19:28:04.905+0000] {dag.py:2690} INFO - Sync 1 DAGs
[2023-02-27T19:28:04.942+0000] {logging_mixin.py:137} INFO - [2023-02-27T19:28:04.942+0000] {dag.py:3441} INFO - Setting next_dagrun for example_xcom to 2021-01-01T00:00:00+00:00, run_after=2021-01-01T00:00:00+00:00
[2023-02-27T19:28:04.971+0000] {processor.py:175} INFO - Processing /home/airflow/.local/lib/python3.7/site-packages/airflow/example_dags/example_xcom.py took 0.152 seconds
[2023-02-27T19:28:35.659+0000] {processor.py:153} INFO - Started process (PID=2092) to work on /home/airflow/.local/lib/python3.7/site-packages/airflow/example_dags/example_xcom.py
[2023-02-27T19:28:35.660+0000] {processor.py:743} INFO - Processing file /home/airflow/.local/lib/python3.7/site-packages/airflow/example_dags/example_xcom.py for tasks to queue
[2023-02-27T19:28:35.661+0000] {logging_mixin.py:137} INFO - [2023-02-27T19:28:35.661+0000] {dagbag.py:538} INFO - Filling up the DagBag from /home/airflow/.local/lib/python3.7/site-packages/airflow/example_dags/example_xcom.py
[2023-02-27T19:28:35.691+0000] {processor.py:753} INFO - DAG(s) dict_keys(['example_xcom']) retrieved from /home/airflow/.local/lib/python3.7/site-packages/airflow/example_dags/example_xcom.py
[2023-02-27T19:28:35.723+0000] {logging_mixin.py:137} INFO - [2023-02-27T19:28:35.723+0000] {dag.py:2690} INFO - Sync 1 DAGs
[2023-02-27T19:28:35.756+0000] {logging_mixin.py:137} INFO - [2023-02-27T19:28:35.756+0000] {dag.py:3441} INFO - Setting next_dagrun for example_xcom to 2021-01-01T00:00:00+00:00, run_after=2021-01-01T00:00:00+00:00
[2023-02-27T19:28:35.776+0000] {processor.py:175} INFO - Processing /home/airflow/.local/lib/python3.7/site-packages/airflow/example_dags/example_xcom.py took 0.122 seconds
[2023-02-27T19:29:06.139+0000] {processor.py:153} INFO - Started process (PID=2160) to work on /home/airflow/.local/lib/python3.7/site-packages/airflow/example_dags/example_xcom.py
[2023-02-27T19:29:06.140+0000] {processor.py:743} INFO - Processing file /home/airflow/.local/lib/python3.7/site-packages/airflow/example_dags/example_xcom.py for tasks to queue
[2023-02-27T19:29:06.141+0000] {logging_mixin.py:137} INFO - [2023-02-27T19:29:06.141+0000] {dagbag.py:538} INFO - Filling up the DagBag from /home/airflow/.local/lib/python3.7/site-packages/airflow/example_dags/example_xcom.py
[2023-02-27T19:29:06.176+0000] {processor.py:753} INFO - DAG(s) dict_keys(['example_xcom']) retrieved from /home/airflow/.local/lib/python3.7/site-packages/airflow/example_dags/example_xcom.py
[2023-02-27T19:29:06.214+0000] {logging_mixin.py:137} INFO - [2023-02-27T19:29:06.214+0000] {dag.py:2690} INFO - Sync 1 DAGs
[2023-02-27T19:29:06.247+0000] {logging_mixin.py:137} INFO - [2023-02-27T19:29:06.246+0000] {dag.py:3441} INFO - Setting next_dagrun for example_xcom to 2021-01-01T00:00:00+00:00, run_after=2021-01-01T00:00:00+00:00
[2023-02-27T19:29:06.303+0000] {processor.py:175} INFO - Processing /home/airflow/.local/lib/python3.7/site-packages/airflow/example_dags/example_xcom.py took 0.168 seconds
[2023-02-27T19:29:36.526+0000] {processor.py:153} INFO - Started process (PID=2228) to work on /home/airflow/.local/lib/python3.7/site-packages/airflow/example_dags/example_xcom.py
[2023-02-27T19:29:36.527+0000] {processor.py:743} INFO - Processing file /home/airflow/.local/lib/python3.7/site-packages/airflow/example_dags/example_xcom.py for tasks to queue
[2023-02-27T19:29:36.528+0000] {logging_mixin.py:137} INFO - [2023-02-27T19:29:36.528+0000] {dagbag.py:538} INFO - Filling up the DagBag from /home/airflow/.local/lib/python3.7/site-packages/airflow/example_dags/example_xcom.py
[2023-02-27T19:29:36.563+0000] {processor.py:753} INFO - DAG(s) dict_keys(['example_xcom']) retrieved from /home/airflow/.local/lib/python3.7/site-packages/airflow/example_dags/example_xcom.py
[2023-02-27T19:29:36.601+0000] {logging_mixin.py:137} INFO - [2023-02-27T19:29:36.601+0000] {dag.py:2690} INFO - Sync 1 DAGs
[2023-02-27T19:29:36.644+0000] {logging_mixin.py:137} INFO - [2023-02-27T19:29:36.643+0000] {dag.py:3441} INFO - Setting next_dagrun for example_xcom to 2021-01-01T00:00:00+00:00, run_after=2021-01-01T00:00:00+00:00
[2023-02-27T19:29:36.684+0000] {processor.py:175} INFO - Processing /home/airflow/.local/lib/python3.7/site-packages/airflow/example_dags/example_xcom.py took 0.161 seconds
[2023-02-27T19:30:07.039+0000] {processor.py:153} INFO - Started process (PID=2295) to work on /home/airflow/.local/lib/python3.7/site-packages/airflow/example_dags/example_xcom.py
[2023-02-27T19:30:07.040+0000] {processor.py:743} INFO - Processing file /home/airflow/.local/lib/python3.7/site-packages/airflow/example_dags/example_xcom.py for tasks to queue
[2023-02-27T19:30:07.041+0000] {logging_mixin.py:137} INFO - [2023-02-27T19:30:07.041+0000] {dagbag.py:538} INFO - Filling up the DagBag from /home/airflow/.local/lib/python3.7/site-packages/airflow/example_dags/example_xcom.py
[2023-02-27T19:30:07.074+0000] {processor.py:753} INFO - DAG(s) dict_keys(['example_xcom']) retrieved from /home/airflow/.local/lib/python3.7/site-packages/airflow/example_dags/example_xcom.py
[2023-02-27T19:30:07.105+0000] {logging_mixin.py:137} INFO - [2023-02-27T19:30:07.105+0000] {dag.py:2690} INFO - Sync 1 DAGs
[2023-02-27T19:30:07.137+0000] {logging_mixin.py:137} INFO - [2023-02-27T19:30:07.136+0000] {dag.py:3441} INFO - Setting next_dagrun for example_xcom to 2021-01-01T00:00:00+00:00, run_after=2021-01-01T00:00:00+00:00
[2023-02-27T19:30:07.177+0000] {processor.py:175} INFO - Processing /home/airflow/.local/lib/python3.7/site-packages/airflow/example_dags/example_xcom.py took 0.142 seconds
[2023-02-27T19:30:38.090+0000] {processor.py:153} INFO - Started process (PID=2362) to work on /home/airflow/.local/lib/python3.7/site-packages/airflow/example_dags/example_xcom.py
[2023-02-27T19:30:38.091+0000] {processor.py:743} INFO - Processing file /home/airflow/.local/lib/python3.7/site-packages/airflow/example_dags/example_xcom.py for tasks to queue
[2023-02-27T19:30:38.092+0000] {logging_mixin.py:137} INFO - [2023-02-27T19:30:38.092+0000] {dagbag.py:538} INFO - Filling up the DagBag from /home/airflow/.local/lib/python3.7/site-packages/airflow/example_dags/example_xcom.py
[2023-02-27T19:30:38.152+0000] {processor.py:753} INFO - DAG(s) dict_keys(['example_xcom']) retrieved from /home/airflow/.local/lib/python3.7/site-packages/airflow/example_dags/example_xcom.py
[2023-02-27T19:30:38.205+0000] {logging_mixin.py:137} INFO - [2023-02-27T19:30:38.205+0000] {dag.py:2690} INFO - Sync 1 DAGs
[2023-02-27T19:30:38.274+0000] {logging_mixin.py:137} INFO - [2023-02-27T19:30:38.274+0000] {dag.py:3441} INFO - Setting next_dagrun for example_xcom to 2021-01-01T00:00:00+00:00, run_after=2021-01-01T00:00:00+00:00
[2023-02-27T19:30:38.353+0000] {processor.py:175} INFO - Processing /home/airflow/.local/lib/python3.7/site-packages/airflow/example_dags/example_xcom.py took 0.278 seconds
[2023-02-27T19:31:08.833+0000] {processor.py:153} INFO - Started process (PID=2438) to work on /home/airflow/.local/lib/python3.7/site-packages/airflow/example_dags/example_xcom.py
[2023-02-27T19:31:08.834+0000] {processor.py:743} INFO - Processing file /home/airflow/.local/lib/python3.7/site-packages/airflow/example_dags/example_xcom.py for tasks to queue
[2023-02-27T19:31:08.836+0000] {logging_mixin.py:137} INFO - [2023-02-27T19:31:08.836+0000] {dagbag.py:538} INFO - Filling up the DagBag from /home/airflow/.local/lib/python3.7/site-packages/airflow/example_dags/example_xcom.py
[2023-02-27T19:31:08.873+0000] {processor.py:753} INFO - DAG(s) dict_keys(['example_xcom']) retrieved from /home/airflow/.local/lib/python3.7/site-packages/airflow/example_dags/example_xcom.py
[2023-02-27T19:31:08.909+0000] {logging_mixin.py:137} INFO - [2023-02-27T19:31:08.909+0000] {dag.py:2690} INFO - Sync 1 DAGs
[2023-02-27T19:31:08.958+0000] {logging_mixin.py:137} INFO - [2023-02-27T19:31:08.958+0000] {dag.py:3441} INFO - Setting next_dagrun for example_xcom to 2021-01-01T00:00:00+00:00, run_after=2021-01-01T00:00:00+00:00
[2023-02-27T19:31:08.995+0000] {processor.py:175} INFO - Processing /home/airflow/.local/lib/python3.7/site-packages/airflow/example_dags/example_xcom.py took 0.167 seconds
[2023-02-27T19:31:39.521+0000] {processor.py:153} INFO - Started process (PID=2509) to work on /home/airflow/.local/lib/python3.7/site-packages/airflow/example_dags/example_xcom.py
[2023-02-27T19:31:39.523+0000] {processor.py:743} INFO - Processing file /home/airflow/.local/lib/python3.7/site-packages/airflow/example_dags/example_xcom.py for tasks to queue
[2023-02-27T19:31:39.524+0000] {logging_mixin.py:137} INFO - [2023-02-27T19:31:39.524+0000] {dagbag.py:538} INFO - Filling up the DagBag from /home/airflow/.local/lib/python3.7/site-packages/airflow/example_dags/example_xcom.py
[2023-02-27T19:31:39.571+0000] {processor.py:753} INFO - DAG(s) dict_keys(['example_xcom']) retrieved from /home/airflow/.local/lib/python3.7/site-packages/airflow/example_dags/example_xcom.py
[2023-02-27T19:31:39.608+0000] {logging_mixin.py:137} INFO - [2023-02-27T19:31:39.608+0000] {dag.py:2690} INFO - Sync 1 DAGs
[2023-02-27T19:31:39.655+0000] {logging_mixin.py:137} INFO - [2023-02-27T19:31:39.654+0000] {dag.py:3441} INFO - Setting next_dagrun for example_xcom to 2021-01-01T00:00:00+00:00, run_after=2021-01-01T00:00:00+00:00
[2023-02-27T19:31:39.698+0000] {processor.py:175} INFO - Processing /home/airflow/.local/lib/python3.7/site-packages/airflow/example_dags/example_xcom.py took 0.181 seconds
[2023-02-27T19:32:09.847+0000] {processor.py:153} INFO - Started process (PID=2576) to work on /home/airflow/.local/lib/python3.7/site-packages/airflow/example_dags/example_xcom.py
[2023-02-27T19:32:09.852+0000] {processor.py:743} INFO - Processing file /home/airflow/.local/lib/python3.7/site-packages/airflow/example_dags/example_xcom.py for tasks to queue
[2023-02-27T19:32:09.853+0000] {logging_mixin.py:137} INFO - [2023-02-27T19:32:09.853+0000] {dagbag.py:538} INFO - Filling up the DagBag from /home/airflow/.local/lib/python3.7/site-packages/airflow/example_dags/example_xcom.py
[2023-02-27T19:32:09.912+0000] {processor.py:753} INFO - DAG(s) dict_keys(['example_xcom']) retrieved from /home/airflow/.local/lib/python3.7/site-packages/airflow/example_dags/example_xcom.py
[2023-02-27T19:32:09.980+0000] {logging_mixin.py:137} INFO - [2023-02-27T19:32:09.980+0000] {dag.py:2690} INFO - Sync 1 DAGs
[2023-02-27T19:32:10.058+0000] {logging_mixin.py:137} INFO - [2023-02-27T19:32:10.058+0000] {dag.py:3441} INFO - Setting next_dagrun for example_xcom to 2021-01-01T00:00:00+00:00, run_after=2021-01-01T00:00:00+00:00
[2023-02-27T19:32:10.144+0000] {processor.py:175} INFO - Processing /home/airflow/.local/lib/python3.7/site-packages/airflow/example_dags/example_xcom.py took 0.305 seconds
[2023-02-27T19:32:40.191+0000] {processor.py:153} INFO - Started process (PID=2642) to work on /home/airflow/.local/lib/python3.7/site-packages/airflow/example_dags/example_xcom.py
[2023-02-27T19:32:40.192+0000] {processor.py:743} INFO - Processing file /home/airflow/.local/lib/python3.7/site-packages/airflow/example_dags/example_xcom.py for tasks to queue
[2023-02-27T19:32:40.192+0000] {logging_mixin.py:137} INFO - [2023-02-27T19:32:40.192+0000] {dagbag.py:538} INFO - Filling up the DagBag from /home/airflow/.local/lib/python3.7/site-packages/airflow/example_dags/example_xcom.py
[2023-02-27T19:32:40.230+0000] {processor.py:753} INFO - DAG(s) dict_keys(['example_xcom']) retrieved from /home/airflow/.local/lib/python3.7/site-packages/airflow/example_dags/example_xcom.py
[2023-02-27T19:32:40.282+0000] {logging_mixin.py:137} INFO - [2023-02-27T19:32:40.282+0000] {dag.py:2690} INFO - Sync 1 DAGs
[2023-02-27T19:32:40.315+0000] {logging_mixin.py:137} INFO - [2023-02-27T19:32:40.315+0000] {dag.py:3441} INFO - Setting next_dagrun for example_xcom to 2021-01-01T00:00:00+00:00, run_after=2021-01-01T00:00:00+00:00
[2023-02-27T19:32:40.343+0000] {processor.py:175} INFO - Processing /home/airflow/.local/lib/python3.7/site-packages/airflow/example_dags/example_xcom.py took 0.155 seconds
[2023-02-27T19:33:10.381+0000] {processor.py:153} INFO - Started process (PID=2724) to work on /home/airflow/.local/lib/python3.7/site-packages/airflow/example_dags/example_xcom.py
[2023-02-27T19:33:10.382+0000] {processor.py:743} INFO - Processing file /home/airflow/.local/lib/python3.7/site-packages/airflow/example_dags/example_xcom.py for tasks to queue
[2023-02-27T19:33:10.382+0000] {logging_mixin.py:137} INFO - [2023-02-27T19:33:10.382+0000] {dagbag.py:538} INFO - Filling up the DagBag from /home/airflow/.local/lib/python3.7/site-packages/airflow/example_dags/example_xcom.py
[2023-02-27T19:33:10.408+0000] {processor.py:753} INFO - DAG(s) dict_keys(['example_xcom']) retrieved from /home/airflow/.local/lib/python3.7/site-packages/airflow/example_dags/example_xcom.py
[2023-02-27T19:33:10.435+0000] {logging_mixin.py:137} INFO - [2023-02-27T19:33:10.435+0000] {dag.py:2690} INFO - Sync 1 DAGs
[2023-02-27T19:33:10.467+0000] {logging_mixin.py:137} INFO - [2023-02-27T19:33:10.467+0000] {dag.py:3441} INFO - Setting next_dagrun for example_xcom to 2021-01-01T00:00:00+00:00, run_after=2021-01-01T00:00:00+00:00
[2023-02-27T19:33:10.491+0000] {processor.py:175} INFO - Processing /home/airflow/.local/lib/python3.7/site-packages/airflow/example_dags/example_xcom.py took 0.113 seconds
[2023-02-27T19:33:40.804+0000] {processor.py:153} INFO - Started process (PID=2792) to work on /home/airflow/.local/lib/python3.7/site-packages/airflow/example_dags/example_xcom.py
[2023-02-27T19:33:40.805+0000] {processor.py:743} INFO - Processing file /home/airflow/.local/lib/python3.7/site-packages/airflow/example_dags/example_xcom.py for tasks to queue
[2023-02-27T19:33:40.806+0000] {logging_mixin.py:137} INFO - [2023-02-27T19:33:40.806+0000] {dagbag.py:538} INFO - Filling up the DagBag from /home/airflow/.local/lib/python3.7/site-packages/airflow/example_dags/example_xcom.py
[2023-02-27T19:33:40.836+0000] {processor.py:753} INFO - DAG(s) dict_keys(['example_xcom']) retrieved from /home/airflow/.local/lib/python3.7/site-packages/airflow/example_dags/example_xcom.py
[2023-02-27T19:33:40.861+0000] {logging_mixin.py:137} INFO - [2023-02-27T19:33:40.861+0000] {dag.py:2690} INFO - Sync 1 DAGs
[2023-02-27T19:33:40.889+0000] {logging_mixin.py:137} INFO - [2023-02-27T19:33:40.889+0000] {dag.py:3441} INFO - Setting next_dagrun for example_xcom to 2021-01-01T00:00:00+00:00, run_after=2021-01-01T00:00:00+00:00
[2023-02-27T19:33:40.911+0000] {processor.py:175} INFO - Processing /home/airflow/.local/lib/python3.7/site-packages/airflow/example_dags/example_xcom.py took 0.112 seconds
[2023-02-27T19:34:12.078+0000] {processor.py:153} INFO - Started process (PID=2860) to work on /home/airflow/.local/lib/python3.7/site-packages/airflow/example_dags/example_xcom.py
[2023-02-27T19:34:12.079+0000] {processor.py:743} INFO - Processing file /home/airflow/.local/lib/python3.7/site-packages/airflow/example_dags/example_xcom.py for tasks to queue
[2023-02-27T19:34:12.080+0000] {logging_mixin.py:137} INFO - [2023-02-27T19:34:12.080+0000] {dagbag.py:538} INFO - Filling up the DagBag from /home/airflow/.local/lib/python3.7/site-packages/airflow/example_dags/example_xcom.py
[2023-02-27T19:34:12.162+0000] {processor.py:753} INFO - DAG(s) dict_keys(['example_xcom']) retrieved from /home/airflow/.local/lib/python3.7/site-packages/airflow/example_dags/example_xcom.py
[2023-02-27T19:34:12.239+0000] {logging_mixin.py:137} INFO - [2023-02-27T19:34:12.239+0000] {dag.py:2690} INFO - Sync 1 DAGs
[2023-02-27T19:34:12.341+0000] {logging_mixin.py:137} INFO - [2023-02-27T19:34:12.341+0000] {dag.py:3441} INFO - Setting next_dagrun for example_xcom to 2021-01-01T00:00:00+00:00, run_after=2021-01-01T00:00:00+00:00
[2023-02-27T19:34:12.457+0000] {processor.py:175} INFO - Processing /home/airflow/.local/lib/python3.7/site-packages/airflow/example_dags/example_xcom.py took 0.392 seconds
[2023-02-27T19:34:42.974+0000] {processor.py:153} INFO - Started process (PID=2941) to work on /home/airflow/.local/lib/python3.7/site-packages/airflow/example_dags/example_xcom.py
[2023-02-27T19:34:42.975+0000] {processor.py:743} INFO - Processing file /home/airflow/.local/lib/python3.7/site-packages/airflow/example_dags/example_xcom.py for tasks to queue
[2023-02-27T19:34:42.975+0000] {logging_mixin.py:137} INFO - [2023-02-27T19:34:42.975+0000] {dagbag.py:538} INFO - Filling up the DagBag from /home/airflow/.local/lib/python3.7/site-packages/airflow/example_dags/example_xcom.py
[2023-02-27T19:34:43.028+0000] {processor.py:753} INFO - DAG(s) dict_keys(['example_xcom']) retrieved from /home/airflow/.local/lib/python3.7/site-packages/airflow/example_dags/example_xcom.py
[2023-02-27T19:34:43.121+0000] {logging_mixin.py:137} INFO - [2023-02-27T19:34:43.121+0000] {dag.py:2690} INFO - Sync 1 DAGs
[2023-02-27T19:34:43.171+0000] {logging_mixin.py:137} INFO - [2023-02-27T19:34:43.171+0000] {dag.py:3441} INFO - Setting next_dagrun for example_xcom to 2021-01-01T00:00:00+00:00, run_after=2021-01-01T00:00:00+00:00
[2023-02-27T19:34:43.212+0000] {processor.py:175} INFO - Processing /home/airflow/.local/lib/python3.7/site-packages/airflow/example_dags/example_xcom.py took 0.242 seconds
[2023-02-27T19:35:14.249+0000] {processor.py:153} INFO - Started process (PID=3009) to work on /home/airflow/.local/lib/python3.7/site-packages/airflow/example_dags/example_xcom.py
[2023-02-27T19:35:14.250+0000] {processor.py:743} INFO - Processing file /home/airflow/.local/lib/python3.7/site-packages/airflow/example_dags/example_xcom.py for tasks to queue
[2023-02-27T19:35:14.251+0000] {logging_mixin.py:137} INFO - [2023-02-27T19:35:14.251+0000] {dagbag.py:538} INFO - Filling up the DagBag from /home/airflow/.local/lib/python3.7/site-packages/airflow/example_dags/example_xcom.py
[2023-02-27T19:35:14.281+0000] {processor.py:753} INFO - DAG(s) dict_keys(['example_xcom']) retrieved from /home/airflow/.local/lib/python3.7/site-packages/airflow/example_dags/example_xcom.py
[2023-02-27T19:35:14.310+0000] {logging_mixin.py:137} INFO - [2023-02-27T19:35:14.310+0000] {dag.py:2690} INFO - Sync 1 DAGs
[2023-02-27T19:35:14.341+0000] {logging_mixin.py:137} INFO - [2023-02-27T19:35:14.341+0000] {dag.py:3441} INFO - Setting next_dagrun for example_xcom to 2021-01-01T00:00:00+00:00, run_after=2021-01-01T00:00:00+00:00
[2023-02-27T19:35:14.392+0000] {processor.py:175} INFO - Processing /home/airflow/.local/lib/python3.7/site-packages/airflow/example_dags/example_xcom.py took 0.146 seconds
[2023-02-27T19:50:33.739+0000] {processor.py:153} INFO - Started process (PID=80) to work on /home/airflow/.local/lib/python3.7/site-packages/airflow/example_dags/example_xcom.py
[2023-02-27T19:50:33.741+0000] {processor.py:743} INFO - Processing file /home/airflow/.local/lib/python3.7/site-packages/airflow/example_dags/example_xcom.py for tasks to queue
[2023-02-27T19:50:33.742+0000] {logging_mixin.py:137} INFO - [2023-02-27T19:50:33.742+0000] {dagbag.py:538} INFO - Filling up the DagBag from /home/airflow/.local/lib/python3.7/site-packages/airflow/example_dags/example_xcom.py
[2023-02-27T19:50:33.816+0000] {processor.py:753} INFO - DAG(s) dict_keys(['example_xcom']) retrieved from /home/airflow/.local/lib/python3.7/site-packages/airflow/example_dags/example_xcom.py
[2023-02-27T19:50:33.874+0000] {logging_mixin.py:137} INFO - [2023-02-27T19:50:33.873+0000] {dag.py:2690} INFO - Sync 1 DAGs
[2023-02-27T19:50:33.951+0000] {logging_mixin.py:137} INFO - [2023-02-27T19:50:33.951+0000] {dag.py:3441} INFO - Setting next_dagrun for example_xcom to 2021-01-01T00:00:00+00:00, run_after=2021-01-01T00:00:00+00:00
[2023-02-27T19:50:34.007+0000] {processor.py:175} INFO - Processing /home/airflow/.local/lib/python3.7/site-packages/airflow/example_dags/example_xcom.py took 0.272 seconds
[2023-02-27T19:52:54.559+0000] {processor.py:153} INFO - Started process (PID=79) to work on /home/airflow/.local/lib/python3.7/site-packages/airflow/example_dags/example_xcom.py
[2023-02-27T19:52:54.560+0000] {processor.py:743} INFO - Processing file /home/airflow/.local/lib/python3.7/site-packages/airflow/example_dags/example_xcom.py for tasks to queue
[2023-02-27T19:52:54.561+0000] {logging_mixin.py:137} INFO - [2023-02-27T19:52:54.561+0000] {dagbag.py:538} INFO - Filling up the DagBag from /home/airflow/.local/lib/python3.7/site-packages/airflow/example_dags/example_xcom.py
[2023-02-27T19:52:54.606+0000] {processor.py:753} INFO - DAG(s) dict_keys(['example_xcom']) retrieved from /home/airflow/.local/lib/python3.7/site-packages/airflow/example_dags/example_xcom.py
[2023-02-27T19:52:54.821+0000] {logging_mixin.py:137} INFO - [2023-02-27T19:52:54.821+0000] {manager.py:504} INFO - Created Permission View: can edit on DAG:example_xcom
[2023-02-27T19:52:54.837+0000] {logging_mixin.py:137} INFO - [2023-02-27T19:52:54.837+0000] {manager.py:504} INFO - Created Permission View: can read on DAG:example_xcom
[2023-02-27T19:52:54.855+0000] {logging_mixin.py:137} INFO - [2023-02-27T19:52:54.854+0000] {manager.py:504} INFO - Created Permission View: can delete on DAG:example_xcom
[2023-02-27T19:52:54.855+0000] {logging_mixin.py:137} INFO - [2023-02-27T19:52:54.855+0000] {dag.py:2690} INFO - Sync 1 DAGs
[2023-02-27T19:52:54.875+0000] {logging_mixin.py:137} INFO - [2023-02-27T19:52:54.875+0000] {dag.py:2711} INFO - Creating ORM DAG for example_xcom
[2023-02-27T19:52:54.895+0000] {logging_mixin.py:137} INFO - [2023-02-27T19:52:54.894+0000] {dag.py:3441} INFO - Setting next_dagrun for example_xcom to 2021-01-01T00:00:00+00:00, run_after=2021-01-01T00:00:00+00:00
[2023-02-27T19:52:54.937+0000] {processor.py:175} INFO - Processing /home/airflow/.local/lib/python3.7/site-packages/airflow/example_dags/example_xcom.py took 0.381 seconds
[2023-02-27T19:53:25.248+0000] {processor.py:153} INFO - Started process (PID=160) to work on /home/airflow/.local/lib/python3.7/site-packages/airflow/example_dags/example_xcom.py
[2023-02-27T19:53:25.254+0000] {processor.py:743} INFO - Processing file /home/airflow/.local/lib/python3.7/site-packages/airflow/example_dags/example_xcom.py for tasks to queue
[2023-02-27T19:53:25.254+0000] {logging_mixin.py:137} INFO - [2023-02-27T19:53:25.254+0000] {dagbag.py:538} INFO - Filling up the DagBag from /home/airflow/.local/lib/python3.7/site-packages/airflow/example_dags/example_xcom.py
[2023-02-27T19:53:25.305+0000] {processor.py:753} INFO - DAG(s) dict_keys(['example_xcom']) retrieved from /home/airflow/.local/lib/python3.7/site-packages/airflow/example_dags/example_xcom.py
[2023-02-27T19:53:25.402+0000] {logging_mixin.py:137} INFO - [2023-02-27T19:53:25.402+0000] {dag.py:2690} INFO - Sync 1 DAGs
[2023-02-27T19:53:25.470+0000] {logging_mixin.py:137} INFO - [2023-02-27T19:53:25.469+0000] {dag.py:3441} INFO - Setting next_dagrun for example_xcom to 2021-01-01T00:00:00+00:00, run_after=2021-01-01T00:00:00+00:00
[2023-02-27T19:53:25.511+0000] {processor.py:175} INFO - Processing /home/airflow/.local/lib/python3.7/site-packages/airflow/example_dags/example_xcom.py took 0.268 seconds
[2023-02-27T19:53:55.990+0000] {processor.py:153} INFO - Started process (PID=226) to work on /home/airflow/.local/lib/python3.7/site-packages/airflow/example_dags/example_xcom.py
[2023-02-27T19:53:55.992+0000] {processor.py:743} INFO - Processing file /home/airflow/.local/lib/python3.7/site-packages/airflow/example_dags/example_xcom.py for tasks to queue
[2023-02-27T19:53:55.993+0000] {logging_mixin.py:137} INFO - [2023-02-27T19:53:55.993+0000] {dagbag.py:538} INFO - Filling up the DagBag from /home/airflow/.local/lib/python3.7/site-packages/airflow/example_dags/example_xcom.py
[2023-02-27T19:53:56.026+0000] {processor.py:753} INFO - DAG(s) dict_keys(['example_xcom']) retrieved from /home/airflow/.local/lib/python3.7/site-packages/airflow/example_dags/example_xcom.py
[2023-02-27T19:53:56.062+0000] {logging_mixin.py:137} INFO - [2023-02-27T19:53:56.061+0000] {dag.py:2690} INFO - Sync 1 DAGs
[2023-02-27T19:53:56.098+0000] {logging_mixin.py:137} INFO - [2023-02-27T19:53:56.098+0000] {dag.py:3441} INFO - Setting next_dagrun for example_xcom to 2021-01-01T00:00:00+00:00, run_after=2021-01-01T00:00:00+00:00
[2023-02-27T19:53:56.125+0000] {processor.py:175} INFO - Processing /home/airflow/.local/lib/python3.7/site-packages/airflow/example_dags/example_xcom.py took 0.138 seconds
[2023-02-27T19:54:26.446+0000] {processor.py:153} INFO - Started process (PID=292) to work on /home/airflow/.local/lib/python3.7/site-packages/airflow/example_dags/example_xcom.py
[2023-02-27T19:54:26.449+0000] {processor.py:743} INFO - Processing file /home/airflow/.local/lib/python3.7/site-packages/airflow/example_dags/example_xcom.py for tasks to queue
[2023-02-27T19:54:26.450+0000] {logging_mixin.py:137} INFO - [2023-02-27T19:54:26.450+0000] {dagbag.py:538} INFO - Filling up the DagBag from /home/airflow/.local/lib/python3.7/site-packages/airflow/example_dags/example_xcom.py
[2023-02-27T19:54:26.514+0000] {processor.py:753} INFO - DAG(s) dict_keys(['example_xcom']) retrieved from /home/airflow/.local/lib/python3.7/site-packages/airflow/example_dags/example_xcom.py
[2023-02-27T19:54:26.571+0000] {logging_mixin.py:137} INFO - [2023-02-27T19:54:26.571+0000] {dag.py:2690} INFO - Sync 1 DAGs
[2023-02-27T19:54:26.608+0000] {logging_mixin.py:137} INFO - [2023-02-27T19:54:26.608+0000] {dag.py:3441} INFO - Setting next_dagrun for example_xcom to 2021-01-01T00:00:00+00:00, run_after=2021-01-01T00:00:00+00:00
[2023-02-27T19:54:26.632+0000] {processor.py:175} INFO - Processing /home/airflow/.local/lib/python3.7/site-packages/airflow/example_dags/example_xcom.py took 0.205 seconds
[2023-02-27T19:54:56.720+0000] {processor.py:153} INFO - Started process (PID=358) to work on /home/airflow/.local/lib/python3.7/site-packages/airflow/example_dags/example_xcom.py
[2023-02-27T19:54:56.721+0000] {processor.py:743} INFO - Processing file /home/airflow/.local/lib/python3.7/site-packages/airflow/example_dags/example_xcom.py for tasks to queue
[2023-02-27T19:54:56.722+0000] {logging_mixin.py:137} INFO - [2023-02-27T19:54:56.722+0000] {dagbag.py:538} INFO - Filling up the DagBag from /home/airflow/.local/lib/python3.7/site-packages/airflow/example_dags/example_xcom.py
[2023-02-27T19:54:56.769+0000] {processor.py:753} INFO - DAG(s) dict_keys(['example_xcom']) retrieved from /home/airflow/.local/lib/python3.7/site-packages/airflow/example_dags/example_xcom.py
[2023-02-27T19:54:56.867+0000] {logging_mixin.py:137} INFO - [2023-02-27T19:54:56.867+0000] {dag.py:2690} INFO - Sync 1 DAGs
[2023-02-27T19:54:56.920+0000] {logging_mixin.py:137} INFO - [2023-02-27T19:54:56.920+0000] {dag.py:3441} INFO - Setting next_dagrun for example_xcom to 2021-01-01T00:00:00+00:00, run_after=2021-01-01T00:00:00+00:00
[2023-02-27T19:54:56.949+0000] {processor.py:175} INFO - Processing /home/airflow/.local/lib/python3.7/site-packages/airflow/example_dags/example_xcom.py took 0.234 seconds
[2023-02-27T19:55:27.183+0000] {processor.py:153} INFO - Started process (PID=439) to work on /home/airflow/.local/lib/python3.7/site-packages/airflow/example_dags/example_xcom.py
[2023-02-27T19:55:27.185+0000] {processor.py:743} INFO - Processing file /home/airflow/.local/lib/python3.7/site-packages/airflow/example_dags/example_xcom.py for tasks to queue
[2023-02-27T19:55:27.186+0000] {logging_mixin.py:137} INFO - [2023-02-27T19:55:27.186+0000] {dagbag.py:538} INFO - Filling up the DagBag from /home/airflow/.local/lib/python3.7/site-packages/airflow/example_dags/example_xcom.py
[2023-02-27T19:55:27.237+0000] {processor.py:753} INFO - DAG(s) dict_keys(['example_xcom']) retrieved from /home/airflow/.local/lib/python3.7/site-packages/airflow/example_dags/example_xcom.py
[2023-02-27T19:55:27.269+0000] {logging_mixin.py:137} INFO - [2023-02-27T19:55:27.269+0000] {dag.py:2690} INFO - Sync 1 DAGs
[2023-02-27T19:55:27.324+0000] {logging_mixin.py:137} INFO - [2023-02-27T19:55:27.324+0000] {dag.py:3441} INFO - Setting next_dagrun for example_xcom to 2021-01-01T00:00:00+00:00, run_after=2021-01-01T00:00:00+00:00
[2023-02-27T19:55:27.355+0000] {processor.py:175} INFO - Processing /home/airflow/.local/lib/python3.7/site-packages/airflow/example_dags/example_xcom.py took 0.176 seconds
[2023-02-27T19:55:58.279+0000] {processor.py:153} INFO - Started process (PID=507) to work on /home/airflow/.local/lib/python3.7/site-packages/airflow/example_dags/example_xcom.py
[2023-02-27T19:55:58.280+0000] {processor.py:743} INFO - Processing file /home/airflow/.local/lib/python3.7/site-packages/airflow/example_dags/example_xcom.py for tasks to queue
[2023-02-27T19:55:58.281+0000] {logging_mixin.py:137} INFO - [2023-02-27T19:55:58.280+0000] {dagbag.py:538} INFO - Filling up the DagBag from /home/airflow/.local/lib/python3.7/site-packages/airflow/example_dags/example_xcom.py
[2023-02-27T19:55:58.304+0000] {processor.py:753} INFO - DAG(s) dict_keys(['example_xcom']) retrieved from /home/airflow/.local/lib/python3.7/site-packages/airflow/example_dags/example_xcom.py
[2023-02-27T19:55:58.331+0000] {logging_mixin.py:137} INFO - [2023-02-27T19:55:58.331+0000] {dag.py:2690} INFO - Sync 1 DAGs
[2023-02-27T19:55:58.361+0000] {logging_mixin.py:137} INFO - [2023-02-27T19:55:58.361+0000] {dag.py:3441} INFO - Setting next_dagrun for example_xcom to 2021-01-01T00:00:00+00:00, run_after=2021-01-01T00:00:00+00:00
[2023-02-27T19:55:58.382+0000] {processor.py:175} INFO - Processing /home/airflow/.local/lib/python3.7/site-packages/airflow/example_dags/example_xcom.py took 0.107 seconds
[2023-02-27T19:56:29.445+0000] {processor.py:153} INFO - Started process (PID=583) to work on /home/airflow/.local/lib/python3.7/site-packages/airflow/example_dags/example_xcom.py
[2023-02-27T19:56:29.447+0000] {processor.py:743} INFO - Processing file /home/airflow/.local/lib/python3.7/site-packages/airflow/example_dags/example_xcom.py for tasks to queue
[2023-02-27T19:56:29.452+0000] {logging_mixin.py:137} INFO - [2023-02-27T19:56:29.448+0000] {dagbag.py:538} INFO - Filling up the DagBag from /home/airflow/.local/lib/python3.7/site-packages/airflow/example_dags/example_xcom.py
[2023-02-27T19:56:29.506+0000] {processor.py:753} INFO - DAG(s) dict_keys(['example_xcom']) retrieved from /home/airflow/.local/lib/python3.7/site-packages/airflow/example_dags/example_xcom.py
[2023-02-27T19:56:29.561+0000] {logging_mixin.py:137} INFO - [2023-02-27T19:56:29.561+0000] {dag.py:2690} INFO - Sync 1 DAGs
[2023-02-27T19:56:29.628+0000] {logging_mixin.py:137} INFO - [2023-02-27T19:56:29.628+0000] {dag.py:3441} INFO - Setting next_dagrun for example_xcom to 2021-01-01T00:00:00+00:00, run_after=2021-01-01T00:00:00+00:00
[2023-02-27T19:56:29.674+0000] {processor.py:175} INFO - Processing /home/airflow/.local/lib/python3.7/site-packages/airflow/example_dags/example_xcom.py took 0.238 seconds
[2023-02-27T19:57:00.090+0000] {processor.py:153} INFO - Started process (PID=655) to work on /home/airflow/.local/lib/python3.7/site-packages/airflow/example_dags/example_xcom.py
[2023-02-27T19:57:00.091+0000] {processor.py:743} INFO - Processing file /home/airflow/.local/lib/python3.7/site-packages/airflow/example_dags/example_xcom.py for tasks to queue
[2023-02-27T19:57:00.092+0000] {logging_mixin.py:137} INFO - [2023-02-27T19:57:00.091+0000] {dagbag.py:538} INFO - Filling up the DagBag from /home/airflow/.local/lib/python3.7/site-packages/airflow/example_dags/example_xcom.py
[2023-02-27T19:57:00.139+0000] {processor.py:753} INFO - DAG(s) dict_keys(['example_xcom']) retrieved from /home/airflow/.local/lib/python3.7/site-packages/airflow/example_dags/example_xcom.py
[2023-02-27T19:57:00.180+0000] {logging_mixin.py:137} INFO - [2023-02-27T19:57:00.179+0000] {dag.py:2690} INFO - Sync 1 DAGs
[2023-02-27T19:57:00.220+0000] {logging_mixin.py:137} INFO - [2023-02-27T19:57:00.220+0000] {dag.py:3441} INFO - Setting next_dagrun for example_xcom to 2021-01-01T00:00:00+00:00, run_after=2021-01-01T00:00:00+00:00
[2023-02-27T19:57:00.261+0000] {processor.py:175} INFO - Processing /home/airflow/.local/lib/python3.7/site-packages/airflow/example_dags/example_xcom.py took 0.175 seconds
[2023-02-27T19:57:30.943+0000] {processor.py:153} INFO - Started process (PID=723) to work on /home/airflow/.local/lib/python3.7/site-packages/airflow/example_dags/example_xcom.py
[2023-02-27T19:57:30.944+0000] {processor.py:743} INFO - Processing file /home/airflow/.local/lib/python3.7/site-packages/airflow/example_dags/example_xcom.py for tasks to queue
[2023-02-27T19:57:30.945+0000] {logging_mixin.py:137} INFO - [2023-02-27T19:57:30.945+0000] {dagbag.py:538} INFO - Filling up the DagBag from /home/airflow/.local/lib/python3.7/site-packages/airflow/example_dags/example_xcom.py
[2023-02-27T19:57:30.971+0000] {processor.py:753} INFO - DAG(s) dict_keys(['example_xcom']) retrieved from /home/airflow/.local/lib/python3.7/site-packages/airflow/example_dags/example_xcom.py
[2023-02-27T19:57:31.006+0000] {logging_mixin.py:137} INFO - [2023-02-27T19:57:31.006+0000] {dag.py:2690} INFO - Sync 1 DAGs
[2023-02-27T19:57:31.037+0000] {logging_mixin.py:137} INFO - [2023-02-27T19:57:31.037+0000] {dag.py:3441} INFO - Setting next_dagrun for example_xcom to 2021-01-01T00:00:00+00:00, run_after=2021-01-01T00:00:00+00:00
[2023-02-27T19:57:31.060+0000] {processor.py:175} INFO - Processing /home/airflow/.local/lib/python3.7/site-packages/airflow/example_dags/example_xcom.py took 0.121 seconds
[2023-02-27T19:58:01.426+0000] {processor.py:153} INFO - Started process (PID=798) to work on /home/airflow/.local/lib/python3.7/site-packages/airflow/example_dags/example_xcom.py
[2023-02-27T19:58:01.427+0000] {processor.py:743} INFO - Processing file /home/airflow/.local/lib/python3.7/site-packages/airflow/example_dags/example_xcom.py for tasks to queue
[2023-02-27T19:58:01.428+0000] {logging_mixin.py:137} INFO - [2023-02-27T19:58:01.428+0000] {dagbag.py:538} INFO - Filling up the DagBag from /home/airflow/.local/lib/python3.7/site-packages/airflow/example_dags/example_xcom.py
[2023-02-27T19:58:01.466+0000] {processor.py:753} INFO - DAG(s) dict_keys(['example_xcom']) retrieved from /home/airflow/.local/lib/python3.7/site-packages/airflow/example_dags/example_xcom.py
[2023-02-27T19:58:01.528+0000] {logging_mixin.py:137} INFO - [2023-02-27T19:58:01.528+0000] {dag.py:2690} INFO - Sync 1 DAGs
[2023-02-27T19:58:01.581+0000] {logging_mixin.py:137} INFO - [2023-02-27T19:58:01.581+0000] {dag.py:3441} INFO - Setting next_dagrun for example_xcom to 2021-01-01T00:00:00+00:00, run_after=2021-01-01T00:00:00+00:00
[2023-02-27T19:58:01.627+0000] {processor.py:175} INFO - Processing /home/airflow/.local/lib/python3.7/site-packages/airflow/example_dags/example_xcom.py took 0.205 seconds
[2023-02-27T19:58:32.471+0000] {processor.py:153} INFO - Started process (PID=873) to work on /home/airflow/.local/lib/python3.7/site-packages/airflow/example_dags/example_xcom.py
[2023-02-27T19:58:32.472+0000] {processor.py:743} INFO - Processing file /home/airflow/.local/lib/python3.7/site-packages/airflow/example_dags/example_xcom.py for tasks to queue
[2023-02-27T19:58:32.475+0000] {logging_mixin.py:137} INFO - [2023-02-27T19:58:32.474+0000] {dagbag.py:538} INFO - Filling up the DagBag from /home/airflow/.local/lib/python3.7/site-packages/airflow/example_dags/example_xcom.py
[2023-02-27T19:58:32.505+0000] {processor.py:753} INFO - DAG(s) dict_keys(['example_xcom']) retrieved from /home/airflow/.local/lib/python3.7/site-packages/airflow/example_dags/example_xcom.py
[2023-02-27T19:58:32.541+0000] {logging_mixin.py:137} INFO - [2023-02-27T19:58:32.541+0000] {dag.py:2690} INFO - Sync 1 DAGs
[2023-02-27T19:58:32.573+0000] {logging_mixin.py:137} INFO - [2023-02-27T19:58:32.573+0000] {dag.py:3441} INFO - Setting next_dagrun for example_xcom to 2021-01-01T00:00:00+00:00, run_after=2021-01-01T00:00:00+00:00
[2023-02-27T19:58:32.604+0000] {processor.py:175} INFO - Processing /home/airflow/.local/lib/python3.7/site-packages/airflow/example_dags/example_xcom.py took 0.139 seconds
[2023-02-27T19:59:03.454+0000] {processor.py:153} INFO - Started process (PID=941) to work on /home/airflow/.local/lib/python3.7/site-packages/airflow/example_dags/example_xcom.py
[2023-02-27T19:59:03.455+0000] {processor.py:743} INFO - Processing file /home/airflow/.local/lib/python3.7/site-packages/airflow/example_dags/example_xcom.py for tasks to queue
[2023-02-27T19:59:03.456+0000] {logging_mixin.py:137} INFO - [2023-02-27T19:59:03.455+0000] {dagbag.py:538} INFO - Filling up the DagBag from /home/airflow/.local/lib/python3.7/site-packages/airflow/example_dags/example_xcom.py
[2023-02-27T19:59:03.480+0000] {processor.py:753} INFO - DAG(s) dict_keys(['example_xcom']) retrieved from /home/airflow/.local/lib/python3.7/site-packages/airflow/example_dags/example_xcom.py
[2023-02-27T19:59:03.509+0000] {logging_mixin.py:137} INFO - [2023-02-27T19:59:03.509+0000] {dag.py:2690} INFO - Sync 1 DAGs
[2023-02-27T19:59:03.538+0000] {logging_mixin.py:137} INFO - [2023-02-27T19:59:03.537+0000] {dag.py:3441} INFO - Setting next_dagrun for example_xcom to 2021-01-01T00:00:00+00:00, run_after=2021-01-01T00:00:00+00:00
[2023-02-27T19:59:03.563+0000] {processor.py:175} INFO - Processing /home/airflow/.local/lib/python3.7/site-packages/airflow/example_dags/example_xcom.py took 0.113 seconds
[2023-02-27T19:59:33.957+0000] {processor.py:153} INFO - Started process (PID=1023) to work on /home/airflow/.local/lib/python3.7/site-packages/airflow/example_dags/example_xcom.py
[2023-02-27T19:59:33.963+0000] {processor.py:743} INFO - Processing file /home/airflow/.local/lib/python3.7/site-packages/airflow/example_dags/example_xcom.py for tasks to queue
[2023-02-27T19:59:33.964+0000] {logging_mixin.py:137} INFO - [2023-02-27T19:59:33.964+0000] {dagbag.py:538} INFO - Filling up the DagBag from /home/airflow/.local/lib/python3.7/site-packages/airflow/example_dags/example_xcom.py
[2023-02-27T19:59:34.005+0000] {processor.py:753} INFO - DAG(s) dict_keys(['example_xcom']) retrieved from /home/airflow/.local/lib/python3.7/site-packages/airflow/example_dags/example_xcom.py
[2023-02-27T19:59:34.037+0000] {logging_mixin.py:137} INFO - [2023-02-27T19:59:34.037+0000] {dag.py:2690} INFO - Sync 1 DAGs
[2023-02-27T19:59:34.069+0000] {logging_mixin.py:137} INFO - [2023-02-27T19:59:34.069+0000] {dag.py:3441} INFO - Setting next_dagrun for example_xcom to 2021-01-01T00:00:00+00:00, run_after=2021-01-01T00:00:00+00:00
[2023-02-27T19:59:34.092+0000] {processor.py:175} INFO - Processing /home/airflow/.local/lib/python3.7/site-packages/airflow/example_dags/example_xcom.py took 0.140 seconds
[2023-02-27T20:00:04.343+0000] {processor.py:153} INFO - Started process (PID=1091) to work on /home/airflow/.local/lib/python3.7/site-packages/airflow/example_dags/example_xcom.py
[2023-02-27T20:00:04.344+0000] {processor.py:743} INFO - Processing file /home/airflow/.local/lib/python3.7/site-packages/airflow/example_dags/example_xcom.py for tasks to queue
[2023-02-27T20:00:04.345+0000] {logging_mixin.py:137} INFO - [2023-02-27T20:00:04.345+0000] {dagbag.py:538} INFO - Filling up the DagBag from /home/airflow/.local/lib/python3.7/site-packages/airflow/example_dags/example_xcom.py
[2023-02-27T20:00:04.374+0000] {processor.py:753} INFO - DAG(s) dict_keys(['example_xcom']) retrieved from /home/airflow/.local/lib/python3.7/site-packages/airflow/example_dags/example_xcom.py
[2023-02-27T20:00:04.407+0000] {logging_mixin.py:137} INFO - [2023-02-27T20:00:04.407+0000] {dag.py:2690} INFO - Sync 1 DAGs
[2023-02-27T20:00:04.436+0000] {logging_mixin.py:137} INFO - [2023-02-27T20:00:04.436+0000] {dag.py:3441} INFO - Setting next_dagrun for example_xcom to 2021-01-01T00:00:00+00:00, run_after=2021-01-01T00:00:00+00:00
[2023-02-27T20:00:04.461+0000] {processor.py:175} INFO - Processing /home/airflow/.local/lib/python3.7/site-packages/airflow/example_dags/example_xcom.py took 0.121 seconds
[2023-02-27T20:00:34.781+0000] {processor.py:153} INFO - Started process (PID=1159) to work on /home/airflow/.local/lib/python3.7/site-packages/airflow/example_dags/example_xcom.py
[2023-02-27T20:00:34.783+0000] {processor.py:743} INFO - Processing file /home/airflow/.local/lib/python3.7/site-packages/airflow/example_dags/example_xcom.py for tasks to queue
[2023-02-27T20:00:34.784+0000] {logging_mixin.py:137} INFO - [2023-02-27T20:00:34.784+0000] {dagbag.py:538} INFO - Filling up the DagBag from /home/airflow/.local/lib/python3.7/site-packages/airflow/example_dags/example_xcom.py
[2023-02-27T20:00:34.821+0000] {processor.py:753} INFO - DAG(s) dict_keys(['example_xcom']) retrieved from /home/airflow/.local/lib/python3.7/site-packages/airflow/example_dags/example_xcom.py
[2023-02-27T20:00:34.875+0000] {logging_mixin.py:137} INFO - [2023-02-27T20:00:34.875+0000] {dag.py:2690} INFO - Sync 1 DAGs
[2023-02-27T20:00:34.918+0000] {logging_mixin.py:137} INFO - [2023-02-27T20:00:34.917+0000] {dag.py:3441} INFO - Setting next_dagrun for example_xcom to 2021-01-01T00:00:00+00:00, run_after=2021-01-01T00:00:00+00:00
[2023-02-27T20:00:34.965+0000] {processor.py:175} INFO - Processing /home/airflow/.local/lib/python3.7/site-packages/airflow/example_dags/example_xcom.py took 0.187 seconds
[2023-02-27T20:01:05.205+0000] {processor.py:153} INFO - Started process (PID=1241) to work on /home/airflow/.local/lib/python3.7/site-packages/airflow/example_dags/example_xcom.py
[2023-02-27T20:01:05.205+0000] {processor.py:743} INFO - Processing file /home/airflow/.local/lib/python3.7/site-packages/airflow/example_dags/example_xcom.py for tasks to queue
[2023-02-27T20:01:05.206+0000] {logging_mixin.py:137} INFO - [2023-02-27T20:01:05.206+0000] {dagbag.py:538} INFO - Filling up the DagBag from /home/airflow/.local/lib/python3.7/site-packages/airflow/example_dags/example_xcom.py
[2023-02-27T20:01:05.237+0000] {processor.py:753} INFO - DAG(s) dict_keys(['example_xcom']) retrieved from /home/airflow/.local/lib/python3.7/site-packages/airflow/example_dags/example_xcom.py
[2023-02-27T20:01:05.270+0000] {logging_mixin.py:137} INFO - [2023-02-27T20:01:05.270+0000] {dag.py:2690} INFO - Sync 1 DAGs
[2023-02-27T20:01:05.304+0000] {logging_mixin.py:137} INFO - [2023-02-27T20:01:05.304+0000] {dag.py:3441} INFO - Setting next_dagrun for example_xcom to 2021-01-01T00:00:00+00:00, run_after=2021-01-01T00:00:00+00:00
[2023-02-27T20:01:05.326+0000] {processor.py:175} INFO - Processing /home/airflow/.local/lib/python3.7/site-packages/airflow/example_dags/example_xcom.py took 0.124 seconds
[2023-02-27T20:01:35.963+0000] {processor.py:153} INFO - Started process (PID=1308) to work on /home/airflow/.local/lib/python3.7/site-packages/airflow/example_dags/example_xcom.py
[2023-02-27T20:01:35.964+0000] {processor.py:743} INFO - Processing file /home/airflow/.local/lib/python3.7/site-packages/airflow/example_dags/example_xcom.py for tasks to queue
[2023-02-27T20:01:35.965+0000] {logging_mixin.py:137} INFO - [2023-02-27T20:01:35.965+0000] {dagbag.py:538} INFO - Filling up the DagBag from /home/airflow/.local/lib/python3.7/site-packages/airflow/example_dags/example_xcom.py
[2023-02-27T20:01:35.990+0000] {processor.py:753} INFO - DAG(s) dict_keys(['example_xcom']) retrieved from /home/airflow/.local/lib/python3.7/site-packages/airflow/example_dags/example_xcom.py
[2023-02-27T20:01:36.017+0000] {logging_mixin.py:137} INFO - [2023-02-27T20:01:36.017+0000] {dag.py:2690} INFO - Sync 1 DAGs
[2023-02-27T20:01:36.052+0000] {logging_mixin.py:137} INFO - [2023-02-27T20:01:36.052+0000] {dag.py:3441} INFO - Setting next_dagrun for example_xcom to 2021-01-01T00:00:00+00:00, run_after=2021-01-01T00:00:00+00:00
[2023-02-27T20:01:36.079+0000] {processor.py:175} INFO - Processing /home/airflow/.local/lib/python3.7/site-packages/airflow/example_dags/example_xcom.py took 0.120 seconds
[2023-02-27T20:02:06.794+0000] {processor.py:153} INFO - Started process (PID=1376) to work on /home/airflow/.local/lib/python3.7/site-packages/airflow/example_dags/example_xcom.py
[2023-02-27T20:02:06.795+0000] {processor.py:743} INFO - Processing file /home/airflow/.local/lib/python3.7/site-packages/airflow/example_dags/example_xcom.py for tasks to queue
[2023-02-27T20:02:06.796+0000] {logging_mixin.py:137} INFO - [2023-02-27T20:02:06.796+0000] {dagbag.py:538} INFO - Filling up the DagBag from /home/airflow/.local/lib/python3.7/site-packages/airflow/example_dags/example_xcom.py
[2023-02-27T20:02:06.826+0000] {processor.py:753} INFO - DAG(s) dict_keys(['example_xcom']) retrieved from /home/airflow/.local/lib/python3.7/site-packages/airflow/example_dags/example_xcom.py
[2023-02-27T20:02:06.857+0000] {logging_mixin.py:137} INFO - [2023-02-27T20:02:06.857+0000] {dag.py:2690} INFO - Sync 1 DAGs
[2023-02-27T20:02:06.884+0000] {logging_mixin.py:137} INFO - [2023-02-27T20:02:06.884+0000] {dag.py:3441} INFO - Setting next_dagrun for example_xcom to 2021-01-01T00:00:00+00:00, run_after=2021-01-01T00:00:00+00:00
[2023-02-27T20:02:06.910+0000] {processor.py:175} INFO - Processing /home/airflow/.local/lib/python3.7/site-packages/airflow/example_dags/example_xcom.py took 0.119 seconds
[2023-02-27T20:02:37.642+0000] {processor.py:153} INFO - Started process (PID=1458) to work on /home/airflow/.local/lib/python3.7/site-packages/airflow/example_dags/example_xcom.py
[2023-02-27T20:02:37.643+0000] {processor.py:743} INFO - Processing file /home/airflow/.local/lib/python3.7/site-packages/airflow/example_dags/example_xcom.py for tasks to queue
[2023-02-27T20:02:37.644+0000] {logging_mixin.py:137} INFO - [2023-02-27T20:02:37.644+0000] {dagbag.py:538} INFO - Filling up the DagBag from /home/airflow/.local/lib/python3.7/site-packages/airflow/example_dags/example_xcom.py
[2023-02-27T20:02:37.668+0000] {processor.py:753} INFO - DAG(s) dict_keys(['example_xcom']) retrieved from /home/airflow/.local/lib/python3.7/site-packages/airflow/example_dags/example_xcom.py
[2023-02-27T20:02:37.701+0000] {logging_mixin.py:137} INFO - [2023-02-27T20:02:37.701+0000] {dag.py:2690} INFO - Sync 1 DAGs
[2023-02-27T20:02:37.735+0000] {logging_mixin.py:137} INFO - [2023-02-27T20:02:37.735+0000] {dag.py:3441} INFO - Setting next_dagrun for example_xcom to 2021-01-01T00:00:00+00:00, run_after=2021-01-01T00:00:00+00:00
[2023-02-27T20:02:37.759+0000] {processor.py:175} INFO - Processing /home/airflow/.local/lib/python3.7/site-packages/airflow/example_dags/example_xcom.py took 0.120 seconds
[2023-02-27T20:03:07.871+0000] {processor.py:153} INFO - Started process (PID=1525) to work on /home/airflow/.local/lib/python3.7/site-packages/airflow/example_dags/example_xcom.py
[2023-02-27T20:03:07.878+0000] {processor.py:743} INFO - Processing file /home/airflow/.local/lib/python3.7/site-packages/airflow/example_dags/example_xcom.py for tasks to queue
[2023-02-27T20:03:07.879+0000] {logging_mixin.py:137} INFO - [2023-02-27T20:03:07.879+0000] {dagbag.py:538} INFO - Filling up the DagBag from /home/airflow/.local/lib/python3.7/site-packages/airflow/example_dags/example_xcom.py
[2023-02-27T20:03:07.906+0000] {processor.py:753} INFO - DAG(s) dict_keys(['example_xcom']) retrieved from /home/airflow/.local/lib/python3.7/site-packages/airflow/example_dags/example_xcom.py
[2023-02-27T20:03:07.938+0000] {logging_mixin.py:137} INFO - [2023-02-27T20:03:07.937+0000] {dag.py:2690} INFO - Sync 1 DAGs
[2023-02-27T20:03:07.966+0000] {logging_mixin.py:137} INFO - [2023-02-27T20:03:07.966+0000] {dag.py:3441} INFO - Setting next_dagrun for example_xcom to 2021-01-01T00:00:00+00:00, run_after=2021-01-01T00:00:00+00:00
[2023-02-27T20:03:07.996+0000] {processor.py:175} INFO - Processing /home/airflow/.local/lib/python3.7/site-packages/airflow/example_dags/example_xcom.py took 0.128 seconds
[2023-02-27T20:03:38.014+0000] {processor.py:153} INFO - Started process (PID=1600) to work on /home/airflow/.local/lib/python3.7/site-packages/airflow/example_dags/example_xcom.py
[2023-02-27T20:03:38.015+0000] {processor.py:743} INFO - Processing file /home/airflow/.local/lib/python3.7/site-packages/airflow/example_dags/example_xcom.py for tasks to queue
[2023-02-27T20:03:38.016+0000] {logging_mixin.py:137} INFO - [2023-02-27T20:03:38.016+0000] {dagbag.py:538} INFO - Filling up the DagBag from /home/airflow/.local/lib/python3.7/site-packages/airflow/example_dags/example_xcom.py
[2023-02-27T20:03:38.045+0000] {processor.py:753} INFO - DAG(s) dict_keys(['example_xcom']) retrieved from /home/airflow/.local/lib/python3.7/site-packages/airflow/example_dags/example_xcom.py
[2023-02-27T20:03:38.073+0000] {logging_mixin.py:137} INFO - [2023-02-27T20:03:38.073+0000] {dag.py:2690} INFO - Sync 1 DAGs
[2023-02-27T20:03:38.103+0000] {logging_mixin.py:137} INFO - [2023-02-27T20:03:38.103+0000] {dag.py:3441} INFO - Setting next_dagrun for example_xcom to 2021-01-01T00:00:00+00:00, run_after=2021-01-01T00:00:00+00:00
[2023-02-27T20:03:38.123+0000] {processor.py:175} INFO - Processing /home/airflow/.local/lib/python3.7/site-packages/airflow/example_dags/example_xcom.py took 0.112 seconds
[2023-02-27T20:04:08.144+0000] {processor.py:153} INFO - Started process (PID=1675) to work on /home/airflow/.local/lib/python3.7/site-packages/airflow/example_dags/example_xcom.py
[2023-02-27T20:04:08.144+0000] {processor.py:743} INFO - Processing file /home/airflow/.local/lib/python3.7/site-packages/airflow/example_dags/example_xcom.py for tasks to queue
[2023-02-27T20:04:08.145+0000] {logging_mixin.py:137} INFO - [2023-02-27T20:04:08.145+0000] {dagbag.py:538} INFO - Filling up the DagBag from /home/airflow/.local/lib/python3.7/site-packages/airflow/example_dags/example_xcom.py
[2023-02-27T20:04:08.199+0000] {processor.py:753} INFO - DAG(s) dict_keys(['example_xcom']) retrieved from /home/airflow/.local/lib/python3.7/site-packages/airflow/example_dags/example_xcom.py
[2023-02-27T20:04:08.244+0000] {logging_mixin.py:137} INFO - [2023-02-27T20:04:08.244+0000] {dag.py:2690} INFO - Sync 1 DAGs
[2023-02-27T20:04:08.292+0000] {logging_mixin.py:137} INFO - [2023-02-27T20:04:08.292+0000] {dag.py:3441} INFO - Setting next_dagrun for example_xcom to 2021-01-01T00:00:00+00:00, run_after=2021-01-01T00:00:00+00:00
[2023-02-27T20:04:08.345+0000] {processor.py:175} INFO - Processing /home/airflow/.local/lib/python3.7/site-packages/airflow/example_dags/example_xcom.py took 0.206 seconds
[2023-02-27T20:04:38.975+0000] {processor.py:153} INFO - Started process (PID=1744) to work on /home/airflow/.local/lib/python3.7/site-packages/airflow/example_dags/example_xcom.py
[2023-02-27T20:04:38.976+0000] {processor.py:743} INFO - Processing file /home/airflow/.local/lib/python3.7/site-packages/airflow/example_dags/example_xcom.py for tasks to queue
[2023-02-27T20:04:38.979+0000] {logging_mixin.py:137} INFO - [2023-02-27T20:04:38.977+0000] {dagbag.py:538} INFO - Filling up the DagBag from /home/airflow/.local/lib/python3.7/site-packages/airflow/example_dags/example_xcom.py
[2023-02-27T20:04:39.007+0000] {processor.py:753} INFO - DAG(s) dict_keys(['example_xcom']) retrieved from /home/airflow/.local/lib/python3.7/site-packages/airflow/example_dags/example_xcom.py
[2023-02-27T20:04:39.100+0000] {logging_mixin.py:137} INFO - [2023-02-27T20:04:39.099+0000] {dag.py:2690} INFO - Sync 1 DAGs
[2023-02-27T20:04:39.149+0000] {logging_mixin.py:137} INFO - [2023-02-27T20:04:39.149+0000] {dag.py:3441} INFO - Setting next_dagrun for example_xcom to 2021-01-01T00:00:00+00:00, run_after=2021-01-01T00:00:00+00:00
[2023-02-27T20:04:39.181+0000] {processor.py:175} INFO - Processing /home/airflow/.local/lib/python3.7/site-packages/airflow/example_dags/example_xcom.py took 0.212 seconds
[2023-02-27T20:05:10.064+0000] {processor.py:153} INFO - Started process (PID=1823) to work on /home/airflow/.local/lib/python3.7/site-packages/airflow/example_dags/example_xcom.py
[2023-02-27T20:05:10.072+0000] {processor.py:743} INFO - Processing file /home/airflow/.local/lib/python3.7/site-packages/airflow/example_dags/example_xcom.py for tasks to queue
[2023-02-27T20:05:10.073+0000] {logging_mixin.py:137} INFO - [2023-02-27T20:05:10.073+0000] {dagbag.py:538} INFO - Filling up the DagBag from /home/airflow/.local/lib/python3.7/site-packages/airflow/example_dags/example_xcom.py
[2023-02-27T20:05:10.126+0000] {processor.py:753} INFO - DAG(s) dict_keys(['example_xcom']) retrieved from /home/airflow/.local/lib/python3.7/site-packages/airflow/example_dags/example_xcom.py
[2023-02-27T20:05:10.214+0000] {logging_mixin.py:137} INFO - [2023-02-27T20:05:10.214+0000] {dag.py:2690} INFO - Sync 1 DAGs
[2023-02-27T20:05:10.290+0000] {logging_mixin.py:137} INFO - [2023-02-27T20:05:10.290+0000] {dag.py:3441} INFO - Setting next_dagrun for example_xcom to 2021-01-01T00:00:00+00:00, run_after=2021-01-01T00:00:00+00:00
[2023-02-27T20:05:10.350+0000] {processor.py:175} INFO - Processing /home/airflow/.local/lib/python3.7/site-packages/airflow/example_dags/example_xcom.py took 0.294 seconds
[2023-02-27T20:05:40.468+0000] {processor.py:153} INFO - Started process (PID=1891) to work on /home/airflow/.local/lib/python3.7/site-packages/airflow/example_dags/example_xcom.py
[2023-02-27T20:05:40.478+0000] {processor.py:743} INFO - Processing file /home/airflow/.local/lib/python3.7/site-packages/airflow/example_dags/example_xcom.py for tasks to queue
[2023-02-27T20:05:40.479+0000] {logging_mixin.py:137} INFO - [2023-02-27T20:05:40.478+0000] {dagbag.py:538} INFO - Filling up the DagBag from /home/airflow/.local/lib/python3.7/site-packages/airflow/example_dags/example_xcom.py
[2023-02-27T20:05:40.522+0000] {processor.py:753} INFO - DAG(s) dict_keys(['example_xcom']) retrieved from /home/airflow/.local/lib/python3.7/site-packages/airflow/example_dags/example_xcom.py
[2023-02-27T20:05:40.573+0000] {logging_mixin.py:137} INFO - [2023-02-27T20:05:40.573+0000] {dag.py:2690} INFO - Sync 1 DAGs
[2023-02-27T20:05:40.616+0000] {logging_mixin.py:137} INFO - [2023-02-27T20:05:40.616+0000] {dag.py:3441} INFO - Setting next_dagrun for example_xcom to 2021-01-01T00:00:00+00:00, run_after=2021-01-01T00:00:00+00:00
[2023-02-27T20:05:40.664+0000] {processor.py:175} INFO - Processing /home/airflow/.local/lib/python3.7/site-packages/airflow/example_dags/example_xcom.py took 0.200 seconds
[2023-02-27T20:06:11.527+0000] {processor.py:153} INFO - Started process (PID=1964) to work on /home/airflow/.local/lib/python3.7/site-packages/airflow/example_dags/example_xcom.py
[2023-02-27T20:06:11.528+0000] {processor.py:743} INFO - Processing file /home/airflow/.local/lib/python3.7/site-packages/airflow/example_dags/example_xcom.py for tasks to queue
[2023-02-27T20:06:11.529+0000] {logging_mixin.py:137} INFO - [2023-02-27T20:06:11.529+0000] {dagbag.py:538} INFO - Filling up the DagBag from /home/airflow/.local/lib/python3.7/site-packages/airflow/example_dags/example_xcom.py
[2023-02-27T20:06:11.562+0000] {processor.py:753} INFO - DAG(s) dict_keys(['example_xcom']) retrieved from /home/airflow/.local/lib/python3.7/site-packages/airflow/example_dags/example_xcom.py
[2023-02-27T20:06:11.591+0000] {logging_mixin.py:137} INFO - [2023-02-27T20:06:11.591+0000] {dag.py:2690} INFO - Sync 1 DAGs
[2023-02-27T20:06:11.626+0000] {logging_mixin.py:137} INFO - [2023-02-27T20:06:11.625+0000] {dag.py:3441} INFO - Setting next_dagrun for example_xcom to 2021-01-01T00:00:00+00:00, run_after=2021-01-01T00:00:00+00:00
[2023-02-27T20:06:11.648+0000] {processor.py:175} INFO - Processing /home/airflow/.local/lib/python3.7/site-packages/airflow/example_dags/example_xcom.py took 0.124 seconds
[2023-02-27T20:06:41.759+0000] {processor.py:153} INFO - Started process (PID=2032) to work on /home/airflow/.local/lib/python3.7/site-packages/airflow/example_dags/example_xcom.py
[2023-02-27T20:06:41.760+0000] {processor.py:743} INFO - Processing file /home/airflow/.local/lib/python3.7/site-packages/airflow/example_dags/example_xcom.py for tasks to queue
[2023-02-27T20:06:41.761+0000] {logging_mixin.py:137} INFO - [2023-02-27T20:06:41.761+0000] {dagbag.py:538} INFO - Filling up the DagBag from /home/airflow/.local/lib/python3.7/site-packages/airflow/example_dags/example_xcom.py
[2023-02-27T20:06:41.789+0000] {processor.py:753} INFO - DAG(s) dict_keys(['example_xcom']) retrieved from /home/airflow/.local/lib/python3.7/site-packages/airflow/example_dags/example_xcom.py
[2023-02-27T20:06:41.819+0000] {logging_mixin.py:137} INFO - [2023-02-27T20:06:41.819+0000] {dag.py:2690} INFO - Sync 1 DAGs
[2023-02-27T20:06:41.852+0000] {logging_mixin.py:137} INFO - [2023-02-27T20:06:41.851+0000] {dag.py:3441} INFO - Setting next_dagrun for example_xcom to 2021-01-01T00:00:00+00:00, run_after=2021-01-01T00:00:00+00:00
[2023-02-27T20:06:41.878+0000] {processor.py:175} INFO - Processing /home/airflow/.local/lib/python3.7/site-packages/airflow/example_dags/example_xcom.py took 0.123 seconds
[2023-02-27T20:07:12.081+0000] {processor.py:153} INFO - Started process (PID=2104) to work on /home/airflow/.local/lib/python3.7/site-packages/airflow/example_dags/example_xcom.py
[2023-02-27T20:07:12.087+0000] {processor.py:743} INFO - Processing file /home/airflow/.local/lib/python3.7/site-packages/airflow/example_dags/example_xcom.py for tasks to queue
[2023-02-27T20:07:12.088+0000] {logging_mixin.py:137} INFO - [2023-02-27T20:07:12.087+0000] {dagbag.py:538} INFO - Filling up the DagBag from /home/airflow/.local/lib/python3.7/site-packages/airflow/example_dags/example_xcom.py
[2023-02-27T20:07:12.118+0000] {processor.py:753} INFO - DAG(s) dict_keys(['example_xcom']) retrieved from /home/airflow/.local/lib/python3.7/site-packages/airflow/example_dags/example_xcom.py
[2023-02-27T20:07:12.152+0000] {logging_mixin.py:137} INFO - [2023-02-27T20:07:12.152+0000] {dag.py:2690} INFO - Sync 1 DAGs
[2023-02-27T20:07:12.190+0000] {logging_mixin.py:137} INFO - [2023-02-27T20:07:12.190+0000] {dag.py:3441} INFO - Setting next_dagrun for example_xcom to 2021-01-01T00:00:00+00:00, run_after=2021-01-01T00:00:00+00:00
[2023-02-27T20:07:12.215+0000] {processor.py:175} INFO - Processing /home/airflow/.local/lib/python3.7/site-packages/airflow/example_dags/example_xcom.py took 0.138 seconds
[2023-02-27T20:07:42.722+0000] {processor.py:153} INFO - Started process (PID=2172) to work on /home/airflow/.local/lib/python3.7/site-packages/airflow/example_dags/example_xcom.py
[2023-02-27T20:07:42.729+0000] {processor.py:743} INFO - Processing file /home/airflow/.local/lib/python3.7/site-packages/airflow/example_dags/example_xcom.py for tasks to queue
[2023-02-27T20:07:42.729+0000] {logging_mixin.py:137} INFO - [2023-02-27T20:07:42.729+0000] {dagbag.py:538} INFO - Filling up the DagBag from /home/airflow/.local/lib/python3.7/site-packages/airflow/example_dags/example_xcom.py
[2023-02-27T20:07:42.761+0000] {processor.py:753} INFO - DAG(s) dict_keys(['example_xcom']) retrieved from /home/airflow/.local/lib/python3.7/site-packages/airflow/example_dags/example_xcom.py
[2023-02-27T20:07:42.805+0000] {logging_mixin.py:137} INFO - [2023-02-27T20:07:42.805+0000] {dag.py:2690} INFO - Sync 1 DAGs
[2023-02-27T20:07:42.844+0000] {logging_mixin.py:137} INFO - [2023-02-27T20:07:42.844+0000] {dag.py:3441} INFO - Setting next_dagrun for example_xcom to 2021-01-01T00:00:00+00:00, run_after=2021-01-01T00:00:00+00:00
[2023-02-27T20:07:42.873+0000] {processor.py:175} INFO - Processing /home/airflow/.local/lib/python3.7/site-packages/airflow/example_dags/example_xcom.py took 0.154 seconds
