[2023-02-27T19:12:32.574+0000] {processor.py:153} INFO - Started process (PID=65) to work on /home/airflow/.local/lib/python3.7/site-packages/airflow/example_dags/example_sla_dag.py
[2023-02-27T19:12:32.578+0000] {processor.py:743} INFO - Processing file /home/airflow/.local/lib/python3.7/site-packages/airflow/example_dags/example_sla_dag.py for tasks to queue
[2023-02-27T19:12:32.580+0000] {logging_mixin.py:137} INFO - [2023-02-27T19:12:32.580+0000] {dagbag.py:538} INFO - Filling up the DagBag from /home/airflow/.local/lib/python3.7/site-packages/airflow/example_dags/example_sla_dag.py
[2023-02-27T19:12:32.627+0000] {processor.py:753} INFO - DAG(s) dict_keys(['example_sla_dag']) retrieved from /home/airflow/.local/lib/python3.7/site-packages/airflow/example_dags/example_sla_dag.py
[2023-02-27T19:12:32.696+0000] {logging_mixin.py:137} INFO - [2023-02-27T19:12:32.696+0000] {dag.py:2690} INFO - Sync 1 DAGs
[2023-02-27T19:12:32.817+0000] {logging_mixin.py:137} INFO - [2023-02-27T19:12:32.817+0000] {dag.py:3441} INFO - Setting next_dagrun for example_sla_dag to 2023-02-27T19:10:00+00:00, run_after=2023-02-27T19:12:00+00:00
[2023-02-27T19:12:32.878+0000] {processor.py:175} INFO - Processing /home/airflow/.local/lib/python3.7/site-packages/airflow/example_dags/example_sla_dag.py took 0.309 seconds
[2023-02-27T19:14:14.282+0000] {processor.py:153} INFO - Started process (PID=65) to work on /home/airflow/.local/lib/python3.7/site-packages/airflow/example_dags/example_sla_dag.py
[2023-02-27T19:14:14.292+0000] {processor.py:743} INFO - Processing file /home/airflow/.local/lib/python3.7/site-packages/airflow/example_dags/example_sla_dag.py for tasks to queue
[2023-02-27T19:14:14.305+0000] {logging_mixin.py:137} INFO - [2023-02-27T19:14:14.304+0000] {dagbag.py:538} INFO - Filling up the DagBag from /home/airflow/.local/lib/python3.7/site-packages/airflow/example_dags/example_sla_dag.py
[2023-02-27T19:14:14.353+0000] {processor.py:753} INFO - DAG(s) dict_keys(['example_sla_dag']) retrieved from /home/airflow/.local/lib/python3.7/site-packages/airflow/example_dags/example_sla_dag.py
[2023-02-27T19:14:14.713+0000] {logging_mixin.py:137} INFO - [2023-02-27T19:14:14.713+0000] {manager.py:504} INFO - Created Permission View: can delete on DAG:example_sla_dag
[2023-02-27T19:14:14.751+0000] {logging_mixin.py:137} INFO - [2023-02-27T19:14:14.751+0000] {manager.py:504} INFO - Created Permission View: can edit on DAG:example_sla_dag
[2023-02-27T19:14:14.776+0000] {logging_mixin.py:137} INFO - [2023-02-27T19:14:14.776+0000] {manager.py:504} INFO - Created Permission View: can read on DAG:example_sla_dag
[2023-02-27T19:14:14.776+0000] {logging_mixin.py:137} INFO - [2023-02-27T19:14:14.776+0000] {dag.py:2690} INFO - Sync 1 DAGs
[2023-02-27T19:14:14.852+0000] {logging_mixin.py:137} INFO - [2023-02-27T19:14:14.851+0000] {dag.py:2711} INFO - Creating ORM DAG for example_sla_dag
[2023-02-27T19:14:14.890+0000] {logging_mixin.py:137} INFO - [2023-02-27T19:14:14.889+0000] {dag.py:3441} INFO - Setting next_dagrun for example_sla_dag to 2023-02-27T19:12:00+00:00, run_after=2023-02-27T19:14:00+00:00
[2023-02-27T19:14:14.964+0000] {processor.py:175} INFO - Processing /home/airflow/.local/lib/python3.7/site-packages/airflow/example_dags/example_sla_dag.py took 0.692 seconds
[2023-02-27T19:14:45.640+0000] {processor.py:153} INFO - Started process (PID=133) to work on /home/airflow/.local/lib/python3.7/site-packages/airflow/example_dags/example_sla_dag.py
[2023-02-27T19:14:45.642+0000] {processor.py:743} INFO - Processing file /home/airflow/.local/lib/python3.7/site-packages/airflow/example_dags/example_sla_dag.py for tasks to queue
[2023-02-27T19:14:45.642+0000] {logging_mixin.py:137} INFO - [2023-02-27T19:14:45.642+0000] {dagbag.py:538} INFO - Filling up the DagBag from /home/airflow/.local/lib/python3.7/site-packages/airflow/example_dags/example_sla_dag.py
[2023-02-27T19:14:45.694+0000] {processor.py:753} INFO - DAG(s) dict_keys(['example_sla_dag']) retrieved from /home/airflow/.local/lib/python3.7/site-packages/airflow/example_dags/example_sla_dag.py
[2023-02-27T19:14:45.744+0000] {logging_mixin.py:137} INFO - [2023-02-27T19:14:45.744+0000] {dag.py:2690} INFO - Sync 1 DAGs
[2023-02-27T19:14:45.798+0000] {logging_mixin.py:137} INFO - [2023-02-27T19:14:45.797+0000] {dag.py:3441} INFO - Setting next_dagrun for example_sla_dag to 2023-02-27T19:12:00+00:00, run_after=2023-02-27T19:14:00+00:00
[2023-02-27T19:14:45.831+0000] {processor.py:175} INFO - Processing /home/airflow/.local/lib/python3.7/site-packages/airflow/example_dags/example_sla_dag.py took 0.195 seconds
[2023-02-27T19:15:16.624+0000] {processor.py:153} INFO - Started process (PID=201) to work on /home/airflow/.local/lib/python3.7/site-packages/airflow/example_dags/example_sla_dag.py
[2023-02-27T19:15:16.625+0000] {processor.py:743} INFO - Processing file /home/airflow/.local/lib/python3.7/site-packages/airflow/example_dags/example_sla_dag.py for tasks to queue
[2023-02-27T19:15:16.626+0000] {logging_mixin.py:137} INFO - [2023-02-27T19:15:16.626+0000] {dagbag.py:538} INFO - Filling up the DagBag from /home/airflow/.local/lib/python3.7/site-packages/airflow/example_dags/example_sla_dag.py
[2023-02-27T19:15:16.677+0000] {processor.py:753} INFO - DAG(s) dict_keys(['example_sla_dag']) retrieved from /home/airflow/.local/lib/python3.7/site-packages/airflow/example_dags/example_sla_dag.py
[2023-02-27T19:15:16.730+0000] {logging_mixin.py:137} INFO - [2023-02-27T19:15:16.730+0000] {dag.py:2690} INFO - Sync 1 DAGs
[2023-02-27T19:15:16.783+0000] {logging_mixin.py:137} INFO - [2023-02-27T19:15:16.782+0000] {dag.py:3441} INFO - Setting next_dagrun for example_sla_dag to 2023-02-27T19:12:00+00:00, run_after=2023-02-27T19:14:00+00:00
[2023-02-27T19:15:16.811+0000] {processor.py:175} INFO - Processing /home/airflow/.local/lib/python3.7/site-packages/airflow/example_dags/example_sla_dag.py took 0.191 seconds
[2023-02-27T19:15:47.221+0000] {processor.py:153} INFO - Started process (PID=276) to work on /home/airflow/.local/lib/python3.7/site-packages/airflow/example_dags/example_sla_dag.py
[2023-02-27T19:15:47.233+0000] {processor.py:743} INFO - Processing file /home/airflow/.local/lib/python3.7/site-packages/airflow/example_dags/example_sla_dag.py for tasks to queue
[2023-02-27T19:15:47.234+0000] {logging_mixin.py:137} INFO - [2023-02-27T19:15:47.233+0000] {dagbag.py:538} INFO - Filling up the DagBag from /home/airflow/.local/lib/python3.7/site-packages/airflow/example_dags/example_sla_dag.py
[2023-02-27T19:15:47.299+0000] {processor.py:753} INFO - DAG(s) dict_keys(['example_sla_dag']) retrieved from /home/airflow/.local/lib/python3.7/site-packages/airflow/example_dags/example_sla_dag.py
[2023-02-27T19:15:47.364+0000] {logging_mixin.py:137} INFO - [2023-02-27T19:15:47.363+0000] {dag.py:2690} INFO - Sync 1 DAGs
[2023-02-27T19:15:47.416+0000] {logging_mixin.py:137} INFO - [2023-02-27T19:15:47.416+0000] {dag.py:3441} INFO - Setting next_dagrun for example_sla_dag to 2023-02-27T19:12:00+00:00, run_after=2023-02-27T19:14:00+00:00
[2023-02-27T19:15:47.471+0000] {processor.py:175} INFO - Processing /home/airflow/.local/lib/python3.7/site-packages/airflow/example_dags/example_sla_dag.py took 0.254 seconds
[2023-02-27T19:16:17.576+0000] {processor.py:153} INFO - Started process (PID=350) to work on /home/airflow/.local/lib/python3.7/site-packages/airflow/example_dags/example_sla_dag.py
[2023-02-27T19:16:17.578+0000] {processor.py:743} INFO - Processing file /home/airflow/.local/lib/python3.7/site-packages/airflow/example_dags/example_sla_dag.py for tasks to queue
[2023-02-27T19:16:17.579+0000] {logging_mixin.py:137} INFO - [2023-02-27T19:16:17.579+0000] {dagbag.py:538} INFO - Filling up the DagBag from /home/airflow/.local/lib/python3.7/site-packages/airflow/example_dags/example_sla_dag.py
[2023-02-27T19:16:17.614+0000] {processor.py:753} INFO - DAG(s) dict_keys(['example_sla_dag']) retrieved from /home/airflow/.local/lib/python3.7/site-packages/airflow/example_dags/example_sla_dag.py
[2023-02-27T19:16:17.645+0000] {logging_mixin.py:137} INFO - [2023-02-27T19:16:17.645+0000] {dag.py:2690} INFO - Sync 1 DAGs
[2023-02-27T19:16:17.679+0000] {logging_mixin.py:137} INFO - [2023-02-27T19:16:17.679+0000] {dag.py:3441} INFO - Setting next_dagrun for example_sla_dag to 2023-02-27T19:14:00+00:00, run_after=2023-02-27T19:16:00+00:00
[2023-02-27T19:16:17.709+0000] {processor.py:175} INFO - Processing /home/airflow/.local/lib/python3.7/site-packages/airflow/example_dags/example_sla_dag.py took 0.136 seconds
[2023-02-27T19:16:48.129+0000] {processor.py:153} INFO - Started process (PID=417) to work on /home/airflow/.local/lib/python3.7/site-packages/airflow/example_dags/example_sla_dag.py
[2023-02-27T19:16:48.131+0000] {processor.py:743} INFO - Processing file /home/airflow/.local/lib/python3.7/site-packages/airflow/example_dags/example_sla_dag.py for tasks to queue
[2023-02-27T19:16:48.132+0000] {logging_mixin.py:137} INFO - [2023-02-27T19:16:48.132+0000] {dagbag.py:538} INFO - Filling up the DagBag from /home/airflow/.local/lib/python3.7/site-packages/airflow/example_dags/example_sla_dag.py
[2023-02-27T19:16:48.165+0000] {processor.py:753} INFO - DAG(s) dict_keys(['example_sla_dag']) retrieved from /home/airflow/.local/lib/python3.7/site-packages/airflow/example_dags/example_sla_dag.py
[2023-02-27T19:16:48.194+0000] {logging_mixin.py:137} INFO - [2023-02-27T19:16:48.194+0000] {dag.py:2690} INFO - Sync 1 DAGs
[2023-02-27T19:16:48.234+0000] {logging_mixin.py:137} INFO - [2023-02-27T19:16:48.234+0000] {dag.py:3441} INFO - Setting next_dagrun for example_sla_dag to 2023-02-27T19:14:00+00:00, run_after=2023-02-27T19:16:00+00:00
[2023-02-27T19:16:48.266+0000] {processor.py:175} INFO - Processing /home/airflow/.local/lib/python3.7/site-packages/airflow/example_dags/example_sla_dag.py took 0.148 seconds
[2023-02-27T19:17:18.309+0000] {processor.py:153} INFO - Started process (PID=485) to work on /home/airflow/.local/lib/python3.7/site-packages/airflow/example_dags/example_sla_dag.py
[2023-02-27T19:17:18.311+0000] {processor.py:743} INFO - Processing file /home/airflow/.local/lib/python3.7/site-packages/airflow/example_dags/example_sla_dag.py for tasks to queue
[2023-02-27T19:17:18.312+0000] {logging_mixin.py:137} INFO - [2023-02-27T19:17:18.312+0000] {dagbag.py:538} INFO - Filling up the DagBag from /home/airflow/.local/lib/python3.7/site-packages/airflow/example_dags/example_sla_dag.py
[2023-02-27T19:17:18.340+0000] {processor.py:753} INFO - DAG(s) dict_keys(['example_sla_dag']) retrieved from /home/airflow/.local/lib/python3.7/site-packages/airflow/example_dags/example_sla_dag.py
[2023-02-27T19:17:18.375+0000] {logging_mixin.py:137} INFO - [2023-02-27T19:17:18.375+0000] {dag.py:2690} INFO - Sync 1 DAGs
[2023-02-27T19:17:18.412+0000] {logging_mixin.py:137} INFO - [2023-02-27T19:17:18.411+0000] {dag.py:3441} INFO - Setting next_dagrun for example_sla_dag to 2023-02-27T19:14:00+00:00, run_after=2023-02-27T19:16:00+00:00
[2023-02-27T19:17:18.440+0000] {processor.py:175} INFO - Processing /home/airflow/.local/lib/python3.7/site-packages/airflow/example_dags/example_sla_dag.py took 0.134 seconds
[2023-02-27T19:17:48.668+0000] {processor.py:153} INFO - Started process (PID=567) to work on /home/airflow/.local/lib/python3.7/site-packages/airflow/example_dags/example_sla_dag.py
[2023-02-27T19:17:48.669+0000] {processor.py:743} INFO - Processing file /home/airflow/.local/lib/python3.7/site-packages/airflow/example_dags/example_sla_dag.py for tasks to queue
[2023-02-27T19:17:48.670+0000] {logging_mixin.py:137} INFO - [2023-02-27T19:17:48.670+0000] {dagbag.py:538} INFO - Filling up the DagBag from /home/airflow/.local/lib/python3.7/site-packages/airflow/example_dags/example_sla_dag.py
[2023-02-27T19:17:48.714+0000] {processor.py:753} INFO - DAG(s) dict_keys(['example_sla_dag']) retrieved from /home/airflow/.local/lib/python3.7/site-packages/airflow/example_dags/example_sla_dag.py
[2023-02-27T19:17:48.776+0000] {logging_mixin.py:137} INFO - [2023-02-27T19:17:48.775+0000] {dag.py:2690} INFO - Sync 1 DAGs
[2023-02-27T19:17:48.866+0000] {logging_mixin.py:137} INFO - [2023-02-27T19:17:48.866+0000] {dag.py:3441} INFO - Setting next_dagrun for example_sla_dag to 2023-02-27T19:14:00+00:00, run_after=2023-02-27T19:16:00+00:00
[2023-02-27T19:17:48.918+0000] {processor.py:175} INFO - Processing /home/airflow/.local/lib/python3.7/site-packages/airflow/example_dags/example_sla_dag.py took 0.254 seconds
[2023-02-27T19:18:19.330+0000] {processor.py:153} INFO - Started process (PID=634) to work on /home/airflow/.local/lib/python3.7/site-packages/airflow/example_dags/example_sla_dag.py
[2023-02-27T19:18:19.332+0000] {processor.py:743} INFO - Processing file /home/airflow/.local/lib/python3.7/site-packages/airflow/example_dags/example_sla_dag.py for tasks to queue
[2023-02-27T19:18:19.333+0000] {logging_mixin.py:137} INFO - [2023-02-27T19:18:19.333+0000] {dagbag.py:538} INFO - Filling up the DagBag from /home/airflow/.local/lib/python3.7/site-packages/airflow/example_dags/example_sla_dag.py
[2023-02-27T19:18:19.362+0000] {processor.py:753} INFO - DAG(s) dict_keys(['example_sla_dag']) retrieved from /home/airflow/.local/lib/python3.7/site-packages/airflow/example_dags/example_sla_dag.py
[2023-02-27T19:18:19.393+0000] {logging_mixin.py:137} INFO - [2023-02-27T19:18:19.392+0000] {dag.py:2690} INFO - Sync 1 DAGs
[2023-02-27T19:18:19.433+0000] {logging_mixin.py:137} INFO - [2023-02-27T19:18:19.433+0000] {dag.py:3441} INFO - Setting next_dagrun for example_sla_dag to 2023-02-27T19:16:00+00:00, run_after=2023-02-27T19:18:00+00:00
[2023-02-27T19:18:19.458+0000] {processor.py:175} INFO - Processing /home/airflow/.local/lib/python3.7/site-packages/airflow/example_dags/example_sla_dag.py took 0.132 seconds
[2023-02-27T19:18:49.803+0000] {processor.py:153} INFO - Started process (PID=702) to work on /home/airflow/.local/lib/python3.7/site-packages/airflow/example_dags/example_sla_dag.py
[2023-02-27T19:18:49.805+0000] {processor.py:743} INFO - Processing file /home/airflow/.local/lib/python3.7/site-packages/airflow/example_dags/example_sla_dag.py for tasks to queue
[2023-02-27T19:18:49.806+0000] {logging_mixin.py:137} INFO - [2023-02-27T19:18:49.805+0000] {dagbag.py:538} INFO - Filling up the DagBag from /home/airflow/.local/lib/python3.7/site-packages/airflow/example_dags/example_sla_dag.py
[2023-02-27T19:18:49.857+0000] {processor.py:753} INFO - DAG(s) dict_keys(['example_sla_dag']) retrieved from /home/airflow/.local/lib/python3.7/site-packages/airflow/example_dags/example_sla_dag.py
[2023-02-27T19:18:49.891+0000] {logging_mixin.py:137} INFO - [2023-02-27T19:18:49.890+0000] {dag.py:2690} INFO - Sync 1 DAGs
[2023-02-27T19:18:49.948+0000] {logging_mixin.py:137} INFO - [2023-02-27T19:18:49.948+0000] {dag.py:3441} INFO - Setting next_dagrun for example_sla_dag to 2023-02-27T19:16:00+00:00, run_after=2023-02-27T19:18:00+00:00
[2023-02-27T19:18:49.986+0000] {processor.py:175} INFO - Processing /home/airflow/.local/lib/python3.7/site-packages/airflow/example_dags/example_sla_dag.py took 0.187 seconds
[2023-02-27T19:19:20.597+0000] {processor.py:153} INFO - Started process (PID=769) to work on /home/airflow/.local/lib/python3.7/site-packages/airflow/example_dags/example_sla_dag.py
[2023-02-27T19:19:20.598+0000] {processor.py:743} INFO - Processing file /home/airflow/.local/lib/python3.7/site-packages/airflow/example_dags/example_sla_dag.py for tasks to queue
[2023-02-27T19:19:20.599+0000] {logging_mixin.py:137} INFO - [2023-02-27T19:19:20.599+0000] {dagbag.py:538} INFO - Filling up the DagBag from /home/airflow/.local/lib/python3.7/site-packages/airflow/example_dags/example_sla_dag.py
[2023-02-27T19:19:20.636+0000] {processor.py:753} INFO - DAG(s) dict_keys(['example_sla_dag']) retrieved from /home/airflow/.local/lib/python3.7/site-packages/airflow/example_dags/example_sla_dag.py
[2023-02-27T19:19:20.674+0000] {logging_mixin.py:137} INFO - [2023-02-27T19:19:20.674+0000] {dag.py:2690} INFO - Sync 1 DAGs
[2023-02-27T19:19:20.710+0000] {logging_mixin.py:137} INFO - [2023-02-27T19:19:20.710+0000] {dag.py:3441} INFO - Setting next_dagrun for example_sla_dag to 2023-02-27T19:16:00+00:00, run_after=2023-02-27T19:18:00+00:00
[2023-02-27T19:19:20.740+0000] {processor.py:175} INFO - Processing /home/airflow/.local/lib/python3.7/site-packages/airflow/example_dags/example_sla_dag.py took 0.147 seconds
[2023-02-27T19:19:51.373+0000] {processor.py:153} INFO - Started process (PID=836) to work on /home/airflow/.local/lib/python3.7/site-packages/airflow/example_dags/example_sla_dag.py
[2023-02-27T19:19:51.374+0000] {processor.py:743} INFO - Processing file /home/airflow/.local/lib/python3.7/site-packages/airflow/example_dags/example_sla_dag.py for tasks to queue
[2023-02-27T19:19:51.376+0000] {logging_mixin.py:137} INFO - [2023-02-27T19:19:51.376+0000] {dagbag.py:538} INFO - Filling up the DagBag from /home/airflow/.local/lib/python3.7/site-packages/airflow/example_dags/example_sla_dag.py
[2023-02-27T19:19:51.423+0000] {processor.py:753} INFO - DAG(s) dict_keys(['example_sla_dag']) retrieved from /home/airflow/.local/lib/python3.7/site-packages/airflow/example_dags/example_sla_dag.py
[2023-02-27T19:19:51.476+0000] {logging_mixin.py:137} INFO - [2023-02-27T19:19:51.476+0000] {dag.py:2690} INFO - Sync 1 DAGs
[2023-02-27T19:19:51.565+0000] {logging_mixin.py:137} INFO - [2023-02-27T19:19:51.565+0000] {dag.py:3441} INFO - Setting next_dagrun for example_sla_dag to 2023-02-27T19:16:00+00:00, run_after=2023-02-27T19:18:00+00:00
[2023-02-27T19:19:51.616+0000] {processor.py:175} INFO - Processing /home/airflow/.local/lib/python3.7/site-packages/airflow/example_dags/example_sla_dag.py took 0.250 seconds
[2023-02-27T19:20:22.292+0000] {processor.py:153} INFO - Started process (PID=917) to work on /home/airflow/.local/lib/python3.7/site-packages/airflow/example_dags/example_sla_dag.py
[2023-02-27T19:20:22.294+0000] {processor.py:743} INFO - Processing file /home/airflow/.local/lib/python3.7/site-packages/airflow/example_dags/example_sla_dag.py for tasks to queue
[2023-02-27T19:20:22.298+0000] {logging_mixin.py:137} INFO - [2023-02-27T19:20:22.297+0000] {dagbag.py:538} INFO - Filling up the DagBag from /home/airflow/.local/lib/python3.7/site-packages/airflow/example_dags/example_sla_dag.py
[2023-02-27T19:20:22.329+0000] {processor.py:753} INFO - DAG(s) dict_keys(['example_sla_dag']) retrieved from /home/airflow/.local/lib/python3.7/site-packages/airflow/example_dags/example_sla_dag.py
[2023-02-27T19:20:22.365+0000] {logging_mixin.py:137} INFO - [2023-02-27T19:20:22.365+0000] {dag.py:2690} INFO - Sync 1 DAGs
[2023-02-27T19:20:22.401+0000] {logging_mixin.py:137} INFO - [2023-02-27T19:20:22.400+0000] {dag.py:3441} INFO - Setting next_dagrun for example_sla_dag to 2023-02-27T19:18:00+00:00, run_after=2023-02-27T19:20:00+00:00
[2023-02-27T19:20:22.429+0000] {processor.py:175} INFO - Processing /home/airflow/.local/lib/python3.7/site-packages/airflow/example_dags/example_sla_dag.py took 0.144 seconds
[2023-02-27T19:20:52.734+0000] {processor.py:153} INFO - Started process (PID=985) to work on /home/airflow/.local/lib/python3.7/site-packages/airflow/example_dags/example_sla_dag.py
[2023-02-27T19:20:52.735+0000] {processor.py:743} INFO - Processing file /home/airflow/.local/lib/python3.7/site-packages/airflow/example_dags/example_sla_dag.py for tasks to queue
[2023-02-27T19:20:52.736+0000] {logging_mixin.py:137} INFO - [2023-02-27T19:20:52.736+0000] {dagbag.py:538} INFO - Filling up the DagBag from /home/airflow/.local/lib/python3.7/site-packages/airflow/example_dags/example_sla_dag.py
[2023-02-27T19:20:52.779+0000] {processor.py:753} INFO - DAG(s) dict_keys(['example_sla_dag']) retrieved from /home/airflow/.local/lib/python3.7/site-packages/airflow/example_dags/example_sla_dag.py
[2023-02-27T19:20:52.826+0000] {logging_mixin.py:137} INFO - [2023-02-27T19:20:52.826+0000] {dag.py:2690} INFO - Sync 1 DAGs
[2023-02-27T19:20:52.873+0000] {logging_mixin.py:137} INFO - [2023-02-27T19:20:52.873+0000] {dag.py:3441} INFO - Setting next_dagrun for example_sla_dag to 2023-02-27T19:18:00+00:00, run_after=2023-02-27T19:20:00+00:00
[2023-02-27T19:20:52.915+0000] {processor.py:175} INFO - Processing /home/airflow/.local/lib/python3.7/site-packages/airflow/example_dags/example_sla_dag.py took 0.190 seconds
[2023-02-27T19:21:23.152+0000] {processor.py:153} INFO - Started process (PID=1058) to work on /home/airflow/.local/lib/python3.7/site-packages/airflow/example_dags/example_sla_dag.py
[2023-02-27T19:21:23.154+0000] {processor.py:743} INFO - Processing file /home/airflow/.local/lib/python3.7/site-packages/airflow/example_dags/example_sla_dag.py for tasks to queue
[2023-02-27T19:21:23.155+0000] {logging_mixin.py:137} INFO - [2023-02-27T19:21:23.155+0000] {dagbag.py:538} INFO - Filling up the DagBag from /home/airflow/.local/lib/python3.7/site-packages/airflow/example_dags/example_sla_dag.py
[2023-02-27T19:21:23.206+0000] {processor.py:753} INFO - DAG(s) dict_keys(['example_sla_dag']) retrieved from /home/airflow/.local/lib/python3.7/site-packages/airflow/example_dags/example_sla_dag.py
[2023-02-27T19:21:23.259+0000] {logging_mixin.py:137} INFO - [2023-02-27T19:21:23.258+0000] {dag.py:2690} INFO - Sync 1 DAGs
[2023-02-27T19:21:23.322+0000] {logging_mixin.py:137} INFO - [2023-02-27T19:21:23.322+0000] {dag.py:3441} INFO - Setting next_dagrun for example_sla_dag to 2023-02-27T19:18:00+00:00, run_after=2023-02-27T19:20:00+00:00
[2023-02-27T19:21:23.363+0000] {processor.py:175} INFO - Processing /home/airflow/.local/lib/python3.7/site-packages/airflow/example_dags/example_sla_dag.py took 0.223 seconds
[2023-02-27T19:21:53.426+0000] {processor.py:153} INFO - Started process (PID=1133) to work on /home/airflow/.local/lib/python3.7/site-packages/airflow/example_dags/example_sla_dag.py
[2023-02-27T19:21:53.428+0000] {processor.py:743} INFO - Processing file /home/airflow/.local/lib/python3.7/site-packages/airflow/example_dags/example_sla_dag.py for tasks to queue
[2023-02-27T19:21:53.429+0000] {logging_mixin.py:137} INFO - [2023-02-27T19:21:53.429+0000] {dagbag.py:538} INFO - Filling up the DagBag from /home/airflow/.local/lib/python3.7/site-packages/airflow/example_dags/example_sla_dag.py
[2023-02-27T19:21:53.455+0000] {processor.py:753} INFO - DAG(s) dict_keys(['example_sla_dag']) retrieved from /home/airflow/.local/lib/python3.7/site-packages/airflow/example_dags/example_sla_dag.py
[2023-02-27T19:21:53.483+0000] {logging_mixin.py:137} INFO - [2023-02-27T19:21:53.483+0000] {dag.py:2690} INFO - Sync 1 DAGs
[2023-02-27T19:21:53.515+0000] {logging_mixin.py:137} INFO - [2023-02-27T19:21:53.515+0000] {dag.py:3441} INFO - Setting next_dagrun for example_sla_dag to 2023-02-27T19:18:00+00:00, run_after=2023-02-27T19:20:00+00:00
[2023-02-27T19:21:53.535+0000] {processor.py:175} INFO - Processing /home/airflow/.local/lib/python3.7/site-packages/airflow/example_dags/example_sla_dag.py took 0.113 seconds
[2023-02-27T19:22:23.981+0000] {processor.py:153} INFO - Started process (PID=1200) to work on /home/airflow/.local/lib/python3.7/site-packages/airflow/example_dags/example_sla_dag.py
[2023-02-27T19:22:23.982+0000] {processor.py:743} INFO - Processing file /home/airflow/.local/lib/python3.7/site-packages/airflow/example_dags/example_sla_dag.py for tasks to queue
[2023-02-27T19:22:23.983+0000] {logging_mixin.py:137} INFO - [2023-02-27T19:22:23.983+0000] {dagbag.py:538} INFO - Filling up the DagBag from /home/airflow/.local/lib/python3.7/site-packages/airflow/example_dags/example_sla_dag.py
[2023-02-27T19:22:24.013+0000] {processor.py:753} INFO - DAG(s) dict_keys(['example_sla_dag']) retrieved from /home/airflow/.local/lib/python3.7/site-packages/airflow/example_dags/example_sla_dag.py
[2023-02-27T19:22:24.048+0000] {logging_mixin.py:137} INFO - [2023-02-27T19:22:24.048+0000] {dag.py:2690} INFO - Sync 1 DAGs
[2023-02-27T19:22:24.084+0000] {logging_mixin.py:137} INFO - [2023-02-27T19:22:24.084+0000] {dag.py:3441} INFO - Setting next_dagrun for example_sla_dag to 2023-02-27T19:20:00+00:00, run_after=2023-02-27T19:22:00+00:00
[2023-02-27T19:22:24.110+0000] {processor.py:175} INFO - Processing /home/airflow/.local/lib/python3.7/site-packages/airflow/example_dags/example_sla_dag.py took 0.134 seconds
[2023-02-27T19:22:54.448+0000] {processor.py:153} INFO - Started process (PID=1281) to work on /home/airflow/.local/lib/python3.7/site-packages/airflow/example_dags/example_sla_dag.py
[2023-02-27T19:22:54.449+0000] {processor.py:743} INFO - Processing file /home/airflow/.local/lib/python3.7/site-packages/airflow/example_dags/example_sla_dag.py for tasks to queue
[2023-02-27T19:22:54.449+0000] {logging_mixin.py:137} INFO - [2023-02-27T19:22:54.449+0000] {dagbag.py:538} INFO - Filling up the DagBag from /home/airflow/.local/lib/python3.7/site-packages/airflow/example_dags/example_sla_dag.py
[2023-02-27T19:22:54.497+0000] {processor.py:753} INFO - DAG(s) dict_keys(['example_sla_dag']) retrieved from /home/airflow/.local/lib/python3.7/site-packages/airflow/example_dags/example_sla_dag.py
[2023-02-27T19:22:54.539+0000] {logging_mixin.py:137} INFO - [2023-02-27T19:22:54.538+0000] {dag.py:2690} INFO - Sync 1 DAGs
[2023-02-27T19:22:54.575+0000] {logging_mixin.py:137} INFO - [2023-02-27T19:22:54.575+0000] {dag.py:3441} INFO - Setting next_dagrun for example_sla_dag to 2023-02-27T19:20:00+00:00, run_after=2023-02-27T19:22:00+00:00
[2023-02-27T19:22:54.608+0000] {processor.py:175} INFO - Processing /home/airflow/.local/lib/python3.7/site-packages/airflow/example_dags/example_sla_dag.py took 0.165 seconds
[2023-02-27T19:23:24.783+0000] {processor.py:153} INFO - Started process (PID=1349) to work on /home/airflow/.local/lib/python3.7/site-packages/airflow/example_dags/example_sla_dag.py
[2023-02-27T19:23:24.785+0000] {processor.py:743} INFO - Processing file /home/airflow/.local/lib/python3.7/site-packages/airflow/example_dags/example_sla_dag.py for tasks to queue
[2023-02-27T19:23:24.787+0000] {logging_mixin.py:137} INFO - [2023-02-27T19:23:24.787+0000] {dagbag.py:538} INFO - Filling up the DagBag from /home/airflow/.local/lib/python3.7/site-packages/airflow/example_dags/example_sla_dag.py
[2023-02-27T19:23:24.849+0000] {processor.py:753} INFO - DAG(s) dict_keys(['example_sla_dag']) retrieved from /home/airflow/.local/lib/python3.7/site-packages/airflow/example_dags/example_sla_dag.py
[2023-02-27T19:23:24.900+0000] {logging_mixin.py:137} INFO - [2023-02-27T19:23:24.900+0000] {dag.py:2690} INFO - Sync 1 DAGs
[2023-02-27T19:23:24.973+0000] {logging_mixin.py:137} INFO - [2023-02-27T19:23:24.973+0000] {dag.py:3441} INFO - Setting next_dagrun for example_sla_dag to 2023-02-27T19:20:00+00:00, run_after=2023-02-27T19:22:00+00:00
[2023-02-27T19:23:25.007+0000] {processor.py:175} INFO - Processing /home/airflow/.local/lib/python3.7/site-packages/airflow/example_dags/example_sla_dag.py took 0.228 seconds
[2023-02-27T19:23:55.537+0000] {processor.py:153} INFO - Started process (PID=1418) to work on /home/airflow/.local/lib/python3.7/site-packages/airflow/example_dags/example_sla_dag.py
[2023-02-27T19:23:55.538+0000] {processor.py:743} INFO - Processing file /home/airflow/.local/lib/python3.7/site-packages/airflow/example_dags/example_sla_dag.py for tasks to queue
[2023-02-27T19:23:55.539+0000] {logging_mixin.py:137} INFO - [2023-02-27T19:23:55.538+0000] {dagbag.py:538} INFO - Filling up the DagBag from /home/airflow/.local/lib/python3.7/site-packages/airflow/example_dags/example_sla_dag.py
[2023-02-27T19:23:55.567+0000] {processor.py:753} INFO - DAG(s) dict_keys(['example_sla_dag']) retrieved from /home/airflow/.local/lib/python3.7/site-packages/airflow/example_dags/example_sla_dag.py
[2023-02-27T19:23:55.594+0000] {logging_mixin.py:137} INFO - [2023-02-27T19:23:55.594+0000] {dag.py:2690} INFO - Sync 1 DAGs
[2023-02-27T19:23:55.630+0000] {logging_mixin.py:137} INFO - [2023-02-27T19:23:55.630+0000] {dag.py:3441} INFO - Setting next_dagrun for example_sla_dag to 2023-02-27T19:20:00+00:00, run_after=2023-02-27T19:22:00+00:00
[2023-02-27T19:23:55.669+0000] {processor.py:175} INFO - Processing /home/airflow/.local/lib/python3.7/site-packages/airflow/example_dags/example_sla_dag.py took 0.136 seconds
[2023-02-27T19:24:26.114+0000] {processor.py:153} INFO - Started process (PID=1493) to work on /home/airflow/.local/lib/python3.7/site-packages/airflow/example_dags/example_sla_dag.py
[2023-02-27T19:24:26.115+0000] {processor.py:743} INFO - Processing file /home/airflow/.local/lib/python3.7/site-packages/airflow/example_dags/example_sla_dag.py for tasks to queue
[2023-02-27T19:24:26.116+0000] {logging_mixin.py:137} INFO - [2023-02-27T19:24:26.116+0000] {dagbag.py:538} INFO - Filling up the DagBag from /home/airflow/.local/lib/python3.7/site-packages/airflow/example_dags/example_sla_dag.py
[2023-02-27T19:24:26.150+0000] {processor.py:753} INFO - DAG(s) dict_keys(['example_sla_dag']) retrieved from /home/airflow/.local/lib/python3.7/site-packages/airflow/example_dags/example_sla_dag.py
[2023-02-27T19:24:26.186+0000] {logging_mixin.py:137} INFO - [2023-02-27T19:24:26.185+0000] {dag.py:2690} INFO - Sync 1 DAGs
[2023-02-27T19:24:26.226+0000] {logging_mixin.py:137} INFO - [2023-02-27T19:24:26.226+0000] {dag.py:3441} INFO - Setting next_dagrun for example_sla_dag to 2023-02-27T19:22:00+00:00, run_after=2023-02-27T19:24:00+00:00
[2023-02-27T19:24:26.292+0000] {processor.py:175} INFO - Processing /home/airflow/.local/lib/python3.7/site-packages/airflow/example_dags/example_sla_dag.py took 0.182 seconds
[2023-02-27T19:24:56.365+0000] {processor.py:153} INFO - Started process (PID=1565) to work on /home/airflow/.local/lib/python3.7/site-packages/airflow/example_dags/example_sla_dag.py
[2023-02-27T19:24:56.366+0000] {processor.py:743} INFO - Processing file /home/airflow/.local/lib/python3.7/site-packages/airflow/example_dags/example_sla_dag.py for tasks to queue
[2023-02-27T19:24:56.367+0000] {logging_mixin.py:137} INFO - [2023-02-27T19:24:56.367+0000] {dagbag.py:538} INFO - Filling up the DagBag from /home/airflow/.local/lib/python3.7/site-packages/airflow/example_dags/example_sla_dag.py
[2023-02-27T19:24:56.396+0000] {processor.py:753} INFO - DAG(s) dict_keys(['example_sla_dag']) retrieved from /home/airflow/.local/lib/python3.7/site-packages/airflow/example_dags/example_sla_dag.py
[2023-02-27T19:24:56.425+0000] {logging_mixin.py:137} INFO - [2023-02-27T19:24:56.425+0000] {dag.py:2690} INFO - Sync 1 DAGs
[2023-02-27T19:24:56.457+0000] {logging_mixin.py:137} INFO - [2023-02-27T19:24:56.457+0000] {dag.py:3441} INFO - Setting next_dagrun for example_sla_dag to 2023-02-27T19:22:00+00:00, run_after=2023-02-27T19:24:00+00:00
[2023-02-27T19:24:56.480+0000] {processor.py:175} INFO - Processing /home/airflow/.local/lib/python3.7/site-packages/airflow/example_dags/example_sla_dag.py took 0.119 seconds
[2023-02-27T19:25:26.808+0000] {processor.py:153} INFO - Started process (PID=1632) to work on /home/airflow/.local/lib/python3.7/site-packages/airflow/example_dags/example_sla_dag.py
[2023-02-27T19:25:26.809+0000] {processor.py:743} INFO - Processing file /home/airflow/.local/lib/python3.7/site-packages/airflow/example_dags/example_sla_dag.py for tasks to queue
[2023-02-27T19:25:26.810+0000] {logging_mixin.py:137} INFO - [2023-02-27T19:25:26.810+0000] {dagbag.py:538} INFO - Filling up the DagBag from /home/airflow/.local/lib/python3.7/site-packages/airflow/example_dags/example_sla_dag.py
[2023-02-27T19:25:26.835+0000] {processor.py:753} INFO - DAG(s) dict_keys(['example_sla_dag']) retrieved from /home/airflow/.local/lib/python3.7/site-packages/airflow/example_dags/example_sla_dag.py
[2023-02-27T19:25:26.866+0000] {logging_mixin.py:137} INFO - [2023-02-27T19:25:26.866+0000] {dag.py:2690} INFO - Sync 1 DAGs
[2023-02-27T19:25:26.900+0000] {logging_mixin.py:137} INFO - [2023-02-27T19:25:26.900+0000] {dag.py:3441} INFO - Setting next_dagrun for example_sla_dag to 2023-02-27T19:22:00+00:00, run_after=2023-02-27T19:24:00+00:00
[2023-02-27T19:25:26.923+0000] {processor.py:175} INFO - Processing /home/airflow/.local/lib/python3.7/site-packages/airflow/example_dags/example_sla_dag.py took 0.120 seconds
[2023-02-27T19:25:57.070+0000] {processor.py:153} INFO - Started process (PID=1713) to work on /home/airflow/.local/lib/python3.7/site-packages/airflow/example_dags/example_sla_dag.py
[2023-02-27T19:25:57.071+0000] {processor.py:743} INFO - Processing file /home/airflow/.local/lib/python3.7/site-packages/airflow/example_dags/example_sla_dag.py for tasks to queue
[2023-02-27T19:25:57.072+0000] {logging_mixin.py:137} INFO - [2023-02-27T19:25:57.072+0000] {dagbag.py:538} INFO - Filling up the DagBag from /home/airflow/.local/lib/python3.7/site-packages/airflow/example_dags/example_sla_dag.py
[2023-02-27T19:25:57.106+0000] {processor.py:753} INFO - DAG(s) dict_keys(['example_sla_dag']) retrieved from /home/airflow/.local/lib/python3.7/site-packages/airflow/example_dags/example_sla_dag.py
[2023-02-27T19:25:57.136+0000] {logging_mixin.py:137} INFO - [2023-02-27T19:25:57.136+0000] {dag.py:2690} INFO - Sync 1 DAGs
[2023-02-27T19:25:57.173+0000] {logging_mixin.py:137} INFO - [2023-02-27T19:25:57.172+0000] {dag.py:3441} INFO - Setting next_dagrun for example_sla_dag to 2023-02-27T19:22:00+00:00, run_after=2023-02-27T19:24:00+00:00
[2023-02-27T19:25:57.197+0000] {processor.py:175} INFO - Processing /home/airflow/.local/lib/python3.7/site-packages/airflow/example_dags/example_sla_dag.py took 0.130 seconds
[2023-02-27T19:26:27.488+0000] {processor.py:153} INFO - Started process (PID=1780) to work on /home/airflow/.local/lib/python3.7/site-packages/airflow/example_dags/example_sla_dag.py
[2023-02-27T19:26:27.489+0000] {processor.py:743} INFO - Processing file /home/airflow/.local/lib/python3.7/site-packages/airflow/example_dags/example_sla_dag.py for tasks to queue
[2023-02-27T19:26:27.490+0000] {logging_mixin.py:137} INFO - [2023-02-27T19:26:27.489+0000] {dagbag.py:538} INFO - Filling up the DagBag from /home/airflow/.local/lib/python3.7/site-packages/airflow/example_dags/example_sla_dag.py
[2023-02-27T19:26:27.519+0000] {processor.py:753} INFO - DAG(s) dict_keys(['example_sla_dag']) retrieved from /home/airflow/.local/lib/python3.7/site-packages/airflow/example_dags/example_sla_dag.py
[2023-02-27T19:26:27.553+0000] {logging_mixin.py:137} INFO - [2023-02-27T19:26:27.552+0000] {dag.py:2690} INFO - Sync 1 DAGs
[2023-02-27T19:26:27.589+0000] {logging_mixin.py:137} INFO - [2023-02-27T19:26:27.589+0000] {dag.py:3441} INFO - Setting next_dagrun for example_sla_dag to 2023-02-27T19:24:00+00:00, run_after=2023-02-27T19:26:00+00:00
[2023-02-27T19:26:27.627+0000] {processor.py:175} INFO - Processing /home/airflow/.local/lib/python3.7/site-packages/airflow/example_dags/example_sla_dag.py took 0.143 seconds
[2023-02-27T19:26:57.664+0000] {processor.py:153} INFO - Started process (PID=1847) to work on /home/airflow/.local/lib/python3.7/site-packages/airflow/example_dags/example_sla_dag.py
[2023-02-27T19:26:57.665+0000] {processor.py:743} INFO - Processing file /home/airflow/.local/lib/python3.7/site-packages/airflow/example_dags/example_sla_dag.py for tasks to queue
[2023-02-27T19:26:57.666+0000] {logging_mixin.py:137} INFO - [2023-02-27T19:26:57.666+0000] {dagbag.py:538} INFO - Filling up the DagBag from /home/airflow/.local/lib/python3.7/site-packages/airflow/example_dags/example_sla_dag.py
[2023-02-27T19:26:57.696+0000] {processor.py:753} INFO - DAG(s) dict_keys(['example_sla_dag']) retrieved from /home/airflow/.local/lib/python3.7/site-packages/airflow/example_dags/example_sla_dag.py
[2023-02-27T19:26:57.722+0000] {logging_mixin.py:137} INFO - [2023-02-27T19:26:57.722+0000] {dag.py:2690} INFO - Sync 1 DAGs
[2023-02-27T19:26:57.753+0000] {logging_mixin.py:137} INFO - [2023-02-27T19:26:57.753+0000] {dag.py:3441} INFO - Setting next_dagrun for example_sla_dag to 2023-02-27T19:24:00+00:00, run_after=2023-02-27T19:26:00+00:00
[2023-02-27T19:26:57.774+0000] {processor.py:175} INFO - Processing /home/airflow/.local/lib/python3.7/site-packages/airflow/example_dags/example_sla_dag.py took 0.113 seconds
[2023-02-27T19:27:29.447+0000] {processor.py:153} INFO - Started process (PID=1928) to work on /home/airflow/.local/lib/python3.7/site-packages/airflow/example_dags/example_sla_dag.py
[2023-02-27T19:27:29.450+0000] {processor.py:743} INFO - Processing file /home/airflow/.local/lib/python3.7/site-packages/airflow/example_dags/example_sla_dag.py for tasks to queue
[2023-02-27T19:27:29.451+0000] {logging_mixin.py:137} INFO - [2023-02-27T19:27:29.451+0000] {dagbag.py:538} INFO - Filling up the DagBag from /home/airflow/.local/lib/python3.7/site-packages/airflow/example_dags/example_sla_dag.py
[2023-02-27T19:27:29.508+0000] {processor.py:753} INFO - DAG(s) dict_keys(['example_sla_dag']) retrieved from /home/airflow/.local/lib/python3.7/site-packages/airflow/example_dags/example_sla_dag.py
[2023-02-27T19:27:29.566+0000] {logging_mixin.py:137} INFO - [2023-02-27T19:27:29.566+0000] {dag.py:2690} INFO - Sync 1 DAGs
[2023-02-27T19:27:29.616+0000] {logging_mixin.py:137} INFO - [2023-02-27T19:27:29.616+0000] {dag.py:3441} INFO - Setting next_dagrun for example_sla_dag to 2023-02-27T19:24:00+00:00, run_after=2023-02-27T19:26:00+00:00
[2023-02-27T19:27:29.653+0000] {processor.py:175} INFO - Processing /home/airflow/.local/lib/python3.7/site-packages/airflow/example_dags/example_sla_dag.py took 0.222 seconds
[2023-02-27T19:28:00.441+0000] {processor.py:153} INFO - Started process (PID=1995) to work on /home/airflow/.local/lib/python3.7/site-packages/airflow/example_dags/example_sla_dag.py
[2023-02-27T19:28:00.442+0000] {processor.py:743} INFO - Processing file /home/airflow/.local/lib/python3.7/site-packages/airflow/example_dags/example_sla_dag.py for tasks to queue
[2023-02-27T19:28:00.443+0000] {logging_mixin.py:137} INFO - [2023-02-27T19:28:00.443+0000] {dagbag.py:538} INFO - Filling up the DagBag from /home/airflow/.local/lib/python3.7/site-packages/airflow/example_dags/example_sla_dag.py
[2023-02-27T19:28:00.470+0000] {processor.py:753} INFO - DAG(s) dict_keys(['example_sla_dag']) retrieved from /home/airflow/.local/lib/python3.7/site-packages/airflow/example_dags/example_sla_dag.py
[2023-02-27T19:28:00.498+0000] {logging_mixin.py:137} INFO - [2023-02-27T19:28:00.498+0000] {dag.py:2690} INFO - Sync 1 DAGs
[2023-02-27T19:28:00.532+0000] {logging_mixin.py:137} INFO - [2023-02-27T19:28:00.532+0000] {dag.py:3441} INFO - Setting next_dagrun for example_sla_dag to 2023-02-27T19:26:00+00:00, run_after=2023-02-27T19:28:00+00:00
[2023-02-27T19:28:00.556+0000] {processor.py:175} INFO - Processing /home/airflow/.local/lib/python3.7/site-packages/airflow/example_dags/example_sla_dag.py took 0.120 seconds
[2023-02-27T19:28:31.056+0000] {processor.py:153} INFO - Started process (PID=2062) to work on /home/airflow/.local/lib/python3.7/site-packages/airflow/example_dags/example_sla_dag.py
[2023-02-27T19:28:31.060+0000] {processor.py:743} INFO - Processing file /home/airflow/.local/lib/python3.7/site-packages/airflow/example_dags/example_sla_dag.py for tasks to queue
[2023-02-27T19:28:31.061+0000] {logging_mixin.py:137} INFO - [2023-02-27T19:28:31.061+0000] {dagbag.py:538} INFO - Filling up the DagBag from /home/airflow/.local/lib/python3.7/site-packages/airflow/example_dags/example_sla_dag.py
[2023-02-27T19:28:31.095+0000] {processor.py:753} INFO - DAG(s) dict_keys(['example_sla_dag']) retrieved from /home/airflow/.local/lib/python3.7/site-packages/airflow/example_dags/example_sla_dag.py
[2023-02-27T19:28:31.123+0000] {logging_mixin.py:137} INFO - [2023-02-27T19:28:31.123+0000] {dag.py:2690} INFO - Sync 1 DAGs
[2023-02-27T19:28:31.165+0000] {logging_mixin.py:137} INFO - [2023-02-27T19:28:31.165+0000] {dag.py:3441} INFO - Setting next_dagrun for example_sla_dag to 2023-02-27T19:26:00+00:00, run_after=2023-02-27T19:28:00+00:00
[2023-02-27T19:28:31.186+0000] {processor.py:175} INFO - Processing /home/airflow/.local/lib/python3.7/site-packages/airflow/example_dags/example_sla_dag.py took 0.137 seconds
[2023-02-27T19:29:01.974+0000] {processor.py:153} INFO - Started process (PID=2145) to work on /home/airflow/.local/lib/python3.7/site-packages/airflow/example_dags/example_sla_dag.py
[2023-02-27T19:29:01.978+0000] {processor.py:743} INFO - Processing file /home/airflow/.local/lib/python3.7/site-packages/airflow/example_dags/example_sla_dag.py for tasks to queue
[2023-02-27T19:29:01.978+0000] {logging_mixin.py:137} INFO - [2023-02-27T19:29:01.978+0000] {dagbag.py:538} INFO - Filling up the DagBag from /home/airflow/.local/lib/python3.7/site-packages/airflow/example_dags/example_sla_dag.py
[2023-02-27T19:29:02.014+0000] {processor.py:753} INFO - DAG(s) dict_keys(['example_sla_dag']) retrieved from /home/airflow/.local/lib/python3.7/site-packages/airflow/example_dags/example_sla_dag.py
[2023-02-27T19:29:02.044+0000] {logging_mixin.py:137} INFO - [2023-02-27T19:29:02.044+0000] {dag.py:2690} INFO - Sync 1 DAGs
[2023-02-27T19:29:02.082+0000] {logging_mixin.py:137} INFO - [2023-02-27T19:29:02.082+0000] {dag.py:3441} INFO - Setting next_dagrun for example_sla_dag to 2023-02-27T19:26:00+00:00, run_after=2023-02-27T19:28:00+00:00
[2023-02-27T19:29:02.105+0000] {processor.py:175} INFO - Processing /home/airflow/.local/lib/python3.7/site-packages/airflow/example_dags/example_sla_dag.py took 0.135 seconds
[2023-02-27T19:29:32.777+0000] {processor.py:153} INFO - Started process (PID=2213) to work on /home/airflow/.local/lib/python3.7/site-packages/airflow/example_dags/example_sla_dag.py
[2023-02-27T19:29:32.778+0000] {processor.py:743} INFO - Processing file /home/airflow/.local/lib/python3.7/site-packages/airflow/example_dags/example_sla_dag.py for tasks to queue
[2023-02-27T19:29:32.779+0000] {logging_mixin.py:137} INFO - [2023-02-27T19:29:32.779+0000] {dagbag.py:538} INFO - Filling up the DagBag from /home/airflow/.local/lib/python3.7/site-packages/airflow/example_dags/example_sla_dag.py
[2023-02-27T19:29:32.808+0000] {processor.py:753} INFO - DAG(s) dict_keys(['example_sla_dag']) retrieved from /home/airflow/.local/lib/python3.7/site-packages/airflow/example_dags/example_sla_dag.py
[2023-02-27T19:29:32.866+0000] {logging_mixin.py:137} INFO - [2023-02-27T19:29:32.865+0000] {dag.py:2690} INFO - Sync 1 DAGs
[2023-02-27T19:29:32.914+0000] {logging_mixin.py:137} INFO - [2023-02-27T19:29:32.913+0000] {dag.py:3441} INFO - Setting next_dagrun for example_sla_dag to 2023-02-27T19:26:00+00:00, run_after=2023-02-27T19:28:00+00:00
[2023-02-27T19:29:32.952+0000] {processor.py:175} INFO - Processing /home/airflow/.local/lib/python3.7/site-packages/airflow/example_dags/example_sla_dag.py took 0.179 seconds
[2023-02-27T19:30:03.619+0000] {processor.py:153} INFO - Started process (PID=2280) to work on /home/airflow/.local/lib/python3.7/site-packages/airflow/example_dags/example_sla_dag.py
[2023-02-27T19:30:03.620+0000] {processor.py:743} INFO - Processing file /home/airflow/.local/lib/python3.7/site-packages/airflow/example_dags/example_sla_dag.py for tasks to queue
[2023-02-27T19:30:03.621+0000] {logging_mixin.py:137} INFO - [2023-02-27T19:30:03.621+0000] {dagbag.py:538} INFO - Filling up the DagBag from /home/airflow/.local/lib/python3.7/site-packages/airflow/example_dags/example_sla_dag.py
[2023-02-27T19:30:03.647+0000] {processor.py:753} INFO - DAG(s) dict_keys(['example_sla_dag']) retrieved from /home/airflow/.local/lib/python3.7/site-packages/airflow/example_dags/example_sla_dag.py
[2023-02-27T19:30:03.676+0000] {logging_mixin.py:137} INFO - [2023-02-27T19:30:03.676+0000] {dag.py:2690} INFO - Sync 1 DAGs
[2023-02-27T19:30:03.709+0000] {logging_mixin.py:137} INFO - [2023-02-27T19:30:03.709+0000] {dag.py:3441} INFO - Setting next_dagrun for example_sla_dag to 2023-02-27T19:28:00+00:00, run_after=2023-02-27T19:30:00+00:00
[2023-02-27T19:30:03.732+0000] {processor.py:175} INFO - Processing /home/airflow/.local/lib/python3.7/site-packages/airflow/example_dags/example_sla_dag.py took 0.117 seconds
[2023-02-27T19:30:33.892+0000] {processor.py:153} INFO - Started process (PID=2347) to work on /home/airflow/.local/lib/python3.7/site-packages/airflow/example_dags/example_sla_dag.py
[2023-02-27T19:30:33.893+0000] {processor.py:743} INFO - Processing file /home/airflow/.local/lib/python3.7/site-packages/airflow/example_dags/example_sla_dag.py for tasks to queue
[2023-02-27T19:30:33.895+0000] {logging_mixin.py:137} INFO - [2023-02-27T19:30:33.894+0000] {dagbag.py:538} INFO - Filling up the DagBag from /home/airflow/.local/lib/python3.7/site-packages/airflow/example_dags/example_sla_dag.py
[2023-02-27T19:30:33.960+0000] {processor.py:753} INFO - DAG(s) dict_keys(['example_sla_dag']) retrieved from /home/airflow/.local/lib/python3.7/site-packages/airflow/example_dags/example_sla_dag.py
[2023-02-27T19:30:34.024+0000] {logging_mixin.py:137} INFO - [2023-02-27T19:30:34.024+0000] {dag.py:2690} INFO - Sync 1 DAGs
[2023-02-27T19:30:34.080+0000] {logging_mixin.py:137} INFO - [2023-02-27T19:30:34.080+0000] {dag.py:3441} INFO - Setting next_dagrun for example_sla_dag to 2023-02-27T19:28:00+00:00, run_after=2023-02-27T19:30:00+00:00
[2023-02-27T19:30:34.150+0000] {processor.py:175} INFO - Processing /home/airflow/.local/lib/python3.7/site-packages/airflow/example_dags/example_sla_dag.py took 0.270 seconds
[2023-02-27T19:31:04.798+0000] {processor.py:153} INFO - Started process (PID=2414) to work on /home/airflow/.local/lib/python3.7/site-packages/airflow/example_dags/example_sla_dag.py
[2023-02-27T19:31:04.799+0000] {processor.py:743} INFO - Processing file /home/airflow/.local/lib/python3.7/site-packages/airflow/example_dags/example_sla_dag.py for tasks to queue
[2023-02-27T19:31:04.800+0000] {logging_mixin.py:137} INFO - [2023-02-27T19:31:04.800+0000] {dagbag.py:538} INFO - Filling up the DagBag from /home/airflow/.local/lib/python3.7/site-packages/airflow/example_dags/example_sla_dag.py
[2023-02-27T19:31:04.853+0000] {processor.py:753} INFO - DAG(s) dict_keys(['example_sla_dag']) retrieved from /home/airflow/.local/lib/python3.7/site-packages/airflow/example_dags/example_sla_dag.py
[2023-02-27T19:31:04.915+0000] {logging_mixin.py:137} INFO - [2023-02-27T19:31:04.915+0000] {dag.py:2690} INFO - Sync 1 DAGs
[2023-02-27T19:31:04.979+0000] {logging_mixin.py:137} INFO - [2023-02-27T19:31:04.979+0000] {dag.py:3441} INFO - Setting next_dagrun for example_sla_dag to 2023-02-27T19:28:00+00:00, run_after=2023-02-27T19:30:00+00:00
[2023-02-27T19:31:05.059+0000] {processor.py:175} INFO - Processing /home/airflow/.local/lib/python3.7/site-packages/airflow/example_dags/example_sla_dag.py took 0.265 seconds
[2023-02-27T19:31:35.145+0000] {processor.py:153} INFO - Started process (PID=2487) to work on /home/airflow/.local/lib/python3.7/site-packages/airflow/example_dags/example_sla_dag.py
[2023-02-27T19:31:35.146+0000] {processor.py:743} INFO - Processing file /home/airflow/.local/lib/python3.7/site-packages/airflow/example_dags/example_sla_dag.py for tasks to queue
[2023-02-27T19:31:35.147+0000] {logging_mixin.py:137} INFO - [2023-02-27T19:31:35.147+0000] {dagbag.py:538} INFO - Filling up the DagBag from /home/airflow/.local/lib/python3.7/site-packages/airflow/example_dags/example_sla_dag.py
[2023-02-27T19:31:35.193+0000] {processor.py:753} INFO - DAG(s) dict_keys(['example_sla_dag']) retrieved from /home/airflow/.local/lib/python3.7/site-packages/airflow/example_dags/example_sla_dag.py
[2023-02-27T19:31:35.237+0000] {logging_mixin.py:137} INFO - [2023-02-27T19:31:35.237+0000] {dag.py:2690} INFO - Sync 1 DAGs
[2023-02-27T19:31:35.285+0000] {logging_mixin.py:137} INFO - [2023-02-27T19:31:35.285+0000] {dag.py:3441} INFO - Setting next_dagrun for example_sla_dag to 2023-02-27T19:28:00+00:00, run_after=2023-02-27T19:30:00+00:00
[2023-02-27T19:31:35.320+0000] {processor.py:175} INFO - Processing /home/airflow/.local/lib/python3.7/site-packages/airflow/example_dags/example_sla_dag.py took 0.178 seconds
[2023-02-27T19:32:05.397+0000] {processor.py:153} INFO - Started process (PID=2561) to work on /home/airflow/.local/lib/python3.7/site-packages/airflow/example_dags/example_sla_dag.py
[2023-02-27T19:32:05.399+0000] {processor.py:743} INFO - Processing file /home/airflow/.local/lib/python3.7/site-packages/airflow/example_dags/example_sla_dag.py for tasks to queue
[2023-02-27T19:32:05.400+0000] {logging_mixin.py:137} INFO - [2023-02-27T19:32:05.399+0000] {dagbag.py:538} INFO - Filling up the DagBag from /home/airflow/.local/lib/python3.7/site-packages/airflow/example_dags/example_sla_dag.py
[2023-02-27T19:32:05.428+0000] {processor.py:753} INFO - DAG(s) dict_keys(['example_sla_dag']) retrieved from /home/airflow/.local/lib/python3.7/site-packages/airflow/example_dags/example_sla_dag.py
[2023-02-27T19:32:05.457+0000] {logging_mixin.py:137} INFO - [2023-02-27T19:32:05.456+0000] {dag.py:2690} INFO - Sync 1 DAGs
[2023-02-27T19:32:05.490+0000] {logging_mixin.py:137} INFO - [2023-02-27T19:32:05.489+0000] {dag.py:3441} INFO - Setting next_dagrun for example_sla_dag to 2023-02-27T19:30:00+00:00, run_after=2023-02-27T19:32:00+00:00
[2023-02-27T19:32:05.514+0000] {processor.py:175} INFO - Processing /home/airflow/.local/lib/python3.7/site-packages/airflow/example_dags/example_sla_dag.py took 0.120 seconds
[2023-02-27T19:32:35.865+0000] {processor.py:153} INFO - Started process (PID=2628) to work on /home/airflow/.local/lib/python3.7/site-packages/airflow/example_dags/example_sla_dag.py
[2023-02-27T19:32:35.866+0000] {processor.py:743} INFO - Processing file /home/airflow/.local/lib/python3.7/site-packages/airflow/example_dags/example_sla_dag.py for tasks to queue
[2023-02-27T19:32:35.867+0000] {logging_mixin.py:137} INFO - [2023-02-27T19:32:35.867+0000] {dagbag.py:538} INFO - Filling up the DagBag from /home/airflow/.local/lib/python3.7/site-packages/airflow/example_dags/example_sla_dag.py
[2023-02-27T19:32:35.895+0000] {processor.py:753} INFO - DAG(s) dict_keys(['example_sla_dag']) retrieved from /home/airflow/.local/lib/python3.7/site-packages/airflow/example_dags/example_sla_dag.py
[2023-02-27T19:32:35.928+0000] {logging_mixin.py:137} INFO - [2023-02-27T19:32:35.928+0000] {dag.py:2690} INFO - Sync 1 DAGs
[2023-02-27T19:32:35.962+0000] {logging_mixin.py:137} INFO - [2023-02-27T19:32:35.962+0000] {dag.py:3441} INFO - Setting next_dagrun for example_sla_dag to 2023-02-27T19:30:00+00:00, run_after=2023-02-27T19:32:00+00:00
[2023-02-27T19:32:35.984+0000] {processor.py:175} INFO - Processing /home/airflow/.local/lib/python3.7/site-packages/airflow/example_dags/example_sla_dag.py took 0.127 seconds
[2023-02-27T19:33:06.338+0000] {processor.py:153} INFO - Started process (PID=2705) to work on /home/airflow/.local/lib/python3.7/site-packages/airflow/example_dags/example_sla_dag.py
[2023-02-27T19:33:06.339+0000] {processor.py:743} INFO - Processing file /home/airflow/.local/lib/python3.7/site-packages/airflow/example_dags/example_sla_dag.py for tasks to queue
[2023-02-27T19:33:06.340+0000] {logging_mixin.py:137} INFO - [2023-02-27T19:33:06.340+0000] {dagbag.py:538} INFO - Filling up the DagBag from /home/airflow/.local/lib/python3.7/site-packages/airflow/example_dags/example_sla_dag.py
[2023-02-27T19:33:06.369+0000] {processor.py:753} INFO - DAG(s) dict_keys(['example_sla_dag']) retrieved from /home/airflow/.local/lib/python3.7/site-packages/airflow/example_dags/example_sla_dag.py
[2023-02-27T19:33:06.399+0000] {logging_mixin.py:137} INFO - [2023-02-27T19:33:06.399+0000] {dag.py:2690} INFO - Sync 1 DAGs
[2023-02-27T19:33:06.437+0000] {logging_mixin.py:137} INFO - [2023-02-27T19:33:06.437+0000] {dag.py:3441} INFO - Setting next_dagrun for example_sla_dag to 2023-02-27T19:30:00+00:00, run_after=2023-02-27T19:32:00+00:00
[2023-02-27T19:33:06.475+0000] {processor.py:175} INFO - Processing /home/airflow/.local/lib/python3.7/site-packages/airflow/example_dags/example_sla_dag.py took 0.140 seconds
[2023-02-27T19:33:36.903+0000] {processor.py:153} INFO - Started process (PID=2778) to work on /home/airflow/.local/lib/python3.7/site-packages/airflow/example_dags/example_sla_dag.py
[2023-02-27T19:33:36.904+0000] {processor.py:743} INFO - Processing file /home/airflow/.local/lib/python3.7/site-packages/airflow/example_dags/example_sla_dag.py for tasks to queue
[2023-02-27T19:33:36.905+0000] {logging_mixin.py:137} INFO - [2023-02-27T19:33:36.904+0000] {dagbag.py:538} INFO - Filling up the DagBag from /home/airflow/.local/lib/python3.7/site-packages/airflow/example_dags/example_sla_dag.py
[2023-02-27T19:33:36.930+0000] {processor.py:753} INFO - DAG(s) dict_keys(['example_sla_dag']) retrieved from /home/airflow/.local/lib/python3.7/site-packages/airflow/example_dags/example_sla_dag.py
[2023-02-27T19:33:36.958+0000] {logging_mixin.py:137} INFO - [2023-02-27T19:33:36.958+0000] {dag.py:2690} INFO - Sync 1 DAGs
[2023-02-27T19:33:36.990+0000] {logging_mixin.py:137} INFO - [2023-02-27T19:33:36.990+0000] {dag.py:3441} INFO - Setting next_dagrun for example_sla_dag to 2023-02-27T19:30:00+00:00, run_after=2023-02-27T19:32:00+00:00
[2023-02-27T19:33:37.011+0000] {processor.py:175} INFO - Processing /home/airflow/.local/lib/python3.7/site-packages/airflow/example_dags/example_sla_dag.py took 0.113 seconds
[2023-02-27T19:34:07.269+0000] {processor.py:153} INFO - Started process (PID=2846) to work on /home/airflow/.local/lib/python3.7/site-packages/airflow/example_dags/example_sla_dag.py
[2023-02-27T19:34:07.271+0000] {processor.py:743} INFO - Processing file /home/airflow/.local/lib/python3.7/site-packages/airflow/example_dags/example_sla_dag.py for tasks to queue
[2023-02-27T19:34:07.273+0000] {logging_mixin.py:137} INFO - [2023-02-27T19:34:07.273+0000] {dagbag.py:538} INFO - Filling up the DagBag from /home/airflow/.local/lib/python3.7/site-packages/airflow/example_dags/example_sla_dag.py
[2023-02-27T19:34:07.304+0000] {processor.py:753} INFO - DAG(s) dict_keys(['example_sla_dag']) retrieved from /home/airflow/.local/lib/python3.7/site-packages/airflow/example_dags/example_sla_dag.py
[2023-02-27T19:34:07.330+0000] {logging_mixin.py:137} INFO - [2023-02-27T19:34:07.330+0000] {dag.py:2690} INFO - Sync 1 DAGs
[2023-02-27T19:34:07.372+0000] {logging_mixin.py:137} INFO - [2023-02-27T19:34:07.372+0000] {dag.py:3441} INFO - Setting next_dagrun for example_sla_dag to 2023-02-27T19:32:00+00:00, run_after=2023-02-27T19:34:00+00:00
[2023-02-27T19:34:07.399+0000] {processor.py:175} INFO - Processing /home/airflow/.local/lib/python3.7/site-packages/airflow/example_dags/example_sla_dag.py took 0.139 seconds
[2023-02-27T19:34:37.687+0000] {processor.py:153} INFO - Started process (PID=2913) to work on /home/airflow/.local/lib/python3.7/site-packages/airflow/example_dags/example_sla_dag.py
[2023-02-27T19:34:37.688+0000] {processor.py:743} INFO - Processing file /home/airflow/.local/lib/python3.7/site-packages/airflow/example_dags/example_sla_dag.py for tasks to queue
[2023-02-27T19:34:37.689+0000] {logging_mixin.py:137} INFO - [2023-02-27T19:34:37.689+0000] {dagbag.py:538} INFO - Filling up the DagBag from /home/airflow/.local/lib/python3.7/site-packages/airflow/example_dags/example_sla_dag.py
[2023-02-27T19:34:37.714+0000] {processor.py:753} INFO - DAG(s) dict_keys(['example_sla_dag']) retrieved from /home/airflow/.local/lib/python3.7/site-packages/airflow/example_dags/example_sla_dag.py
[2023-02-27T19:34:37.742+0000] {logging_mixin.py:137} INFO - [2023-02-27T19:34:37.742+0000] {dag.py:2690} INFO - Sync 1 DAGs
[2023-02-27T19:34:37.775+0000] {logging_mixin.py:137} INFO - [2023-02-27T19:34:37.775+0000] {dag.py:3441} INFO - Setting next_dagrun for example_sla_dag to 2023-02-27T19:32:00+00:00, run_after=2023-02-27T19:34:00+00:00
[2023-02-27T19:34:37.798+0000] {processor.py:175} INFO - Processing /home/airflow/.local/lib/python3.7/site-packages/airflow/example_dags/example_sla_dag.py took 0.115 seconds
[2023-02-27T19:35:08.225+0000] {processor.py:153} INFO - Started process (PID=2994) to work on /home/airflow/.local/lib/python3.7/site-packages/airflow/example_dags/example_sla_dag.py
[2023-02-27T19:35:08.231+0000] {processor.py:743} INFO - Processing file /home/airflow/.local/lib/python3.7/site-packages/airflow/example_dags/example_sla_dag.py for tasks to queue
[2023-02-27T19:35:08.232+0000] {logging_mixin.py:137} INFO - [2023-02-27T19:35:08.232+0000] {dagbag.py:538} INFO - Filling up the DagBag from /home/airflow/.local/lib/python3.7/site-packages/airflow/example_dags/example_sla_dag.py
[2023-02-27T19:35:08.272+0000] {processor.py:753} INFO - DAG(s) dict_keys(['example_sla_dag']) retrieved from /home/airflow/.local/lib/python3.7/site-packages/airflow/example_dags/example_sla_dag.py
[2023-02-27T19:35:08.347+0000] {logging_mixin.py:137} INFO - [2023-02-27T19:35:08.347+0000] {dag.py:2690} INFO - Sync 1 DAGs
[2023-02-27T19:35:08.396+0000] {logging_mixin.py:137} INFO - [2023-02-27T19:35:08.396+0000] {dag.py:3441} INFO - Setting next_dagrun for example_sla_dag to 2023-02-27T19:32:00+00:00, run_after=2023-02-27T19:34:00+00:00
[2023-02-27T19:35:08.429+0000] {processor.py:175} INFO - Processing /home/airflow/.local/lib/python3.7/site-packages/airflow/example_dags/example_sla_dag.py took 0.207 seconds
[2023-02-27T19:50:31.193+0000] {processor.py:153} INFO - Started process (PID=65) to work on /home/airflow/.local/lib/python3.7/site-packages/airflow/example_dags/example_sla_dag.py
[2023-02-27T19:50:31.194+0000] {processor.py:743} INFO - Processing file /home/airflow/.local/lib/python3.7/site-packages/airflow/example_dags/example_sla_dag.py for tasks to queue
[2023-02-27T19:50:31.195+0000] {logging_mixin.py:137} INFO - [2023-02-27T19:50:31.195+0000] {dagbag.py:538} INFO - Filling up the DagBag from /home/airflow/.local/lib/python3.7/site-packages/airflow/example_dags/example_sla_dag.py
[2023-02-27T19:50:31.249+0000] {processor.py:753} INFO - DAG(s) dict_keys(['example_sla_dag']) retrieved from /home/airflow/.local/lib/python3.7/site-packages/airflow/example_dags/example_sla_dag.py
[2023-02-27T19:50:31.345+0000] {logging_mixin.py:137} INFO - [2023-02-27T19:50:31.336+0000] {dag.py:2690} INFO - Sync 1 DAGs
[2023-02-27T19:50:31.406+0000] {logging_mixin.py:137} INFO - [2023-02-27T19:50:31.405+0000] {dag.py:3441} INFO - Setting next_dagrun for example_sla_dag to 2023-02-27T19:48:00+00:00, run_after=2023-02-27T19:50:00+00:00
[2023-02-27T19:50:31.461+0000] {processor.py:175} INFO - Processing /home/airflow/.local/lib/python3.7/site-packages/airflow/example_dags/example_sla_dag.py took 0.272 seconds
[2023-02-27T19:52:51.004+0000] {processor.py:153} INFO - Started process (PID=64) to work on /home/airflow/.local/lib/python3.7/site-packages/airflow/example_dags/example_sla_dag.py
[2023-02-27T19:52:51.006+0000] {processor.py:743} INFO - Processing file /home/airflow/.local/lib/python3.7/site-packages/airflow/example_dags/example_sla_dag.py for tasks to queue
[2023-02-27T19:52:51.007+0000] {logging_mixin.py:137} INFO - [2023-02-27T19:52:51.006+0000] {dagbag.py:538} INFO - Filling up the DagBag from /home/airflow/.local/lib/python3.7/site-packages/airflow/example_dags/example_sla_dag.py
[2023-02-27T19:52:51.063+0000] {processor.py:753} INFO - DAG(s) dict_keys(['example_sla_dag']) retrieved from /home/airflow/.local/lib/python3.7/site-packages/airflow/example_dags/example_sla_dag.py
[2023-02-27T19:52:51.288+0000] {logging_mixin.py:137} INFO - [2023-02-27T19:52:51.288+0000] {manager.py:504} INFO - Created Permission View: can edit on DAG:example_sla_dag
[2023-02-27T19:52:51.308+0000] {logging_mixin.py:137} INFO - [2023-02-27T19:52:51.307+0000] {manager.py:504} INFO - Created Permission View: can read on DAG:example_sla_dag
[2023-02-27T19:52:51.333+0000] {logging_mixin.py:137} INFO - [2023-02-27T19:52:51.332+0000] {manager.py:504} INFO - Created Permission View: can delete on DAG:example_sla_dag
[2023-02-27T19:52:51.333+0000] {logging_mixin.py:137} INFO - [2023-02-27T19:52:51.333+0000] {dag.py:2690} INFO - Sync 1 DAGs
[2023-02-27T19:52:51.354+0000] {logging_mixin.py:137} INFO - [2023-02-27T19:52:51.354+0000] {dag.py:2711} INFO - Creating ORM DAG for example_sla_dag
[2023-02-27T19:52:51.378+0000] {logging_mixin.py:137} INFO - [2023-02-27T19:52:51.377+0000] {dag.py:3441} INFO - Setting next_dagrun for example_sla_dag to 2023-02-27T19:50:00+00:00, run_after=2023-02-27T19:52:00+00:00
[2023-02-27T19:52:51.415+0000] {processor.py:175} INFO - Processing /home/airflow/.local/lib/python3.7/site-packages/airflow/example_dags/example_sla_dag.py took 0.417 seconds
[2023-02-27T19:53:22.044+0000] {processor.py:153} INFO - Started process (PID=131) to work on /home/airflow/.local/lib/python3.7/site-packages/airflow/example_dags/example_sla_dag.py
[2023-02-27T19:53:22.053+0000] {processor.py:743} INFO - Processing file /home/airflow/.local/lib/python3.7/site-packages/airflow/example_dags/example_sla_dag.py for tasks to queue
[2023-02-27T19:53:22.054+0000] {logging_mixin.py:137} INFO - [2023-02-27T19:53:22.054+0000] {dagbag.py:538} INFO - Filling up the DagBag from /home/airflow/.local/lib/python3.7/site-packages/airflow/example_dags/example_sla_dag.py
[2023-02-27T19:53:22.088+0000] {processor.py:753} INFO - DAG(s) dict_keys(['example_sla_dag']) retrieved from /home/airflow/.local/lib/python3.7/site-packages/airflow/example_dags/example_sla_dag.py
[2023-02-27T19:53:22.116+0000] {logging_mixin.py:137} INFO - [2023-02-27T19:53:22.115+0000] {dag.py:2690} INFO - Sync 1 DAGs
[2023-02-27T19:53:22.152+0000] {logging_mixin.py:137} INFO - [2023-02-27T19:53:22.151+0000] {dag.py:3441} INFO - Setting next_dagrun for example_sla_dag to 2023-02-27T19:50:00+00:00, run_after=2023-02-27T19:52:00+00:00
[2023-02-27T19:53:22.173+0000] {processor.py:175} INFO - Processing /home/airflow/.local/lib/python3.7/site-packages/airflow/example_dags/example_sla_dag.py took 0.134 seconds
[2023-02-27T19:53:52.342+0000] {processor.py:153} INFO - Started process (PID=211) to work on /home/airflow/.local/lib/python3.7/site-packages/airflow/example_dags/example_sla_dag.py
[2023-02-27T19:53:52.344+0000] {processor.py:743} INFO - Processing file /home/airflow/.local/lib/python3.7/site-packages/airflow/example_dags/example_sla_dag.py for tasks to queue
[2023-02-27T19:53:52.346+0000] {logging_mixin.py:137} INFO - [2023-02-27T19:53:52.345+0000] {dagbag.py:538} INFO - Filling up the DagBag from /home/airflow/.local/lib/python3.7/site-packages/airflow/example_dags/example_sla_dag.py
[2023-02-27T19:53:52.425+0000] {processor.py:753} INFO - DAG(s) dict_keys(['example_sla_dag']) retrieved from /home/airflow/.local/lib/python3.7/site-packages/airflow/example_dags/example_sla_dag.py
[2023-02-27T19:53:52.528+0000] {logging_mixin.py:137} INFO - [2023-02-27T19:53:52.528+0000] {dag.py:2690} INFO - Sync 1 DAGs
[2023-02-27T19:53:52.606+0000] {logging_mixin.py:137} INFO - [2023-02-27T19:53:52.605+0000] {dag.py:3441} INFO - Setting next_dagrun for example_sla_dag to 2023-02-27T19:50:00+00:00, run_after=2023-02-27T19:52:00+00:00
[2023-02-27T19:53:52.662+0000] {processor.py:175} INFO - Processing /home/airflow/.local/lib/python3.7/site-packages/airflow/example_dags/example_sla_dag.py took 0.325 seconds
[2023-02-27T19:54:23.056+0000] {processor.py:153} INFO - Started process (PID=277) to work on /home/airflow/.local/lib/python3.7/site-packages/airflow/example_dags/example_sla_dag.py
[2023-02-27T19:54:23.060+0000] {processor.py:743} INFO - Processing file /home/airflow/.local/lib/python3.7/site-packages/airflow/example_dags/example_sla_dag.py for tasks to queue
[2023-02-27T19:54:23.060+0000] {logging_mixin.py:137} INFO - [2023-02-27T19:54:23.060+0000] {dagbag.py:538} INFO - Filling up the DagBag from /home/airflow/.local/lib/python3.7/site-packages/airflow/example_dags/example_sla_dag.py
[2023-02-27T19:54:23.110+0000] {processor.py:753} INFO - DAG(s) dict_keys(['example_sla_dag']) retrieved from /home/airflow/.local/lib/python3.7/site-packages/airflow/example_dags/example_sla_dag.py
[2023-02-27T19:54:23.173+0000] {logging_mixin.py:137} INFO - [2023-02-27T19:54:23.173+0000] {dag.py:2690} INFO - Sync 1 DAGs
[2023-02-27T19:54:23.223+0000] {logging_mixin.py:137} INFO - [2023-02-27T19:54:23.223+0000] {dag.py:3441} INFO - Setting next_dagrun for example_sla_dag to 2023-02-27T19:52:00+00:00, run_after=2023-02-27T19:54:00+00:00
[2023-02-27T19:54:23.258+0000] {processor.py:175} INFO - Processing /home/airflow/.local/lib/python3.7/site-packages/airflow/example_dags/example_sla_dag.py took 0.208 seconds
[2023-02-27T19:54:54.036+0000] {processor.py:153} INFO - Started process (PID=344) to work on /home/airflow/.local/lib/python3.7/site-packages/airflow/example_dags/example_sla_dag.py
[2023-02-27T19:54:54.037+0000] {processor.py:743} INFO - Processing file /home/airflow/.local/lib/python3.7/site-packages/airflow/example_dags/example_sla_dag.py for tasks to queue
[2023-02-27T19:54:54.037+0000] {logging_mixin.py:137} INFO - [2023-02-27T19:54:54.037+0000] {dagbag.py:538} INFO - Filling up the DagBag from /home/airflow/.local/lib/python3.7/site-packages/airflow/example_dags/example_sla_dag.py
[2023-02-27T19:54:54.080+0000] {processor.py:753} INFO - DAG(s) dict_keys(['example_sla_dag']) retrieved from /home/airflow/.local/lib/python3.7/site-packages/airflow/example_dags/example_sla_dag.py
[2023-02-27T19:54:54.151+0000] {logging_mixin.py:137} INFO - [2023-02-27T19:54:54.150+0000] {dag.py:2690} INFO - Sync 1 DAGs
[2023-02-27T19:54:54.196+0000] {logging_mixin.py:137} INFO - [2023-02-27T19:54:54.195+0000] {dag.py:3441} INFO - Setting next_dagrun for example_sla_dag to 2023-02-27T19:52:00+00:00, run_after=2023-02-27T19:54:00+00:00
[2023-02-27T19:54:54.219+0000] {processor.py:175} INFO - Processing /home/airflow/.local/lib/python3.7/site-packages/airflow/example_dags/example_sla_dag.py took 0.186 seconds
[2023-02-27T19:55:24.875+0000] {processor.py:153} INFO - Started process (PID=418) to work on /home/airflow/.local/lib/python3.7/site-packages/airflow/example_dags/example_sla_dag.py
[2023-02-27T19:55:24.876+0000] {processor.py:743} INFO - Processing file /home/airflow/.local/lib/python3.7/site-packages/airflow/example_dags/example_sla_dag.py for tasks to queue
[2023-02-27T19:55:24.877+0000] {logging_mixin.py:137} INFO - [2023-02-27T19:55:24.877+0000] {dagbag.py:538} INFO - Filling up the DagBag from /home/airflow/.local/lib/python3.7/site-packages/airflow/example_dags/example_sla_dag.py
[2023-02-27T19:55:24.914+0000] {processor.py:753} INFO - DAG(s) dict_keys(['example_sla_dag']) retrieved from /home/airflow/.local/lib/python3.7/site-packages/airflow/example_dags/example_sla_dag.py
[2023-02-27T19:55:24.953+0000] {logging_mixin.py:137} INFO - [2023-02-27T19:55:24.953+0000] {dag.py:2690} INFO - Sync 1 DAGs
[2023-02-27T19:55:24.996+0000] {logging_mixin.py:137} INFO - [2023-02-27T19:55:24.996+0000] {dag.py:3441} INFO - Setting next_dagrun for example_sla_dag to 2023-02-27T19:52:00+00:00, run_after=2023-02-27T19:54:00+00:00
[2023-02-27T19:55:25.033+0000] {processor.py:175} INFO - Processing /home/airflow/.local/lib/python3.7/site-packages/airflow/example_dags/example_sla_dag.py took 0.162 seconds
[2023-02-27T19:55:55.281+0000] {processor.py:153} INFO - Started process (PID=492) to work on /home/airflow/.local/lib/python3.7/site-packages/airflow/example_dags/example_sla_dag.py
[2023-02-27T19:55:55.282+0000] {processor.py:743} INFO - Processing file /home/airflow/.local/lib/python3.7/site-packages/airflow/example_dags/example_sla_dag.py for tasks to queue
[2023-02-27T19:55:55.283+0000] {logging_mixin.py:137} INFO - [2023-02-27T19:55:55.283+0000] {dagbag.py:538} INFO - Filling up the DagBag from /home/airflow/.local/lib/python3.7/site-packages/airflow/example_dags/example_sla_dag.py
[2023-02-27T19:55:55.307+0000] {processor.py:753} INFO - DAG(s) dict_keys(['example_sla_dag']) retrieved from /home/airflow/.local/lib/python3.7/site-packages/airflow/example_dags/example_sla_dag.py
[2023-02-27T19:55:55.332+0000] {logging_mixin.py:137} INFO - [2023-02-27T19:55:55.332+0000] {dag.py:2690} INFO - Sync 1 DAGs
[2023-02-27T19:55:55.367+0000] {logging_mixin.py:137} INFO - [2023-02-27T19:55:55.367+0000] {dag.py:3441} INFO - Setting next_dagrun for example_sla_dag to 2023-02-27T19:52:00+00:00, run_after=2023-02-27T19:54:00+00:00
[2023-02-27T19:55:55.386+0000] {processor.py:175} INFO - Processing /home/airflow/.local/lib/python3.7/site-packages/airflow/example_dags/example_sla_dag.py took 0.108 seconds
[2023-02-27T19:56:25.660+0000] {processor.py:153} INFO - Started process (PID=559) to work on /home/airflow/.local/lib/python3.7/site-packages/airflow/example_dags/example_sla_dag.py
[2023-02-27T19:56:25.661+0000] {processor.py:743} INFO - Processing file /home/airflow/.local/lib/python3.7/site-packages/airflow/example_dags/example_sla_dag.py for tasks to queue
[2023-02-27T19:56:25.661+0000] {logging_mixin.py:137} INFO - [2023-02-27T19:56:25.661+0000] {dagbag.py:538} INFO - Filling up the DagBag from /home/airflow/.local/lib/python3.7/site-packages/airflow/example_dags/example_sla_dag.py
[2023-02-27T19:56:25.691+0000] {processor.py:753} INFO - DAG(s) dict_keys(['example_sla_dag']) retrieved from /home/airflow/.local/lib/python3.7/site-packages/airflow/example_dags/example_sla_dag.py
[2023-02-27T19:56:25.720+0000] {logging_mixin.py:137} INFO - [2023-02-27T19:56:25.720+0000] {dag.py:2690} INFO - Sync 1 DAGs
[2023-02-27T19:56:25.756+0000] {logging_mixin.py:137} INFO - [2023-02-27T19:56:25.756+0000] {dag.py:3441} INFO - Setting next_dagrun for example_sla_dag to 2023-02-27T19:54:00+00:00, run_after=2023-02-27T19:56:00+00:00
[2023-02-27T19:56:25.776+0000] {processor.py:175} INFO - Processing /home/airflow/.local/lib/python3.7/site-packages/airflow/example_dags/example_sla_dag.py took 0.121 seconds
[2023-02-27T19:56:56.286+0000] {processor.py:153} INFO - Started process (PID=633) to work on /home/airflow/.local/lib/python3.7/site-packages/airflow/example_dags/example_sla_dag.py
[2023-02-27T19:56:56.288+0000] {processor.py:743} INFO - Processing file /home/airflow/.local/lib/python3.7/site-packages/airflow/example_dags/example_sla_dag.py for tasks to queue
[2023-02-27T19:56:56.289+0000] {logging_mixin.py:137} INFO - [2023-02-27T19:56:56.289+0000] {dagbag.py:538} INFO - Filling up the DagBag from /home/airflow/.local/lib/python3.7/site-packages/airflow/example_dags/example_sla_dag.py
[2023-02-27T19:56:56.373+0000] {processor.py:753} INFO - DAG(s) dict_keys(['example_sla_dag']) retrieved from /home/airflow/.local/lib/python3.7/site-packages/airflow/example_dags/example_sla_dag.py
[2023-02-27T19:56:56.440+0000] {logging_mixin.py:137} INFO - [2023-02-27T19:56:56.440+0000] {dag.py:2690} INFO - Sync 1 DAGs
[2023-02-27T19:56:56.494+0000] {logging_mixin.py:137} INFO - [2023-02-27T19:56:56.494+0000] {dag.py:3441} INFO - Setting next_dagrun for example_sla_dag to 2023-02-27T19:54:00+00:00, run_after=2023-02-27T19:56:00+00:00
[2023-02-27T19:56:56.549+0000] {processor.py:175} INFO - Processing /home/airflow/.local/lib/python3.7/site-packages/airflow/example_dags/example_sla_dag.py took 0.267 seconds
[2023-02-27T19:57:26.723+0000] {processor.py:153} INFO - Started process (PID=708) to work on /home/airflow/.local/lib/python3.7/site-packages/airflow/example_dags/example_sla_dag.py
[2023-02-27T19:57:26.724+0000] {processor.py:743} INFO - Processing file /home/airflow/.local/lib/python3.7/site-packages/airflow/example_dags/example_sla_dag.py for tasks to queue
[2023-02-27T19:57:26.725+0000] {logging_mixin.py:137} INFO - [2023-02-27T19:57:26.725+0000] {dagbag.py:538} INFO - Filling up the DagBag from /home/airflow/.local/lib/python3.7/site-packages/airflow/example_dags/example_sla_dag.py
[2023-02-27T19:57:26.765+0000] {processor.py:753} INFO - DAG(s) dict_keys(['example_sla_dag']) retrieved from /home/airflow/.local/lib/python3.7/site-packages/airflow/example_dags/example_sla_dag.py
[2023-02-27T19:57:26.804+0000] {logging_mixin.py:137} INFO - [2023-02-27T19:57:26.803+0000] {dag.py:2690} INFO - Sync 1 DAGs
[2023-02-27T19:57:26.843+0000] {logging_mixin.py:137} INFO - [2023-02-27T19:57:26.842+0000] {dag.py:3441} INFO - Setting next_dagrun for example_sla_dag to 2023-02-27T19:54:00+00:00, run_after=2023-02-27T19:56:00+00:00
[2023-02-27T19:57:26.876+0000] {processor.py:175} INFO - Processing /home/airflow/.local/lib/python3.7/site-packages/airflow/example_dags/example_sla_dag.py took 0.156 seconds
[2023-02-27T19:57:56.904+0000] {processor.py:153} INFO - Started process (PID=776) to work on /home/airflow/.local/lib/python3.7/site-packages/airflow/example_dags/example_sla_dag.py
[2023-02-27T19:57:56.905+0000] {processor.py:743} INFO - Processing file /home/airflow/.local/lib/python3.7/site-packages/airflow/example_dags/example_sla_dag.py for tasks to queue
[2023-02-27T19:57:56.906+0000] {logging_mixin.py:137} INFO - [2023-02-27T19:57:56.905+0000] {dagbag.py:538} INFO - Filling up the DagBag from /home/airflow/.local/lib/python3.7/site-packages/airflow/example_dags/example_sla_dag.py
[2023-02-27T19:57:56.931+0000] {processor.py:753} INFO - DAG(s) dict_keys(['example_sla_dag']) retrieved from /home/airflow/.local/lib/python3.7/site-packages/airflow/example_dags/example_sla_dag.py
[2023-02-27T19:57:56.957+0000] {logging_mixin.py:137} INFO - [2023-02-27T19:57:56.957+0000] {dag.py:2690} INFO - Sync 1 DAGs
[2023-02-27T19:57:56.988+0000] {logging_mixin.py:137} INFO - [2023-02-27T19:57:56.988+0000] {dag.py:3441} INFO - Setting next_dagrun for example_sla_dag to 2023-02-27T19:54:00+00:00, run_after=2023-02-27T19:56:00+00:00
[2023-02-27T19:57:57.009+0000] {processor.py:175} INFO - Processing /home/airflow/.local/lib/python3.7/site-packages/airflow/example_dags/example_sla_dag.py took 0.109 seconds
[2023-02-27T19:58:28.217+0000] {processor.py:153} INFO - Started process (PID=853) to work on /home/airflow/.local/lib/python3.7/site-packages/airflow/example_dags/example_sla_dag.py
[2023-02-27T19:58:28.237+0000] {processor.py:743} INFO - Processing file /home/airflow/.local/lib/python3.7/site-packages/airflow/example_dags/example_sla_dag.py for tasks to queue
[2023-02-27T19:58:28.248+0000] {logging_mixin.py:137} INFO - [2023-02-27T19:58:28.248+0000] {dagbag.py:538} INFO - Filling up the DagBag from /home/airflow/.local/lib/python3.7/site-packages/airflow/example_dags/example_sla_dag.py
[2023-02-27T19:58:28.294+0000] {processor.py:753} INFO - DAG(s) dict_keys(['example_sla_dag']) retrieved from /home/airflow/.local/lib/python3.7/site-packages/airflow/example_dags/example_sla_dag.py
[2023-02-27T19:58:28.352+0000] {logging_mixin.py:137} INFO - [2023-02-27T19:58:28.352+0000] {dag.py:2690} INFO - Sync 1 DAGs
[2023-02-27T19:58:28.393+0000] {logging_mixin.py:137} INFO - [2023-02-27T19:58:28.392+0000] {dag.py:3441} INFO - Setting next_dagrun for example_sla_dag to 2023-02-27T19:56:00+00:00, run_after=2023-02-27T19:58:00+00:00
[2023-02-27T19:58:28.415+0000] {processor.py:175} INFO - Processing /home/airflow/.local/lib/python3.7/site-packages/airflow/example_dags/example_sla_dag.py took 0.202 seconds
[2023-02-27T19:58:58.443+0000] {processor.py:153} INFO - Started process (PID=927) to work on /home/airflow/.local/lib/python3.7/site-packages/airflow/example_dags/example_sla_dag.py
[2023-02-27T19:58:58.444+0000] {processor.py:743} INFO - Processing file /home/airflow/.local/lib/python3.7/site-packages/airflow/example_dags/example_sla_dag.py for tasks to queue
[2023-02-27T19:58:58.444+0000] {logging_mixin.py:137} INFO - [2023-02-27T19:58:58.444+0000] {dagbag.py:538} INFO - Filling up the DagBag from /home/airflow/.local/lib/python3.7/site-packages/airflow/example_dags/example_sla_dag.py
[2023-02-27T19:58:58.469+0000] {processor.py:753} INFO - DAG(s) dict_keys(['example_sla_dag']) retrieved from /home/airflow/.local/lib/python3.7/site-packages/airflow/example_dags/example_sla_dag.py
[2023-02-27T19:58:58.495+0000] {logging_mixin.py:137} INFO - [2023-02-27T19:58:58.495+0000] {dag.py:2690} INFO - Sync 1 DAGs
[2023-02-27T19:58:58.523+0000] {logging_mixin.py:137} INFO - [2023-02-27T19:58:58.523+0000] {dag.py:3441} INFO - Setting next_dagrun for example_sla_dag to 2023-02-27T19:56:00+00:00, run_after=2023-02-27T19:58:00+00:00
[2023-02-27T19:58:58.545+0000] {processor.py:175} INFO - Processing /home/airflow/.local/lib/python3.7/site-packages/airflow/example_dags/example_sla_dag.py took 0.105 seconds
[2023-02-27T19:59:28.818+0000] {processor.py:153} INFO - Started process (PID=994) to work on /home/airflow/.local/lib/python3.7/site-packages/airflow/example_dags/example_sla_dag.py
[2023-02-27T19:59:28.820+0000] {processor.py:743} INFO - Processing file /home/airflow/.local/lib/python3.7/site-packages/airflow/example_dags/example_sla_dag.py for tasks to queue
[2023-02-27T19:59:28.821+0000] {logging_mixin.py:137} INFO - [2023-02-27T19:59:28.821+0000] {dagbag.py:538} INFO - Filling up the DagBag from /home/airflow/.local/lib/python3.7/site-packages/airflow/example_dags/example_sla_dag.py
[2023-02-27T19:59:28.845+0000] {processor.py:753} INFO - DAG(s) dict_keys(['example_sla_dag']) retrieved from /home/airflow/.local/lib/python3.7/site-packages/airflow/example_dags/example_sla_dag.py
[2023-02-27T19:59:28.873+0000] {logging_mixin.py:137} INFO - [2023-02-27T19:59:28.873+0000] {dag.py:2690} INFO - Sync 1 DAGs
[2023-02-27T19:59:28.910+0000] {logging_mixin.py:137} INFO - [2023-02-27T19:59:28.910+0000] {dag.py:3441} INFO - Setting next_dagrun for example_sla_dag to 2023-02-27T19:56:00+00:00, run_after=2023-02-27T19:58:00+00:00
[2023-02-27T19:59:28.933+0000] {processor.py:175} INFO - Processing /home/airflow/.local/lib/python3.7/site-packages/airflow/example_dags/example_sla_dag.py took 0.120 seconds
[2023-02-27T19:59:59.205+0000] {processor.py:153} INFO - Started process (PID=1076) to work on /home/airflow/.local/lib/python3.7/site-packages/airflow/example_dags/example_sla_dag.py
[2023-02-27T19:59:59.206+0000] {processor.py:743} INFO - Processing file /home/airflow/.local/lib/python3.7/site-packages/airflow/example_dags/example_sla_dag.py for tasks to queue
[2023-02-27T19:59:59.207+0000] {logging_mixin.py:137} INFO - [2023-02-27T19:59:59.207+0000] {dagbag.py:538} INFO - Filling up the DagBag from /home/airflow/.local/lib/python3.7/site-packages/airflow/example_dags/example_sla_dag.py
[2023-02-27T19:59:59.232+0000] {processor.py:753} INFO - DAG(s) dict_keys(['example_sla_dag']) retrieved from /home/airflow/.local/lib/python3.7/site-packages/airflow/example_dags/example_sla_dag.py
[2023-02-27T19:59:59.262+0000] {logging_mixin.py:137} INFO - [2023-02-27T19:59:59.262+0000] {dag.py:2690} INFO - Sync 1 DAGs
[2023-02-27T19:59:59.293+0000] {logging_mixin.py:137} INFO - [2023-02-27T19:59:59.293+0000] {dag.py:3441} INFO - Setting next_dagrun for example_sla_dag to 2023-02-27T19:56:00+00:00, run_after=2023-02-27T19:58:00+00:00
[2023-02-27T19:59:59.314+0000] {processor.py:175} INFO - Processing /home/airflow/.local/lib/python3.7/site-packages/airflow/example_dags/example_sla_dag.py took 0.113 seconds
[2023-02-27T20:00:29.357+0000] {processor.py:153} INFO - Started process (PID=1144) to work on /home/airflow/.local/lib/python3.7/site-packages/airflow/example_dags/example_sla_dag.py
[2023-02-27T20:00:29.358+0000] {processor.py:743} INFO - Processing file /home/airflow/.local/lib/python3.7/site-packages/airflow/example_dags/example_sla_dag.py for tasks to queue
[2023-02-27T20:00:29.359+0000] {logging_mixin.py:137} INFO - [2023-02-27T20:00:29.358+0000] {dagbag.py:538} INFO - Filling up the DagBag from /home/airflow/.local/lib/python3.7/site-packages/airflow/example_dags/example_sla_dag.py
[2023-02-27T20:00:29.390+0000] {processor.py:753} INFO - DAG(s) dict_keys(['example_sla_dag']) retrieved from /home/airflow/.local/lib/python3.7/site-packages/airflow/example_dags/example_sla_dag.py
[2023-02-27T20:00:29.419+0000] {logging_mixin.py:137} INFO - [2023-02-27T20:00:29.419+0000] {dag.py:2690} INFO - Sync 1 DAGs
[2023-02-27T20:00:29.451+0000] {logging_mixin.py:137} INFO - [2023-02-27T20:00:29.451+0000] {dag.py:3441} INFO - Setting next_dagrun for example_sla_dag to 2023-02-27T19:58:00+00:00, run_after=2023-02-27T20:00:00+00:00
[2023-02-27T20:00:29.476+0000] {processor.py:175} INFO - Processing /home/airflow/.local/lib/python3.7/site-packages/airflow/example_dags/example_sla_dag.py took 0.122 seconds
[2023-02-27T20:01:00.499+0000] {processor.py:153} INFO - Started process (PID=1211) to work on /home/airflow/.local/lib/python3.7/site-packages/airflow/example_dags/example_sla_dag.py
[2023-02-27T20:01:00.500+0000] {processor.py:743} INFO - Processing file /home/airflow/.local/lib/python3.7/site-packages/airflow/example_dags/example_sla_dag.py for tasks to queue
[2023-02-27T20:01:00.501+0000] {logging_mixin.py:137} INFO - [2023-02-27T20:01:00.501+0000] {dagbag.py:538} INFO - Filling up the DagBag from /home/airflow/.local/lib/python3.7/site-packages/airflow/example_dags/example_sla_dag.py
[2023-02-27T20:01:00.570+0000] {processor.py:753} INFO - DAG(s) dict_keys(['example_sla_dag']) retrieved from /home/airflow/.local/lib/python3.7/site-packages/airflow/example_dags/example_sla_dag.py
[2023-02-27T20:01:00.658+0000] {logging_mixin.py:137} INFO - [2023-02-27T20:01:00.658+0000] {dag.py:2690} INFO - Sync 1 DAGs
[2023-02-27T20:01:00.752+0000] {logging_mixin.py:137} INFO - [2023-02-27T20:01:00.752+0000] {dag.py:3441} INFO - Setting next_dagrun for example_sla_dag to 2023-02-27T19:58:00+00:00, run_after=2023-02-27T20:00:00+00:00
[2023-02-27T20:01:00.804+0000] {processor.py:175} INFO - Processing /home/airflow/.local/lib/python3.7/site-packages/airflow/example_dags/example_sla_dag.py took 0.322 seconds
[2023-02-27T20:01:30.950+0000] {processor.py:153} INFO - Started process (PID=1293) to work on /home/airflow/.local/lib/python3.7/site-packages/airflow/example_dags/example_sla_dag.py
[2023-02-27T20:01:30.951+0000] {processor.py:743} INFO - Processing file /home/airflow/.local/lib/python3.7/site-packages/airflow/example_dags/example_sla_dag.py for tasks to queue
[2023-02-27T20:01:30.952+0000] {logging_mixin.py:137} INFO - [2023-02-27T20:01:30.951+0000] {dagbag.py:538} INFO - Filling up the DagBag from /home/airflow/.local/lib/python3.7/site-packages/airflow/example_dags/example_sla_dag.py
[2023-02-27T20:01:30.980+0000] {processor.py:753} INFO - DAG(s) dict_keys(['example_sla_dag']) retrieved from /home/airflow/.local/lib/python3.7/site-packages/airflow/example_dags/example_sla_dag.py
[2023-02-27T20:01:31.007+0000] {logging_mixin.py:137} INFO - [2023-02-27T20:01:31.007+0000] {dag.py:2690} INFO - Sync 1 DAGs
[2023-02-27T20:01:31.044+0000] {logging_mixin.py:137} INFO - [2023-02-27T20:01:31.044+0000] {dag.py:3441} INFO - Setting next_dagrun for example_sla_dag to 2023-02-27T19:58:00+00:00, run_after=2023-02-27T20:00:00+00:00
[2023-02-27T20:01:31.071+0000] {processor.py:175} INFO - Processing /home/airflow/.local/lib/python3.7/site-packages/airflow/example_dags/example_sla_dag.py took 0.124 seconds
[2023-02-27T20:02:02.043+0000] {processor.py:153} INFO - Started process (PID=1361) to work on /home/airflow/.local/lib/python3.7/site-packages/airflow/example_dags/example_sla_dag.py
[2023-02-27T20:02:02.044+0000] {processor.py:743} INFO - Processing file /home/airflow/.local/lib/python3.7/site-packages/airflow/example_dags/example_sla_dag.py for tasks to queue
[2023-02-27T20:02:02.045+0000] {logging_mixin.py:137} INFO - [2023-02-27T20:02:02.044+0000] {dagbag.py:538} INFO - Filling up the DagBag from /home/airflow/.local/lib/python3.7/site-packages/airflow/example_dags/example_sla_dag.py
[2023-02-27T20:02:02.069+0000] {processor.py:753} INFO - DAG(s) dict_keys(['example_sla_dag']) retrieved from /home/airflow/.local/lib/python3.7/site-packages/airflow/example_dags/example_sla_dag.py
[2023-02-27T20:02:02.097+0000] {logging_mixin.py:137} INFO - [2023-02-27T20:02:02.097+0000] {dag.py:2690} INFO - Sync 1 DAGs
[2023-02-27T20:02:02.130+0000] {logging_mixin.py:137} INFO - [2023-02-27T20:02:02.129+0000] {dag.py:3441} INFO - Setting next_dagrun for example_sla_dag to 2023-02-27T20:00:00+00:00, run_after=2023-02-27T20:02:00+00:00
[2023-02-27T20:02:02.155+0000] {processor.py:175} INFO - Processing /home/airflow/.local/lib/python3.7/site-packages/airflow/example_dags/example_sla_dag.py took 0.115 seconds
[2023-02-27T20:02:33.114+0000] {processor.py:153} INFO - Started process (PID=1434) to work on /home/airflow/.local/lib/python3.7/site-packages/airflow/example_dags/example_sla_dag.py
[2023-02-27T20:02:33.115+0000] {processor.py:743} INFO - Processing file /home/airflow/.local/lib/python3.7/site-packages/airflow/example_dags/example_sla_dag.py for tasks to queue
[2023-02-27T20:02:33.116+0000] {logging_mixin.py:137} INFO - [2023-02-27T20:02:33.116+0000] {dagbag.py:538} INFO - Filling up the DagBag from /home/airflow/.local/lib/python3.7/site-packages/airflow/example_dags/example_sla_dag.py
[2023-02-27T20:02:33.178+0000] {processor.py:753} INFO - DAG(s) dict_keys(['example_sla_dag']) retrieved from /home/airflow/.local/lib/python3.7/site-packages/airflow/example_dags/example_sla_dag.py
[2023-02-27T20:02:33.252+0000] {logging_mixin.py:137} INFO - [2023-02-27T20:02:33.252+0000] {dag.py:2690} INFO - Sync 1 DAGs
[2023-02-27T20:02:33.322+0000] {logging_mixin.py:137} INFO - [2023-02-27T20:02:33.321+0000] {dag.py:3441} INFO - Setting next_dagrun for example_sla_dag to 2023-02-27T20:00:00+00:00, run_after=2023-02-27T20:02:00+00:00
[2023-02-27T20:02:33.373+0000] {processor.py:175} INFO - Processing /home/airflow/.local/lib/python3.7/site-packages/airflow/example_dags/example_sla_dag.py took 0.267 seconds
[2023-02-27T20:03:03.642+0000] {processor.py:153} INFO - Started process (PID=1511) to work on /home/airflow/.local/lib/python3.7/site-packages/airflow/example_dags/example_sla_dag.py
[2023-02-27T20:03:03.643+0000] {processor.py:743} INFO - Processing file /home/airflow/.local/lib/python3.7/site-packages/airflow/example_dags/example_sla_dag.py for tasks to queue
[2023-02-27T20:03:03.644+0000] {logging_mixin.py:137} INFO - [2023-02-27T20:03:03.644+0000] {dagbag.py:538} INFO - Filling up the DagBag from /home/airflow/.local/lib/python3.7/site-packages/airflow/example_dags/example_sla_dag.py
[2023-02-27T20:03:03.671+0000] {processor.py:753} INFO - DAG(s) dict_keys(['example_sla_dag']) retrieved from /home/airflow/.local/lib/python3.7/site-packages/airflow/example_dags/example_sla_dag.py
[2023-02-27T20:03:03.701+0000] {logging_mixin.py:137} INFO - [2023-02-27T20:03:03.700+0000] {dag.py:2690} INFO - Sync 1 DAGs
[2023-02-27T20:03:03.736+0000] {logging_mixin.py:137} INFO - [2023-02-27T20:03:03.736+0000] {dag.py:3441} INFO - Setting next_dagrun for example_sla_dag to 2023-02-27T20:00:00+00:00, run_after=2023-02-27T20:02:00+00:00
[2023-02-27T20:03:03.759+0000] {processor.py:175} INFO - Processing /home/airflow/.local/lib/python3.7/site-packages/airflow/example_dags/example_sla_dag.py took 0.119 seconds
[2023-02-27T20:03:34.087+0000] {processor.py:153} INFO - Started process (PID=1577) to work on /home/airflow/.local/lib/python3.7/site-packages/airflow/example_dags/example_sla_dag.py
[2023-02-27T20:03:34.088+0000] {processor.py:743} INFO - Processing file /home/airflow/.local/lib/python3.7/site-packages/airflow/example_dags/example_sla_dag.py for tasks to queue
[2023-02-27T20:03:34.089+0000] {logging_mixin.py:137} INFO - [2023-02-27T20:03:34.089+0000] {dagbag.py:538} INFO - Filling up the DagBag from /home/airflow/.local/lib/python3.7/site-packages/airflow/example_dags/example_sla_dag.py
[2023-02-27T20:03:34.116+0000] {processor.py:753} INFO - DAG(s) dict_keys(['example_sla_dag']) retrieved from /home/airflow/.local/lib/python3.7/site-packages/airflow/example_dags/example_sla_dag.py
[2023-02-27T20:03:34.143+0000] {logging_mixin.py:137} INFO - [2023-02-27T20:03:34.143+0000] {dag.py:2690} INFO - Sync 1 DAGs
[2023-02-27T20:03:34.181+0000] {logging_mixin.py:137} INFO - [2023-02-27T20:03:34.180+0000] {dag.py:3441} INFO - Setting next_dagrun for example_sla_dag to 2023-02-27T20:00:00+00:00, run_after=2023-02-27T20:02:00+00:00
[2023-02-27T20:03:34.213+0000] {processor.py:175} INFO - Processing /home/airflow/.local/lib/python3.7/site-packages/airflow/example_dags/example_sla_dag.py took 0.130 seconds
[2023-02-27T20:04:04.641+0000] {processor.py:153} INFO - Started process (PID=1655) to work on /home/airflow/.local/lib/python3.7/site-packages/airflow/example_dags/example_sla_dag.py
[2023-02-27T20:04:04.643+0000] {processor.py:743} INFO - Processing file /home/airflow/.local/lib/python3.7/site-packages/airflow/example_dags/example_sla_dag.py for tasks to queue
[2023-02-27T20:04:04.644+0000] {logging_mixin.py:137} INFO - [2023-02-27T20:04:04.643+0000] {dagbag.py:538} INFO - Filling up the DagBag from /home/airflow/.local/lib/python3.7/site-packages/airflow/example_dags/example_sla_dag.py
[2023-02-27T20:04:04.720+0000] {processor.py:753} INFO - DAG(s) dict_keys(['example_sla_dag']) retrieved from /home/airflow/.local/lib/python3.7/site-packages/airflow/example_dags/example_sla_dag.py
[2023-02-27T20:04:04.802+0000] {logging_mixin.py:137} INFO - [2023-02-27T20:04:04.802+0000] {dag.py:2690} INFO - Sync 1 DAGs
[2023-02-27T20:04:04.911+0000] {logging_mixin.py:137} INFO - [2023-02-27T20:04:04.911+0000] {dag.py:3441} INFO - Setting next_dagrun for example_sla_dag to 2023-02-27T20:02:00+00:00, run_after=2023-02-27T20:04:00+00:00
[2023-02-27T20:04:04.965+0000] {processor.py:175} INFO - Processing /home/airflow/.local/lib/python3.7/site-packages/airflow/example_dags/example_sla_dag.py took 0.327 seconds
[2023-02-27T20:04:35.767+0000] {processor.py:153} INFO - Started process (PID=1730) to work on /home/airflow/.local/lib/python3.7/site-packages/airflow/example_dags/example_sla_dag.py
[2023-02-27T20:04:35.768+0000] {processor.py:743} INFO - Processing file /home/airflow/.local/lib/python3.7/site-packages/airflow/example_dags/example_sla_dag.py for tasks to queue
[2023-02-27T20:04:35.768+0000] {logging_mixin.py:137} INFO - [2023-02-27T20:04:35.768+0000] {dagbag.py:538} INFO - Filling up the DagBag from /home/airflow/.local/lib/python3.7/site-packages/airflow/example_dags/example_sla_dag.py
[2023-02-27T20:04:35.793+0000] {processor.py:753} INFO - DAG(s) dict_keys(['example_sla_dag']) retrieved from /home/airflow/.local/lib/python3.7/site-packages/airflow/example_dags/example_sla_dag.py
[2023-02-27T20:04:35.824+0000] {logging_mixin.py:137} INFO - [2023-02-27T20:04:35.824+0000] {dag.py:2690} INFO - Sync 1 DAGs
[2023-02-27T20:04:35.855+0000] {logging_mixin.py:137} INFO - [2023-02-27T20:04:35.855+0000] {dag.py:3441} INFO - Setting next_dagrun for example_sla_dag to 2023-02-27T20:02:00+00:00, run_after=2023-02-27T20:04:00+00:00
[2023-02-27T20:04:35.879+0000] {processor.py:175} INFO - Processing /home/airflow/.local/lib/python3.7/site-packages/airflow/example_dags/example_sla_dag.py took 0.115 seconds
[2023-02-27T20:05:06.439+0000] {processor.py:153} INFO - Started process (PID=1798) to work on /home/airflow/.local/lib/python3.7/site-packages/airflow/example_dags/example_sla_dag.py
[2023-02-27T20:05:06.442+0000] {processor.py:743} INFO - Processing file /home/airflow/.local/lib/python3.7/site-packages/airflow/example_dags/example_sla_dag.py for tasks to queue
[2023-02-27T20:05:06.444+0000] {logging_mixin.py:137} INFO - [2023-02-27T20:05:06.444+0000] {dagbag.py:538} INFO - Filling up the DagBag from /home/airflow/.local/lib/python3.7/site-packages/airflow/example_dags/example_sla_dag.py
[2023-02-27T20:05:06.488+0000] {processor.py:753} INFO - DAG(s) dict_keys(['example_sla_dag']) retrieved from /home/airflow/.local/lib/python3.7/site-packages/airflow/example_dags/example_sla_dag.py
[2023-02-27T20:05:06.549+0000] {logging_mixin.py:137} INFO - [2023-02-27T20:05:06.549+0000] {dag.py:2690} INFO - Sync 1 DAGs
[2023-02-27T20:05:06.608+0000] {logging_mixin.py:137} INFO - [2023-02-27T20:05:06.606+0000] {dag.py:3441} INFO - Setting next_dagrun for example_sla_dag to 2023-02-27T20:02:00+00:00, run_after=2023-02-27T20:04:00+00:00
[2023-02-27T20:05:06.642+0000] {processor.py:175} INFO - Processing /home/airflow/.local/lib/python3.7/site-packages/airflow/example_dags/example_sla_dag.py took 0.209 seconds
[2023-02-27T20:05:37.118+0000] {processor.py:153} INFO - Started process (PID=1868) to work on /home/airflow/.local/lib/python3.7/site-packages/airflow/example_dags/example_sla_dag.py
[2023-02-27T20:05:37.119+0000] {processor.py:743} INFO - Processing file /home/airflow/.local/lib/python3.7/site-packages/airflow/example_dags/example_sla_dag.py for tasks to queue
[2023-02-27T20:05:37.120+0000] {logging_mixin.py:137} INFO - [2023-02-27T20:05:37.119+0000] {dagbag.py:538} INFO - Filling up the DagBag from /home/airflow/.local/lib/python3.7/site-packages/airflow/example_dags/example_sla_dag.py
[2023-02-27T20:05:37.151+0000] {processor.py:753} INFO - DAG(s) dict_keys(['example_sla_dag']) retrieved from /home/airflow/.local/lib/python3.7/site-packages/airflow/example_dags/example_sla_dag.py
[2023-02-27T20:05:37.176+0000] {logging_mixin.py:137} INFO - [2023-02-27T20:05:37.175+0000] {dag.py:2690} INFO - Sync 1 DAGs
[2023-02-27T20:05:37.207+0000] {logging_mixin.py:137} INFO - [2023-02-27T20:05:37.207+0000] {dag.py:3441} INFO - Setting next_dagrun for example_sla_dag to 2023-02-27T20:02:00+00:00, run_after=2023-02-27T20:04:00+00:00
[2023-02-27T20:05:37.228+0000] {processor.py:175} INFO - Processing /home/airflow/.local/lib/python3.7/site-packages/airflow/example_dags/example_sla_dag.py took 0.114 seconds
[2023-02-27T20:06:07.451+0000] {processor.py:153} INFO - Started process (PID=1936) to work on /home/airflow/.local/lib/python3.7/site-packages/airflow/example_dags/example_sla_dag.py
[2023-02-27T20:06:07.452+0000] {processor.py:743} INFO - Processing file /home/airflow/.local/lib/python3.7/site-packages/airflow/example_dags/example_sla_dag.py for tasks to queue
[2023-02-27T20:06:07.452+0000] {logging_mixin.py:137} INFO - [2023-02-27T20:06:07.452+0000] {dagbag.py:538} INFO - Filling up the DagBag from /home/airflow/.local/lib/python3.7/site-packages/airflow/example_dags/example_sla_dag.py
[2023-02-27T20:06:07.485+0000] {processor.py:753} INFO - DAG(s) dict_keys(['example_sla_dag']) retrieved from /home/airflow/.local/lib/python3.7/site-packages/airflow/example_dags/example_sla_dag.py
[2023-02-27T20:06:07.514+0000] {logging_mixin.py:137} INFO - [2023-02-27T20:06:07.514+0000] {dag.py:2690} INFO - Sync 1 DAGs
[2023-02-27T20:06:07.550+0000] {logging_mixin.py:137} INFO - [2023-02-27T20:06:07.550+0000] {dag.py:3441} INFO - Setting next_dagrun for example_sla_dag to 2023-02-27T20:04:00+00:00, run_after=2023-02-27T20:06:00+00:00
[2023-02-27T20:06:07.579+0000] {processor.py:175} INFO - Processing /home/airflow/.local/lib/python3.7/site-packages/airflow/example_dags/example_sla_dag.py took 0.132 seconds
[2023-02-27T20:06:38.299+0000] {processor.py:153} INFO - Started process (PID=2018) to work on /home/airflow/.local/lib/python3.7/site-packages/airflow/example_dags/example_sla_dag.py
[2023-02-27T20:06:38.303+0000] {processor.py:743} INFO - Processing file /home/airflow/.local/lib/python3.7/site-packages/airflow/example_dags/example_sla_dag.py for tasks to queue
[2023-02-27T20:06:38.304+0000] {logging_mixin.py:137} INFO - [2023-02-27T20:06:38.304+0000] {dagbag.py:538} INFO - Filling up the DagBag from /home/airflow/.local/lib/python3.7/site-packages/airflow/example_dags/example_sla_dag.py
[2023-02-27T20:06:38.391+0000] {processor.py:753} INFO - DAG(s) dict_keys(['example_sla_dag']) retrieved from /home/airflow/.local/lib/python3.7/site-packages/airflow/example_dags/example_sla_dag.py
[2023-02-27T20:06:38.439+0000] {logging_mixin.py:137} INFO - [2023-02-27T20:06:38.439+0000] {dag.py:2690} INFO - Sync 1 DAGs
[2023-02-27T20:06:38.491+0000] {logging_mixin.py:137} INFO - [2023-02-27T20:06:38.491+0000] {dag.py:3441} INFO - Setting next_dagrun for example_sla_dag to 2023-02-27T20:04:00+00:00, run_after=2023-02-27T20:06:00+00:00
[2023-02-27T20:06:38.533+0000] {processor.py:175} INFO - Processing /home/airflow/.local/lib/python3.7/site-packages/airflow/example_dags/example_sla_dag.py took 0.239 seconds
[2023-02-27T20:07:09.482+0000] {processor.py:153} INFO - Started process (PID=2090) to work on /home/airflow/.local/lib/python3.7/site-packages/airflow/example_dags/example_sla_dag.py
[2023-02-27T20:07:09.483+0000] {processor.py:743} INFO - Processing file /home/airflow/.local/lib/python3.7/site-packages/airflow/example_dags/example_sla_dag.py for tasks to queue
[2023-02-27T20:07:09.484+0000] {logging_mixin.py:137} INFO - [2023-02-27T20:07:09.483+0000] {dagbag.py:538} INFO - Filling up the DagBag from /home/airflow/.local/lib/python3.7/site-packages/airflow/example_dags/example_sla_dag.py
[2023-02-27T20:07:09.518+0000] {processor.py:753} INFO - DAG(s) dict_keys(['example_sla_dag']) retrieved from /home/airflow/.local/lib/python3.7/site-packages/airflow/example_dags/example_sla_dag.py
[2023-02-27T20:07:09.548+0000] {logging_mixin.py:137} INFO - [2023-02-27T20:07:09.547+0000] {dag.py:2690} INFO - Sync 1 DAGs
[2023-02-27T20:07:09.605+0000] {logging_mixin.py:137} INFO - [2023-02-27T20:07:09.605+0000] {dag.py:3441} INFO - Setting next_dagrun for example_sla_dag to 2023-02-27T20:04:00+00:00, run_after=2023-02-27T20:06:00+00:00
[2023-02-27T20:07:09.632+0000] {processor.py:175} INFO - Processing /home/airflow/.local/lib/python3.7/site-packages/airflow/example_dags/example_sla_dag.py took 0.154 seconds
[2023-02-27T20:07:39.932+0000] {processor.py:153} INFO - Started process (PID=2158) to work on /home/airflow/.local/lib/python3.7/site-packages/airflow/example_dags/example_sla_dag.py
[2023-02-27T20:07:39.934+0000] {processor.py:743} INFO - Processing file /home/airflow/.local/lib/python3.7/site-packages/airflow/example_dags/example_sla_dag.py for tasks to queue
[2023-02-27T20:07:39.936+0000] {logging_mixin.py:137} INFO - [2023-02-27T20:07:39.934+0000] {dagbag.py:538} INFO - Filling up the DagBag from /home/airflow/.local/lib/python3.7/site-packages/airflow/example_dags/example_sla_dag.py
[2023-02-27T20:07:39.983+0000] {processor.py:753} INFO - DAG(s) dict_keys(['example_sla_dag']) retrieved from /home/airflow/.local/lib/python3.7/site-packages/airflow/example_dags/example_sla_dag.py
[2023-02-27T20:07:40.028+0000] {logging_mixin.py:137} INFO - [2023-02-27T20:07:40.028+0000] {dag.py:2690} INFO - Sync 1 DAGs
[2023-02-27T20:07:40.088+0000] {logging_mixin.py:137} INFO - [2023-02-27T20:07:40.088+0000] {dag.py:3441} INFO - Setting next_dagrun for example_sla_dag to 2023-02-27T20:04:00+00:00, run_after=2023-02-27T20:06:00+00:00
[2023-02-27T20:07:40.173+0000] {processor.py:175} INFO - Processing /home/airflow/.local/lib/python3.7/site-packages/airflow/example_dags/example_sla_dag.py took 0.247 seconds
