[2023-02-27T19:12:32.375+0000] {processor.py:153} INFO - Started process (PID=64) to work on /home/airflow/.local/lib/python3.7/site-packages/airflow/example_dags/example_sensors.py
[2023-02-27T19:12:32.376+0000] {processor.py:743} INFO - Processing file /home/airflow/.local/lib/python3.7/site-packages/airflow/example_dags/example_sensors.py for tasks to queue
[2023-02-27T19:12:32.377+0000] {logging_mixin.py:137} INFO - [2023-02-27T19:12:32.377+0000] {dagbag.py:538} INFO - Filling up the DagBag from /home/airflow/.local/lib/python3.7/site-packages/airflow/example_dags/example_sensors.py
[2023-02-27T19:12:32.408+0000] {processor.py:753} INFO - DAG(s) dict_keys(['example_sensors']) retrieved from /home/airflow/.local/lib/python3.7/site-packages/airflow/example_dags/example_sensors.py
[2023-02-27T19:12:32.446+0000] {logging_mixin.py:137} INFO - [2023-02-27T19:12:32.446+0000] {dag.py:2690} INFO - Sync 1 DAGs
[2023-02-27T19:12:32.501+0000] {logging_mixin.py:137} INFO - [2023-02-27T19:12:32.501+0000] {dag.py:3441} INFO - Setting next_dagrun for example_sensors to None, run_after=None
[2023-02-27T19:12:32.545+0000] {processor.py:175} INFO - Processing /home/airflow/.local/lib/python3.7/site-packages/airflow/example_dags/example_sensors.py took 0.175 seconds
[2023-02-27T19:14:13.871+0000] {processor.py:153} INFO - Started process (PID=64) to work on /home/airflow/.local/lib/python3.7/site-packages/airflow/example_dags/example_sensors.py
[2023-02-27T19:14:13.873+0000] {processor.py:743} INFO - Processing file /home/airflow/.local/lib/python3.7/site-packages/airflow/example_dags/example_sensors.py for tasks to queue
[2023-02-27T19:14:13.874+0000] {logging_mixin.py:137} INFO - [2023-02-27T19:14:13.874+0000] {dagbag.py:538} INFO - Filling up the DagBag from /home/airflow/.local/lib/python3.7/site-packages/airflow/example_dags/example_sensors.py
[2023-02-27T19:14:13.913+0000] {processor.py:753} INFO - DAG(s) dict_keys(['example_sensors']) retrieved from /home/airflow/.local/lib/python3.7/site-packages/airflow/example_dags/example_sensors.py
[2023-02-27T19:14:14.124+0000] {logging_mixin.py:137} INFO - [2023-02-27T19:14:14.121+0000] {manager.py:504} INFO - Created Permission View: can delete on DAG:example_sensors
[2023-02-27T19:14:14.151+0000] {logging_mixin.py:137} INFO - [2023-02-27T19:14:14.151+0000] {manager.py:504} INFO - Created Permission View: can edit on DAG:example_sensors
[2023-02-27T19:14:14.162+0000] {logging_mixin.py:137} INFO - [2023-02-27T19:14:14.162+0000] {manager.py:504} INFO - Created Permission View: can read on DAG:example_sensors
[2023-02-27T19:14:14.162+0000] {logging_mixin.py:137} INFO - [2023-02-27T19:14:14.162+0000] {dag.py:2690} INFO - Sync 1 DAGs
[2023-02-27T19:14:14.202+0000] {logging_mixin.py:137} INFO - [2023-02-27T19:14:14.202+0000] {dag.py:2711} INFO - Creating ORM DAG for example_sensors
[2023-02-27T19:14:14.220+0000] {logging_mixin.py:137} INFO - [2023-02-27T19:14:14.220+0000] {dag.py:3441} INFO - Setting next_dagrun for example_sensors to None, run_after=None
[2023-02-27T19:14:14.263+0000] {processor.py:175} INFO - Processing /home/airflow/.local/lib/python3.7/site-packages/airflow/example_dags/example_sensors.py took 0.397 seconds
[2023-02-27T19:14:44.484+0000] {processor.py:153} INFO - Started process (PID=132) to work on /home/airflow/.local/lib/python3.7/site-packages/airflow/example_dags/example_sensors.py
[2023-02-27T19:14:44.486+0000] {processor.py:743} INFO - Processing file /home/airflow/.local/lib/python3.7/site-packages/airflow/example_dags/example_sensors.py for tasks to queue
[2023-02-27T19:14:44.487+0000] {logging_mixin.py:137} INFO - [2023-02-27T19:14:44.487+0000] {dagbag.py:538} INFO - Filling up the DagBag from /home/airflow/.local/lib/python3.7/site-packages/airflow/example_dags/example_sensors.py
[2023-02-27T19:14:44.516+0000] {processor.py:753} INFO - DAG(s) dict_keys(['example_sensors']) retrieved from /home/airflow/.local/lib/python3.7/site-packages/airflow/example_dags/example_sensors.py
[2023-02-27T19:14:44.560+0000] {logging_mixin.py:137} INFO - [2023-02-27T19:14:44.560+0000] {dag.py:2690} INFO - Sync 1 DAGs
[2023-02-27T19:14:44.623+0000] {logging_mixin.py:137} INFO - [2023-02-27T19:14:44.623+0000] {dag.py:3441} INFO - Setting next_dagrun for example_sensors to None, run_after=None
[2023-02-27T19:14:44.661+0000] {processor.py:175} INFO - Processing /home/airflow/.local/lib/python3.7/site-packages/airflow/example_dags/example_sensors.py took 0.187 seconds
[2023-02-27T19:15:15.470+0000] {processor.py:153} INFO - Started process (PID=200) to work on /home/airflow/.local/lib/python3.7/site-packages/airflow/example_dags/example_sensors.py
[2023-02-27T19:15:15.471+0000] {processor.py:743} INFO - Processing file /home/airflow/.local/lib/python3.7/site-packages/airflow/example_dags/example_sensors.py for tasks to queue
[2023-02-27T19:15:15.472+0000] {logging_mixin.py:137} INFO - [2023-02-27T19:15:15.472+0000] {dagbag.py:538} INFO - Filling up the DagBag from /home/airflow/.local/lib/python3.7/site-packages/airflow/example_dags/example_sensors.py
[2023-02-27T19:15:15.497+0000] {processor.py:753} INFO - DAG(s) dict_keys(['example_sensors']) retrieved from /home/airflow/.local/lib/python3.7/site-packages/airflow/example_dags/example_sensors.py
[2023-02-27T19:15:15.542+0000] {logging_mixin.py:137} INFO - [2023-02-27T19:15:15.542+0000] {dag.py:2690} INFO - Sync 1 DAGs
[2023-02-27T19:15:15.621+0000] {logging_mixin.py:137} INFO - [2023-02-27T19:15:15.621+0000] {dag.py:3441} INFO - Setting next_dagrun for example_sensors to None, run_after=None
[2023-02-27T19:15:15.675+0000] {processor.py:175} INFO - Processing /home/airflow/.local/lib/python3.7/site-packages/airflow/example_dags/example_sensors.py took 0.210 seconds
[2023-02-27T19:15:45.971+0000] {processor.py:153} INFO - Started process (PID=267) to work on /home/airflow/.local/lib/python3.7/site-packages/airflow/example_dags/example_sensors.py
[2023-02-27T19:15:45.972+0000] {processor.py:743} INFO - Processing file /home/airflow/.local/lib/python3.7/site-packages/airflow/example_dags/example_sensors.py for tasks to queue
[2023-02-27T19:15:45.974+0000] {logging_mixin.py:137} INFO - [2023-02-27T19:15:45.973+0000] {dagbag.py:538} INFO - Filling up the DagBag from /home/airflow/.local/lib/python3.7/site-packages/airflow/example_dags/example_sensors.py
[2023-02-27T19:15:46.027+0000] {processor.py:753} INFO - DAG(s) dict_keys(['example_sensors']) retrieved from /home/airflow/.local/lib/python3.7/site-packages/airflow/example_dags/example_sensors.py
[2023-02-27T19:15:46.182+0000] {logging_mixin.py:137} INFO - [2023-02-27T19:15:46.182+0000] {dag.py:2690} INFO - Sync 1 DAGs
[2023-02-27T19:15:46.275+0000] {logging_mixin.py:137} INFO - [2023-02-27T19:15:46.273+0000] {dag.py:3441} INFO - Setting next_dagrun for example_sensors to None, run_after=None
[2023-02-27T19:15:46.360+0000] {processor.py:175} INFO - Processing /home/airflow/.local/lib/python3.7/site-packages/airflow/example_dags/example_sensors.py took 0.402 seconds
[2023-02-27T19:16:16.407+0000] {processor.py:153} INFO - Started process (PID=344) to work on /home/airflow/.local/lib/python3.7/site-packages/airflow/example_dags/example_sensors.py
[2023-02-27T19:16:16.410+0000] {processor.py:743} INFO - Processing file /home/airflow/.local/lib/python3.7/site-packages/airflow/example_dags/example_sensors.py for tasks to queue
[2023-02-27T19:16:16.411+0000] {logging_mixin.py:137} INFO - [2023-02-27T19:16:16.411+0000] {dagbag.py:538} INFO - Filling up the DagBag from /home/airflow/.local/lib/python3.7/site-packages/airflow/example_dags/example_sensors.py
[2023-02-27T19:16:16.495+0000] {processor.py:753} INFO - DAG(s) dict_keys(['example_sensors']) retrieved from /home/airflow/.local/lib/python3.7/site-packages/airflow/example_dags/example_sensors.py
[2023-02-27T19:16:16.579+0000] {logging_mixin.py:137} INFO - [2023-02-27T19:16:16.579+0000] {dag.py:2690} INFO - Sync 1 DAGs
[2023-02-27T19:16:16.635+0000] {logging_mixin.py:137} INFO - [2023-02-27T19:16:16.635+0000] {dag.py:3441} INFO - Setting next_dagrun for example_sensors to None, run_after=None
[2023-02-27T19:16:16.673+0000] {processor.py:175} INFO - Processing /home/airflow/.local/lib/python3.7/site-packages/airflow/example_dags/example_sensors.py took 0.279 seconds
[2023-02-27T19:16:47.109+0000] {processor.py:153} INFO - Started process (PID=416) to work on /home/airflow/.local/lib/python3.7/site-packages/airflow/example_dags/example_sensors.py
[2023-02-27T19:16:47.111+0000] {processor.py:743} INFO - Processing file /home/airflow/.local/lib/python3.7/site-packages/airflow/example_dags/example_sensors.py for tasks to queue
[2023-02-27T19:16:47.112+0000] {logging_mixin.py:137} INFO - [2023-02-27T19:16:47.112+0000] {dagbag.py:538} INFO - Filling up the DagBag from /home/airflow/.local/lib/python3.7/site-packages/airflow/example_dags/example_sensors.py
[2023-02-27T19:16:47.177+0000] {processor.py:753} INFO - DAG(s) dict_keys(['example_sensors']) retrieved from /home/airflow/.local/lib/python3.7/site-packages/airflow/example_dags/example_sensors.py
[2023-02-27T19:16:47.232+0000] {logging_mixin.py:137} INFO - [2023-02-27T19:16:47.232+0000] {dag.py:2690} INFO - Sync 1 DAGs
[2023-02-27T19:16:47.309+0000] {logging_mixin.py:137} INFO - [2023-02-27T19:16:47.309+0000] {dag.py:3441} INFO - Setting next_dagrun for example_sensors to None, run_after=None
[2023-02-27T19:16:47.357+0000] {processor.py:175} INFO - Processing /home/airflow/.local/lib/python3.7/site-packages/airflow/example_dags/example_sensors.py took 0.262 seconds
[2023-02-27T19:17:18.191+0000] {processor.py:153} INFO - Started process (PID=484) to work on /home/airflow/.local/lib/python3.7/site-packages/airflow/example_dags/example_sensors.py
[2023-02-27T19:17:18.201+0000] {processor.py:743} INFO - Processing file /home/airflow/.local/lib/python3.7/site-packages/airflow/example_dags/example_sensors.py for tasks to queue
[2023-02-27T19:17:18.202+0000] {logging_mixin.py:137} INFO - [2023-02-27T19:17:18.202+0000] {dagbag.py:538} INFO - Filling up the DagBag from /home/airflow/.local/lib/python3.7/site-packages/airflow/example_dags/example_sensors.py
[2023-02-27T19:17:18.221+0000] {processor.py:753} INFO - DAG(s) dict_keys(['example_sensors']) retrieved from /home/airflow/.local/lib/python3.7/site-packages/airflow/example_dags/example_sensors.py
[2023-02-27T19:17:18.255+0000] {logging_mixin.py:137} INFO - [2023-02-27T19:17:18.255+0000] {dag.py:2690} INFO - Sync 1 DAGs
[2023-02-27T19:17:18.287+0000] {logging_mixin.py:137} INFO - [2023-02-27T19:17:18.287+0000] {dag.py:3441} INFO - Setting next_dagrun for example_sensors to None, run_after=None
[2023-02-27T19:17:18.316+0000] {processor.py:175} INFO - Processing /home/airflow/.local/lib/python3.7/site-packages/airflow/example_dags/example_sensors.py took 0.128 seconds
[2023-02-27T19:17:48.663+0000] {processor.py:153} INFO - Started process (PID=566) to work on /home/airflow/.local/lib/python3.7/site-packages/airflow/example_dags/example_sensors.py
[2023-02-27T19:17:48.665+0000] {processor.py:743} INFO - Processing file /home/airflow/.local/lib/python3.7/site-packages/airflow/example_dags/example_sensors.py for tasks to queue
[2023-02-27T19:17:48.666+0000] {logging_mixin.py:137} INFO - [2023-02-27T19:17:48.666+0000] {dagbag.py:538} INFO - Filling up the DagBag from /home/airflow/.local/lib/python3.7/site-packages/airflow/example_dags/example_sensors.py
[2023-02-27T19:17:48.748+0000] {processor.py:753} INFO - DAG(s) dict_keys(['example_sensors']) retrieved from /home/airflow/.local/lib/python3.7/site-packages/airflow/example_dags/example_sensors.py
[2023-02-27T19:17:48.867+0000] {logging_mixin.py:137} INFO - [2023-02-27T19:17:48.866+0000] {dag.py:2690} INFO - Sync 1 DAGs
[2023-02-27T19:17:48.937+0000] {logging_mixin.py:137} INFO - [2023-02-27T19:17:48.937+0000] {dag.py:3441} INFO - Setting next_dagrun for example_sensors to None, run_after=None
[2023-02-27T19:17:48.989+0000] {processor.py:175} INFO - Processing /home/airflow/.local/lib/python3.7/site-packages/airflow/example_dags/example_sensors.py took 0.333 seconds
[2023-02-27T19:18:19.325+0000] {processor.py:153} INFO - Started process (PID=633) to work on /home/airflow/.local/lib/python3.7/site-packages/airflow/example_dags/example_sensors.py
[2023-02-27T19:18:19.326+0000] {processor.py:743} INFO - Processing file /home/airflow/.local/lib/python3.7/site-packages/airflow/example_dags/example_sensors.py for tasks to queue
[2023-02-27T19:18:19.326+0000] {logging_mixin.py:137} INFO - [2023-02-27T19:18:19.326+0000] {dagbag.py:538} INFO - Filling up the DagBag from /home/airflow/.local/lib/python3.7/site-packages/airflow/example_dags/example_sensors.py
[2023-02-27T19:18:19.355+0000] {processor.py:753} INFO - DAG(s) dict_keys(['example_sensors']) retrieved from /home/airflow/.local/lib/python3.7/site-packages/airflow/example_dags/example_sensors.py
[2023-02-27T19:18:19.389+0000] {logging_mixin.py:137} INFO - [2023-02-27T19:18:19.389+0000] {dag.py:2690} INFO - Sync 1 DAGs
[2023-02-27T19:18:19.424+0000] {logging_mixin.py:137} INFO - [2023-02-27T19:18:19.423+0000] {dag.py:3441} INFO - Setting next_dagrun for example_sensors to None, run_after=None
[2023-02-27T19:18:19.452+0000] {processor.py:175} INFO - Processing /home/airflow/.local/lib/python3.7/site-packages/airflow/example_dags/example_sensors.py took 0.131 seconds
[2023-02-27T19:18:49.794+0000] {processor.py:153} INFO - Started process (PID=701) to work on /home/airflow/.local/lib/python3.7/site-packages/airflow/example_dags/example_sensors.py
[2023-02-27T19:18:49.795+0000] {processor.py:743} INFO - Processing file /home/airflow/.local/lib/python3.7/site-packages/airflow/example_dags/example_sensors.py for tasks to queue
[2023-02-27T19:18:49.796+0000] {logging_mixin.py:137} INFO - [2023-02-27T19:18:49.796+0000] {dagbag.py:538} INFO - Filling up the DagBag from /home/airflow/.local/lib/python3.7/site-packages/airflow/example_dags/example_sensors.py
[2023-02-27T19:18:49.831+0000] {processor.py:753} INFO - DAG(s) dict_keys(['example_sensors']) retrieved from /home/airflow/.local/lib/python3.7/site-packages/airflow/example_dags/example_sensors.py
[2023-02-27T19:18:49.886+0000] {logging_mixin.py:137} INFO - [2023-02-27T19:18:49.885+0000] {dag.py:2690} INFO - Sync 1 DAGs
[2023-02-27T19:18:49.936+0000] {logging_mixin.py:137} INFO - [2023-02-27T19:18:49.936+0000] {dag.py:3441} INFO - Setting next_dagrun for example_sensors to None, run_after=None
[2023-02-27T19:18:49.969+0000] {processor.py:175} INFO - Processing /home/airflow/.local/lib/python3.7/site-packages/airflow/example_dags/example_sensors.py took 0.179 seconds
[2023-02-27T19:19:20.592+0000] {processor.py:153} INFO - Started process (PID=768) to work on /home/airflow/.local/lib/python3.7/site-packages/airflow/example_dags/example_sensors.py
[2023-02-27T19:19:20.594+0000] {processor.py:743} INFO - Processing file /home/airflow/.local/lib/python3.7/site-packages/airflow/example_dags/example_sensors.py for tasks to queue
[2023-02-27T19:19:20.595+0000] {logging_mixin.py:137} INFO - [2023-02-27T19:19:20.595+0000] {dagbag.py:538} INFO - Filling up the DagBag from /home/airflow/.local/lib/python3.7/site-packages/airflow/example_dags/example_sensors.py
[2023-02-27T19:19:20.625+0000] {processor.py:753} INFO - DAG(s) dict_keys(['example_sensors']) retrieved from /home/airflow/.local/lib/python3.7/site-packages/airflow/example_dags/example_sensors.py
[2023-02-27T19:19:20.669+0000] {logging_mixin.py:137} INFO - [2023-02-27T19:19:20.668+0000] {dag.py:2690} INFO - Sync 1 DAGs
[2023-02-27T19:19:20.702+0000] {logging_mixin.py:137} INFO - [2023-02-27T19:19:20.701+0000] {dag.py:3441} INFO - Setting next_dagrun for example_sensors to None, run_after=None
[2023-02-27T19:19:20.732+0000] {processor.py:175} INFO - Processing /home/airflow/.local/lib/python3.7/site-packages/airflow/example_dags/example_sensors.py took 0.144 seconds
[2023-02-27T19:19:51.169+0000] {processor.py:153} INFO - Started process (PID=835) to work on /home/airflow/.local/lib/python3.7/site-packages/airflow/example_dags/example_sensors.py
[2023-02-27T19:19:51.170+0000] {processor.py:743} INFO - Processing file /home/airflow/.local/lib/python3.7/site-packages/airflow/example_dags/example_sensors.py for tasks to queue
[2023-02-27T19:19:51.171+0000] {logging_mixin.py:137} INFO - [2023-02-27T19:19:51.171+0000] {dagbag.py:538} INFO - Filling up the DagBag from /home/airflow/.local/lib/python3.7/site-packages/airflow/example_dags/example_sensors.py
[2023-02-27T19:19:51.239+0000] {processor.py:753} INFO - DAG(s) dict_keys(['example_sensors']) retrieved from /home/airflow/.local/lib/python3.7/site-packages/airflow/example_dags/example_sensors.py
[2023-02-27T19:19:51.319+0000] {logging_mixin.py:137} INFO - [2023-02-27T19:19:51.318+0000] {dag.py:2690} INFO - Sync 1 DAGs
[2023-02-27T19:19:51.387+0000] {logging_mixin.py:137} INFO - [2023-02-27T19:19:51.387+0000] {dag.py:3441} INFO - Setting next_dagrun for example_sensors to None, run_after=None
[2023-02-27T19:19:51.438+0000] {processor.py:175} INFO - Processing /home/airflow/.local/lib/python3.7/site-packages/airflow/example_dags/example_sensors.py took 0.284 seconds
[2023-02-27T19:20:22.152+0000] {processor.py:153} INFO - Started process (PID=916) to work on /home/airflow/.local/lib/python3.7/site-packages/airflow/example_dags/example_sensors.py
[2023-02-27T19:20:22.154+0000] {processor.py:743} INFO - Processing file /home/airflow/.local/lib/python3.7/site-packages/airflow/example_dags/example_sensors.py for tasks to queue
[2023-02-27T19:20:22.157+0000] {logging_mixin.py:137} INFO - [2023-02-27T19:20:22.156+0000] {dagbag.py:538} INFO - Filling up the DagBag from /home/airflow/.local/lib/python3.7/site-packages/airflow/example_dags/example_sensors.py
[2023-02-27T19:20:22.179+0000] {processor.py:753} INFO - DAG(s) dict_keys(['example_sensors']) retrieved from /home/airflow/.local/lib/python3.7/site-packages/airflow/example_dags/example_sensors.py
[2023-02-27T19:20:22.214+0000] {logging_mixin.py:137} INFO - [2023-02-27T19:20:22.214+0000] {dag.py:2690} INFO - Sync 1 DAGs
[2023-02-27T19:20:22.247+0000] {logging_mixin.py:137} INFO - [2023-02-27T19:20:22.247+0000] {dag.py:3441} INFO - Setting next_dagrun for example_sensors to None, run_after=None
[2023-02-27T19:20:22.284+0000] {processor.py:175} INFO - Processing /home/airflow/.local/lib/python3.7/site-packages/airflow/example_dags/example_sensors.py took 0.135 seconds
[2023-02-27T19:20:52.552+0000] {processor.py:153} INFO - Started process (PID=984) to work on /home/airflow/.local/lib/python3.7/site-packages/airflow/example_dags/example_sensors.py
[2023-02-27T19:20:52.553+0000] {processor.py:743} INFO - Processing file /home/airflow/.local/lib/python3.7/site-packages/airflow/example_dags/example_sensors.py for tasks to queue
[2023-02-27T19:20:52.554+0000] {logging_mixin.py:137} INFO - [2023-02-27T19:20:52.553+0000] {dagbag.py:538} INFO - Filling up the DagBag from /home/airflow/.local/lib/python3.7/site-packages/airflow/example_dags/example_sensors.py
[2023-02-27T19:20:52.587+0000] {processor.py:753} INFO - DAG(s) dict_keys(['example_sensors']) retrieved from /home/airflow/.local/lib/python3.7/site-packages/airflow/example_dags/example_sensors.py
[2023-02-27T19:20:52.628+0000] {logging_mixin.py:137} INFO - [2023-02-27T19:20:52.627+0000] {dag.py:2690} INFO - Sync 1 DAGs
[2023-02-27T19:20:52.692+0000] {logging_mixin.py:137} INFO - [2023-02-27T19:20:52.692+0000] {dag.py:3441} INFO - Setting next_dagrun for example_sensors to None, run_after=None
[2023-02-27T19:20:52.729+0000] {processor.py:175} INFO - Processing /home/airflow/.local/lib/python3.7/site-packages/airflow/example_dags/example_sensors.py took 0.180 seconds
[2023-02-27T19:21:22.899+0000] {processor.py:153} INFO - Started process (PID=1051) to work on /home/airflow/.local/lib/python3.7/site-packages/airflow/example_dags/example_sensors.py
[2023-02-27T19:21:22.903+0000] {processor.py:743} INFO - Processing file /home/airflow/.local/lib/python3.7/site-packages/airflow/example_dags/example_sensors.py for tasks to queue
[2023-02-27T19:21:22.907+0000] {logging_mixin.py:137} INFO - [2023-02-27T19:21:22.905+0000] {dagbag.py:538} INFO - Filling up the DagBag from /home/airflow/.local/lib/python3.7/site-packages/airflow/example_dags/example_sensors.py
[2023-02-27T19:21:22.939+0000] {processor.py:753} INFO - DAG(s) dict_keys(['example_sensors']) retrieved from /home/airflow/.local/lib/python3.7/site-packages/airflow/example_dags/example_sensors.py
[2023-02-27T19:21:23.019+0000] {logging_mixin.py:137} INFO - [2023-02-27T19:21:23.019+0000] {dag.py:2690} INFO - Sync 1 DAGs
[2023-02-27T19:21:23.090+0000] {logging_mixin.py:137} INFO - [2023-02-27T19:21:23.090+0000] {dag.py:3441} INFO - Setting next_dagrun for example_sensors to None, run_after=None
[2023-02-27T19:21:23.192+0000] {processor.py:175} INFO - Processing /home/airflow/.local/lib/python3.7/site-packages/airflow/example_dags/example_sensors.py took 0.296 seconds
[2023-02-27T19:21:53.298+0000] {processor.py:153} INFO - Started process (PID=1132) to work on /home/airflow/.local/lib/python3.7/site-packages/airflow/example_dags/example_sensors.py
[2023-02-27T19:21:53.299+0000] {processor.py:743} INFO - Processing file /home/airflow/.local/lib/python3.7/site-packages/airflow/example_dags/example_sensors.py for tasks to queue
[2023-02-27T19:21:53.300+0000] {logging_mixin.py:137} INFO - [2023-02-27T19:21:53.299+0000] {dagbag.py:538} INFO - Filling up the DagBag from /home/airflow/.local/lib/python3.7/site-packages/airflow/example_dags/example_sensors.py
[2023-02-27T19:21:53.330+0000] {processor.py:753} INFO - DAG(s) dict_keys(['example_sensors']) retrieved from /home/airflow/.local/lib/python3.7/site-packages/airflow/example_dags/example_sensors.py
[2023-02-27T19:21:53.363+0000] {logging_mixin.py:137} INFO - [2023-02-27T19:21:53.363+0000] {dag.py:2690} INFO - Sync 1 DAGs
[2023-02-27T19:21:53.396+0000] {logging_mixin.py:137} INFO - [2023-02-27T19:21:53.396+0000] {dag.py:3441} INFO - Setting next_dagrun for example_sensors to None, run_after=None
[2023-02-27T19:21:53.424+0000] {processor.py:175} INFO - Processing /home/airflow/.local/lib/python3.7/site-packages/airflow/example_dags/example_sensors.py took 0.129 seconds
[2023-02-27T19:22:23.812+0000] {processor.py:153} INFO - Started process (PID=1199) to work on /home/airflow/.local/lib/python3.7/site-packages/airflow/example_dags/example_sensors.py
[2023-02-27T19:22:23.813+0000] {processor.py:743} INFO - Processing file /home/airflow/.local/lib/python3.7/site-packages/airflow/example_dags/example_sensors.py for tasks to queue
[2023-02-27T19:22:23.814+0000] {logging_mixin.py:137} INFO - [2023-02-27T19:22:23.814+0000] {dagbag.py:538} INFO - Filling up the DagBag from /home/airflow/.local/lib/python3.7/site-packages/airflow/example_dags/example_sensors.py
[2023-02-27T19:22:23.839+0000] {processor.py:753} INFO - DAG(s) dict_keys(['example_sensors']) retrieved from /home/airflow/.local/lib/python3.7/site-packages/airflow/example_dags/example_sensors.py
[2023-02-27T19:22:23.898+0000] {logging_mixin.py:137} INFO - [2023-02-27T19:22:23.898+0000] {dag.py:2690} INFO - Sync 1 DAGs
[2023-02-27T19:22:23.931+0000] {logging_mixin.py:137} INFO - [2023-02-27T19:22:23.930+0000] {dag.py:3441} INFO - Setting next_dagrun for example_sensors to None, run_after=None
[2023-02-27T19:22:23.963+0000] {processor.py:175} INFO - Processing /home/airflow/.local/lib/python3.7/site-packages/airflow/example_dags/example_sensors.py took 0.155 seconds
[2023-02-27T19:22:54.240+0000] {processor.py:153} INFO - Started process (PID=1280) to work on /home/airflow/.local/lib/python3.7/site-packages/airflow/example_dags/example_sensors.py
[2023-02-27T19:22:54.241+0000] {processor.py:743} INFO - Processing file /home/airflow/.local/lib/python3.7/site-packages/airflow/example_dags/example_sensors.py for tasks to queue
[2023-02-27T19:22:54.242+0000] {logging_mixin.py:137} INFO - [2023-02-27T19:22:54.242+0000] {dagbag.py:538} INFO - Filling up the DagBag from /home/airflow/.local/lib/python3.7/site-packages/airflow/example_dags/example_sensors.py
[2023-02-27T19:22:54.281+0000] {processor.py:753} INFO - DAG(s) dict_keys(['example_sensors']) retrieved from /home/airflow/.local/lib/python3.7/site-packages/airflow/example_dags/example_sensors.py
[2023-02-27T19:22:54.331+0000] {logging_mixin.py:137} INFO - [2023-02-27T19:22:54.330+0000] {dag.py:2690} INFO - Sync 1 DAGs
[2023-02-27T19:22:54.385+0000] {logging_mixin.py:137} INFO - [2023-02-27T19:22:54.385+0000] {dag.py:3441} INFO - Setting next_dagrun for example_sensors to None, run_after=None
[2023-02-27T19:22:54.412+0000] {processor.py:175} INFO - Processing /home/airflow/.local/lib/python3.7/site-packages/airflow/example_dags/example_sensors.py took 0.176 seconds
[2023-02-27T19:23:24.596+0000] {processor.py:153} INFO - Started process (PID=1348) to work on /home/airflow/.local/lib/python3.7/site-packages/airflow/example_dags/example_sensors.py
[2023-02-27T19:23:24.605+0000] {processor.py:743} INFO - Processing file /home/airflow/.local/lib/python3.7/site-packages/airflow/example_dags/example_sensors.py for tasks to queue
[2023-02-27T19:23:24.606+0000] {logging_mixin.py:137} INFO - [2023-02-27T19:23:24.606+0000] {dagbag.py:538} INFO - Filling up the DagBag from /home/airflow/.local/lib/python3.7/site-packages/airflow/example_dags/example_sensors.py
[2023-02-27T19:23:24.637+0000] {processor.py:753} INFO - DAG(s) dict_keys(['example_sensors']) retrieved from /home/airflow/.local/lib/python3.7/site-packages/airflow/example_dags/example_sensors.py
[2023-02-27T19:23:24.705+0000] {logging_mixin.py:137} INFO - [2023-02-27T19:23:24.702+0000] {dag.py:2690} INFO - Sync 1 DAGs
[2023-02-27T19:23:24.769+0000] {logging_mixin.py:137} INFO - [2023-02-27T19:23:24.768+0000] {dag.py:3441} INFO - Setting next_dagrun for example_sensors to None, run_after=None
[2023-02-27T19:23:24.829+0000] {processor.py:175} INFO - Processing /home/airflow/.local/lib/python3.7/site-packages/airflow/example_dags/example_sensors.py took 0.238 seconds
[2023-02-27T19:23:55.530+0000] {processor.py:153} INFO - Started process (PID=1417) to work on /home/airflow/.local/lib/python3.7/site-packages/airflow/example_dags/example_sensors.py
[2023-02-27T19:23:55.532+0000] {processor.py:743} INFO - Processing file /home/airflow/.local/lib/python3.7/site-packages/airflow/example_dags/example_sensors.py for tasks to queue
[2023-02-27T19:23:55.533+0000] {logging_mixin.py:137} INFO - [2023-02-27T19:23:55.532+0000] {dagbag.py:538} INFO - Filling up the DagBag from /home/airflow/.local/lib/python3.7/site-packages/airflow/example_dags/example_sensors.py
[2023-02-27T19:23:55.557+0000] {processor.py:753} INFO - DAG(s) dict_keys(['example_sensors']) retrieved from /home/airflow/.local/lib/python3.7/site-packages/airflow/example_dags/example_sensors.py
[2023-02-27T19:23:55.590+0000] {logging_mixin.py:137} INFO - [2023-02-27T19:23:55.590+0000] {dag.py:2690} INFO - Sync 1 DAGs
[2023-02-27T19:23:55.621+0000] {logging_mixin.py:137} INFO - [2023-02-27T19:23:55.620+0000] {dag.py:3441} INFO - Setting next_dagrun for example_sensors to None, run_after=None
[2023-02-27T19:23:55.652+0000] {processor.py:175} INFO - Processing /home/airflow/.local/lib/python3.7/site-packages/airflow/example_dags/example_sensors.py took 0.125 seconds
[2023-02-27T19:24:25.939+0000] {processor.py:153} INFO - Started process (PID=1492) to work on /home/airflow/.local/lib/python3.7/site-packages/airflow/example_dags/example_sensors.py
[2023-02-27T19:24:25.941+0000] {processor.py:743} INFO - Processing file /home/airflow/.local/lib/python3.7/site-packages/airflow/example_dags/example_sensors.py for tasks to queue
[2023-02-27T19:24:25.942+0000] {logging_mixin.py:137} INFO - [2023-02-27T19:24:25.941+0000] {dagbag.py:538} INFO - Filling up the DagBag from /home/airflow/.local/lib/python3.7/site-packages/airflow/example_dags/example_sensors.py
[2023-02-27T19:24:25.979+0000] {processor.py:753} INFO - DAG(s) dict_keys(['example_sensors']) retrieved from /home/airflow/.local/lib/python3.7/site-packages/airflow/example_dags/example_sensors.py
[2023-02-27T19:24:26.035+0000] {logging_mixin.py:137} INFO - [2023-02-27T19:24:26.035+0000] {dag.py:2690} INFO - Sync 1 DAGs
[2023-02-27T19:24:26.074+0000] {logging_mixin.py:137} INFO - [2023-02-27T19:24:26.074+0000] {dag.py:3441} INFO - Setting next_dagrun for example_sensors to None, run_after=None
[2023-02-27T19:24:26.130+0000] {processor.py:175} INFO - Processing /home/airflow/.local/lib/python3.7/site-packages/airflow/example_dags/example_sensors.py took 0.196 seconds
[2023-02-27T19:24:56.237+0000] {processor.py:153} INFO - Started process (PID=1564) to work on /home/airflow/.local/lib/python3.7/site-packages/airflow/example_dags/example_sensors.py
[2023-02-27T19:24:56.238+0000] {processor.py:743} INFO - Processing file /home/airflow/.local/lib/python3.7/site-packages/airflow/example_dags/example_sensors.py for tasks to queue
[2023-02-27T19:24:56.239+0000] {logging_mixin.py:137} INFO - [2023-02-27T19:24:56.239+0000] {dagbag.py:538} INFO - Filling up the DagBag from /home/airflow/.local/lib/python3.7/site-packages/airflow/example_dags/example_sensors.py
[2023-02-27T19:24:56.260+0000] {processor.py:753} INFO - DAG(s) dict_keys(['example_sensors']) retrieved from /home/airflow/.local/lib/python3.7/site-packages/airflow/example_dags/example_sensors.py
[2023-02-27T19:24:56.294+0000] {logging_mixin.py:137} INFO - [2023-02-27T19:24:56.294+0000] {dag.py:2690} INFO - Sync 1 DAGs
[2023-02-27T19:24:56.323+0000] {logging_mixin.py:137} INFO - [2023-02-27T19:24:56.323+0000] {dag.py:3441} INFO - Setting next_dagrun for example_sensors to None, run_after=None
[2023-02-27T19:24:56.346+0000] {processor.py:175} INFO - Processing /home/airflow/.local/lib/python3.7/site-packages/airflow/example_dags/example_sensors.py took 0.112 seconds
[2023-02-27T19:25:26.755+0000] {processor.py:153} INFO - Started process (PID=1631) to work on /home/airflow/.local/lib/python3.7/site-packages/airflow/example_dags/example_sensors.py
[2023-02-27T19:25:26.757+0000] {processor.py:743} INFO - Processing file /home/airflow/.local/lib/python3.7/site-packages/airflow/example_dags/example_sensors.py for tasks to queue
[2023-02-27T19:25:26.757+0000] {logging_mixin.py:137} INFO - [2023-02-27T19:25:26.757+0000] {dagbag.py:538} INFO - Filling up the DagBag from /home/airflow/.local/lib/python3.7/site-packages/airflow/example_dags/example_sensors.py
[2023-02-27T19:25:26.780+0000] {processor.py:753} INFO - DAG(s) dict_keys(['example_sensors']) retrieved from /home/airflow/.local/lib/python3.7/site-packages/airflow/example_dags/example_sensors.py
[2023-02-27T19:25:26.814+0000] {logging_mixin.py:137} INFO - [2023-02-27T19:25:26.814+0000] {dag.py:2690} INFO - Sync 1 DAGs
[2023-02-27T19:25:26.843+0000] {logging_mixin.py:137} INFO - [2023-02-27T19:25:26.843+0000] {dag.py:3441} INFO - Setting next_dagrun for example_sensors to None, run_after=None
[2023-02-27T19:25:26.869+0000] {processor.py:175} INFO - Processing /home/airflow/.local/lib/python3.7/site-packages/airflow/example_dags/example_sensors.py took 0.117 seconds
[2023-02-27T19:25:56.986+0000] {processor.py:153} INFO - Started process (PID=1712) to work on /home/airflow/.local/lib/python3.7/site-packages/airflow/example_dags/example_sensors.py
[2023-02-27T19:25:56.987+0000] {processor.py:743} INFO - Processing file /home/airflow/.local/lib/python3.7/site-packages/airflow/example_dags/example_sensors.py for tasks to queue
[2023-02-27T19:25:56.988+0000] {logging_mixin.py:137} INFO - [2023-02-27T19:25:56.988+0000] {dagbag.py:538} INFO - Filling up the DagBag from /home/airflow/.local/lib/python3.7/site-packages/airflow/example_dags/example_sensors.py
[2023-02-27T19:25:57.012+0000] {processor.py:753} INFO - DAG(s) dict_keys(['example_sensors']) retrieved from /home/airflow/.local/lib/python3.7/site-packages/airflow/example_dags/example_sensors.py
[2023-02-27T19:25:57.088+0000] {logging_mixin.py:137} INFO - [2023-02-27T19:25:57.088+0000] {dag.py:2690} INFO - Sync 1 DAGs
[2023-02-27T19:25:57.124+0000] {logging_mixin.py:137} INFO - [2023-02-27T19:25:57.124+0000] {dag.py:3441} INFO - Setting next_dagrun for example_sensors to None, run_after=None
[2023-02-27T19:25:57.146+0000] {processor.py:175} INFO - Processing /home/airflow/.local/lib/python3.7/site-packages/airflow/example_dags/example_sensors.py took 0.166 seconds
[2023-02-27T19:26:27.401+0000] {processor.py:153} INFO - Started process (PID=1779) to work on /home/airflow/.local/lib/python3.7/site-packages/airflow/example_dags/example_sensors.py
[2023-02-27T19:26:27.402+0000] {processor.py:743} INFO - Processing file /home/airflow/.local/lib/python3.7/site-packages/airflow/example_dags/example_sensors.py for tasks to queue
[2023-02-27T19:26:27.403+0000] {logging_mixin.py:137} INFO - [2023-02-27T19:26:27.403+0000] {dagbag.py:538} INFO - Filling up the DagBag from /home/airflow/.local/lib/python3.7/site-packages/airflow/example_dags/example_sensors.py
[2023-02-27T19:26:27.429+0000] {processor.py:753} INFO - DAG(s) dict_keys(['example_sensors']) retrieved from /home/airflow/.local/lib/python3.7/site-packages/airflow/example_dags/example_sensors.py
[2023-02-27T19:26:27.462+0000] {logging_mixin.py:137} INFO - [2023-02-27T19:26:27.462+0000] {dag.py:2690} INFO - Sync 1 DAGs
[2023-02-27T19:26:27.492+0000] {logging_mixin.py:137} INFO - [2023-02-27T19:26:27.492+0000] {dag.py:3441} INFO - Setting next_dagrun for example_sensors to None, run_after=None
[2023-02-27T19:26:27.517+0000] {processor.py:175} INFO - Processing /home/airflow/.local/lib/python3.7/site-packages/airflow/example_dags/example_sensors.py took 0.120 seconds
[2023-02-27T19:26:57.582+0000] {processor.py:153} INFO - Started process (PID=1846) to work on /home/airflow/.local/lib/python3.7/site-packages/airflow/example_dags/example_sensors.py
[2023-02-27T19:26:57.582+0000] {processor.py:743} INFO - Processing file /home/airflow/.local/lib/python3.7/site-packages/airflow/example_dags/example_sensors.py for tasks to queue
[2023-02-27T19:26:57.583+0000] {logging_mixin.py:137} INFO - [2023-02-27T19:26:57.583+0000] {dagbag.py:538} INFO - Filling up the DagBag from /home/airflow/.local/lib/python3.7/site-packages/airflow/example_dags/example_sensors.py
[2023-02-27T19:26:57.604+0000] {processor.py:753} INFO - DAG(s) dict_keys(['example_sensors']) retrieved from /home/airflow/.local/lib/python3.7/site-packages/airflow/example_dags/example_sensors.py
[2023-02-27T19:26:57.634+0000] {logging_mixin.py:137} INFO - [2023-02-27T19:26:57.634+0000] {dag.py:2690} INFO - Sync 1 DAGs
[2023-02-27T19:26:57.665+0000] {logging_mixin.py:137} INFO - [2023-02-27T19:26:57.665+0000] {dag.py:3441} INFO - Setting next_dagrun for example_sensors to None, run_after=None
[2023-02-27T19:26:57.689+0000] {processor.py:175} INFO - Processing /home/airflow/.local/lib/python3.7/site-packages/airflow/example_dags/example_sensors.py took 0.111 seconds
[2023-02-27T19:27:29.419+0000] {processor.py:153} INFO - Started process (PID=1927) to work on /home/airflow/.local/lib/python3.7/site-packages/airflow/example_dags/example_sensors.py
[2023-02-27T19:27:29.420+0000] {processor.py:743} INFO - Processing file /home/airflow/.local/lib/python3.7/site-packages/airflow/example_dags/example_sensors.py for tasks to queue
[2023-02-27T19:27:29.421+0000] {logging_mixin.py:137} INFO - [2023-02-27T19:27:29.421+0000] {dagbag.py:538} INFO - Filling up the DagBag from /home/airflow/.local/lib/python3.7/site-packages/airflow/example_dags/example_sensors.py
[2023-02-27T19:27:29.489+0000] {processor.py:753} INFO - DAG(s) dict_keys(['example_sensors']) retrieved from /home/airflow/.local/lib/python3.7/site-packages/airflow/example_dags/example_sensors.py
[2023-02-27T19:27:29.561+0000] {logging_mixin.py:137} INFO - [2023-02-27T19:27:29.561+0000] {dag.py:2690} INFO - Sync 1 DAGs
[2023-02-27T19:27:29.594+0000] {logging_mixin.py:137} INFO - [2023-02-27T19:27:29.594+0000] {dag.py:3441} INFO - Setting next_dagrun for example_sensors to None, run_after=None
[2023-02-27T19:27:29.647+0000] {processor.py:175} INFO - Processing /home/airflow/.local/lib/python3.7/site-packages/airflow/example_dags/example_sensors.py took 0.232 seconds
[2023-02-27T19:28:00.434+0000] {processor.py:153} INFO - Started process (PID=1994) to work on /home/airflow/.local/lib/python3.7/site-packages/airflow/example_dags/example_sensors.py
[2023-02-27T19:28:00.436+0000] {processor.py:743} INFO - Processing file /home/airflow/.local/lib/python3.7/site-packages/airflow/example_dags/example_sensors.py for tasks to queue
[2023-02-27T19:28:00.438+0000] {logging_mixin.py:137} INFO - [2023-02-27T19:28:00.438+0000] {dagbag.py:538} INFO - Filling up the DagBag from /home/airflow/.local/lib/python3.7/site-packages/airflow/example_dags/example_sensors.py
[2023-02-27T19:28:00.465+0000] {processor.py:753} INFO - DAG(s) dict_keys(['example_sensors']) retrieved from /home/airflow/.local/lib/python3.7/site-packages/airflow/example_dags/example_sensors.py
[2023-02-27T19:28:00.496+0000] {logging_mixin.py:137} INFO - [2023-02-27T19:28:00.496+0000] {dag.py:2690} INFO - Sync 1 DAGs
[2023-02-27T19:28:00.529+0000] {logging_mixin.py:137} INFO - [2023-02-27T19:28:00.529+0000] {dag.py:3441} INFO - Setting next_dagrun for example_sensors to None, run_after=None
[2023-02-27T19:28:00.554+0000] {processor.py:175} INFO - Processing /home/airflow/.local/lib/python3.7/site-packages/airflow/example_dags/example_sensors.py took 0.123 seconds
[2023-02-27T19:28:31.045+0000] {processor.py:153} INFO - Started process (PID=2061) to work on /home/airflow/.local/lib/python3.7/site-packages/airflow/example_dags/example_sensors.py
[2023-02-27T19:28:31.046+0000] {processor.py:743} INFO - Processing file /home/airflow/.local/lib/python3.7/site-packages/airflow/example_dags/example_sensors.py for tasks to queue
[2023-02-27T19:28:31.048+0000] {logging_mixin.py:137} INFO - [2023-02-27T19:28:31.047+0000] {dagbag.py:538} INFO - Filling up the DagBag from /home/airflow/.local/lib/python3.7/site-packages/airflow/example_dags/example_sensors.py
[2023-02-27T19:28:31.082+0000] {processor.py:753} INFO - DAG(s) dict_keys(['example_sensors']) retrieved from /home/airflow/.local/lib/python3.7/site-packages/airflow/example_dags/example_sensors.py
[2023-02-27T19:28:31.116+0000] {logging_mixin.py:137} INFO - [2023-02-27T19:28:31.115+0000] {dag.py:2690} INFO - Sync 1 DAGs
[2023-02-27T19:28:31.155+0000] {logging_mixin.py:137} INFO - [2023-02-27T19:28:31.154+0000] {dag.py:3441} INFO - Setting next_dagrun for example_sensors to None, run_after=None
[2023-02-27T19:28:31.178+0000] {processor.py:175} INFO - Processing /home/airflow/.local/lib/python3.7/site-packages/airflow/example_dags/example_sensors.py took 0.136 seconds
[2023-02-27T19:29:01.967+0000] {processor.py:153} INFO - Started process (PID=2144) to work on /home/airflow/.local/lib/python3.7/site-packages/airflow/example_dags/example_sensors.py
[2023-02-27T19:29:01.977+0000] {processor.py:743} INFO - Processing file /home/airflow/.local/lib/python3.7/site-packages/airflow/example_dags/example_sensors.py for tasks to queue
[2023-02-27T19:29:01.978+0000] {logging_mixin.py:137} INFO - [2023-02-27T19:29:01.978+0000] {dagbag.py:538} INFO - Filling up the DagBag from /home/airflow/.local/lib/python3.7/site-packages/airflow/example_dags/example_sensors.py
[2023-02-27T19:29:02.015+0000] {processor.py:753} INFO - DAG(s) dict_keys(['example_sensors']) retrieved from /home/airflow/.local/lib/python3.7/site-packages/airflow/example_dags/example_sensors.py
[2023-02-27T19:29:02.048+0000] {logging_mixin.py:137} INFO - [2023-02-27T19:29:02.048+0000] {dag.py:2690} INFO - Sync 1 DAGs
[2023-02-27T19:29:02.078+0000] {logging_mixin.py:137} INFO - [2023-02-27T19:29:02.078+0000] {dag.py:3441} INFO - Setting next_dagrun for example_sensors to None, run_after=None
[2023-02-27T19:29:02.102+0000] {processor.py:175} INFO - Processing /home/airflow/.local/lib/python3.7/site-packages/airflow/example_dags/example_sensors.py took 0.139 seconds
[2023-02-27T19:29:32.770+0000] {processor.py:153} INFO - Started process (PID=2212) to work on /home/airflow/.local/lib/python3.7/site-packages/airflow/example_dags/example_sensors.py
[2023-02-27T19:29:32.771+0000] {processor.py:743} INFO - Processing file /home/airflow/.local/lib/python3.7/site-packages/airflow/example_dags/example_sensors.py for tasks to queue
[2023-02-27T19:29:32.772+0000] {logging_mixin.py:137} INFO - [2023-02-27T19:29:32.772+0000] {dagbag.py:538} INFO - Filling up the DagBag from /home/airflow/.local/lib/python3.7/site-packages/airflow/example_dags/example_sensors.py
[2023-02-27T19:29:32.798+0000] {processor.py:753} INFO - DAG(s) dict_keys(['example_sensors']) retrieved from /home/airflow/.local/lib/python3.7/site-packages/airflow/example_dags/example_sensors.py
[2023-02-27T19:29:32.838+0000] {logging_mixin.py:137} INFO - [2023-02-27T19:29:32.838+0000] {dag.py:2690} INFO - Sync 1 DAGs
[2023-02-27T19:29:32.885+0000] {logging_mixin.py:137} INFO - [2023-02-27T19:29:32.885+0000] {dag.py:3441} INFO - Setting next_dagrun for example_sensors to None, run_after=None
[2023-02-27T19:29:32.917+0000] {processor.py:175} INFO - Processing /home/airflow/.local/lib/python3.7/site-packages/airflow/example_dags/example_sensors.py took 0.152 seconds
[2023-02-27T19:30:03.615+0000] {processor.py:153} INFO - Started process (PID=2279) to work on /home/airflow/.local/lib/python3.7/site-packages/airflow/example_dags/example_sensors.py
[2023-02-27T19:30:03.616+0000] {processor.py:743} INFO - Processing file /home/airflow/.local/lib/python3.7/site-packages/airflow/example_dags/example_sensors.py for tasks to queue
[2023-02-27T19:30:03.617+0000] {logging_mixin.py:137} INFO - [2023-02-27T19:30:03.617+0000] {dagbag.py:538} INFO - Filling up the DagBag from /home/airflow/.local/lib/python3.7/site-packages/airflow/example_dags/example_sensors.py
[2023-02-27T19:30:03.639+0000] {processor.py:753} INFO - DAG(s) dict_keys(['example_sensors']) retrieved from /home/airflow/.local/lib/python3.7/site-packages/airflow/example_dags/example_sensors.py
[2023-02-27T19:30:03.674+0000] {logging_mixin.py:137} INFO - [2023-02-27T19:30:03.674+0000] {dag.py:2690} INFO - Sync 1 DAGs
[2023-02-27T19:30:03.704+0000] {logging_mixin.py:137} INFO - [2023-02-27T19:30:03.704+0000] {dag.py:3441} INFO - Setting next_dagrun for example_sensors to None, run_after=None
[2023-02-27T19:30:03.728+0000] {processor.py:175} INFO - Processing /home/airflow/.local/lib/python3.7/site-packages/airflow/example_dags/example_sensors.py took 0.117 seconds
[2023-02-27T19:30:33.878+0000] {processor.py:153} INFO - Started process (PID=2346) to work on /home/airflow/.local/lib/python3.7/site-packages/airflow/example_dags/example_sensors.py
[2023-02-27T19:30:33.879+0000] {processor.py:743} INFO - Processing file /home/airflow/.local/lib/python3.7/site-packages/airflow/example_dags/example_sensors.py for tasks to queue
[2023-02-27T19:30:33.880+0000] {logging_mixin.py:137} INFO - [2023-02-27T19:30:33.879+0000] {dagbag.py:538} INFO - Filling up the DagBag from /home/airflow/.local/lib/python3.7/site-packages/airflow/example_dags/example_sensors.py
[2023-02-27T19:30:33.918+0000] {processor.py:753} INFO - DAG(s) dict_keys(['example_sensors']) retrieved from /home/airflow/.local/lib/python3.7/site-packages/airflow/example_dags/example_sensors.py
[2023-02-27T19:30:33.986+0000] {logging_mixin.py:137} INFO - [2023-02-27T19:30:33.986+0000] {dag.py:2690} INFO - Sync 1 DAGs
[2023-02-27T19:30:34.043+0000] {logging_mixin.py:137} INFO - [2023-02-27T19:30:34.043+0000] {dag.py:3441} INFO - Setting next_dagrun for example_sensors to None, run_after=None
[2023-02-27T19:30:34.085+0000] {processor.py:175} INFO - Processing /home/airflow/.local/lib/python3.7/site-packages/airflow/example_dags/example_sensors.py took 0.211 seconds
[2023-02-27T19:31:04.792+0000] {processor.py:153} INFO - Started process (PID=2413) to work on /home/airflow/.local/lib/python3.7/site-packages/airflow/example_dags/example_sensors.py
[2023-02-27T19:31:04.794+0000] {processor.py:743} INFO - Processing file /home/airflow/.local/lib/python3.7/site-packages/airflow/example_dags/example_sensors.py for tasks to queue
[2023-02-27T19:31:04.795+0000] {logging_mixin.py:137} INFO - [2023-02-27T19:31:04.794+0000] {dagbag.py:538} INFO - Filling up the DagBag from /home/airflow/.local/lib/python3.7/site-packages/airflow/example_dags/example_sensors.py
[2023-02-27T19:31:04.858+0000] {processor.py:753} INFO - DAG(s) dict_keys(['example_sensors']) retrieved from /home/airflow/.local/lib/python3.7/site-packages/airflow/example_dags/example_sensors.py
[2023-02-27T19:31:04.916+0000] {logging_mixin.py:137} INFO - [2023-02-27T19:31:04.916+0000] {dag.py:2690} INFO - Sync 1 DAGs
[2023-02-27T19:31:04.980+0000] {logging_mixin.py:137} INFO - [2023-02-27T19:31:04.980+0000] {dag.py:3441} INFO - Setting next_dagrun for example_sensors to None, run_after=None
[2023-02-27T19:31:05.058+0000] {processor.py:175} INFO - Processing /home/airflow/.local/lib/python3.7/site-packages/airflow/example_dags/example_sensors.py took 0.269 seconds
[2023-02-27T19:31:35.140+0000] {processor.py:153} INFO - Started process (PID=2486) to work on /home/airflow/.local/lib/python3.7/site-packages/airflow/example_dags/example_sensors.py
[2023-02-27T19:31:35.141+0000] {processor.py:743} INFO - Processing file /home/airflow/.local/lib/python3.7/site-packages/airflow/example_dags/example_sensors.py for tasks to queue
[2023-02-27T19:31:35.142+0000] {logging_mixin.py:137} INFO - [2023-02-27T19:31:35.141+0000] {dagbag.py:538} INFO - Filling up the DagBag from /home/airflow/.local/lib/python3.7/site-packages/airflow/example_dags/example_sensors.py
[2023-02-27T19:31:35.173+0000] {processor.py:753} INFO - DAG(s) dict_keys(['example_sensors']) retrieved from /home/airflow/.local/lib/python3.7/site-packages/airflow/example_dags/example_sensors.py
[2023-02-27T19:31:35.220+0000] {logging_mixin.py:137} INFO - [2023-02-27T19:31:35.219+0000] {dag.py:2690} INFO - Sync 1 DAGs
[2023-02-27T19:31:35.268+0000] {logging_mixin.py:137} INFO - [2023-02-27T19:31:35.267+0000] {dag.py:3441} INFO - Setting next_dagrun for example_sensors to None, run_after=None
[2023-02-27T19:31:35.306+0000] {processor.py:175} INFO - Processing /home/airflow/.local/lib/python3.7/site-packages/airflow/example_dags/example_sensors.py took 0.169 seconds
[2023-02-27T19:32:05.393+0000] {processor.py:153} INFO - Started process (PID=2560) to work on /home/airflow/.local/lib/python3.7/site-packages/airflow/example_dags/example_sensors.py
[2023-02-27T19:32:05.394+0000] {processor.py:743} INFO - Processing file /home/airflow/.local/lib/python3.7/site-packages/airflow/example_dags/example_sensors.py for tasks to queue
[2023-02-27T19:32:05.395+0000] {logging_mixin.py:137} INFO - [2023-02-27T19:32:05.395+0000] {dagbag.py:538} INFO - Filling up the DagBag from /home/airflow/.local/lib/python3.7/site-packages/airflow/example_dags/example_sensors.py
[2023-02-27T19:32:05.418+0000] {processor.py:753} INFO - DAG(s) dict_keys(['example_sensors']) retrieved from /home/airflow/.local/lib/python3.7/site-packages/airflow/example_dags/example_sensors.py
[2023-02-27T19:32:05.451+0000] {logging_mixin.py:137} INFO - [2023-02-27T19:32:05.451+0000] {dag.py:2690} INFO - Sync 1 DAGs
[2023-02-27T19:32:05.485+0000] {logging_mixin.py:137} INFO - [2023-02-27T19:32:05.485+0000] {dag.py:3441} INFO - Setting next_dagrun for example_sensors to None, run_after=None
[2023-02-27T19:32:05.511+0000] {processor.py:175} INFO - Processing /home/airflow/.local/lib/python3.7/site-packages/airflow/example_dags/example_sensors.py took 0.122 seconds
[2023-02-27T19:32:35.858+0000] {processor.py:153} INFO - Started process (PID=2627) to work on /home/airflow/.local/lib/python3.7/site-packages/airflow/example_dags/example_sensors.py
[2023-02-27T19:32:35.859+0000] {processor.py:743} INFO - Processing file /home/airflow/.local/lib/python3.7/site-packages/airflow/example_dags/example_sensors.py for tasks to queue
[2023-02-27T19:32:35.859+0000] {logging_mixin.py:137} INFO - [2023-02-27T19:32:35.859+0000] {dagbag.py:538} INFO - Filling up the DagBag from /home/airflow/.local/lib/python3.7/site-packages/airflow/example_dags/example_sensors.py
[2023-02-27T19:32:35.889+0000] {processor.py:753} INFO - DAG(s) dict_keys(['example_sensors']) retrieved from /home/airflow/.local/lib/python3.7/site-packages/airflow/example_dags/example_sensors.py
[2023-02-27T19:32:35.923+0000] {logging_mixin.py:137} INFO - [2023-02-27T19:32:35.922+0000] {dag.py:2690} INFO - Sync 1 DAGs
[2023-02-27T19:32:35.955+0000] {logging_mixin.py:137} INFO - [2023-02-27T19:32:35.955+0000] {dag.py:3441} INFO - Setting next_dagrun for example_sensors to None, run_after=None
[2023-02-27T19:32:35.977+0000] {processor.py:175} INFO - Processing /home/airflow/.local/lib/python3.7/site-packages/airflow/example_dags/example_sensors.py took 0.126 seconds
[2023-02-27T19:33:06.334+0000] {processor.py:153} INFO - Started process (PID=2704) to work on /home/airflow/.local/lib/python3.7/site-packages/airflow/example_dags/example_sensors.py
[2023-02-27T19:33:06.335+0000] {processor.py:743} INFO - Processing file /home/airflow/.local/lib/python3.7/site-packages/airflow/example_dags/example_sensors.py for tasks to queue
[2023-02-27T19:33:06.336+0000] {logging_mixin.py:137} INFO - [2023-02-27T19:33:06.336+0000] {dagbag.py:538} INFO - Filling up the DagBag from /home/airflow/.local/lib/python3.7/site-packages/airflow/example_dags/example_sensors.py
[2023-02-27T19:33:06.360+0000] {processor.py:753} INFO - DAG(s) dict_keys(['example_sensors']) retrieved from /home/airflow/.local/lib/python3.7/site-packages/airflow/example_dags/example_sensors.py
[2023-02-27T19:33:06.395+0000] {logging_mixin.py:137} INFO - [2023-02-27T19:33:06.395+0000] {dag.py:2690} INFO - Sync 1 DAGs
[2023-02-27T19:33:06.427+0000] {logging_mixin.py:137} INFO - [2023-02-27T19:33:06.427+0000] {dag.py:3441} INFO - Setting next_dagrun for example_sensors to None, run_after=None
[2023-02-27T19:33:06.465+0000] {processor.py:175} INFO - Processing /home/airflow/.local/lib/python3.7/site-packages/airflow/example_dags/example_sensors.py took 0.134 seconds
[2023-02-27T19:33:36.896+0000] {processor.py:153} INFO - Started process (PID=2777) to work on /home/airflow/.local/lib/python3.7/site-packages/airflow/example_dags/example_sensors.py
[2023-02-27T19:33:36.898+0000] {processor.py:743} INFO - Processing file /home/airflow/.local/lib/python3.7/site-packages/airflow/example_dags/example_sensors.py for tasks to queue
[2023-02-27T19:33:36.898+0000] {logging_mixin.py:137} INFO - [2023-02-27T19:33:36.898+0000] {dagbag.py:538} INFO - Filling up the DagBag from /home/airflow/.local/lib/python3.7/site-packages/airflow/example_dags/example_sensors.py
[2023-02-27T19:33:36.921+0000] {processor.py:753} INFO - DAG(s) dict_keys(['example_sensors']) retrieved from /home/airflow/.local/lib/python3.7/site-packages/airflow/example_dags/example_sensors.py
[2023-02-27T19:33:36.952+0000] {logging_mixin.py:137} INFO - [2023-02-27T19:33:36.951+0000] {dag.py:2690} INFO - Sync 1 DAGs
[2023-02-27T19:33:36.979+0000] {logging_mixin.py:137} INFO - [2023-02-27T19:33:36.979+0000] {dag.py:3441} INFO - Setting next_dagrun for example_sensors to None, run_after=None
[2023-02-27T19:33:37.004+0000] {processor.py:175} INFO - Processing /home/airflow/.local/lib/python3.7/site-packages/airflow/example_dags/example_sensors.py took 0.111 seconds
[2023-02-27T19:34:07.262+0000] {processor.py:153} INFO - Started process (PID=2845) to work on /home/airflow/.local/lib/python3.7/site-packages/airflow/example_dags/example_sensors.py
[2023-02-27T19:34:07.263+0000] {processor.py:743} INFO - Processing file /home/airflow/.local/lib/python3.7/site-packages/airflow/example_dags/example_sensors.py for tasks to queue
[2023-02-27T19:34:07.265+0000] {logging_mixin.py:137} INFO - [2023-02-27T19:34:07.264+0000] {dagbag.py:538} INFO - Filling up the DagBag from /home/airflow/.local/lib/python3.7/site-packages/airflow/example_dags/example_sensors.py
[2023-02-27T19:34:07.294+0000] {processor.py:753} INFO - DAG(s) dict_keys(['example_sensors']) retrieved from /home/airflow/.local/lib/python3.7/site-packages/airflow/example_dags/example_sensors.py
[2023-02-27T19:34:07.324+0000] {logging_mixin.py:137} INFO - [2023-02-27T19:34:07.324+0000] {dag.py:2690} INFO - Sync 1 DAGs
[2023-02-27T19:34:07.356+0000] {logging_mixin.py:137} INFO - [2023-02-27T19:34:07.355+0000] {dag.py:3441} INFO - Setting next_dagrun for example_sensors to None, run_after=None
[2023-02-27T19:34:07.380+0000] {processor.py:175} INFO - Processing /home/airflow/.local/lib/python3.7/site-packages/airflow/example_dags/example_sensors.py took 0.130 seconds
[2023-02-27T19:34:37.681+0000] {processor.py:153} INFO - Started process (PID=2912) to work on /home/airflow/.local/lib/python3.7/site-packages/airflow/example_dags/example_sensors.py
[2023-02-27T19:34:37.683+0000] {processor.py:743} INFO - Processing file /home/airflow/.local/lib/python3.7/site-packages/airflow/example_dags/example_sensors.py for tasks to queue
[2023-02-27T19:34:37.684+0000] {logging_mixin.py:137} INFO - [2023-02-27T19:34:37.683+0000] {dagbag.py:538} INFO - Filling up the DagBag from /home/airflow/.local/lib/python3.7/site-packages/airflow/example_dags/example_sensors.py
[2023-02-27T19:34:37.705+0000] {processor.py:753} INFO - DAG(s) dict_keys(['example_sensors']) retrieved from /home/airflow/.local/lib/python3.7/site-packages/airflow/example_dags/example_sensors.py
[2023-02-27T19:34:37.738+0000] {logging_mixin.py:137} INFO - [2023-02-27T19:34:37.738+0000] {dag.py:2690} INFO - Sync 1 DAGs
[2023-02-27T19:34:37.766+0000] {logging_mixin.py:137} INFO - [2023-02-27T19:34:37.766+0000] {dag.py:3441} INFO - Setting next_dagrun for example_sensors to None, run_after=None
[2023-02-27T19:34:37.789+0000] {processor.py:175} INFO - Processing /home/airflow/.local/lib/python3.7/site-packages/airflow/example_dags/example_sensors.py took 0.111 seconds
[2023-02-27T19:35:08.219+0000] {processor.py:153} INFO - Started process (PID=2993) to work on /home/airflow/.local/lib/python3.7/site-packages/airflow/example_dags/example_sensors.py
[2023-02-27T19:35:08.230+0000] {processor.py:743} INFO - Processing file /home/airflow/.local/lib/python3.7/site-packages/airflow/example_dags/example_sensors.py for tasks to queue
[2023-02-27T19:35:08.231+0000] {logging_mixin.py:137} INFO - [2023-02-27T19:35:08.231+0000] {dagbag.py:538} INFO - Filling up the DagBag from /home/airflow/.local/lib/python3.7/site-packages/airflow/example_dags/example_sensors.py
[2023-02-27T19:35:08.265+0000] {processor.py:753} INFO - DAG(s) dict_keys(['example_sensors']) retrieved from /home/airflow/.local/lib/python3.7/site-packages/airflow/example_dags/example_sensors.py
[2023-02-27T19:35:08.319+0000] {logging_mixin.py:137} INFO - [2023-02-27T19:35:08.319+0000] {dag.py:2690} INFO - Sync 1 DAGs
[2023-02-27T19:35:08.365+0000] {logging_mixin.py:137} INFO - [2023-02-27T19:35:08.365+0000] {dag.py:3441} INFO - Setting next_dagrun for example_sensors to None, run_after=None
[2023-02-27T19:35:08.405+0000] {processor.py:175} INFO - Processing /home/airflow/.local/lib/python3.7/site-packages/airflow/example_dags/example_sensors.py took 0.189 seconds
[2023-02-27T19:50:30.974+0000] {processor.py:153} INFO - Started process (PID=64) to work on /home/airflow/.local/lib/python3.7/site-packages/airflow/example_dags/example_sensors.py
[2023-02-27T19:50:30.976+0000] {processor.py:743} INFO - Processing file /home/airflow/.local/lib/python3.7/site-packages/airflow/example_dags/example_sensors.py for tasks to queue
[2023-02-27T19:50:30.977+0000] {logging_mixin.py:137} INFO - [2023-02-27T19:50:30.976+0000] {dagbag.py:538} INFO - Filling up the DagBag from /home/airflow/.local/lib/python3.7/site-packages/airflow/example_dags/example_sensors.py
[2023-02-27T19:50:31.031+0000] {processor.py:753} INFO - DAG(s) dict_keys(['example_sensors']) retrieved from /home/airflow/.local/lib/python3.7/site-packages/airflow/example_dags/example_sensors.py
[2023-02-27T19:50:31.091+0000] {logging_mixin.py:137} INFO - [2023-02-27T19:50:31.090+0000] {dag.py:2690} INFO - Sync 1 DAGs
[2023-02-27T19:50:31.133+0000] {logging_mixin.py:137} INFO - [2023-02-27T19:50:31.133+0000] {dag.py:3441} INFO - Setting next_dagrun for example_sensors to None, run_after=None
[2023-02-27T19:50:31.173+0000] {processor.py:175} INFO - Processing /home/airflow/.local/lib/python3.7/site-packages/airflow/example_dags/example_sensors.py took 0.214 seconds
[2023-02-27T19:52:50.931+0000] {processor.py:153} INFO - Started process (PID=63) to work on /home/airflow/.local/lib/python3.7/site-packages/airflow/example_dags/example_sensors.py
[2023-02-27T19:52:50.934+0000] {processor.py:743} INFO - Processing file /home/airflow/.local/lib/python3.7/site-packages/airflow/example_dags/example_sensors.py for tasks to queue
[2023-02-27T19:52:50.935+0000] {logging_mixin.py:137} INFO - [2023-02-27T19:52:50.935+0000] {dagbag.py:538} INFO - Filling up the DagBag from /home/airflow/.local/lib/python3.7/site-packages/airflow/example_dags/example_sensors.py
[2023-02-27T19:52:50.985+0000] {processor.py:753} INFO - DAG(s) dict_keys(['example_sensors']) retrieved from /home/airflow/.local/lib/python3.7/site-packages/airflow/example_dags/example_sensors.py
[2023-02-27T19:52:51.238+0000] {logging_mixin.py:137} INFO - [2023-02-27T19:52:51.237+0000] {manager.py:504} INFO - Created Permission View: can edit on DAG:example_sensors
[2023-02-27T19:52:51.264+0000] {logging_mixin.py:137} INFO - [2023-02-27T19:52:51.264+0000] {manager.py:504} INFO - Created Permission View: can read on DAG:example_sensors
[2023-02-27T19:52:51.303+0000] {logging_mixin.py:137} INFO - [2023-02-27T19:52:51.303+0000] {manager.py:504} INFO - Created Permission View: can delete on DAG:example_sensors
[2023-02-27T19:52:51.305+0000] {logging_mixin.py:137} INFO - [2023-02-27T19:52:51.305+0000] {dag.py:2690} INFO - Sync 1 DAGs
[2023-02-27T19:52:51.340+0000] {logging_mixin.py:137} INFO - [2023-02-27T19:52:51.339+0000] {dag.py:2711} INFO - Creating ORM DAG for example_sensors
[2023-02-27T19:52:51.364+0000] {logging_mixin.py:137} INFO - [2023-02-27T19:52:51.364+0000] {dag.py:3441} INFO - Setting next_dagrun for example_sensors to None, run_after=None
[2023-02-27T19:52:51.406+0000] {processor.py:175} INFO - Processing /home/airflow/.local/lib/python3.7/site-packages/airflow/example_dags/example_sensors.py took 0.479 seconds
[2023-02-27T19:53:22.043+0000] {processor.py:153} INFO - Started process (PID=130) to work on /home/airflow/.local/lib/python3.7/site-packages/airflow/example_dags/example_sensors.py
[2023-02-27T19:53:22.053+0000] {processor.py:743} INFO - Processing file /home/airflow/.local/lib/python3.7/site-packages/airflow/example_dags/example_sensors.py for tasks to queue
[2023-02-27T19:53:22.054+0000] {logging_mixin.py:137} INFO - [2023-02-27T19:53:22.054+0000] {dagbag.py:538} INFO - Filling up the DagBag from /home/airflow/.local/lib/python3.7/site-packages/airflow/example_dags/example_sensors.py
[2023-02-27T19:53:22.089+0000] {processor.py:753} INFO - DAG(s) dict_keys(['example_sensors']) retrieved from /home/airflow/.local/lib/python3.7/site-packages/airflow/example_dags/example_sensors.py
[2023-02-27T19:53:22.126+0000] {logging_mixin.py:137} INFO - [2023-02-27T19:53:22.125+0000] {dag.py:2690} INFO - Sync 1 DAGs
[2023-02-27T19:53:22.157+0000] {logging_mixin.py:137} INFO - [2023-02-27T19:53:22.157+0000] {dag.py:3441} INFO - Setting next_dagrun for example_sensors to None, run_after=None
[2023-02-27T19:53:22.183+0000] {processor.py:175} INFO - Processing /home/airflow/.local/lib/python3.7/site-packages/airflow/example_dags/example_sensors.py took 0.153 seconds
[2023-02-27T19:53:52.334+0000] {processor.py:153} INFO - Started process (PID=210) to work on /home/airflow/.local/lib/python3.7/site-packages/airflow/example_dags/example_sensors.py
[2023-02-27T19:53:52.346+0000] {processor.py:743} INFO - Processing file /home/airflow/.local/lib/python3.7/site-packages/airflow/example_dags/example_sensors.py for tasks to queue
[2023-02-27T19:53:52.347+0000] {logging_mixin.py:137} INFO - [2023-02-27T19:53:52.347+0000] {dagbag.py:538} INFO - Filling up the DagBag from /home/airflow/.local/lib/python3.7/site-packages/airflow/example_dags/example_sensors.py
[2023-02-27T19:53:52.401+0000] {processor.py:753} INFO - DAG(s) dict_keys(['example_sensors']) retrieved from /home/airflow/.local/lib/python3.7/site-packages/airflow/example_dags/example_sensors.py
[2023-02-27T19:53:52.485+0000] {logging_mixin.py:137} INFO - [2023-02-27T19:53:52.485+0000] {dag.py:2690} INFO - Sync 1 DAGs
[2023-02-27T19:53:52.551+0000] {logging_mixin.py:137} INFO - [2023-02-27T19:53:52.551+0000] {dag.py:3441} INFO - Setting next_dagrun for example_sensors to None, run_after=None
[2023-02-27T19:53:52.596+0000] {processor.py:175} INFO - Processing /home/airflow/.local/lib/python3.7/site-packages/airflow/example_dags/example_sensors.py took 0.266 seconds
[2023-02-27T19:54:23.009+0000] {processor.py:153} INFO - Started process (PID=276) to work on /home/airflow/.local/lib/python3.7/site-packages/airflow/example_dags/example_sensors.py
[2023-02-27T19:54:23.011+0000] {processor.py:743} INFO - Processing file /home/airflow/.local/lib/python3.7/site-packages/airflow/example_dags/example_sensors.py for tasks to queue
[2023-02-27T19:54:23.021+0000] {logging_mixin.py:137} INFO - [2023-02-27T19:54:23.014+0000] {dagbag.py:538} INFO - Filling up the DagBag from /home/airflow/.local/lib/python3.7/site-packages/airflow/example_dags/example_sensors.py
[2023-02-27T19:54:23.043+0000] {processor.py:753} INFO - DAG(s) dict_keys(['example_sensors']) retrieved from /home/airflow/.local/lib/python3.7/site-packages/airflow/example_dags/example_sensors.py
[2023-02-27T19:54:23.088+0000] {logging_mixin.py:137} INFO - [2023-02-27T19:54:23.087+0000] {dag.py:2690} INFO - Sync 1 DAGs
[2023-02-27T19:54:23.140+0000] {logging_mixin.py:137} INFO - [2023-02-27T19:54:23.139+0000] {dag.py:3441} INFO - Setting next_dagrun for example_sensors to None, run_after=None
[2023-02-27T19:54:23.169+0000] {processor.py:175} INFO - Processing /home/airflow/.local/lib/python3.7/site-packages/airflow/example_dags/example_sensors.py took 0.171 seconds
[2023-02-27T19:54:53.957+0000] {processor.py:153} INFO - Started process (PID=343) to work on /home/airflow/.local/lib/python3.7/site-packages/airflow/example_dags/example_sensors.py
[2023-02-27T19:54:53.958+0000] {processor.py:743} INFO - Processing file /home/airflow/.local/lib/python3.7/site-packages/airflow/example_dags/example_sensors.py for tasks to queue
[2023-02-27T19:54:53.958+0000] {logging_mixin.py:137} INFO - [2023-02-27T19:54:53.958+0000] {dagbag.py:538} INFO - Filling up the DagBag from /home/airflow/.local/lib/python3.7/site-packages/airflow/example_dags/example_sensors.py
[2023-02-27T19:54:53.993+0000] {processor.py:753} INFO - DAG(s) dict_keys(['example_sensors']) retrieved from /home/airflow/.local/lib/python3.7/site-packages/airflow/example_dags/example_sensors.py
[2023-02-27T19:54:54.029+0000] {logging_mixin.py:137} INFO - [2023-02-27T19:54:54.029+0000] {dag.py:2690} INFO - Sync 1 DAGs
[2023-02-27T19:54:54.066+0000] {logging_mixin.py:137} INFO - [2023-02-27T19:54:54.066+0000] {dag.py:3441} INFO - Setting next_dagrun for example_sensors to None, run_after=None
[2023-02-27T19:54:54.096+0000] {processor.py:175} INFO - Processing /home/airflow/.local/lib/python3.7/site-packages/airflow/example_dags/example_sensors.py took 0.144 seconds
[2023-02-27T19:55:24.730+0000] {processor.py:153} INFO - Started process (PID=416) to work on /home/airflow/.local/lib/python3.7/site-packages/airflow/example_dags/example_sensors.py
[2023-02-27T19:55:24.732+0000] {processor.py:743} INFO - Processing file /home/airflow/.local/lib/python3.7/site-packages/airflow/example_dags/example_sensors.py for tasks to queue
[2023-02-27T19:55:24.733+0000] {logging_mixin.py:137} INFO - [2023-02-27T19:55:24.733+0000] {dagbag.py:538} INFO - Filling up the DagBag from /home/airflow/.local/lib/python3.7/site-packages/airflow/example_dags/example_sensors.py
[2023-02-27T19:55:24.763+0000] {processor.py:753} INFO - DAG(s) dict_keys(['example_sensors']) retrieved from /home/airflow/.local/lib/python3.7/site-packages/airflow/example_dags/example_sensors.py
[2023-02-27T19:55:24.814+0000] {logging_mixin.py:137} INFO - [2023-02-27T19:55:24.814+0000] {dag.py:2690} INFO - Sync 1 DAGs
[2023-02-27T19:55:24.857+0000] {logging_mixin.py:137} INFO - [2023-02-27T19:55:24.857+0000] {dag.py:3441} INFO - Setting next_dagrun for example_sensors to None, run_after=None
[2023-02-27T19:55:24.889+0000] {processor.py:175} INFO - Processing /home/airflow/.local/lib/python3.7/site-packages/airflow/example_dags/example_sensors.py took 0.164 seconds
[2023-02-27T19:55:55.206+0000] {processor.py:153} INFO - Started process (PID=491) to work on /home/airflow/.local/lib/python3.7/site-packages/airflow/example_dags/example_sensors.py
[2023-02-27T19:55:55.207+0000] {processor.py:743} INFO - Processing file /home/airflow/.local/lib/python3.7/site-packages/airflow/example_dags/example_sensors.py for tasks to queue
[2023-02-27T19:55:55.208+0000] {logging_mixin.py:137} INFO - [2023-02-27T19:55:55.208+0000] {dagbag.py:538} INFO - Filling up the DagBag from /home/airflow/.local/lib/python3.7/site-packages/airflow/example_dags/example_sensors.py
[2023-02-27T19:55:55.229+0000] {processor.py:753} INFO - DAG(s) dict_keys(['example_sensors']) retrieved from /home/airflow/.local/lib/python3.7/site-packages/airflow/example_dags/example_sensors.py
[2023-02-27T19:55:55.258+0000] {logging_mixin.py:137} INFO - [2023-02-27T19:55:55.258+0000] {dag.py:2690} INFO - Sync 1 DAGs
[2023-02-27T19:55:55.289+0000] {logging_mixin.py:137} INFO - [2023-02-27T19:55:55.288+0000] {dag.py:3441} INFO - Setting next_dagrun for example_sensors to None, run_after=None
[2023-02-27T19:55:55.308+0000] {processor.py:175} INFO - Processing /home/airflow/.local/lib/python3.7/site-packages/airflow/example_dags/example_sensors.py took 0.105 seconds
[2023-02-27T19:56:25.522+0000] {processor.py:153} INFO - Started process (PID=558) to work on /home/airflow/.local/lib/python3.7/site-packages/airflow/example_dags/example_sensors.py
[2023-02-27T19:56:25.523+0000] {processor.py:743} INFO - Processing file /home/airflow/.local/lib/python3.7/site-packages/airflow/example_dags/example_sensors.py for tasks to queue
[2023-02-27T19:56:25.524+0000] {logging_mixin.py:137} INFO - [2023-02-27T19:56:25.524+0000] {dagbag.py:538} INFO - Filling up the DagBag from /home/airflow/.local/lib/python3.7/site-packages/airflow/example_dags/example_sensors.py
[2023-02-27T19:56:25.552+0000] {processor.py:753} INFO - DAG(s) dict_keys(['example_sensors']) retrieved from /home/airflow/.local/lib/python3.7/site-packages/airflow/example_dags/example_sensors.py
[2023-02-27T19:56:25.590+0000] {logging_mixin.py:137} INFO - [2023-02-27T19:56:25.589+0000] {dag.py:2690} INFO - Sync 1 DAGs
[2023-02-27T19:56:25.620+0000] {logging_mixin.py:137} INFO - [2023-02-27T19:56:25.620+0000] {dag.py:3441} INFO - Setting next_dagrun for example_sensors to None, run_after=None
[2023-02-27T19:56:25.643+0000] {processor.py:175} INFO - Processing /home/airflow/.local/lib/python3.7/site-packages/airflow/example_dags/example_sensors.py took 0.126 seconds
[2023-02-27T19:56:56.087+0000] {processor.py:153} INFO - Started process (PID=632) to work on /home/airflow/.local/lib/python3.7/site-packages/airflow/example_dags/example_sensors.py
[2023-02-27T19:56:56.089+0000] {processor.py:743} INFO - Processing file /home/airflow/.local/lib/python3.7/site-packages/airflow/example_dags/example_sensors.py for tasks to queue
[2023-02-27T19:56:56.089+0000] {logging_mixin.py:137} INFO - [2023-02-27T19:56:56.089+0000] {dagbag.py:538} INFO - Filling up the DagBag from /home/airflow/.local/lib/python3.7/site-packages/airflow/example_dags/example_sensors.py
[2023-02-27T19:56:56.127+0000] {processor.py:753} INFO - DAG(s) dict_keys(['example_sensors']) retrieved from /home/airflow/.local/lib/python3.7/site-packages/airflow/example_dags/example_sensors.py
[2023-02-27T19:56:56.177+0000] {logging_mixin.py:137} INFO - [2023-02-27T19:56:56.177+0000] {dag.py:2690} INFO - Sync 1 DAGs
[2023-02-27T19:56:56.221+0000] {logging_mixin.py:137} INFO - [2023-02-27T19:56:56.221+0000] {dag.py:3441} INFO - Setting next_dagrun for example_sensors to None, run_after=None
[2023-02-27T19:56:56.273+0000] {processor.py:175} INFO - Processing /home/airflow/.local/lib/python3.7/site-packages/airflow/example_dags/example_sensors.py took 0.191 seconds
[2023-02-27T19:57:26.647+0000] {processor.py:153} INFO - Started process (PID=707) to work on /home/airflow/.local/lib/python3.7/site-packages/airflow/example_dags/example_sensors.py
[2023-02-27T19:57:26.649+0000] {processor.py:743} INFO - Processing file /home/airflow/.local/lib/python3.7/site-packages/airflow/example_dags/example_sensors.py for tasks to queue
[2023-02-27T19:57:26.650+0000] {logging_mixin.py:137} INFO - [2023-02-27T19:57:26.650+0000] {dagbag.py:538} INFO - Filling up the DagBag from /home/airflow/.local/lib/python3.7/site-packages/airflow/example_dags/example_sensors.py
[2023-02-27T19:57:26.695+0000] {processor.py:753} INFO - DAG(s) dict_keys(['example_sensors']) retrieved from /home/airflow/.local/lib/python3.7/site-packages/airflow/example_dags/example_sensors.py
[2023-02-27T19:57:26.738+0000] {logging_mixin.py:137} INFO - [2023-02-27T19:57:26.737+0000] {dag.py:2690} INFO - Sync 1 DAGs
[2023-02-27T19:57:26.791+0000] {logging_mixin.py:137} INFO - [2023-02-27T19:57:26.791+0000] {dag.py:3441} INFO - Setting next_dagrun for example_sensors to None, run_after=None
[2023-02-27T19:57:26.821+0000] {processor.py:175} INFO - Processing /home/airflow/.local/lib/python3.7/site-packages/airflow/example_dags/example_sensors.py took 0.178 seconds
[2023-02-27T19:57:56.900+0000] {processor.py:153} INFO - Started process (PID=775) to work on /home/airflow/.local/lib/python3.7/site-packages/airflow/example_dags/example_sensors.py
[2023-02-27T19:57:56.901+0000] {processor.py:743} INFO - Processing file /home/airflow/.local/lib/python3.7/site-packages/airflow/example_dags/example_sensors.py for tasks to queue
[2023-02-27T19:57:56.902+0000] {logging_mixin.py:137} INFO - [2023-02-27T19:57:56.902+0000] {dagbag.py:538} INFO - Filling up the DagBag from /home/airflow/.local/lib/python3.7/site-packages/airflow/example_dags/example_sensors.py
[2023-02-27T19:57:56.921+0000] {processor.py:753} INFO - DAG(s) dict_keys(['example_sensors']) retrieved from /home/airflow/.local/lib/python3.7/site-packages/airflow/example_dags/example_sensors.py
[2023-02-27T19:57:56.950+0000] {logging_mixin.py:137} INFO - [2023-02-27T19:57:56.950+0000] {dag.py:2690} INFO - Sync 1 DAGs
[2023-02-27T19:57:56.979+0000] {logging_mixin.py:137} INFO - [2023-02-27T19:57:56.979+0000] {dag.py:3441} INFO - Setting next_dagrun for example_sensors to None, run_after=None
[2023-02-27T19:57:57.002+0000] {processor.py:175} INFO - Processing /home/airflow/.local/lib/python3.7/site-packages/airflow/example_dags/example_sensors.py took 0.106 seconds
[2023-02-27T19:58:28.019+0000] {processor.py:153} INFO - Started process (PID=852) to work on /home/airflow/.local/lib/python3.7/site-packages/airflow/example_dags/example_sensors.py
[2023-02-27T19:58:28.022+0000] {processor.py:743} INFO - Processing file /home/airflow/.local/lib/python3.7/site-packages/airflow/example_dags/example_sensors.py for tasks to queue
[2023-02-27T19:58:28.023+0000] {logging_mixin.py:137} INFO - [2023-02-27T19:58:28.023+0000] {dagbag.py:538} INFO - Filling up the DagBag from /home/airflow/.local/lib/python3.7/site-packages/airflow/example_dags/example_sensors.py
[2023-02-27T19:58:28.047+0000] {processor.py:753} INFO - DAG(s) dict_keys(['example_sensors']) retrieved from /home/airflow/.local/lib/python3.7/site-packages/airflow/example_dags/example_sensors.py
[2023-02-27T19:58:28.083+0000] {logging_mixin.py:137} INFO - [2023-02-27T19:58:28.083+0000] {dag.py:2690} INFO - Sync 1 DAGs
[2023-02-27T19:58:28.140+0000] {logging_mixin.py:137} INFO - [2023-02-27T19:58:28.140+0000] {dag.py:3441} INFO - Setting next_dagrun for example_sensors to None, run_after=None
[2023-02-27T19:58:28.194+0000] {processor.py:175} INFO - Processing /home/airflow/.local/lib/python3.7/site-packages/airflow/example_dags/example_sensors.py took 0.179 seconds
[2023-02-27T19:58:58.317+0000] {processor.py:153} INFO - Started process (PID=925) to work on /home/airflow/.local/lib/python3.7/site-packages/airflow/example_dags/example_sensors.py
[2023-02-27T19:58:58.318+0000] {processor.py:743} INFO - Processing file /home/airflow/.local/lib/python3.7/site-packages/airflow/example_dags/example_sensors.py for tasks to queue
[2023-02-27T19:58:58.319+0000] {logging_mixin.py:137} INFO - [2023-02-27T19:58:58.318+0000] {dagbag.py:538} INFO - Filling up the DagBag from /home/airflow/.local/lib/python3.7/site-packages/airflow/example_dags/example_sensors.py
[2023-02-27T19:58:58.341+0000] {processor.py:753} INFO - DAG(s) dict_keys(['example_sensors']) retrieved from /home/airflow/.local/lib/python3.7/site-packages/airflow/example_dags/example_sensors.py
[2023-02-27T19:58:58.370+0000] {logging_mixin.py:137} INFO - [2023-02-27T19:58:58.369+0000] {dag.py:2690} INFO - Sync 1 DAGs
[2023-02-27T19:58:58.397+0000] {logging_mixin.py:137} INFO - [2023-02-27T19:58:58.397+0000] {dag.py:3441} INFO - Setting next_dagrun for example_sensors to None, run_after=None
[2023-02-27T19:58:58.422+0000] {processor.py:175} INFO - Processing /home/airflow/.local/lib/python3.7/site-packages/airflow/example_dags/example_sensors.py took 0.109 seconds
[2023-02-27T19:59:28.754+0000] {processor.py:153} INFO - Started process (PID=993) to work on /home/airflow/.local/lib/python3.7/site-packages/airflow/example_dags/example_sensors.py
[2023-02-27T19:59:28.755+0000] {processor.py:743} INFO - Processing file /home/airflow/.local/lib/python3.7/site-packages/airflow/example_dags/example_sensors.py for tasks to queue
[2023-02-27T19:59:28.756+0000] {logging_mixin.py:137} INFO - [2023-02-27T19:59:28.756+0000] {dagbag.py:538} INFO - Filling up the DagBag from /home/airflow/.local/lib/python3.7/site-packages/airflow/example_dags/example_sensors.py
[2023-02-27T19:59:28.776+0000] {processor.py:753} INFO - DAG(s) dict_keys(['example_sensors']) retrieved from /home/airflow/.local/lib/python3.7/site-packages/airflow/example_dags/example_sensors.py
[2023-02-27T19:59:28.808+0000] {logging_mixin.py:137} INFO - [2023-02-27T19:59:28.807+0000] {dag.py:2690} INFO - Sync 1 DAGs
[2023-02-27T19:59:28.836+0000] {logging_mixin.py:137} INFO - [2023-02-27T19:59:28.836+0000] {dag.py:3441} INFO - Setting next_dagrun for example_sensors to None, run_after=None
[2023-02-27T19:59:28.859+0000] {processor.py:175} INFO - Processing /home/airflow/.local/lib/python3.7/site-packages/airflow/example_dags/example_sensors.py took 0.109 seconds
[2023-02-27T19:59:59.078+0000] {processor.py:153} INFO - Started process (PID=1075) to work on /home/airflow/.local/lib/python3.7/site-packages/airflow/example_dags/example_sensors.py
[2023-02-27T19:59:59.079+0000] {processor.py:743} INFO - Processing file /home/airflow/.local/lib/python3.7/site-packages/airflow/example_dags/example_sensors.py for tasks to queue
[2023-02-27T19:59:59.079+0000] {logging_mixin.py:137} INFO - [2023-02-27T19:59:59.079+0000] {dagbag.py:538} INFO - Filling up the DagBag from /home/airflow/.local/lib/python3.7/site-packages/airflow/example_dags/example_sensors.py
[2023-02-27T19:59:59.104+0000] {processor.py:753} INFO - DAG(s) dict_keys(['example_sensors']) retrieved from /home/airflow/.local/lib/python3.7/site-packages/airflow/example_dags/example_sensors.py
[2023-02-27T19:59:59.135+0000] {logging_mixin.py:137} INFO - [2023-02-27T19:59:59.135+0000] {dag.py:2690} INFO - Sync 1 DAGs
[2023-02-27T19:59:59.164+0000] {logging_mixin.py:137} INFO - [2023-02-27T19:59:59.164+0000] {dag.py:3441} INFO - Setting next_dagrun for example_sensors to None, run_after=None
[2023-02-27T19:59:59.191+0000] {processor.py:175} INFO - Processing /home/airflow/.local/lib/python3.7/site-packages/airflow/example_dags/example_sensors.py took 0.117 seconds
[2023-02-27T20:00:29.235+0000] {processor.py:153} INFO - Started process (PID=1143) to work on /home/airflow/.local/lib/python3.7/site-packages/airflow/example_dags/example_sensors.py
[2023-02-27T20:00:29.236+0000] {processor.py:743} INFO - Processing file /home/airflow/.local/lib/python3.7/site-packages/airflow/example_dags/example_sensors.py for tasks to queue
[2023-02-27T20:00:29.237+0000] {logging_mixin.py:137} INFO - [2023-02-27T20:00:29.237+0000] {dagbag.py:538} INFO - Filling up the DagBag from /home/airflow/.local/lib/python3.7/site-packages/airflow/example_dags/example_sensors.py
[2023-02-27T20:00:29.258+0000] {processor.py:753} INFO - DAG(s) dict_keys(['example_sensors']) retrieved from /home/airflow/.local/lib/python3.7/site-packages/airflow/example_dags/example_sensors.py
[2023-02-27T20:00:29.290+0000] {logging_mixin.py:137} INFO - [2023-02-27T20:00:29.290+0000] {dag.py:2690} INFO - Sync 1 DAGs
[2023-02-27T20:00:29.317+0000] {logging_mixin.py:137} INFO - [2023-02-27T20:00:29.316+0000] {dag.py:3441} INFO - Setting next_dagrun for example_sensors to None, run_after=None
[2023-02-27T20:00:29.340+0000] {processor.py:175} INFO - Processing /home/airflow/.local/lib/python3.7/site-packages/airflow/example_dags/example_sensors.py took 0.109 seconds
[2023-02-27T20:01:00.385+0000] {processor.py:153} INFO - Started process (PID=1210) to work on /home/airflow/.local/lib/python3.7/site-packages/airflow/example_dags/example_sensors.py
[2023-02-27T20:01:00.388+0000] {processor.py:743} INFO - Processing file /home/airflow/.local/lib/python3.7/site-packages/airflow/example_dags/example_sensors.py for tasks to queue
[2023-02-27T20:01:00.392+0000] {logging_mixin.py:137} INFO - [2023-02-27T20:01:00.391+0000] {dagbag.py:538} INFO - Filling up the DagBag from /home/airflow/.local/lib/python3.7/site-packages/airflow/example_dags/example_sensors.py
[2023-02-27T20:01:00.433+0000] {processor.py:753} INFO - DAG(s) dict_keys(['example_sensors']) retrieved from /home/airflow/.local/lib/python3.7/site-packages/airflow/example_dags/example_sensors.py
[2023-02-27T20:01:00.496+0000] {logging_mixin.py:137} INFO - [2023-02-27T20:01:00.496+0000] {dag.py:2690} INFO - Sync 1 DAGs
[2023-02-27T20:01:00.553+0000] {logging_mixin.py:137} INFO - [2023-02-27T20:01:00.552+0000] {dag.py:3441} INFO - Setting next_dagrun for example_sensors to None, run_after=None
[2023-02-27T20:01:00.633+0000] {processor.py:175} INFO - Processing /home/airflow/.local/lib/python3.7/site-packages/airflow/example_dags/example_sensors.py took 0.253 seconds
[2023-02-27T20:01:30.830+0000] {processor.py:153} INFO - Started process (PID=1292) to work on /home/airflow/.local/lib/python3.7/site-packages/airflow/example_dags/example_sensors.py
[2023-02-27T20:01:30.831+0000] {processor.py:743} INFO - Processing file /home/airflow/.local/lib/python3.7/site-packages/airflow/example_dags/example_sensors.py for tasks to queue
[2023-02-27T20:01:30.832+0000] {logging_mixin.py:137} INFO - [2023-02-27T20:01:30.832+0000] {dagbag.py:538} INFO - Filling up the DagBag from /home/airflow/.local/lib/python3.7/site-packages/airflow/example_dags/example_sensors.py
[2023-02-27T20:01:30.854+0000] {processor.py:753} INFO - DAG(s) dict_keys(['example_sensors']) retrieved from /home/airflow/.local/lib/python3.7/site-packages/airflow/example_dags/example_sensors.py
[2023-02-27T20:01:30.884+0000] {logging_mixin.py:137} INFO - [2023-02-27T20:01:30.884+0000] {dag.py:2690} INFO - Sync 1 DAGs
[2023-02-27T20:01:30.912+0000] {logging_mixin.py:137} INFO - [2023-02-27T20:01:30.912+0000] {dag.py:3441} INFO - Setting next_dagrun for example_sensors to None, run_after=None
[2023-02-27T20:01:30.931+0000] {processor.py:175} INFO - Processing /home/airflow/.local/lib/python3.7/site-packages/airflow/example_dags/example_sensors.py took 0.105 seconds
[2023-02-27T20:02:01.922+0000] {processor.py:153} INFO - Started process (PID=1360) to work on /home/airflow/.local/lib/python3.7/site-packages/airflow/example_dags/example_sensors.py
[2023-02-27T20:02:01.922+0000] {processor.py:743} INFO - Processing file /home/airflow/.local/lib/python3.7/site-packages/airflow/example_dags/example_sensors.py for tasks to queue
[2023-02-27T20:02:01.923+0000] {logging_mixin.py:137} INFO - [2023-02-27T20:02:01.923+0000] {dagbag.py:538} INFO - Filling up the DagBag from /home/airflow/.local/lib/python3.7/site-packages/airflow/example_dags/example_sensors.py
[2023-02-27T20:02:01.944+0000] {processor.py:753} INFO - DAG(s) dict_keys(['example_sensors']) retrieved from /home/airflow/.local/lib/python3.7/site-packages/airflow/example_dags/example_sensors.py
[2023-02-27T20:02:01.974+0000] {logging_mixin.py:137} INFO - [2023-02-27T20:02:01.973+0000] {dag.py:2690} INFO - Sync 1 DAGs
[2023-02-27T20:02:02.002+0000] {logging_mixin.py:137} INFO - [2023-02-27T20:02:02.001+0000] {dag.py:3441} INFO - Setting next_dagrun for example_sensors to None, run_after=None
[2023-02-27T20:02:02.026+0000] {processor.py:175} INFO - Processing /home/airflow/.local/lib/python3.7/site-packages/airflow/example_dags/example_sensors.py took 0.107 seconds
[2023-02-27T20:02:32.903+0000] {processor.py:153} INFO - Started process (PID=1428) to work on /home/airflow/.local/lib/python3.7/site-packages/airflow/example_dags/example_sensors.py
[2023-02-27T20:02:32.905+0000] {processor.py:743} INFO - Processing file /home/airflow/.local/lib/python3.7/site-packages/airflow/example_dags/example_sensors.py for tasks to queue
[2023-02-27T20:02:32.907+0000] {logging_mixin.py:137} INFO - [2023-02-27T20:02:32.906+0000] {dagbag.py:538} INFO - Filling up the DagBag from /home/airflow/.local/lib/python3.7/site-packages/airflow/example_dags/example_sensors.py
[2023-02-27T20:02:32.932+0000] {processor.py:753} INFO - DAG(s) dict_keys(['example_sensors']) retrieved from /home/airflow/.local/lib/python3.7/site-packages/airflow/example_dags/example_sensors.py
[2023-02-27T20:02:32.971+0000] {logging_mixin.py:137} INFO - [2023-02-27T20:02:32.971+0000] {dag.py:2690} INFO - Sync 1 DAGs
[2023-02-27T20:02:33.015+0000] {logging_mixin.py:137} INFO - [2023-02-27T20:02:33.015+0000] {dag.py:3441} INFO - Setting next_dagrun for example_sensors to None, run_after=None
[2023-02-27T20:02:33.047+0000] {processor.py:175} INFO - Processing /home/airflow/.local/lib/python3.7/site-packages/airflow/example_dags/example_sensors.py took 0.147 seconds
[2023-02-27T20:03:03.512+0000] {processor.py:153} INFO - Started process (PID=1509) to work on /home/airflow/.local/lib/python3.7/site-packages/airflow/example_dags/example_sensors.py
[2023-02-27T20:03:03.513+0000] {processor.py:743} INFO - Processing file /home/airflow/.local/lib/python3.7/site-packages/airflow/example_dags/example_sensors.py for tasks to queue
[2023-02-27T20:03:03.514+0000] {logging_mixin.py:137} INFO - [2023-02-27T20:03:03.514+0000] {dagbag.py:538} INFO - Filling up the DagBag from /home/airflow/.local/lib/python3.7/site-packages/airflow/example_dags/example_sensors.py
[2023-02-27T20:03:03.549+0000] {processor.py:753} INFO - DAG(s) dict_keys(['example_sensors']) retrieved from /home/airflow/.local/lib/python3.7/site-packages/airflow/example_dags/example_sensors.py
[2023-02-27T20:03:03.577+0000] {logging_mixin.py:137} INFO - [2023-02-27T20:03:03.577+0000] {dag.py:2690} INFO - Sync 1 DAGs
[2023-02-27T20:03:03.606+0000] {logging_mixin.py:137} INFO - [2023-02-27T20:03:03.605+0000] {dag.py:3441} INFO - Setting next_dagrun for example_sensors to None, run_after=None
[2023-02-27T20:03:03.628+0000] {processor.py:175} INFO - Processing /home/airflow/.local/lib/python3.7/site-packages/airflow/example_dags/example_sensors.py took 0.119 seconds
[2023-02-27T20:03:34.071+0000] {processor.py:153} INFO - Started process (PID=1576) to work on /home/airflow/.local/lib/python3.7/site-packages/airflow/example_dags/example_sensors.py
[2023-02-27T20:03:34.072+0000] {processor.py:743} INFO - Processing file /home/airflow/.local/lib/python3.7/site-packages/airflow/example_dags/example_sensors.py for tasks to queue
[2023-02-27T20:03:34.073+0000] {logging_mixin.py:137} INFO - [2023-02-27T20:03:34.073+0000] {dagbag.py:538} INFO - Filling up the DagBag from /home/airflow/.local/lib/python3.7/site-packages/airflow/example_dags/example_sensors.py
[2023-02-27T20:03:34.096+0000] {processor.py:753} INFO - DAG(s) dict_keys(['example_sensors']) retrieved from /home/airflow/.local/lib/python3.7/site-packages/airflow/example_dags/example_sensors.py
[2023-02-27T20:03:34.127+0000] {logging_mixin.py:137} INFO - [2023-02-27T20:03:34.127+0000] {dag.py:2690} INFO - Sync 1 DAGs
[2023-02-27T20:03:34.162+0000] {logging_mixin.py:137} INFO - [2023-02-27T20:03:34.162+0000] {dag.py:3441} INFO - Setting next_dagrun for example_sensors to None, run_after=None
[2023-02-27T20:03:34.185+0000] {processor.py:175} INFO - Processing /home/airflow/.local/lib/python3.7/site-packages/airflow/example_dags/example_sensors.py took 0.117 seconds
[2023-02-27T20:04:04.451+0000] {processor.py:153} INFO - Started process (PID=1654) to work on /home/airflow/.local/lib/python3.7/site-packages/airflow/example_dags/example_sensors.py
[2023-02-27T20:04:04.465+0000] {processor.py:743} INFO - Processing file /home/airflow/.local/lib/python3.7/site-packages/airflow/example_dags/example_sensors.py for tasks to queue
[2023-02-27T20:04:04.465+0000] {logging_mixin.py:137} INFO - [2023-02-27T20:04:04.465+0000] {dagbag.py:538} INFO - Filling up the DagBag from /home/airflow/.local/lib/python3.7/site-packages/airflow/example_dags/example_sensors.py
[2023-02-27T20:04:04.531+0000] {processor.py:753} INFO - DAG(s) dict_keys(['example_sensors']) retrieved from /home/airflow/.local/lib/python3.7/site-packages/airflow/example_dags/example_sensors.py
[2023-02-27T20:04:04.572+0000] {logging_mixin.py:137} INFO - [2023-02-27T20:04:04.571+0000] {dag.py:2690} INFO - Sync 1 DAGs
[2023-02-27T20:04:04.602+0000] {logging_mixin.py:137} INFO - [2023-02-27T20:04:04.601+0000] {dag.py:3441} INFO - Setting next_dagrun for example_sensors to None, run_after=None
[2023-02-27T20:04:04.625+0000] {processor.py:175} INFO - Processing /home/airflow/.local/lib/python3.7/site-packages/airflow/example_dags/example_sensors.py took 0.178 seconds
[2023-02-27T20:04:34.746+0000] {processor.py:153} INFO - Started process (PID=1728) to work on /home/airflow/.local/lib/python3.7/site-packages/airflow/example_dags/example_sensors.py
[2023-02-27T20:04:34.747+0000] {processor.py:743} INFO - Processing file /home/airflow/.local/lib/python3.7/site-packages/airflow/example_dags/example_sensors.py for tasks to queue
[2023-02-27T20:04:34.748+0000] {logging_mixin.py:137} INFO - [2023-02-27T20:04:34.748+0000] {dagbag.py:538} INFO - Filling up the DagBag from /home/airflow/.local/lib/python3.7/site-packages/airflow/example_dags/example_sensors.py
[2023-02-27T20:04:34.774+0000] {processor.py:753} INFO - DAG(s) dict_keys(['example_sensors']) retrieved from /home/airflow/.local/lib/python3.7/site-packages/airflow/example_dags/example_sensors.py
[2023-02-27T20:04:34.816+0000] {logging_mixin.py:137} INFO - [2023-02-27T20:04:34.816+0000] {dag.py:2690} INFO - Sync 1 DAGs
[2023-02-27T20:04:34.846+0000] {logging_mixin.py:137} INFO - [2023-02-27T20:04:34.846+0000] {dag.py:3441} INFO - Setting next_dagrun for example_sensors to None, run_after=None
[2023-02-27T20:04:34.872+0000] {processor.py:175} INFO - Processing /home/airflow/.local/lib/python3.7/site-packages/airflow/example_dags/example_sensors.py took 0.131 seconds
[2023-02-27T20:05:06.271+0000] {processor.py:153} INFO - Started process (PID=1796) to work on /home/airflow/.local/lib/python3.7/site-packages/airflow/example_dags/example_sensors.py
[2023-02-27T20:05:06.273+0000] {processor.py:743} INFO - Processing file /home/airflow/.local/lib/python3.7/site-packages/airflow/example_dags/example_sensors.py for tasks to queue
[2023-02-27T20:05:06.274+0000] {logging_mixin.py:137} INFO - [2023-02-27T20:05:06.274+0000] {dagbag.py:538} INFO - Filling up the DagBag from /home/airflow/.local/lib/python3.7/site-packages/airflow/example_dags/example_sensors.py
[2023-02-27T20:05:06.303+0000] {processor.py:753} INFO - DAG(s) dict_keys(['example_sensors']) retrieved from /home/airflow/.local/lib/python3.7/site-packages/airflow/example_dags/example_sensors.py
[2023-02-27T20:05:06.346+0000] {logging_mixin.py:137} INFO - [2023-02-27T20:05:06.345+0000] {dag.py:2690} INFO - Sync 1 DAGs
[2023-02-27T20:05:06.384+0000] {logging_mixin.py:137} INFO - [2023-02-27T20:05:06.384+0000] {dag.py:3441} INFO - Setting next_dagrun for example_sensors to None, run_after=None
[2023-02-27T20:05:06.412+0000] {processor.py:175} INFO - Processing /home/airflow/.local/lib/python3.7/site-packages/airflow/example_dags/example_sensors.py took 0.144 seconds
[2023-02-27T20:05:36.974+0000] {processor.py:153} INFO - Started process (PID=1867) to work on /home/airflow/.local/lib/python3.7/site-packages/airflow/example_dags/example_sensors.py
[2023-02-27T20:05:36.976+0000] {processor.py:743} INFO - Processing file /home/airflow/.local/lib/python3.7/site-packages/airflow/example_dags/example_sensors.py for tasks to queue
[2023-02-27T20:05:36.977+0000] {logging_mixin.py:137} INFO - [2023-02-27T20:05:36.976+0000] {dagbag.py:538} INFO - Filling up the DagBag from /home/airflow/.local/lib/python3.7/site-packages/airflow/example_dags/example_sensors.py
[2023-02-27T20:05:36.996+0000] {processor.py:753} INFO - DAG(s) dict_keys(['example_sensors']) retrieved from /home/airflow/.local/lib/python3.7/site-packages/airflow/example_dags/example_sensors.py
[2023-02-27T20:05:37.040+0000] {logging_mixin.py:137} INFO - [2023-02-27T20:05:37.040+0000] {dag.py:2690} INFO - Sync 1 DAGs
[2023-02-27T20:05:37.069+0000] {logging_mixin.py:137} INFO - [2023-02-27T20:05:37.069+0000] {dag.py:3441} INFO - Setting next_dagrun for example_sensors to None, run_after=None
[2023-02-27T20:05:37.092+0000] {processor.py:175} INFO - Processing /home/airflow/.local/lib/python3.7/site-packages/airflow/example_dags/example_sensors.py took 0.120 seconds
[2023-02-27T20:06:07.383+0000] {processor.py:153} INFO - Started process (PID=1935) to work on /home/airflow/.local/lib/python3.7/site-packages/airflow/example_dags/example_sensors.py
[2023-02-27T20:06:07.384+0000] {processor.py:743} INFO - Processing file /home/airflow/.local/lib/python3.7/site-packages/airflow/example_dags/example_sensors.py for tasks to queue
[2023-02-27T20:06:07.387+0000] {logging_mixin.py:137} INFO - [2023-02-27T20:06:07.387+0000] {dagbag.py:538} INFO - Filling up the DagBag from /home/airflow/.local/lib/python3.7/site-packages/airflow/example_dags/example_sensors.py
[2023-02-27T20:06:07.411+0000] {processor.py:753} INFO - DAG(s) dict_keys(['example_sensors']) retrieved from /home/airflow/.local/lib/python3.7/site-packages/airflow/example_dags/example_sensors.py
[2023-02-27T20:06:07.448+0000] {logging_mixin.py:137} INFO - [2023-02-27T20:06:07.447+0000] {dag.py:2690} INFO - Sync 1 DAGs
[2023-02-27T20:06:07.478+0000] {logging_mixin.py:137} INFO - [2023-02-27T20:06:07.478+0000] {dag.py:3441} INFO - Setting next_dagrun for example_sensors to None, run_after=None
[2023-02-27T20:06:07.507+0000] {processor.py:175} INFO - Processing /home/airflow/.local/lib/python3.7/site-packages/airflow/example_dags/example_sensors.py took 0.127 seconds
[2023-02-27T20:06:38.135+0000] {processor.py:153} INFO - Started process (PID=2017) to work on /home/airflow/.local/lib/python3.7/site-packages/airflow/example_dags/example_sensors.py
[2023-02-27T20:06:38.138+0000] {processor.py:743} INFO - Processing file /home/airflow/.local/lib/python3.7/site-packages/airflow/example_dags/example_sensors.py for tasks to queue
[2023-02-27T20:06:38.139+0000] {logging_mixin.py:137} INFO - [2023-02-27T20:06:38.139+0000] {dagbag.py:538} INFO - Filling up the DagBag from /home/airflow/.local/lib/python3.7/site-packages/airflow/example_dags/example_sensors.py
[2023-02-27T20:06:38.173+0000] {processor.py:753} INFO - DAG(s) dict_keys(['example_sensors']) retrieved from /home/airflow/.local/lib/python3.7/site-packages/airflow/example_dags/example_sensors.py
[2023-02-27T20:06:38.229+0000] {logging_mixin.py:137} INFO - [2023-02-27T20:06:38.229+0000] {dag.py:2690} INFO - Sync 1 DAGs
[2023-02-27T20:06:38.271+0000] {logging_mixin.py:137} INFO - [2023-02-27T20:06:38.271+0000] {dag.py:3441} INFO - Setting next_dagrun for example_sensors to None, run_after=None
[2023-02-27T20:06:38.328+0000] {processor.py:175} INFO - Processing /home/airflow/.local/lib/python3.7/site-packages/airflow/example_dags/example_sensors.py took 0.197 seconds
[2023-02-27T20:07:09.413+0000] {processor.py:153} INFO - Started process (PID=2089) to work on /home/airflow/.local/lib/python3.7/site-packages/airflow/example_dags/example_sensors.py
[2023-02-27T20:07:09.414+0000] {processor.py:743} INFO - Processing file /home/airflow/.local/lib/python3.7/site-packages/airflow/example_dags/example_sensors.py for tasks to queue
[2023-02-27T20:07:09.417+0000] {logging_mixin.py:137} INFO - [2023-02-27T20:07:09.416+0000] {dagbag.py:538} INFO - Filling up the DagBag from /home/airflow/.local/lib/python3.7/site-packages/airflow/example_dags/example_sensors.py
[2023-02-27T20:07:09.443+0000] {processor.py:753} INFO - DAG(s) dict_keys(['example_sensors']) retrieved from /home/airflow/.local/lib/python3.7/site-packages/airflow/example_dags/example_sensors.py
[2023-02-27T20:07:09.483+0000] {logging_mixin.py:137} INFO - [2023-02-27T20:07:09.483+0000] {dag.py:2690} INFO - Sync 1 DAGs
[2023-02-27T20:07:09.538+0000] {logging_mixin.py:137} INFO - [2023-02-27T20:07:09.537+0000] {dag.py:3441} INFO - Setting next_dagrun for example_sensors to None, run_after=None
[2023-02-27T20:07:09.564+0000] {processor.py:175} INFO - Processing /home/airflow/.local/lib/python3.7/site-packages/airflow/example_dags/example_sensors.py took 0.162 seconds
[2023-02-27T20:07:39.817+0000] {processor.py:153} INFO - Started process (PID=2157) to work on /home/airflow/.local/lib/python3.7/site-packages/airflow/example_dags/example_sensors.py
[2023-02-27T20:07:39.819+0000] {processor.py:743} INFO - Processing file /home/airflow/.local/lib/python3.7/site-packages/airflow/example_dags/example_sensors.py for tasks to queue
[2023-02-27T20:07:39.819+0000] {logging_mixin.py:137} INFO - [2023-02-27T20:07:39.819+0000] {dagbag.py:538} INFO - Filling up the DagBag from /home/airflow/.local/lib/python3.7/site-packages/airflow/example_dags/example_sensors.py
[2023-02-27T20:07:39.849+0000] {processor.py:753} INFO - DAG(s) dict_keys(['example_sensors']) retrieved from /home/airflow/.local/lib/python3.7/site-packages/airflow/example_dags/example_sensors.py
[2023-02-27T20:07:39.891+0000] {logging_mixin.py:137} INFO - [2023-02-27T20:07:39.891+0000] {dag.py:2690} INFO - Sync 1 DAGs
[2023-02-27T20:07:39.936+0000] {logging_mixin.py:137} INFO - [2023-02-27T20:07:39.936+0000] {dag.py:3441} INFO - Setting next_dagrun for example_sensors to None, run_after=None
[2023-02-27T20:07:39.971+0000] {processor.py:175} INFO - Processing /home/airflow/.local/lib/python3.7/site-packages/airflow/example_dags/example_sensors.py took 0.158 seconds
