[2023-02-27T19:12:31.555+0000] {processor.py:153} INFO - Started process (PID=58) to work on /home/airflow/.local/lib/python3.7/site-packages/airflow/example_dags/tutorial.py
[2023-02-27T19:12:31.557+0000] {processor.py:743} INFO - Processing file /home/airflow/.local/lib/python3.7/site-packages/airflow/example_dags/tutorial.py for tasks to queue
[2023-02-27T19:12:31.559+0000] {logging_mixin.py:137} INFO - [2023-02-27T19:12:31.558+0000] {dagbag.py:538} INFO - Filling up the DagBag from /home/airflow/.local/lib/python3.7/site-packages/airflow/example_dags/tutorial.py
[2023-02-27T19:12:31.593+0000] {processor.py:753} INFO - DAG(s) dict_keys(['tutorial']) retrieved from /home/airflow/.local/lib/python3.7/site-packages/airflow/example_dags/tutorial.py
[2023-02-27T19:12:31.619+0000] {logging_mixin.py:137} INFO - [2023-02-27T19:12:31.619+0000] {dag.py:2690} INFO - Sync 1 DAGs
[2023-02-27T19:12:31.676+0000] {logging_mixin.py:137} INFO - [2023-02-27T19:12:31.675+0000] {dag.py:3441} INFO - Setting next_dagrun for tutorial to 2023-02-26T19:12:31.675678+00:00, run_after=2023-02-27T19:12:31.675678+00:00
[2023-02-27T19:12:31.733+0000] {processor.py:175} INFO - Processing /home/airflow/.local/lib/python3.7/site-packages/airflow/example_dags/tutorial.py took 0.184 seconds
[2023-02-27T19:14:12.043+0000] {processor.py:153} INFO - Started process (PID=58) to work on /home/airflow/.local/lib/python3.7/site-packages/airflow/example_dags/tutorial.py
[2023-02-27T19:14:12.044+0000] {processor.py:743} INFO - Processing file /home/airflow/.local/lib/python3.7/site-packages/airflow/example_dags/tutorial.py for tasks to queue
[2023-02-27T19:14:12.046+0000] {logging_mixin.py:137} INFO - [2023-02-27T19:14:12.046+0000] {dagbag.py:538} INFO - Filling up the DagBag from /home/airflow/.local/lib/python3.7/site-packages/airflow/example_dags/tutorial.py
[2023-02-27T19:14:12.082+0000] {processor.py:753} INFO - DAG(s) dict_keys(['tutorial']) retrieved from /home/airflow/.local/lib/python3.7/site-packages/airflow/example_dags/tutorial.py
[2023-02-27T19:14:12.310+0000] {logging_mixin.py:137} INFO - [2023-02-27T19:14:12.310+0000] {manager.py:504} INFO - Created Permission View: can delete on DAG:tutorial
[2023-02-27T19:14:12.324+0000] {logging_mixin.py:137} INFO - [2023-02-27T19:14:12.324+0000] {manager.py:504} INFO - Created Permission View: can edit on DAG:tutorial
[2023-02-27T19:14:12.345+0000] {logging_mixin.py:137} INFO - [2023-02-27T19:14:12.345+0000] {manager.py:504} INFO - Created Permission View: can read on DAG:tutorial
[2023-02-27T19:14:12.345+0000] {logging_mixin.py:137} INFO - [2023-02-27T19:14:12.345+0000] {dag.py:2690} INFO - Sync 1 DAGs
[2023-02-27T19:14:12.370+0000] {logging_mixin.py:137} INFO - [2023-02-27T19:14:12.369+0000] {dag.py:2711} INFO - Creating ORM DAG for tutorial
[2023-02-27T19:14:12.401+0000] {logging_mixin.py:137} INFO - [2023-02-27T19:14:12.401+0000] {dag.py:3441} INFO - Setting next_dagrun for tutorial to 2023-02-26T19:14:12.400872+00:00, run_after=2023-02-27T19:14:12.400872+00:00
[2023-02-27T19:14:12.440+0000] {processor.py:175} INFO - Processing /home/airflow/.local/lib/python3.7/site-packages/airflow/example_dags/tutorial.py took 0.401 seconds
[2023-02-27T19:14:42.915+0000] {processor.py:153} INFO - Started process (PID=126) to work on /home/airflow/.local/lib/python3.7/site-packages/airflow/example_dags/tutorial.py
[2023-02-27T19:14:42.917+0000] {processor.py:743} INFO - Processing file /home/airflow/.local/lib/python3.7/site-packages/airflow/example_dags/tutorial.py for tasks to queue
[2023-02-27T19:14:42.918+0000] {logging_mixin.py:137} INFO - [2023-02-27T19:14:42.918+0000] {dagbag.py:538} INFO - Filling up the DagBag from /home/airflow/.local/lib/python3.7/site-packages/airflow/example_dags/tutorial.py
[2023-02-27T19:14:42.940+0000] {processor.py:753} INFO - DAG(s) dict_keys(['tutorial']) retrieved from /home/airflow/.local/lib/python3.7/site-packages/airflow/example_dags/tutorial.py
[2023-02-27T19:14:42.980+0000] {logging_mixin.py:137} INFO - [2023-02-27T19:14:42.980+0000] {dag.py:2690} INFO - Sync 1 DAGs
[2023-02-27T19:14:43.033+0000] {logging_mixin.py:137} INFO - [2023-02-27T19:14:43.033+0000] {dag.py:3441} INFO - Setting next_dagrun for tutorial to 2023-02-26T19:14:43.033032+00:00, run_after=2023-02-27T19:14:43.033032+00:00
[2023-02-27T19:14:43.069+0000] {processor.py:175} INFO - Processing /home/airflow/.local/lib/python3.7/site-packages/airflow/example_dags/tutorial.py took 0.157 seconds
[2023-02-27T19:15:13.933+0000] {processor.py:153} INFO - Started process (PID=194) to work on /home/airflow/.local/lib/python3.7/site-packages/airflow/example_dags/tutorial.py
[2023-02-27T19:15:13.934+0000] {processor.py:743} INFO - Processing file /home/airflow/.local/lib/python3.7/site-packages/airflow/example_dags/tutorial.py for tasks to queue
[2023-02-27T19:15:13.939+0000] {logging_mixin.py:137} INFO - [2023-02-27T19:15:13.939+0000] {dagbag.py:538} INFO - Filling up the DagBag from /home/airflow/.local/lib/python3.7/site-packages/airflow/example_dags/tutorial.py
[2023-02-27T19:15:13.964+0000] {processor.py:753} INFO - DAG(s) dict_keys(['tutorial']) retrieved from /home/airflow/.local/lib/python3.7/site-packages/airflow/example_dags/tutorial.py
[2023-02-27T19:15:14.009+0000] {logging_mixin.py:137} INFO - [2023-02-27T19:15:14.009+0000] {dag.py:2690} INFO - Sync 1 DAGs
[2023-02-27T19:15:14.058+0000] {logging_mixin.py:137} INFO - [2023-02-27T19:15:14.057+0000] {dag.py:3441} INFO - Setting next_dagrun for tutorial to 2023-02-26T19:15:14.057645+00:00, run_after=2023-02-27T19:15:14.057645+00:00
[2023-02-27T19:15:14.085+0000] {processor.py:175} INFO - Processing /home/airflow/.local/lib/python3.7/site-packages/airflow/example_dags/tutorial.py took 0.157 seconds
[2023-02-27T19:15:44.190+0000] {processor.py:153} INFO - Started process (PID=261) to work on /home/airflow/.local/lib/python3.7/site-packages/airflow/example_dags/tutorial.py
[2023-02-27T19:15:44.191+0000] {processor.py:743} INFO - Processing file /home/airflow/.local/lib/python3.7/site-packages/airflow/example_dags/tutorial.py for tasks to queue
[2023-02-27T19:15:44.192+0000] {logging_mixin.py:137} INFO - [2023-02-27T19:15:44.192+0000] {dagbag.py:538} INFO - Filling up the DagBag from /home/airflow/.local/lib/python3.7/site-packages/airflow/example_dags/tutorial.py
[2023-02-27T19:15:44.218+0000] {processor.py:753} INFO - DAG(s) dict_keys(['tutorial']) retrieved from /home/airflow/.local/lib/python3.7/site-packages/airflow/example_dags/tutorial.py
[2023-02-27T19:15:44.255+0000] {logging_mixin.py:137} INFO - [2023-02-27T19:15:44.255+0000] {dag.py:2690} INFO - Sync 1 DAGs
[2023-02-27T19:15:44.290+0000] {logging_mixin.py:137} INFO - [2023-02-27T19:15:44.290+0000] {dag.py:3441} INFO - Setting next_dagrun for tutorial to 2023-02-26T19:15:44.290311+00:00, run_after=2023-02-27T19:15:44.290311+00:00
[2023-02-27T19:15:44.316+0000] {processor.py:175} INFO - Processing /home/airflow/.local/lib/python3.7/site-packages/airflow/example_dags/tutorial.py took 0.130 seconds
[2023-02-27T19:16:14.469+0000] {processor.py:153} INFO - Started process (PID=329) to work on /home/airflow/.local/lib/python3.7/site-packages/airflow/example_dags/tutorial.py
[2023-02-27T19:16:14.471+0000] {processor.py:743} INFO - Processing file /home/airflow/.local/lib/python3.7/site-packages/airflow/example_dags/tutorial.py for tasks to queue
[2023-02-27T19:16:14.471+0000] {logging_mixin.py:137} INFO - [2023-02-27T19:16:14.471+0000] {dagbag.py:538} INFO - Filling up the DagBag from /home/airflow/.local/lib/python3.7/site-packages/airflow/example_dags/tutorial.py
[2023-02-27T19:16:14.500+0000] {processor.py:753} INFO - DAG(s) dict_keys(['tutorial']) retrieved from /home/airflow/.local/lib/python3.7/site-packages/airflow/example_dags/tutorial.py
[2023-02-27T19:16:14.535+0000] {logging_mixin.py:137} INFO - [2023-02-27T19:16:14.535+0000] {dag.py:2690} INFO - Sync 1 DAGs
[2023-02-27T19:16:14.571+0000] {logging_mixin.py:137} INFO - [2023-02-27T19:16:14.571+0000] {dag.py:3441} INFO - Setting next_dagrun for tutorial to 2023-02-26T19:16:14.571218+00:00, run_after=2023-02-27T19:16:14.571218+00:00
[2023-02-27T19:16:14.606+0000] {processor.py:175} INFO - Processing /home/airflow/.local/lib/python3.7/site-packages/airflow/example_dags/tutorial.py took 0.141 seconds
[2023-02-27T19:16:45.052+0000] {processor.py:153} INFO - Started process (PID=410) to work on /home/airflow/.local/lib/python3.7/site-packages/airflow/example_dags/tutorial.py
[2023-02-27T19:16:45.053+0000] {processor.py:743} INFO - Processing file /home/airflow/.local/lib/python3.7/site-packages/airflow/example_dags/tutorial.py for tasks to queue
[2023-02-27T19:16:45.062+0000] {logging_mixin.py:137} INFO - [2023-02-27T19:16:45.062+0000] {dagbag.py:538} INFO - Filling up the DagBag from /home/airflow/.local/lib/python3.7/site-packages/airflow/example_dags/tutorial.py
[2023-02-27T19:16:45.087+0000] {processor.py:753} INFO - DAG(s) dict_keys(['tutorial']) retrieved from /home/airflow/.local/lib/python3.7/site-packages/airflow/example_dags/tutorial.py
[2023-02-27T19:16:45.133+0000] {logging_mixin.py:137} INFO - [2023-02-27T19:16:45.132+0000] {dag.py:2690} INFO - Sync 1 DAGs
[2023-02-27T19:16:45.192+0000] {logging_mixin.py:137} INFO - [2023-02-27T19:16:45.191+0000] {dag.py:3441} INFO - Setting next_dagrun for tutorial to 2023-02-26T19:16:45.191235+00:00, run_after=2023-02-27T19:16:45.191235+00:00
[2023-02-27T19:16:45.238+0000] {processor.py:175} INFO - Processing /home/airflow/.local/lib/python3.7/site-packages/airflow/example_dags/tutorial.py took 0.191 seconds
[2023-02-27T19:17:15.865+0000] {processor.py:153} INFO - Started process (PID=478) to work on /home/airflow/.local/lib/python3.7/site-packages/airflow/example_dags/tutorial.py
[2023-02-27T19:17:15.866+0000] {processor.py:743} INFO - Processing file /home/airflow/.local/lib/python3.7/site-packages/airflow/example_dags/tutorial.py for tasks to queue
[2023-02-27T19:17:15.867+0000] {logging_mixin.py:137} INFO - [2023-02-27T19:17:15.867+0000] {dagbag.py:538} INFO - Filling up the DagBag from /home/airflow/.local/lib/python3.7/site-packages/airflow/example_dags/tutorial.py
[2023-02-27T19:17:15.883+0000] {processor.py:753} INFO - DAG(s) dict_keys(['tutorial']) retrieved from /home/airflow/.local/lib/python3.7/site-packages/airflow/example_dags/tutorial.py
[2023-02-27T19:17:15.920+0000] {logging_mixin.py:137} INFO - [2023-02-27T19:17:15.920+0000] {dag.py:2690} INFO - Sync 1 DAGs
[2023-02-27T19:17:15.950+0000] {logging_mixin.py:137} INFO - [2023-02-27T19:17:15.950+0000] {dag.py:3441} INFO - Setting next_dagrun for tutorial to 2023-02-26T19:17:15.950358+00:00, run_after=2023-02-27T19:17:15.950358+00:00
[2023-02-27T19:17:15.974+0000] {processor.py:175} INFO - Processing /home/airflow/.local/lib/python3.7/site-packages/airflow/example_dags/tutorial.py took 0.112 seconds
[2023-02-27T19:17:46.174+0000] {processor.py:153} INFO - Started process (PID=546) to work on /home/airflow/.local/lib/python3.7/site-packages/airflow/example_dags/tutorial.py
[2023-02-27T19:17:46.175+0000] {processor.py:743} INFO - Processing file /home/airflow/.local/lib/python3.7/site-packages/airflow/example_dags/tutorial.py for tasks to queue
[2023-02-27T19:17:46.176+0000] {logging_mixin.py:137} INFO - [2023-02-27T19:17:46.175+0000] {dagbag.py:538} INFO - Filling up the DagBag from /home/airflow/.local/lib/python3.7/site-packages/airflow/example_dags/tutorial.py
[2023-02-27T19:17:46.211+0000] {processor.py:753} INFO - DAG(s) dict_keys(['tutorial']) retrieved from /home/airflow/.local/lib/python3.7/site-packages/airflow/example_dags/tutorial.py
[2023-02-27T19:17:46.256+0000] {logging_mixin.py:137} INFO - [2023-02-27T19:17:46.256+0000] {dag.py:2690} INFO - Sync 1 DAGs
[2023-02-27T19:17:46.310+0000] {logging_mixin.py:137} INFO - [2023-02-27T19:17:46.310+0000] {dag.py:3441} INFO - Setting next_dagrun for tutorial to 2023-02-26T19:17:46.310538+00:00, run_after=2023-02-27T19:17:46.310538+00:00
[2023-02-27T19:17:46.381+0000] {processor.py:175} INFO - Processing /home/airflow/.local/lib/python3.7/site-packages/airflow/example_dags/tutorial.py took 0.213 seconds
[2023-02-27T19:18:16.620+0000] {processor.py:153} INFO - Started process (PID=627) to work on /home/airflow/.local/lib/python3.7/site-packages/airflow/example_dags/tutorial.py
[2023-02-27T19:18:16.621+0000] {processor.py:743} INFO - Processing file /home/airflow/.local/lib/python3.7/site-packages/airflow/example_dags/tutorial.py for tasks to queue
[2023-02-27T19:18:16.622+0000] {logging_mixin.py:137} INFO - [2023-02-27T19:18:16.622+0000] {dagbag.py:538} INFO - Filling up the DagBag from /home/airflow/.local/lib/python3.7/site-packages/airflow/example_dags/tutorial.py
[2023-02-27T19:18:16.647+0000] {processor.py:753} INFO - DAG(s) dict_keys(['tutorial']) retrieved from /home/airflow/.local/lib/python3.7/site-packages/airflow/example_dags/tutorial.py
[2023-02-27T19:18:16.699+0000] {logging_mixin.py:137} INFO - [2023-02-27T19:18:16.699+0000] {dag.py:2690} INFO - Sync 1 DAGs
[2023-02-27T19:18:16.757+0000] {logging_mixin.py:137} INFO - [2023-02-27T19:18:16.756+0000] {dag.py:3441} INFO - Setting next_dagrun for tutorial to 2023-02-26T19:18:16.756092+00:00, run_after=2023-02-27T19:18:16.756092+00:00
[2023-02-27T19:18:16.823+0000] {processor.py:175} INFO - Processing /home/airflow/.local/lib/python3.7/site-packages/airflow/example_dags/tutorial.py took 0.208 seconds
[2023-02-27T19:18:47.912+0000] {processor.py:153} INFO - Started process (PID=695) to work on /home/airflow/.local/lib/python3.7/site-packages/airflow/example_dags/tutorial.py
[2023-02-27T19:18:47.917+0000] {processor.py:743} INFO - Processing file /home/airflow/.local/lib/python3.7/site-packages/airflow/example_dags/tutorial.py for tasks to queue
[2023-02-27T19:18:47.918+0000] {logging_mixin.py:137} INFO - [2023-02-27T19:18:47.918+0000] {dagbag.py:538} INFO - Filling up the DagBag from /home/airflow/.local/lib/python3.7/site-packages/airflow/example_dags/tutorial.py
[2023-02-27T19:18:47.956+0000] {processor.py:753} INFO - DAG(s) dict_keys(['tutorial']) retrieved from /home/airflow/.local/lib/python3.7/site-packages/airflow/example_dags/tutorial.py
[2023-02-27T19:18:48.031+0000] {logging_mixin.py:137} INFO - [2023-02-27T19:18:48.030+0000] {dag.py:2690} INFO - Sync 1 DAGs
[2023-02-27T19:18:48.095+0000] {logging_mixin.py:137} INFO - [2023-02-27T19:18:48.094+0000] {dag.py:3441} INFO - Setting next_dagrun for tutorial to 2023-02-26T19:18:48.093358+00:00, run_after=2023-02-27T19:18:48.093358+00:00
[2023-02-27T19:18:48.176+0000] {processor.py:175} INFO - Processing /home/airflow/.local/lib/python3.7/site-packages/airflow/example_dags/tutorial.py took 0.274 seconds
[2023-02-27T19:19:19.077+0000] {processor.py:153} INFO - Started process (PID=762) to work on /home/airflow/.local/lib/python3.7/site-packages/airflow/example_dags/tutorial.py
[2023-02-27T19:19:19.078+0000] {processor.py:743} INFO - Processing file /home/airflow/.local/lib/python3.7/site-packages/airflow/example_dags/tutorial.py for tasks to queue
[2023-02-27T19:19:19.079+0000] {logging_mixin.py:137} INFO - [2023-02-27T19:19:19.079+0000] {dagbag.py:538} INFO - Filling up the DagBag from /home/airflow/.local/lib/python3.7/site-packages/airflow/example_dags/tutorial.py
[2023-02-27T19:19:19.102+0000] {processor.py:753} INFO - DAG(s) dict_keys(['tutorial']) retrieved from /home/airflow/.local/lib/python3.7/site-packages/airflow/example_dags/tutorial.py
[2023-02-27T19:19:19.135+0000] {logging_mixin.py:137} INFO - [2023-02-27T19:19:19.134+0000] {dag.py:2690} INFO - Sync 1 DAGs
[2023-02-27T19:19:19.170+0000] {logging_mixin.py:137} INFO - [2023-02-27T19:19:19.170+0000] {dag.py:3441} INFO - Setting next_dagrun for tutorial to 2023-02-26T19:19:19.170095+00:00, run_after=2023-02-27T19:19:19.170095+00:00
[2023-02-27T19:19:19.194+0000] {processor.py:175} INFO - Processing /home/airflow/.local/lib/python3.7/site-packages/airflow/example_dags/tutorial.py took 0.121 seconds
[2023-02-27T19:19:50.154+0000] {processor.py:153} INFO - Started process (PID=829) to work on /home/airflow/.local/lib/python3.7/site-packages/airflow/example_dags/tutorial.py
[2023-02-27T19:19:50.155+0000] {processor.py:743} INFO - Processing file /home/airflow/.local/lib/python3.7/site-packages/airflow/example_dags/tutorial.py for tasks to queue
[2023-02-27T19:19:50.156+0000] {logging_mixin.py:137} INFO - [2023-02-27T19:19:50.156+0000] {dagbag.py:538} INFO - Filling up the DagBag from /home/airflow/.local/lib/python3.7/site-packages/airflow/example_dags/tutorial.py
[2023-02-27T19:19:50.182+0000] {processor.py:753} INFO - DAG(s) dict_keys(['tutorial']) retrieved from /home/airflow/.local/lib/python3.7/site-packages/airflow/example_dags/tutorial.py
[2023-02-27T19:19:50.224+0000] {logging_mixin.py:137} INFO - [2023-02-27T19:19:50.224+0000] {dag.py:2690} INFO - Sync 1 DAGs
[2023-02-27T19:19:50.271+0000] {logging_mixin.py:137} INFO - [2023-02-27T19:19:50.271+0000] {dag.py:3441} INFO - Setting next_dagrun for tutorial to 2023-02-26T19:19:50.271421+00:00, run_after=2023-02-27T19:19:50.271421+00:00
[2023-02-27T19:19:50.339+0000] {processor.py:175} INFO - Processing /home/airflow/.local/lib/python3.7/site-packages/airflow/example_dags/tutorial.py took 0.192 seconds
[2023-02-27T19:20:20.450+0000] {processor.py:153} INFO - Started process (PID=904) to work on /home/airflow/.local/lib/python3.7/site-packages/airflow/example_dags/tutorial.py
[2023-02-27T19:20:20.451+0000] {processor.py:743} INFO - Processing file /home/airflow/.local/lib/python3.7/site-packages/airflow/example_dags/tutorial.py for tasks to queue
[2023-02-27T19:20:20.452+0000] {logging_mixin.py:137} INFO - [2023-02-27T19:20:20.452+0000] {dagbag.py:538} INFO - Filling up the DagBag from /home/airflow/.local/lib/python3.7/site-packages/airflow/example_dags/tutorial.py
[2023-02-27T19:20:20.470+0000] {processor.py:753} INFO - DAG(s) dict_keys(['tutorial']) retrieved from /home/airflow/.local/lib/python3.7/site-packages/airflow/example_dags/tutorial.py
[2023-02-27T19:20:20.506+0000] {logging_mixin.py:137} INFO - [2023-02-27T19:20:20.506+0000] {dag.py:2690} INFO - Sync 1 DAGs
[2023-02-27T19:20:20.543+0000] {logging_mixin.py:137} INFO - [2023-02-27T19:20:20.543+0000] {dag.py:3441} INFO - Setting next_dagrun for tutorial to 2023-02-26T19:20:20.542776+00:00, run_after=2023-02-27T19:20:20.542776+00:00
[2023-02-27T19:20:20.577+0000] {processor.py:175} INFO - Processing /home/airflow/.local/lib/python3.7/site-packages/airflow/example_dags/tutorial.py took 0.132 seconds
[2023-02-27T19:20:51.012+0000] {processor.py:153} INFO - Started process (PID=978) to work on /home/airflow/.local/lib/python3.7/site-packages/airflow/example_dags/tutorial.py
[2023-02-27T19:20:51.013+0000] {processor.py:743} INFO - Processing file /home/airflow/.local/lib/python3.7/site-packages/airflow/example_dags/tutorial.py for tasks to queue
[2023-02-27T19:20:51.014+0000] {logging_mixin.py:137} INFO - [2023-02-27T19:20:51.014+0000] {dagbag.py:538} INFO - Filling up the DagBag from /home/airflow/.local/lib/python3.7/site-packages/airflow/example_dags/tutorial.py
[2023-02-27T19:20:51.033+0000] {processor.py:753} INFO - DAG(s) dict_keys(['tutorial']) retrieved from /home/airflow/.local/lib/python3.7/site-packages/airflow/example_dags/tutorial.py
[2023-02-27T19:20:51.070+0000] {logging_mixin.py:137} INFO - [2023-02-27T19:20:51.070+0000] {dag.py:2690} INFO - Sync 1 DAGs
[2023-02-27T19:20:51.109+0000] {logging_mixin.py:137} INFO - [2023-02-27T19:20:51.108+0000] {dag.py:3441} INFO - Setting next_dagrun for tutorial to 2023-02-26T19:20:51.107309+00:00, run_after=2023-02-27T19:20:51.107309+00:00
[2023-02-27T19:20:51.140+0000] {processor.py:175} INFO - Processing /home/airflow/.local/lib/python3.7/site-packages/airflow/example_dags/tutorial.py took 0.132 seconds
[2023-02-27T19:21:21.265+0000] {processor.py:153} INFO - Started process (PID=1045) to work on /home/airflow/.local/lib/python3.7/site-packages/airflow/example_dags/tutorial.py
[2023-02-27T19:21:21.267+0000] {processor.py:743} INFO - Processing file /home/airflow/.local/lib/python3.7/site-packages/airflow/example_dags/tutorial.py for tasks to queue
[2023-02-27T19:21:21.267+0000] {logging_mixin.py:137} INFO - [2023-02-27T19:21:21.267+0000] {dagbag.py:538} INFO - Filling up the DagBag from /home/airflow/.local/lib/python3.7/site-packages/airflow/example_dags/tutorial.py
[2023-02-27T19:21:21.285+0000] {processor.py:753} INFO - DAG(s) dict_keys(['tutorial']) retrieved from /home/airflow/.local/lib/python3.7/site-packages/airflow/example_dags/tutorial.py
[2023-02-27T19:21:21.322+0000] {logging_mixin.py:137} INFO - [2023-02-27T19:21:21.321+0000] {dag.py:2690} INFO - Sync 1 DAGs
[2023-02-27T19:21:21.360+0000] {logging_mixin.py:137} INFO - [2023-02-27T19:21:21.359+0000] {dag.py:3441} INFO - Setting next_dagrun for tutorial to 2023-02-26T19:21:21.359659+00:00, run_after=2023-02-27T19:21:21.359659+00:00
[2023-02-27T19:21:21.391+0000] {processor.py:175} INFO - Processing /home/airflow/.local/lib/python3.7/site-packages/airflow/example_dags/tutorial.py took 0.130 seconds
[2023-02-27T19:21:51.845+0000] {processor.py:153} INFO - Started process (PID=1126) to work on /home/airflow/.local/lib/python3.7/site-packages/airflow/example_dags/tutorial.py
[2023-02-27T19:21:51.847+0000] {processor.py:743} INFO - Processing file /home/airflow/.local/lib/python3.7/site-packages/airflow/example_dags/tutorial.py for tasks to queue
[2023-02-27T19:21:51.848+0000] {logging_mixin.py:137} INFO - [2023-02-27T19:21:51.847+0000] {dagbag.py:538} INFO - Filling up the DagBag from /home/airflow/.local/lib/python3.7/site-packages/airflow/example_dags/tutorial.py
[2023-02-27T19:21:51.872+0000] {processor.py:753} INFO - DAG(s) dict_keys(['tutorial']) retrieved from /home/airflow/.local/lib/python3.7/site-packages/airflow/example_dags/tutorial.py
[2023-02-27T19:21:51.915+0000] {logging_mixin.py:137} INFO - [2023-02-27T19:21:51.915+0000] {dag.py:2690} INFO - Sync 1 DAGs
[2023-02-27T19:21:51.951+0000] {logging_mixin.py:137} INFO - [2023-02-27T19:21:51.951+0000] {dag.py:3441} INFO - Setting next_dagrun for tutorial to 2023-02-26T19:21:51.951128+00:00, run_after=2023-02-27T19:21:51.951128+00:00
[2023-02-27T19:21:51.975+0000] {processor.py:175} INFO - Processing /home/airflow/.local/lib/python3.7/site-packages/airflow/example_dags/tutorial.py took 0.136 seconds
[2023-02-27T19:22:22.213+0000] {processor.py:153} INFO - Started process (PID=1193) to work on /home/airflow/.local/lib/python3.7/site-packages/airflow/example_dags/tutorial.py
[2023-02-27T19:22:22.214+0000] {processor.py:743} INFO - Processing file /home/airflow/.local/lib/python3.7/site-packages/airflow/example_dags/tutorial.py for tasks to queue
[2023-02-27T19:22:22.215+0000] {logging_mixin.py:137} INFO - [2023-02-27T19:22:22.215+0000] {dagbag.py:538} INFO - Filling up the DagBag from /home/airflow/.local/lib/python3.7/site-packages/airflow/example_dags/tutorial.py
[2023-02-27T19:22:22.249+0000] {processor.py:753} INFO - DAG(s) dict_keys(['tutorial']) retrieved from /home/airflow/.local/lib/python3.7/site-packages/airflow/example_dags/tutorial.py
[2023-02-27T19:22:22.286+0000] {logging_mixin.py:137} INFO - [2023-02-27T19:22:22.284+0000] {dag.py:2690} INFO - Sync 1 DAGs
[2023-02-27T19:22:22.337+0000] {logging_mixin.py:137} INFO - [2023-02-27T19:22:22.336+0000] {dag.py:3441} INFO - Setting next_dagrun for tutorial to 2023-02-26T19:22:22.336704+00:00, run_after=2023-02-27T19:22:22.336704+00:00
[2023-02-27T19:22:22.373+0000] {processor.py:175} INFO - Processing /home/airflow/.local/lib/python3.7/site-packages/airflow/example_dags/tutorial.py took 0.164 seconds
[2023-02-27T19:22:52.625+0000] {processor.py:153} INFO - Started process (PID=1260) to work on /home/airflow/.local/lib/python3.7/site-packages/airflow/example_dags/tutorial.py
[2023-02-27T19:22:52.628+0000] {processor.py:743} INFO - Processing file /home/airflow/.local/lib/python3.7/site-packages/airflow/example_dags/tutorial.py for tasks to queue
[2023-02-27T19:22:52.635+0000] {logging_mixin.py:137} INFO - [2023-02-27T19:22:52.631+0000] {dagbag.py:538} INFO - Filling up the DagBag from /home/airflow/.local/lib/python3.7/site-packages/airflow/example_dags/tutorial.py
[2023-02-27T19:22:52.661+0000] {processor.py:753} INFO - DAG(s) dict_keys(['tutorial']) retrieved from /home/airflow/.local/lib/python3.7/site-packages/airflow/example_dags/tutorial.py
[2023-02-27T19:22:52.714+0000] {logging_mixin.py:137} INFO - [2023-02-27T19:22:52.714+0000] {dag.py:2690} INFO - Sync 1 DAGs
[2023-02-27T19:22:52.762+0000] {logging_mixin.py:137} INFO - [2023-02-27T19:22:52.762+0000] {dag.py:3441} INFO - Setting next_dagrun for tutorial to 2023-02-26T19:22:52.761646+00:00, run_after=2023-02-27T19:22:52.761646+00:00
[2023-02-27T19:22:52.794+0000] {processor.py:175} INFO - Processing /home/airflow/.local/lib/python3.7/site-packages/airflow/example_dags/tutorial.py took 0.173 seconds
[2023-02-27T19:23:23.056+0000] {processor.py:153} INFO - Started process (PID=1342) to work on /home/airflow/.local/lib/python3.7/site-packages/airflow/example_dags/tutorial.py
[2023-02-27T19:23:23.057+0000] {processor.py:743} INFO - Processing file /home/airflow/.local/lib/python3.7/site-packages/airflow/example_dags/tutorial.py for tasks to queue
[2023-02-27T19:23:23.058+0000] {logging_mixin.py:137} INFO - [2023-02-27T19:23:23.058+0000] {dagbag.py:538} INFO - Filling up the DagBag from /home/airflow/.local/lib/python3.7/site-packages/airflow/example_dags/tutorial.py
[2023-02-27T19:23:23.075+0000] {processor.py:753} INFO - DAG(s) dict_keys(['tutorial']) retrieved from /home/airflow/.local/lib/python3.7/site-packages/airflow/example_dags/tutorial.py
[2023-02-27T19:23:23.103+0000] {logging_mixin.py:137} INFO - [2023-02-27T19:23:23.103+0000] {dag.py:2690} INFO - Sync 1 DAGs
[2023-02-27T19:23:23.136+0000] {logging_mixin.py:137} INFO - [2023-02-27T19:23:23.136+0000] {dag.py:3441} INFO - Setting next_dagrun for tutorial to 2023-02-26T19:23:23.136394+00:00, run_after=2023-02-27T19:23:23.136394+00:00
[2023-02-27T19:23:23.160+0000] {processor.py:175} INFO - Processing /home/airflow/.local/lib/python3.7/site-packages/airflow/example_dags/tutorial.py took 0.107 seconds
[2023-02-27T19:23:54.068+0000] {processor.py:153} INFO - Started process (PID=1411) to work on /home/airflow/.local/lib/python3.7/site-packages/airflow/example_dags/tutorial.py
[2023-02-27T19:23:54.069+0000] {processor.py:743} INFO - Processing file /home/airflow/.local/lib/python3.7/site-packages/airflow/example_dags/tutorial.py for tasks to queue
[2023-02-27T19:23:54.070+0000] {logging_mixin.py:137} INFO - [2023-02-27T19:23:54.070+0000] {dagbag.py:538} INFO - Filling up the DagBag from /home/airflow/.local/lib/python3.7/site-packages/airflow/example_dags/tutorial.py
[2023-02-27T19:23:54.088+0000] {processor.py:753} INFO - DAG(s) dict_keys(['tutorial']) retrieved from /home/airflow/.local/lib/python3.7/site-packages/airflow/example_dags/tutorial.py
[2023-02-27T19:23:54.128+0000] {logging_mixin.py:137} INFO - [2023-02-27T19:23:54.128+0000] {dag.py:2690} INFO - Sync 1 DAGs
[2023-02-27T19:23:54.179+0000] {logging_mixin.py:137} INFO - [2023-02-27T19:23:54.179+0000] {dag.py:3441} INFO - Setting next_dagrun for tutorial to 2023-02-26T19:23:54.178760+00:00, run_after=2023-02-27T19:23:54.178760+00:00
[2023-02-27T19:23:54.215+0000] {processor.py:175} INFO - Processing /home/airflow/.local/lib/python3.7/site-packages/airflow/example_dags/tutorial.py took 0.152 seconds
[2023-02-27T19:24:24.449+0000] {processor.py:153} INFO - Started process (PID=1477) to work on /home/airflow/.local/lib/python3.7/site-packages/airflow/example_dags/tutorial.py
[2023-02-27T19:24:24.450+0000] {processor.py:743} INFO - Processing file /home/airflow/.local/lib/python3.7/site-packages/airflow/example_dags/tutorial.py for tasks to queue
[2023-02-27T19:24:24.451+0000] {logging_mixin.py:137} INFO - [2023-02-27T19:24:24.451+0000] {dagbag.py:538} INFO - Filling up the DagBag from /home/airflow/.local/lib/python3.7/site-packages/airflow/example_dags/tutorial.py
[2023-02-27T19:24:24.480+0000] {processor.py:753} INFO - DAG(s) dict_keys(['tutorial']) retrieved from /home/airflow/.local/lib/python3.7/site-packages/airflow/example_dags/tutorial.py
[2023-02-27T19:24:24.516+0000] {logging_mixin.py:137} INFO - [2023-02-27T19:24:24.516+0000] {dag.py:2690} INFO - Sync 1 DAGs
[2023-02-27T19:24:24.553+0000] {logging_mixin.py:137} INFO - [2023-02-27T19:24:24.552+0000] {dag.py:3441} INFO - Setting next_dagrun for tutorial to 2023-02-26T19:24:24.552476+00:00, run_after=2023-02-27T19:24:24.552476+00:00
[2023-02-27T19:24:24.589+0000] {processor.py:175} INFO - Processing /home/airflow/.local/lib/python3.7/site-packages/airflow/example_dags/tutorial.py took 0.148 seconds
[2023-02-27T19:24:54.709+0000] {processor.py:153} INFO - Started process (PID=1558) to work on /home/airflow/.local/lib/python3.7/site-packages/airflow/example_dags/tutorial.py
[2023-02-27T19:24:54.710+0000] {processor.py:743} INFO - Processing file /home/airflow/.local/lib/python3.7/site-packages/airflow/example_dags/tutorial.py for tasks to queue
[2023-02-27T19:24:54.711+0000] {logging_mixin.py:137} INFO - [2023-02-27T19:24:54.711+0000] {dagbag.py:538} INFO - Filling up the DagBag from /home/airflow/.local/lib/python3.7/site-packages/airflow/example_dags/tutorial.py
[2023-02-27T19:24:54.733+0000] {processor.py:753} INFO - DAG(s) dict_keys(['tutorial']) retrieved from /home/airflow/.local/lib/python3.7/site-packages/airflow/example_dags/tutorial.py
[2023-02-27T19:24:54.763+0000] {logging_mixin.py:137} INFO - [2023-02-27T19:24:54.763+0000] {dag.py:2690} INFO - Sync 1 DAGs
[2023-02-27T19:24:54.807+0000] {logging_mixin.py:137} INFO - [2023-02-27T19:24:54.807+0000] {dag.py:3441} INFO - Setting next_dagrun for tutorial to 2023-02-26T19:24:54.807066+00:00, run_after=2023-02-27T19:24:54.807066+00:00
[2023-02-27T19:24:54.833+0000] {processor.py:175} INFO - Processing /home/airflow/.local/lib/python3.7/site-packages/airflow/example_dags/tutorial.py took 0.131 seconds
[2023-02-27T19:25:25.157+0000] {processor.py:153} INFO - Started process (PID=1625) to work on /home/airflow/.local/lib/python3.7/site-packages/airflow/example_dags/tutorial.py
[2023-02-27T19:25:25.158+0000] {processor.py:743} INFO - Processing file /home/airflow/.local/lib/python3.7/site-packages/airflow/example_dags/tutorial.py for tasks to queue
[2023-02-27T19:25:25.159+0000] {logging_mixin.py:137} INFO - [2023-02-27T19:25:25.158+0000] {dagbag.py:538} INFO - Filling up the DagBag from /home/airflow/.local/lib/python3.7/site-packages/airflow/example_dags/tutorial.py
[2023-02-27T19:25:25.175+0000] {processor.py:753} INFO - DAG(s) dict_keys(['tutorial']) retrieved from /home/airflow/.local/lib/python3.7/site-packages/airflow/example_dags/tutorial.py
[2023-02-27T19:25:25.202+0000] {logging_mixin.py:137} INFO - [2023-02-27T19:25:25.202+0000] {dag.py:2690} INFO - Sync 1 DAGs
[2023-02-27T19:25:25.229+0000] {logging_mixin.py:137} INFO - [2023-02-27T19:25:25.229+0000] {dag.py:3441} INFO - Setting next_dagrun for tutorial to 2023-02-26T19:25:25.229318+00:00, run_after=2023-02-27T19:25:25.229318+00:00
[2023-02-27T19:25:25.249+0000] {processor.py:175} INFO - Processing /home/airflow/.local/lib/python3.7/site-packages/airflow/example_dags/tutorial.py took 0.096 seconds
[2023-02-27T19:25:55.382+0000] {processor.py:153} INFO - Started process (PID=1701) to work on /home/airflow/.local/lib/python3.7/site-packages/airflow/example_dags/tutorial.py
[2023-02-27T19:25:55.384+0000] {processor.py:743} INFO - Processing file /home/airflow/.local/lib/python3.7/site-packages/airflow/example_dags/tutorial.py for tasks to queue
[2023-02-27T19:25:55.385+0000] {logging_mixin.py:137} INFO - [2023-02-27T19:25:55.384+0000] {dagbag.py:538} INFO - Filling up the DagBag from /home/airflow/.local/lib/python3.7/site-packages/airflow/example_dags/tutorial.py
[2023-02-27T19:25:55.407+0000] {processor.py:753} INFO - DAG(s) dict_keys(['tutorial']) retrieved from /home/airflow/.local/lib/python3.7/site-packages/airflow/example_dags/tutorial.py
[2023-02-27T19:25:55.446+0000] {logging_mixin.py:137} INFO - [2023-02-27T19:25:55.446+0000] {dag.py:2690} INFO - Sync 1 DAGs
[2023-02-27T19:25:55.490+0000] {logging_mixin.py:137} INFO - [2023-02-27T19:25:55.490+0000] {dag.py:3441} INFO - Setting next_dagrun for tutorial to 2023-02-26T19:25:55.489860+00:00, run_after=2023-02-27T19:25:55.489860+00:00
[2023-02-27T19:25:55.545+0000] {processor.py:175} INFO - Processing /home/airflow/.local/lib/python3.7/site-packages/airflow/example_dags/tutorial.py took 0.171 seconds
[2023-02-27T19:26:26.642+0000] {processor.py:153} INFO - Started process (PID=1773) to work on /home/airflow/.local/lib/python3.7/site-packages/airflow/example_dags/tutorial.py
[2023-02-27T19:26:26.645+0000] {processor.py:743} INFO - Processing file /home/airflow/.local/lib/python3.7/site-packages/airflow/example_dags/tutorial.py for tasks to queue
[2023-02-27T19:26:26.646+0000] {logging_mixin.py:137} INFO - [2023-02-27T19:26:26.646+0000] {dagbag.py:538} INFO - Filling up the DagBag from /home/airflow/.local/lib/python3.7/site-packages/airflow/example_dags/tutorial.py
[2023-02-27T19:26:26.672+0000] {processor.py:753} INFO - DAG(s) dict_keys(['tutorial']) retrieved from /home/airflow/.local/lib/python3.7/site-packages/airflow/example_dags/tutorial.py
[2023-02-27T19:26:26.723+0000] {logging_mixin.py:137} INFO - [2023-02-27T19:26:26.722+0000] {dag.py:2690} INFO - Sync 1 DAGs
[2023-02-27T19:26:26.784+0000] {logging_mixin.py:137} INFO - [2023-02-27T19:26:26.784+0000] {dag.py:3441} INFO - Setting next_dagrun for tutorial to 2023-02-26T19:26:26.784451+00:00, run_after=2023-02-27T19:26:26.784451+00:00
[2023-02-27T19:26:26.870+0000] {processor.py:175} INFO - Processing /home/airflow/.local/lib/python3.7/site-packages/airflow/example_dags/tutorial.py took 0.239 seconds
[2023-02-27T19:26:57.147+0000] {processor.py:153} INFO - Started process (PID=1840) to work on /home/airflow/.local/lib/python3.7/site-packages/airflow/example_dags/tutorial.py
[2023-02-27T19:26:57.148+0000] {processor.py:743} INFO - Processing file /home/airflow/.local/lib/python3.7/site-packages/airflow/example_dags/tutorial.py for tasks to queue
[2023-02-27T19:26:57.148+0000] {logging_mixin.py:137} INFO - [2023-02-27T19:26:57.148+0000] {dagbag.py:538} INFO - Filling up the DagBag from /home/airflow/.local/lib/python3.7/site-packages/airflow/example_dags/tutorial.py
[2023-02-27T19:26:57.163+0000] {processor.py:753} INFO - DAG(s) dict_keys(['tutorial']) retrieved from /home/airflow/.local/lib/python3.7/site-packages/airflow/example_dags/tutorial.py
[2023-02-27T19:26:57.191+0000] {logging_mixin.py:137} INFO - [2023-02-27T19:26:57.191+0000] {dag.py:2690} INFO - Sync 1 DAGs
[2023-02-27T19:26:57.227+0000] {logging_mixin.py:137} INFO - [2023-02-27T19:26:57.227+0000] {dag.py:3441} INFO - Setting next_dagrun for tutorial to 2023-02-26T19:26:57.227493+00:00, run_after=2023-02-27T19:26:57.227493+00:00
[2023-02-27T19:26:57.259+0000] {processor.py:175} INFO - Processing /home/airflow/.local/lib/python3.7/site-packages/airflow/example_dags/tutorial.py took 0.117 seconds
[2023-02-27T19:27:27.865+0000] {processor.py:153} INFO - Started process (PID=1921) to work on /home/airflow/.local/lib/python3.7/site-packages/airflow/example_dags/tutorial.py
[2023-02-27T19:27:27.866+0000] {processor.py:743} INFO - Processing file /home/airflow/.local/lib/python3.7/site-packages/airflow/example_dags/tutorial.py for tasks to queue
[2023-02-27T19:27:27.867+0000] {logging_mixin.py:137} INFO - [2023-02-27T19:27:27.867+0000] {dagbag.py:538} INFO - Filling up the DagBag from /home/airflow/.local/lib/python3.7/site-packages/airflow/example_dags/tutorial.py
[2023-02-27T19:27:27.914+0000] {processor.py:753} INFO - DAG(s) dict_keys(['tutorial']) retrieved from /home/airflow/.local/lib/python3.7/site-packages/airflow/example_dags/tutorial.py
[2023-02-27T19:27:27.964+0000] {logging_mixin.py:137} INFO - [2023-02-27T19:27:27.963+0000] {dag.py:2690} INFO - Sync 1 DAGs
[2023-02-27T19:27:28.027+0000] {logging_mixin.py:137} INFO - [2023-02-27T19:27:28.027+0000] {dag.py:3441} INFO - Setting next_dagrun for tutorial to 2023-02-26T19:27:28.026955+00:00, run_after=2023-02-27T19:27:28.026955+00:00
[2023-02-27T19:27:28.110+0000] {processor.py:175} INFO - Processing /home/airflow/.local/lib/python3.7/site-packages/airflow/example_dags/tutorial.py took 0.261 seconds
[2023-02-27T19:27:58.935+0000] {processor.py:153} INFO - Started process (PID=1988) to work on /home/airflow/.local/lib/python3.7/site-packages/airflow/example_dags/tutorial.py
[2023-02-27T19:27:58.938+0000] {processor.py:743} INFO - Processing file /home/airflow/.local/lib/python3.7/site-packages/airflow/example_dags/tutorial.py for tasks to queue
[2023-02-27T19:27:58.939+0000] {logging_mixin.py:137} INFO - [2023-02-27T19:27:58.939+0000] {dagbag.py:538} INFO - Filling up the DagBag from /home/airflow/.local/lib/python3.7/site-packages/airflow/example_dags/tutorial.py
[2023-02-27T19:27:58.955+0000] {processor.py:753} INFO - DAG(s) dict_keys(['tutorial']) retrieved from /home/airflow/.local/lib/python3.7/site-packages/airflow/example_dags/tutorial.py
[2023-02-27T19:27:58.989+0000] {logging_mixin.py:137} INFO - [2023-02-27T19:27:58.989+0000] {dag.py:2690} INFO - Sync 1 DAGs
[2023-02-27T19:27:59.028+0000] {logging_mixin.py:137} INFO - [2023-02-27T19:27:59.028+0000] {dag.py:3441} INFO - Setting next_dagrun for tutorial to 2023-02-26T19:27:59.028057+00:00, run_after=2023-02-27T19:27:59.028057+00:00
[2023-02-27T19:27:59.054+0000] {processor.py:175} INFO - Processing /home/airflow/.local/lib/python3.7/site-packages/airflow/example_dags/tutorial.py took 0.123 seconds
[2023-02-27T19:28:29.505+0000] {processor.py:153} INFO - Started process (PID=2055) to work on /home/airflow/.local/lib/python3.7/site-packages/airflow/example_dags/tutorial.py
[2023-02-27T19:28:29.506+0000] {processor.py:743} INFO - Processing file /home/airflow/.local/lib/python3.7/site-packages/airflow/example_dags/tutorial.py for tasks to queue
[2023-02-27T19:28:29.507+0000] {logging_mixin.py:137} INFO - [2023-02-27T19:28:29.506+0000] {dagbag.py:538} INFO - Filling up the DagBag from /home/airflow/.local/lib/python3.7/site-packages/airflow/example_dags/tutorial.py
[2023-02-27T19:28:29.522+0000] {processor.py:753} INFO - DAG(s) dict_keys(['tutorial']) retrieved from /home/airflow/.local/lib/python3.7/site-packages/airflow/example_dags/tutorial.py
[2023-02-27T19:28:29.553+0000] {logging_mixin.py:137} INFO - [2023-02-27T19:28:29.553+0000] {dag.py:2690} INFO - Sync 1 DAGs
[2023-02-27T19:28:29.582+0000] {logging_mixin.py:137} INFO - [2023-02-27T19:28:29.582+0000] {dag.py:3441} INFO - Setting next_dagrun for tutorial to 2023-02-26T19:28:29.581860+00:00, run_after=2023-02-27T19:28:29.581860+00:00
[2023-02-27T19:28:29.609+0000] {processor.py:175} INFO - Processing /home/airflow/.local/lib/python3.7/site-packages/airflow/example_dags/tutorial.py took 0.108 seconds
[2023-02-27T19:29:00.298+0000] {processor.py:153} INFO - Started process (PID=2133) to work on /home/airflow/.local/lib/python3.7/site-packages/airflow/example_dags/tutorial.py
[2023-02-27T19:29:00.311+0000] {processor.py:743} INFO - Processing file /home/airflow/.local/lib/python3.7/site-packages/airflow/example_dags/tutorial.py for tasks to queue
[2023-02-27T19:29:00.312+0000] {logging_mixin.py:137} INFO - [2023-02-27T19:29:00.312+0000] {dagbag.py:538} INFO - Filling up the DagBag from /home/airflow/.local/lib/python3.7/site-packages/airflow/example_dags/tutorial.py
[2023-02-27T19:29:00.348+0000] {processor.py:753} INFO - DAG(s) dict_keys(['tutorial']) retrieved from /home/airflow/.local/lib/python3.7/site-packages/airflow/example_dags/tutorial.py
[2023-02-27T19:29:00.400+0000] {logging_mixin.py:137} INFO - [2023-02-27T19:29:00.399+0000] {dag.py:2690} INFO - Sync 1 DAGs
[2023-02-27T19:29:00.445+0000] {logging_mixin.py:137} INFO - [2023-02-27T19:29:00.445+0000] {dag.py:3441} INFO - Setting next_dagrun for tutorial to 2023-02-26T19:29:00.444825+00:00, run_after=2023-02-27T19:29:00.444825+00:00
[2023-02-27T19:29:00.476+0000] {processor.py:175} INFO - Processing /home/airflow/.local/lib/python3.7/site-packages/airflow/example_dags/tutorial.py took 0.182 seconds
[2023-02-27T19:29:31.005+0000] {processor.py:153} INFO - Started process (PID=2206) to work on /home/airflow/.local/lib/python3.7/site-packages/airflow/example_dags/tutorial.py
[2023-02-27T19:29:31.007+0000] {processor.py:743} INFO - Processing file /home/airflow/.local/lib/python3.7/site-packages/airflow/example_dags/tutorial.py for tasks to queue
[2023-02-27T19:29:31.009+0000] {logging_mixin.py:137} INFO - [2023-02-27T19:29:31.009+0000] {dagbag.py:538} INFO - Filling up the DagBag from /home/airflow/.local/lib/python3.7/site-packages/airflow/example_dags/tutorial.py
[2023-02-27T19:29:31.030+0000] {processor.py:753} INFO - DAG(s) dict_keys(['tutorial']) retrieved from /home/airflow/.local/lib/python3.7/site-packages/airflow/example_dags/tutorial.py
[2023-02-27T19:29:31.079+0000] {logging_mixin.py:137} INFO - [2023-02-27T19:29:31.079+0000] {dag.py:2690} INFO - Sync 1 DAGs
[2023-02-27T19:29:31.124+0000] {logging_mixin.py:137} INFO - [2023-02-27T19:29:31.124+0000] {dag.py:3441} INFO - Setting next_dagrun for tutorial to 2023-02-26T19:29:31.124020+00:00, run_after=2023-02-27T19:29:31.124020+00:00
[2023-02-27T19:29:31.160+0000] {processor.py:175} INFO - Processing /home/airflow/.local/lib/python3.7/site-packages/airflow/example_dags/tutorial.py took 0.160 seconds
[2023-02-27T19:30:01.257+0000] {processor.py:153} INFO - Started process (PID=2273) to work on /home/airflow/.local/lib/python3.7/site-packages/airflow/example_dags/tutorial.py
[2023-02-27T19:30:01.258+0000] {processor.py:743} INFO - Processing file /home/airflow/.local/lib/python3.7/site-packages/airflow/example_dags/tutorial.py for tasks to queue
[2023-02-27T19:30:01.260+0000] {logging_mixin.py:137} INFO - [2023-02-27T19:30:01.260+0000] {dagbag.py:538} INFO - Filling up the DagBag from /home/airflow/.local/lib/python3.7/site-packages/airflow/example_dags/tutorial.py
[2023-02-27T19:30:01.278+0000] {processor.py:753} INFO - DAG(s) dict_keys(['tutorial']) retrieved from /home/airflow/.local/lib/python3.7/site-packages/airflow/example_dags/tutorial.py
[2023-02-27T19:30:01.305+0000] {logging_mixin.py:137} INFO - [2023-02-27T19:30:01.305+0000] {dag.py:2690} INFO - Sync 1 DAGs
[2023-02-27T19:30:01.333+0000] {logging_mixin.py:137} INFO - [2023-02-27T19:30:01.332+0000] {dag.py:3441} INFO - Setting next_dagrun for tutorial to 2023-02-26T19:30:01.332597+00:00, run_after=2023-02-27T19:30:01.332597+00:00
[2023-02-27T19:30:01.354+0000] {processor.py:175} INFO - Processing /home/airflow/.local/lib/python3.7/site-packages/airflow/example_dags/tutorial.py took 0.101 seconds
[2023-02-27T19:30:31.543+0000] {processor.py:153} INFO - Started process (PID=2340) to work on /home/airflow/.local/lib/python3.7/site-packages/airflow/example_dags/tutorial.py
[2023-02-27T19:30:31.544+0000] {processor.py:743} INFO - Processing file /home/airflow/.local/lib/python3.7/site-packages/airflow/example_dags/tutorial.py for tasks to queue
[2023-02-27T19:30:31.545+0000] {logging_mixin.py:137} INFO - [2023-02-27T19:30:31.545+0000] {dagbag.py:538} INFO - Filling up the DagBag from /home/airflow/.local/lib/python3.7/site-packages/airflow/example_dags/tutorial.py
[2023-02-27T19:30:31.560+0000] {processor.py:753} INFO - DAG(s) dict_keys(['tutorial']) retrieved from /home/airflow/.local/lib/python3.7/site-packages/airflow/example_dags/tutorial.py
[2023-02-27T19:30:31.593+0000] {logging_mixin.py:137} INFO - [2023-02-27T19:30:31.593+0000] {dag.py:2690} INFO - Sync 1 DAGs
[2023-02-27T19:30:31.629+0000] {logging_mixin.py:137} INFO - [2023-02-27T19:30:31.629+0000] {dag.py:3441} INFO - Setting next_dagrun for tutorial to 2023-02-26T19:30:31.628974+00:00, run_after=2023-02-27T19:30:31.628974+00:00
[2023-02-27T19:30:31.653+0000] {processor.py:175} INFO - Processing /home/airflow/.local/lib/python3.7/site-packages/airflow/example_dags/tutorial.py took 0.113 seconds
[2023-02-27T19:31:02.023+0000] {processor.py:153} INFO - Started process (PID=2407) to work on /home/airflow/.local/lib/python3.7/site-packages/airflow/example_dags/tutorial.py
[2023-02-27T19:31:02.024+0000] {processor.py:743} INFO - Processing file /home/airflow/.local/lib/python3.7/site-packages/airflow/example_dags/tutorial.py for tasks to queue
[2023-02-27T19:31:02.025+0000] {logging_mixin.py:137} INFO - [2023-02-27T19:31:02.025+0000] {dagbag.py:538} INFO - Filling up the DagBag from /home/airflow/.local/lib/python3.7/site-packages/airflow/example_dags/tutorial.py
[2023-02-27T19:31:02.073+0000] {processor.py:753} INFO - DAG(s) dict_keys(['tutorial']) retrieved from /home/airflow/.local/lib/python3.7/site-packages/airflow/example_dags/tutorial.py
[2023-02-27T19:31:02.145+0000] {logging_mixin.py:137} INFO - [2023-02-27T19:31:02.145+0000] {dag.py:2690} INFO - Sync 1 DAGs
[2023-02-27T19:31:02.180+0000] {logging_mixin.py:137} INFO - [2023-02-27T19:31:02.179+0000] {dag.py:3441} INFO - Setting next_dagrun for tutorial to 2023-02-26T19:31:02.179506+00:00, run_after=2023-02-27T19:31:02.179506+00:00
[2023-02-27T19:31:02.215+0000] {processor.py:175} INFO - Processing /home/airflow/.local/lib/python3.7/site-packages/airflow/example_dags/tutorial.py took 0.206 seconds
[2023-02-27T19:31:32.451+0000] {processor.py:153} INFO - Started process (PID=2473) to work on /home/airflow/.local/lib/python3.7/site-packages/airflow/example_dags/tutorial.py
[2023-02-27T19:31:32.453+0000] {processor.py:743} INFO - Processing file /home/airflow/.local/lib/python3.7/site-packages/airflow/example_dags/tutorial.py for tasks to queue
[2023-02-27T19:31:32.455+0000] {logging_mixin.py:137} INFO - [2023-02-27T19:31:32.455+0000] {dagbag.py:538} INFO - Filling up the DagBag from /home/airflow/.local/lib/python3.7/site-packages/airflow/example_dags/tutorial.py
[2023-02-27T19:31:32.470+0000] {processor.py:753} INFO - DAG(s) dict_keys(['tutorial']) retrieved from /home/airflow/.local/lib/python3.7/site-packages/airflow/example_dags/tutorial.py
[2023-02-27T19:31:32.501+0000] {logging_mixin.py:137} INFO - [2023-02-27T19:31:32.500+0000] {dag.py:2690} INFO - Sync 1 DAGs
[2023-02-27T19:31:32.535+0000] {logging_mixin.py:137} INFO - [2023-02-27T19:31:32.535+0000] {dag.py:3441} INFO - Setting next_dagrun for tutorial to 2023-02-26T19:31:32.534710+00:00, run_after=2023-02-27T19:31:32.534710+00:00
[2023-02-27T19:31:32.559+0000] {processor.py:175} INFO - Processing /home/airflow/.local/lib/python3.7/site-packages/airflow/example_dags/tutorial.py took 0.112 seconds
[2023-02-27T19:32:02.929+0000] {processor.py:153} INFO - Started process (PID=2554) to work on /home/airflow/.local/lib/python3.7/site-packages/airflow/example_dags/tutorial.py
[2023-02-27T19:32:02.930+0000] {processor.py:743} INFO - Processing file /home/airflow/.local/lib/python3.7/site-packages/airflow/example_dags/tutorial.py for tasks to queue
[2023-02-27T19:32:02.931+0000] {logging_mixin.py:137} INFO - [2023-02-27T19:32:02.931+0000] {dagbag.py:538} INFO - Filling up the DagBag from /home/airflow/.local/lib/python3.7/site-packages/airflow/example_dags/tutorial.py
[2023-02-27T19:32:02.946+0000] {processor.py:753} INFO - DAG(s) dict_keys(['tutorial']) retrieved from /home/airflow/.local/lib/python3.7/site-packages/airflow/example_dags/tutorial.py
[2023-02-27T19:32:02.977+0000] {logging_mixin.py:137} INFO - [2023-02-27T19:32:02.977+0000] {dag.py:2690} INFO - Sync 1 DAGs
[2023-02-27T19:32:03.009+0000] {logging_mixin.py:137} INFO - [2023-02-27T19:32:03.009+0000] {dag.py:3441} INFO - Setting next_dagrun for tutorial to 2023-02-26T19:32:03.009414+00:00, run_after=2023-02-27T19:32:03.009414+00:00
[2023-02-27T19:32:03.044+0000] {processor.py:175} INFO - Processing /home/airflow/.local/lib/python3.7/site-packages/airflow/example_dags/tutorial.py took 0.118 seconds
[2023-02-27T19:32:33.480+0000] {processor.py:153} INFO - Started process (PID=2621) to work on /home/airflow/.local/lib/python3.7/site-packages/airflow/example_dags/tutorial.py
[2023-02-27T19:32:33.481+0000] {processor.py:743} INFO - Processing file /home/airflow/.local/lib/python3.7/site-packages/airflow/example_dags/tutorial.py for tasks to queue
[2023-02-27T19:32:33.482+0000] {logging_mixin.py:137} INFO - [2023-02-27T19:32:33.481+0000] {dagbag.py:538} INFO - Filling up the DagBag from /home/airflow/.local/lib/python3.7/site-packages/airflow/example_dags/tutorial.py
[2023-02-27T19:32:33.497+0000] {processor.py:753} INFO - DAG(s) dict_keys(['tutorial']) retrieved from /home/airflow/.local/lib/python3.7/site-packages/airflow/example_dags/tutorial.py
[2023-02-27T19:32:33.524+0000] {logging_mixin.py:137} INFO - [2023-02-27T19:32:33.524+0000] {dag.py:2690} INFO - Sync 1 DAGs
[2023-02-27T19:32:33.553+0000] {logging_mixin.py:137} INFO - [2023-02-27T19:32:33.553+0000] {dag.py:3441} INFO - Setting next_dagrun for tutorial to 2023-02-26T19:32:33.553223+00:00, run_after=2023-02-27T19:32:33.553223+00:00
[2023-02-27T19:32:33.579+0000] {processor.py:175} INFO - Processing /home/airflow/.local/lib/python3.7/site-packages/airflow/example_dags/tutorial.py took 0.102 seconds
[2023-02-27T19:33:03.746+0000] {processor.py:153} INFO - Started process (PID=2688) to work on /home/airflow/.local/lib/python3.7/site-packages/airflow/example_dags/tutorial.py
[2023-02-27T19:33:03.747+0000] {processor.py:743} INFO - Processing file /home/airflow/.local/lib/python3.7/site-packages/airflow/example_dags/tutorial.py for tasks to queue
[2023-02-27T19:33:03.748+0000] {logging_mixin.py:137} INFO - [2023-02-27T19:33:03.748+0000] {dagbag.py:538} INFO - Filling up the DagBag from /home/airflow/.local/lib/python3.7/site-packages/airflow/example_dags/tutorial.py
[2023-02-27T19:33:03.764+0000] {processor.py:753} INFO - DAG(s) dict_keys(['tutorial']) retrieved from /home/airflow/.local/lib/python3.7/site-packages/airflow/example_dags/tutorial.py
[2023-02-27T19:33:03.805+0000] {logging_mixin.py:137} INFO - [2023-02-27T19:33:03.805+0000] {dag.py:2690} INFO - Sync 1 DAGs
[2023-02-27T19:33:03.854+0000] {logging_mixin.py:137} INFO - [2023-02-27T19:33:03.854+0000] {dag.py:3441} INFO - Setting next_dagrun for tutorial to 2023-02-26T19:33:03.853691+00:00, run_after=2023-02-27T19:33:03.853691+00:00
[2023-02-27T19:33:03.881+0000] {processor.py:175} INFO - Processing /home/airflow/.local/lib/python3.7/site-packages/airflow/example_dags/tutorial.py took 0.138 seconds
[2023-02-27T19:33:34.418+0000] {processor.py:153} INFO - Started process (PID=2771) to work on /home/airflow/.local/lib/python3.7/site-packages/airflow/example_dags/tutorial.py
[2023-02-27T19:33:34.424+0000] {processor.py:743} INFO - Processing file /home/airflow/.local/lib/python3.7/site-packages/airflow/example_dags/tutorial.py for tasks to queue
[2023-02-27T19:33:34.430+0000] {logging_mixin.py:137} INFO - [2023-02-27T19:33:34.429+0000] {dagbag.py:538} INFO - Filling up the DagBag from /home/airflow/.local/lib/python3.7/site-packages/airflow/example_dags/tutorial.py
[2023-02-27T19:33:34.456+0000] {processor.py:753} INFO - DAG(s) dict_keys(['tutorial']) retrieved from /home/airflow/.local/lib/python3.7/site-packages/airflow/example_dags/tutorial.py
[2023-02-27T19:33:34.508+0000] {logging_mixin.py:137} INFO - [2023-02-27T19:33:34.508+0000] {dag.py:2690} INFO - Sync 1 DAGs
[2023-02-27T19:33:34.565+0000] {logging_mixin.py:137} INFO - [2023-02-27T19:33:34.565+0000] {dag.py:3441} INFO - Setting next_dagrun for tutorial to 2023-02-26T19:33:34.565130+00:00, run_after=2023-02-27T19:33:34.565130+00:00
[2023-02-27T19:33:34.599+0000] {processor.py:175} INFO - Processing /home/airflow/.local/lib/python3.7/site-packages/airflow/example_dags/tutorial.py took 0.185 seconds
[2023-02-27T19:34:04.686+0000] {processor.py:153} INFO - Started process (PID=2839) to work on /home/airflow/.local/lib/python3.7/site-packages/airflow/example_dags/tutorial.py
[2023-02-27T19:34:04.689+0000] {processor.py:743} INFO - Processing file /home/airflow/.local/lib/python3.7/site-packages/airflow/example_dags/tutorial.py for tasks to queue
[2023-02-27T19:34:04.691+0000] {logging_mixin.py:137} INFO - [2023-02-27T19:34:04.690+0000] {dagbag.py:538} INFO - Filling up the DagBag from /home/airflow/.local/lib/python3.7/site-packages/airflow/example_dags/tutorial.py
[2023-02-27T19:34:04.713+0000] {processor.py:753} INFO - DAG(s) dict_keys(['tutorial']) retrieved from /home/airflow/.local/lib/python3.7/site-packages/airflow/example_dags/tutorial.py
[2023-02-27T19:34:04.754+0000] {logging_mixin.py:137} INFO - [2023-02-27T19:34:04.753+0000] {dag.py:2690} INFO - Sync 1 DAGs
[2023-02-27T19:34:04.794+0000] {logging_mixin.py:137} INFO - [2023-02-27T19:34:04.794+0000] {dag.py:3441} INFO - Setting next_dagrun for tutorial to 2023-02-26T19:34:04.793601+00:00, run_after=2023-02-27T19:34:04.793601+00:00
[2023-02-27T19:34:04.858+0000] {processor.py:175} INFO - Processing /home/airflow/.local/lib/python3.7/site-packages/airflow/example_dags/tutorial.py took 0.176 seconds
[2023-02-27T19:34:35.171+0000] {processor.py:153} INFO - Started process (PID=2906) to work on /home/airflow/.local/lib/python3.7/site-packages/airflow/example_dags/tutorial.py
[2023-02-27T19:34:35.172+0000] {processor.py:743} INFO - Processing file /home/airflow/.local/lib/python3.7/site-packages/airflow/example_dags/tutorial.py for tasks to queue
[2023-02-27T19:34:35.173+0000] {logging_mixin.py:137} INFO - [2023-02-27T19:34:35.173+0000] {dagbag.py:538} INFO - Filling up the DagBag from /home/airflow/.local/lib/python3.7/site-packages/airflow/example_dags/tutorial.py
[2023-02-27T19:34:35.193+0000] {processor.py:753} INFO - DAG(s) dict_keys(['tutorial']) retrieved from /home/airflow/.local/lib/python3.7/site-packages/airflow/example_dags/tutorial.py
[2023-02-27T19:34:35.222+0000] {logging_mixin.py:137} INFO - [2023-02-27T19:34:35.222+0000] {dag.py:2690} INFO - Sync 1 DAGs
[2023-02-27T19:34:35.257+0000] {logging_mixin.py:137} INFO - [2023-02-27T19:34:35.257+0000] {dag.py:3441} INFO - Setting next_dagrun for tutorial to 2023-02-26T19:34:35.256641+00:00, run_after=2023-02-27T19:34:35.256641+00:00
[2023-02-27T19:34:35.281+0000] {processor.py:175} INFO - Processing /home/airflow/.local/lib/python3.7/site-packages/airflow/example_dags/tutorial.py took 0.114 seconds
[2023-02-27T19:35:05.759+0000] {processor.py:153} INFO - Started process (PID=2980) to work on /home/airflow/.local/lib/python3.7/site-packages/airflow/example_dags/tutorial.py
[2023-02-27T19:35:05.760+0000] {processor.py:743} INFO - Processing file /home/airflow/.local/lib/python3.7/site-packages/airflow/example_dags/tutorial.py for tasks to queue
[2023-02-27T19:35:05.761+0000] {logging_mixin.py:137} INFO - [2023-02-27T19:35:05.761+0000] {dagbag.py:538} INFO - Filling up the DagBag from /home/airflow/.local/lib/python3.7/site-packages/airflow/example_dags/tutorial.py
[2023-02-27T19:35:05.785+0000] {processor.py:753} INFO - DAG(s) dict_keys(['tutorial']) retrieved from /home/airflow/.local/lib/python3.7/site-packages/airflow/example_dags/tutorial.py
[2023-02-27T19:35:05.861+0000] {logging_mixin.py:137} INFO - [2023-02-27T19:35:05.861+0000] {dag.py:2690} INFO - Sync 1 DAGs
[2023-02-27T19:35:05.899+0000] {logging_mixin.py:137} INFO - [2023-02-27T19:35:05.899+0000] {dag.py:3441} INFO - Setting next_dagrun for tutorial to 2023-02-26T19:35:05.898794+00:00, run_after=2023-02-27T19:35:05.898794+00:00
[2023-02-27T19:35:05.931+0000] {processor.py:175} INFO - Processing /home/airflow/.local/lib/python3.7/site-packages/airflow/example_dags/tutorial.py took 0.175 seconds
[2023-02-27T19:50:30.028+0000] {processor.py:153} INFO - Started process (PID=58) to work on /home/airflow/.local/lib/python3.7/site-packages/airflow/example_dags/tutorial.py
[2023-02-27T19:50:30.031+0000] {processor.py:743} INFO - Processing file /home/airflow/.local/lib/python3.7/site-packages/airflow/example_dags/tutorial.py for tasks to queue
[2023-02-27T19:50:30.033+0000] {logging_mixin.py:137} INFO - [2023-02-27T19:50:30.032+0000] {dagbag.py:538} INFO - Filling up the DagBag from /home/airflow/.local/lib/python3.7/site-packages/airflow/example_dags/tutorial.py
[2023-02-27T19:50:30.063+0000] {processor.py:753} INFO - DAG(s) dict_keys(['tutorial']) retrieved from /home/airflow/.local/lib/python3.7/site-packages/airflow/example_dags/tutorial.py
[2023-02-27T19:50:30.141+0000] {logging_mixin.py:137} INFO - [2023-02-27T19:50:30.141+0000] {dag.py:2690} INFO - Sync 1 DAGs
[2023-02-27T19:50:30.191+0000] {logging_mixin.py:137} INFO - [2023-02-27T19:50:30.191+0000] {dag.py:3441} INFO - Setting next_dagrun for tutorial to 2023-02-26T19:50:30.191224+00:00, run_after=2023-02-27T19:50:30.191224+00:00
[2023-02-27T19:50:30.245+0000] {processor.py:175} INFO - Processing /home/airflow/.local/lib/python3.7/site-packages/airflow/example_dags/tutorial.py took 0.221 seconds
[2023-02-27T19:52:48.864+0000] {processor.py:153} INFO - Started process (PID=57) to work on /home/airflow/.local/lib/python3.7/site-packages/airflow/example_dags/tutorial.py
[2023-02-27T19:52:48.866+0000] {processor.py:743} INFO - Processing file /home/airflow/.local/lib/python3.7/site-packages/airflow/example_dags/tutorial.py for tasks to queue
[2023-02-27T19:52:48.867+0000] {logging_mixin.py:137} INFO - [2023-02-27T19:52:48.867+0000] {dagbag.py:538} INFO - Filling up the DagBag from /home/airflow/.local/lib/python3.7/site-packages/airflow/example_dags/tutorial.py
[2023-02-27T19:52:48.907+0000] {processor.py:753} INFO - DAG(s) dict_keys(['tutorial']) retrieved from /home/airflow/.local/lib/python3.7/site-packages/airflow/example_dags/tutorial.py
[2023-02-27T19:52:49.176+0000] {logging_mixin.py:137} INFO - [2023-02-27T19:52:49.176+0000] {manager.py:504} INFO - Created Permission View: can edit on DAG:tutorial
[2023-02-27T19:52:49.191+0000] {logging_mixin.py:137} INFO - [2023-02-27T19:52:49.191+0000] {manager.py:504} INFO - Created Permission View: can read on DAG:tutorial
[2023-02-27T19:52:49.227+0000] {logging_mixin.py:137} INFO - [2023-02-27T19:52:49.226+0000] {manager.py:504} INFO - Created Permission View: can delete on DAG:tutorial
[2023-02-27T19:52:49.227+0000] {logging_mixin.py:137} INFO - [2023-02-27T19:52:49.227+0000] {dag.py:2690} INFO - Sync 1 DAGs
[2023-02-27T19:52:49.246+0000] {logging_mixin.py:137} INFO - [2023-02-27T19:52:49.246+0000] {dag.py:2711} INFO - Creating ORM DAG for tutorial
[2023-02-27T19:52:49.265+0000] {logging_mixin.py:137} INFO - [2023-02-27T19:52:49.264+0000] {dag.py:3441} INFO - Setting next_dagrun for tutorial to 2023-02-26T19:52:49.264519+00:00, run_after=2023-02-27T19:52:49.264519+00:00
[2023-02-27T19:52:49.314+0000] {processor.py:175} INFO - Processing /home/airflow/.local/lib/python3.7/site-packages/airflow/example_dags/tutorial.py took 0.468 seconds
[2023-02-27T19:53:19.447+0000] {processor.py:153} INFO - Started process (PID=124) to work on /home/airflow/.local/lib/python3.7/site-packages/airflow/example_dags/tutorial.py
[2023-02-27T19:53:19.448+0000] {processor.py:743} INFO - Processing file /home/airflow/.local/lib/python3.7/site-packages/airflow/example_dags/tutorial.py for tasks to queue
[2023-02-27T19:53:19.449+0000] {logging_mixin.py:137} INFO - [2023-02-27T19:53:19.449+0000] {dagbag.py:538} INFO - Filling up the DagBag from /home/airflow/.local/lib/python3.7/site-packages/airflow/example_dags/tutorial.py
[2023-02-27T19:53:19.486+0000] {processor.py:753} INFO - DAG(s) dict_keys(['tutorial']) retrieved from /home/airflow/.local/lib/python3.7/site-packages/airflow/example_dags/tutorial.py
[2023-02-27T19:53:19.527+0000] {logging_mixin.py:137} INFO - [2023-02-27T19:53:19.526+0000] {dag.py:2690} INFO - Sync 1 DAGs
[2023-02-27T19:53:19.563+0000] {logging_mixin.py:137} INFO - [2023-02-27T19:53:19.562+0000] {dag.py:3441} INFO - Setting next_dagrun for tutorial to 2023-02-26T19:53:19.562674+00:00, run_after=2023-02-27T19:53:19.562674+00:00
[2023-02-27T19:53:19.610+0000] {processor.py:175} INFO - Processing /home/airflow/.local/lib/python3.7/site-packages/airflow/example_dags/tutorial.py took 0.168 seconds
[2023-02-27T19:53:50.325+0000] {processor.py:153} INFO - Started process (PID=196) to work on /home/airflow/.local/lib/python3.7/site-packages/airflow/example_dags/tutorial.py
[2023-02-27T19:53:50.328+0000] {processor.py:743} INFO - Processing file /home/airflow/.local/lib/python3.7/site-packages/airflow/example_dags/tutorial.py for tasks to queue
[2023-02-27T19:53:50.329+0000] {logging_mixin.py:137} INFO - [2023-02-27T19:53:50.329+0000] {dagbag.py:538} INFO - Filling up the DagBag from /home/airflow/.local/lib/python3.7/site-packages/airflow/example_dags/tutorial.py
[2023-02-27T19:53:50.365+0000] {processor.py:753} INFO - DAG(s) dict_keys(['tutorial']) retrieved from /home/airflow/.local/lib/python3.7/site-packages/airflow/example_dags/tutorial.py
[2023-02-27T19:53:50.423+0000] {logging_mixin.py:137} INFO - [2023-02-27T19:53:50.422+0000] {dag.py:2690} INFO - Sync 1 DAGs
[2023-02-27T19:53:50.483+0000] {logging_mixin.py:137} INFO - [2023-02-27T19:53:50.483+0000] {dag.py:3441} INFO - Setting next_dagrun for tutorial to 2023-02-26T19:53:50.483370+00:00, run_after=2023-02-27T19:53:50.483370+00:00
[2023-02-27T19:53:50.531+0000] {processor.py:175} INFO - Processing /home/airflow/.local/lib/python3.7/site-packages/airflow/example_dags/tutorial.py took 0.211 seconds
[2023-02-27T19:54:22.189+0000] {processor.py:153} INFO - Started process (PID=270) to work on /home/airflow/.local/lib/python3.7/site-packages/airflow/example_dags/tutorial.py
[2023-02-27T19:54:22.198+0000] {processor.py:743} INFO - Processing file /home/airflow/.local/lib/python3.7/site-packages/airflow/example_dags/tutorial.py for tasks to queue
[2023-02-27T19:54:22.199+0000] {logging_mixin.py:137} INFO - [2023-02-27T19:54:22.199+0000] {dagbag.py:538} INFO - Filling up the DagBag from /home/airflow/.local/lib/python3.7/site-packages/airflow/example_dags/tutorial.py
[2023-02-27T19:54:22.225+0000] {processor.py:753} INFO - DAG(s) dict_keys(['tutorial']) retrieved from /home/airflow/.local/lib/python3.7/site-packages/airflow/example_dags/tutorial.py
[2023-02-27T19:54:22.297+0000] {logging_mixin.py:137} INFO - [2023-02-27T19:54:22.297+0000] {dag.py:2690} INFO - Sync 1 DAGs
[2023-02-27T19:54:22.337+0000] {logging_mixin.py:137} INFO - [2023-02-27T19:54:22.337+0000] {dag.py:3441} INFO - Setting next_dagrun for tutorial to 2023-02-26T19:54:22.337018+00:00, run_after=2023-02-27T19:54:22.337018+00:00
[2023-02-27T19:54:22.364+0000] {processor.py:175} INFO - Processing /home/airflow/.local/lib/python3.7/site-packages/airflow/example_dags/tutorial.py took 0.181 seconds
[2023-02-27T19:54:52.466+0000] {processor.py:153} INFO - Started process (PID=337) to work on /home/airflow/.local/lib/python3.7/site-packages/airflow/example_dags/tutorial.py
[2023-02-27T19:54:52.467+0000] {processor.py:743} INFO - Processing file /home/airflow/.local/lib/python3.7/site-packages/airflow/example_dags/tutorial.py for tasks to queue
[2023-02-27T19:54:52.467+0000] {logging_mixin.py:137} INFO - [2023-02-27T19:54:52.467+0000] {dagbag.py:538} INFO - Filling up the DagBag from /home/airflow/.local/lib/python3.7/site-packages/airflow/example_dags/tutorial.py
[2023-02-27T19:54:52.484+0000] {processor.py:753} INFO - DAG(s) dict_keys(['tutorial']) retrieved from /home/airflow/.local/lib/python3.7/site-packages/airflow/example_dags/tutorial.py
[2023-02-27T19:54:52.514+0000] {logging_mixin.py:137} INFO - [2023-02-27T19:54:52.514+0000] {dag.py:2690} INFO - Sync 1 DAGs
[2023-02-27T19:54:52.546+0000] {logging_mixin.py:137} INFO - [2023-02-27T19:54:52.546+0000] {dag.py:3441} INFO - Setting next_dagrun for tutorial to 2023-02-26T19:54:52.545769+00:00, run_after=2023-02-27T19:54:52.545769+00:00
[2023-02-27T19:54:52.571+0000] {processor.py:175} INFO - Processing /home/airflow/.local/lib/python3.7/site-packages/airflow/example_dags/tutorial.py took 0.109 seconds
[2023-02-27T19:55:23.189+0000] {processor.py:153} INFO - Started process (PID=404) to work on /home/airflow/.local/lib/python3.7/site-packages/airflow/example_dags/tutorial.py
[2023-02-27T19:55:23.190+0000] {processor.py:743} INFO - Processing file /home/airflow/.local/lib/python3.7/site-packages/airflow/example_dags/tutorial.py for tasks to queue
[2023-02-27T19:55:23.191+0000] {logging_mixin.py:137} INFO - [2023-02-27T19:55:23.191+0000] {dagbag.py:538} INFO - Filling up the DagBag from /home/airflow/.local/lib/python3.7/site-packages/airflow/example_dags/tutorial.py
[2023-02-27T19:55:23.206+0000] {processor.py:753} INFO - DAG(s) dict_keys(['tutorial']) retrieved from /home/airflow/.local/lib/python3.7/site-packages/airflow/example_dags/tutorial.py
[2023-02-27T19:55:23.232+0000] {logging_mixin.py:137} INFO - [2023-02-27T19:55:23.232+0000] {dag.py:2690} INFO - Sync 1 DAGs
[2023-02-27T19:55:23.261+0000] {logging_mixin.py:137} INFO - [2023-02-27T19:55:23.261+0000] {dag.py:3441} INFO - Setting next_dagrun for tutorial to 2023-02-26T19:55:23.260798+00:00, run_after=2023-02-27T19:55:23.260798+00:00
[2023-02-27T19:55:23.283+0000] {processor.py:175} INFO - Processing /home/airflow/.local/lib/python3.7/site-packages/airflow/example_dags/tutorial.py took 0.097 seconds
[2023-02-27T19:55:53.748+0000] {processor.py:153} INFO - Started process (PID=485) to work on /home/airflow/.local/lib/python3.7/site-packages/airflow/example_dags/tutorial.py
[2023-02-27T19:55:53.749+0000] {processor.py:743} INFO - Processing file /home/airflow/.local/lib/python3.7/site-packages/airflow/example_dags/tutorial.py for tasks to queue
[2023-02-27T19:55:53.750+0000] {logging_mixin.py:137} INFO - [2023-02-27T19:55:53.749+0000] {dagbag.py:538} INFO - Filling up the DagBag from /home/airflow/.local/lib/python3.7/site-packages/airflow/example_dags/tutorial.py
[2023-02-27T19:55:53.764+0000] {processor.py:753} INFO - DAG(s) dict_keys(['tutorial']) retrieved from /home/airflow/.local/lib/python3.7/site-packages/airflow/example_dags/tutorial.py
[2023-02-27T19:55:53.787+0000] {logging_mixin.py:137} INFO - [2023-02-27T19:55:53.787+0000] {dag.py:2690} INFO - Sync 1 DAGs
[2023-02-27T19:55:53.818+0000] {logging_mixin.py:137} INFO - [2023-02-27T19:55:53.817+0000] {dag.py:3441} INFO - Setting next_dagrun for tutorial to 2023-02-26T19:55:53.817571+00:00, run_after=2023-02-27T19:55:53.817571+00:00
[2023-02-27T19:55:53.843+0000] {processor.py:175} INFO - Processing /home/airflow/.local/lib/python3.7/site-packages/airflow/example_dags/tutorial.py took 0.098 seconds
[2023-02-27T19:56:24.874+0000] {processor.py:153} INFO - Started process (PID=552) to work on /home/airflow/.local/lib/python3.7/site-packages/airflow/example_dags/tutorial.py
[2023-02-27T19:56:24.878+0000] {processor.py:743} INFO - Processing file /home/airflow/.local/lib/python3.7/site-packages/airflow/example_dags/tutorial.py for tasks to queue
[2023-02-27T19:56:24.879+0000] {logging_mixin.py:137} INFO - [2023-02-27T19:56:24.879+0000] {dagbag.py:538} INFO - Filling up the DagBag from /home/airflow/.local/lib/python3.7/site-packages/airflow/example_dags/tutorial.py
[2023-02-27T19:56:24.904+0000] {processor.py:753} INFO - DAG(s) dict_keys(['tutorial']) retrieved from /home/airflow/.local/lib/python3.7/site-packages/airflow/example_dags/tutorial.py
[2023-02-27T19:56:24.944+0000] {logging_mixin.py:137} INFO - [2023-02-27T19:56:24.944+0000] {dag.py:2690} INFO - Sync 1 DAGs
[2023-02-27T19:56:24.994+0000] {logging_mixin.py:137} INFO - [2023-02-27T19:56:24.993+0000] {dag.py:3441} INFO - Setting next_dagrun for tutorial to 2023-02-26T19:56:24.993690+00:00, run_after=2023-02-27T19:56:24.993690+00:00
[2023-02-27T19:56:25.030+0000] {processor.py:175} INFO - Processing /home/airflow/.local/lib/python3.7/site-packages/airflow/example_dags/tutorial.py took 0.160 seconds
[2023-02-27T19:56:55.366+0000] {processor.py:153} INFO - Started process (PID=619) to work on /home/airflow/.local/lib/python3.7/site-packages/airflow/example_dags/tutorial.py
[2023-02-27T19:56:55.367+0000] {processor.py:743} INFO - Processing file /home/airflow/.local/lib/python3.7/site-packages/airflow/example_dags/tutorial.py for tasks to queue
[2023-02-27T19:56:55.368+0000] {logging_mixin.py:137} INFO - [2023-02-27T19:56:55.368+0000] {dagbag.py:538} INFO - Filling up the DagBag from /home/airflow/.local/lib/python3.7/site-packages/airflow/example_dags/tutorial.py
[2023-02-27T19:56:55.405+0000] {processor.py:753} INFO - DAG(s) dict_keys(['tutorial']) retrieved from /home/airflow/.local/lib/python3.7/site-packages/airflow/example_dags/tutorial.py
[2023-02-27T19:56:55.447+0000] {logging_mixin.py:137} INFO - [2023-02-27T19:56:55.447+0000] {dag.py:2690} INFO - Sync 1 DAGs
[2023-02-27T19:56:55.508+0000] {logging_mixin.py:137} INFO - [2023-02-27T19:56:55.508+0000] {dag.py:3441} INFO - Setting next_dagrun for tutorial to 2023-02-26T19:56:55.507499+00:00, run_after=2023-02-27T19:56:55.507499+00:00
[2023-02-27T19:56:55.539+0000] {processor.py:175} INFO - Processing /home/airflow/.local/lib/python3.7/site-packages/airflow/example_dags/tutorial.py took 0.177 seconds
[2023-02-27T19:57:25.937+0000] {processor.py:153} INFO - Started process (PID=701) to work on /home/airflow/.local/lib/python3.7/site-packages/airflow/example_dags/tutorial.py
[2023-02-27T19:57:25.939+0000] {processor.py:743} INFO - Processing file /home/airflow/.local/lib/python3.7/site-packages/airflow/example_dags/tutorial.py for tasks to queue
[2023-02-27T19:57:25.940+0000] {logging_mixin.py:137} INFO - [2023-02-27T19:57:25.940+0000] {dagbag.py:538} INFO - Filling up the DagBag from /home/airflow/.local/lib/python3.7/site-packages/airflow/example_dags/tutorial.py
[2023-02-27T19:57:25.967+0000] {processor.py:753} INFO - DAG(s) dict_keys(['tutorial']) retrieved from /home/airflow/.local/lib/python3.7/site-packages/airflow/example_dags/tutorial.py
[2023-02-27T19:57:26.002+0000] {logging_mixin.py:137} INFO - [2023-02-27T19:57:26.002+0000] {dag.py:2690} INFO - Sync 1 DAGs
[2023-02-27T19:57:26.038+0000] {logging_mixin.py:137} INFO - [2023-02-27T19:57:26.037+0000] {dag.py:3441} INFO - Setting next_dagrun for tutorial to 2023-02-26T19:57:26.037396+00:00, run_after=2023-02-27T19:57:26.037396+00:00
[2023-02-27T19:57:26.068+0000] {processor.py:175} INFO - Processing /home/airflow/.local/lib/python3.7/site-packages/airflow/example_dags/tutorial.py took 0.144 seconds
[2023-02-27T19:57:56.274+0000] {processor.py:153} INFO - Started process (PID=769) to work on /home/airflow/.local/lib/python3.7/site-packages/airflow/example_dags/tutorial.py
[2023-02-27T19:57:56.275+0000] {processor.py:743} INFO - Processing file /home/airflow/.local/lib/python3.7/site-packages/airflow/example_dags/tutorial.py for tasks to queue
[2023-02-27T19:57:56.276+0000] {logging_mixin.py:137} INFO - [2023-02-27T19:57:56.275+0000] {dagbag.py:538} INFO - Filling up the DagBag from /home/airflow/.local/lib/python3.7/site-packages/airflow/example_dags/tutorial.py
[2023-02-27T19:57:56.292+0000] {processor.py:753} INFO - DAG(s) dict_keys(['tutorial']) retrieved from /home/airflow/.local/lib/python3.7/site-packages/airflow/example_dags/tutorial.py
[2023-02-27T19:57:56.320+0000] {logging_mixin.py:137} INFO - [2023-02-27T19:57:56.320+0000] {dag.py:2690} INFO - Sync 1 DAGs
[2023-02-27T19:57:56.351+0000] {logging_mixin.py:137} INFO - [2023-02-27T19:57:56.351+0000] {dag.py:3441} INFO - Setting next_dagrun for tutorial to 2023-02-26T19:57:56.351230+00:00, run_after=2023-02-27T19:57:56.351230+00:00
[2023-02-27T19:57:56.378+0000] {processor.py:175} INFO - Processing /home/airflow/.local/lib/python3.7/site-packages/airflow/example_dags/tutorial.py took 0.107 seconds
[2023-02-27T19:58:27.205+0000] {processor.py:153} INFO - Started process (PID=844) to work on /home/airflow/.local/lib/python3.7/site-packages/airflow/example_dags/tutorial.py
[2023-02-27T19:58:27.207+0000] {processor.py:743} INFO - Processing file /home/airflow/.local/lib/python3.7/site-packages/airflow/example_dags/tutorial.py for tasks to queue
[2023-02-27T19:58:27.208+0000] {logging_mixin.py:137} INFO - [2023-02-27T19:58:27.207+0000] {dagbag.py:538} INFO - Filling up the DagBag from /home/airflow/.local/lib/python3.7/site-packages/airflow/example_dags/tutorial.py
[2023-02-27T19:58:27.226+0000] {processor.py:753} INFO - DAG(s) dict_keys(['tutorial']) retrieved from /home/airflow/.local/lib/python3.7/site-packages/airflow/example_dags/tutorial.py
[2023-02-27T19:58:27.270+0000] {logging_mixin.py:137} INFO - [2023-02-27T19:58:27.270+0000] {dag.py:2690} INFO - Sync 1 DAGs
[2023-02-27T19:58:27.310+0000] {logging_mixin.py:137} INFO - [2023-02-27T19:58:27.310+0000] {dag.py:3441} INFO - Setting next_dagrun for tutorial to 2023-02-26T19:58:27.310397+00:00, run_after=2023-02-27T19:58:27.310397+00:00
[2023-02-27T19:58:27.341+0000] {processor.py:175} INFO - Processing /home/airflow/.local/lib/python3.7/site-packages/airflow/example_dags/tutorial.py took 0.141 seconds
[2023-02-27T19:58:57.720+0000] {processor.py:153} INFO - Started process (PID=919) to work on /home/airflow/.local/lib/python3.7/site-packages/airflow/example_dags/tutorial.py
[2023-02-27T19:58:57.721+0000] {processor.py:743} INFO - Processing file /home/airflow/.local/lib/python3.7/site-packages/airflow/example_dags/tutorial.py for tasks to queue
[2023-02-27T19:58:57.723+0000] {logging_mixin.py:137} INFO - [2023-02-27T19:58:57.722+0000] {dagbag.py:538} INFO - Filling up the DagBag from /home/airflow/.local/lib/python3.7/site-packages/airflow/example_dags/tutorial.py
[2023-02-27T19:58:57.744+0000] {processor.py:753} INFO - DAG(s) dict_keys(['tutorial']) retrieved from /home/airflow/.local/lib/python3.7/site-packages/airflow/example_dags/tutorial.py
[2023-02-27T19:58:57.786+0000] {logging_mixin.py:137} INFO - [2023-02-27T19:58:57.785+0000] {dag.py:2690} INFO - Sync 1 DAGs
[2023-02-27T19:58:57.824+0000] {logging_mixin.py:137} INFO - [2023-02-27T19:58:57.824+0000] {dag.py:3441} INFO - Setting next_dagrun for tutorial to 2023-02-26T19:58:57.824184+00:00, run_after=2023-02-27T19:58:57.824184+00:00
[2023-02-27T19:58:57.852+0000] {processor.py:175} INFO - Processing /home/airflow/.local/lib/python3.7/site-packages/airflow/example_dags/tutorial.py took 0.136 seconds
[2023-02-27T19:59:28.199+0000] {processor.py:153} INFO - Started process (PID=987) to work on /home/airflow/.local/lib/python3.7/site-packages/airflow/example_dags/tutorial.py
[2023-02-27T19:59:28.200+0000] {processor.py:743} INFO - Processing file /home/airflow/.local/lib/python3.7/site-packages/airflow/example_dags/tutorial.py for tasks to queue
[2023-02-27T19:59:28.201+0000] {logging_mixin.py:137} INFO - [2023-02-27T19:59:28.201+0000] {dagbag.py:538} INFO - Filling up the DagBag from /home/airflow/.local/lib/python3.7/site-packages/airflow/example_dags/tutorial.py
[2023-02-27T19:59:28.220+0000] {processor.py:753} INFO - DAG(s) dict_keys(['tutorial']) retrieved from /home/airflow/.local/lib/python3.7/site-packages/airflow/example_dags/tutorial.py
[2023-02-27T19:59:28.255+0000] {logging_mixin.py:137} INFO - [2023-02-27T19:59:28.254+0000] {dag.py:2690} INFO - Sync 1 DAGs
[2023-02-27T19:59:28.286+0000] {logging_mixin.py:137} INFO - [2023-02-27T19:59:28.286+0000] {dag.py:3441} INFO - Setting next_dagrun for tutorial to 2023-02-26T19:59:28.285855+00:00, run_after=2023-02-27T19:59:28.285855+00:00
[2023-02-27T19:59:28.316+0000] {processor.py:175} INFO - Processing /home/airflow/.local/lib/python3.7/site-packages/airflow/example_dags/tutorial.py took 0.121 seconds
[2023-02-27T19:59:58.564+0000] {processor.py:153} INFO - Started process (PID=1069) to work on /home/airflow/.local/lib/python3.7/site-packages/airflow/example_dags/tutorial.py
[2023-02-27T19:59:58.565+0000] {processor.py:743} INFO - Processing file /home/airflow/.local/lib/python3.7/site-packages/airflow/example_dags/tutorial.py for tasks to queue
[2023-02-27T19:59:58.566+0000] {logging_mixin.py:137} INFO - [2023-02-27T19:59:58.566+0000] {dagbag.py:538} INFO - Filling up the DagBag from /home/airflow/.local/lib/python3.7/site-packages/airflow/example_dags/tutorial.py
[2023-02-27T19:59:58.583+0000] {processor.py:753} INFO - DAG(s) dict_keys(['tutorial']) retrieved from /home/airflow/.local/lib/python3.7/site-packages/airflow/example_dags/tutorial.py
[2023-02-27T19:59:58.615+0000] {logging_mixin.py:137} INFO - [2023-02-27T19:59:58.615+0000] {dag.py:2690} INFO - Sync 1 DAGs
[2023-02-27T19:59:58.650+0000] {logging_mixin.py:137} INFO - [2023-02-27T19:59:58.649+0000] {dag.py:3441} INFO - Setting next_dagrun for tutorial to 2023-02-26T19:59:58.649504+00:00, run_after=2023-02-27T19:59:58.649504+00:00
[2023-02-27T19:59:58.677+0000] {processor.py:175} INFO - Processing /home/airflow/.local/lib/python3.7/site-packages/airflow/example_dags/tutorial.py took 0.118 seconds
[2023-02-27T20:00:28.816+0000] {processor.py:153} INFO - Started process (PID=1137) to work on /home/airflow/.local/lib/python3.7/site-packages/airflow/example_dags/tutorial.py
[2023-02-27T20:00:28.817+0000] {processor.py:743} INFO - Processing file /home/airflow/.local/lib/python3.7/site-packages/airflow/example_dags/tutorial.py for tasks to queue
[2023-02-27T20:00:28.818+0000] {logging_mixin.py:137} INFO - [2023-02-27T20:00:28.818+0000] {dagbag.py:538} INFO - Filling up the DagBag from /home/airflow/.local/lib/python3.7/site-packages/airflow/example_dags/tutorial.py
[2023-02-27T20:00:28.835+0000] {processor.py:753} INFO - DAG(s) dict_keys(['tutorial']) retrieved from /home/airflow/.local/lib/python3.7/site-packages/airflow/example_dags/tutorial.py
[2023-02-27T20:00:28.865+0000] {logging_mixin.py:137} INFO - [2023-02-27T20:00:28.864+0000] {dag.py:2690} INFO - Sync 1 DAGs
[2023-02-27T20:00:28.894+0000] {logging_mixin.py:137} INFO - [2023-02-27T20:00:28.894+0000] {dag.py:3441} INFO - Setting next_dagrun for tutorial to 2023-02-26T20:00:28.894481+00:00, run_after=2023-02-27T20:00:28.894481+00:00
[2023-02-27T20:00:28.916+0000] {processor.py:175} INFO - Processing /home/airflow/.local/lib/python3.7/site-packages/airflow/example_dags/tutorial.py took 0.105 seconds
[2023-02-27T20:00:59.601+0000] {processor.py:153} INFO - Started process (PID=1204) to work on /home/airflow/.local/lib/python3.7/site-packages/airflow/example_dags/tutorial.py
[2023-02-27T20:00:59.603+0000] {processor.py:743} INFO - Processing file /home/airflow/.local/lib/python3.7/site-packages/airflow/example_dags/tutorial.py for tasks to queue
[2023-02-27T20:00:59.604+0000] {logging_mixin.py:137} INFO - [2023-02-27T20:00:59.604+0000] {dagbag.py:538} INFO - Filling up the DagBag from /home/airflow/.local/lib/python3.7/site-packages/airflow/example_dags/tutorial.py
[2023-02-27T20:00:59.626+0000] {processor.py:753} INFO - DAG(s) dict_keys(['tutorial']) retrieved from /home/airflow/.local/lib/python3.7/site-packages/airflow/example_dags/tutorial.py
[2023-02-27T20:00:59.656+0000] {logging_mixin.py:137} INFO - [2023-02-27T20:00:59.656+0000] {dag.py:2690} INFO - Sync 1 DAGs
[2023-02-27T20:00:59.698+0000] {logging_mixin.py:137} INFO - [2023-02-27T20:00:59.698+0000] {dag.py:3441} INFO - Setting next_dagrun for tutorial to 2023-02-26T20:00:59.698383+00:00, run_after=2023-02-27T20:00:59.698383+00:00
[2023-02-27T20:00:59.747+0000] {processor.py:175} INFO - Processing /home/airflow/.local/lib/python3.7/site-packages/airflow/example_dags/tutorial.py took 0.149 seconds
[2023-02-27T20:01:30.246+0000] {processor.py:153} INFO - Started process (PID=1286) to work on /home/airflow/.local/lib/python3.7/site-packages/airflow/example_dags/tutorial.py
[2023-02-27T20:01:30.247+0000] {processor.py:743} INFO - Processing file /home/airflow/.local/lib/python3.7/site-packages/airflow/example_dags/tutorial.py for tasks to queue
[2023-02-27T20:01:30.248+0000] {logging_mixin.py:137} INFO - [2023-02-27T20:01:30.247+0000] {dagbag.py:538} INFO - Filling up the DagBag from /home/airflow/.local/lib/python3.7/site-packages/airflow/example_dags/tutorial.py
[2023-02-27T20:01:30.264+0000] {processor.py:753} INFO - DAG(s) dict_keys(['tutorial']) retrieved from /home/airflow/.local/lib/python3.7/site-packages/airflow/example_dags/tutorial.py
[2023-02-27T20:01:30.293+0000] {logging_mixin.py:137} INFO - [2023-02-27T20:01:30.293+0000] {dag.py:2690} INFO - Sync 1 DAGs
[2023-02-27T20:01:30.326+0000] {logging_mixin.py:137} INFO - [2023-02-27T20:01:30.326+0000] {dag.py:3441} INFO - Setting next_dagrun for tutorial to 2023-02-26T20:01:30.325778+00:00, run_after=2023-02-27T20:01:30.325778+00:00
[2023-02-27T20:01:30.352+0000] {processor.py:175} INFO - Processing /home/airflow/.local/lib/python3.7/site-packages/airflow/example_dags/tutorial.py took 0.109 seconds
[2023-02-27T20:02:00.453+0000] {processor.py:153} INFO - Started process (PID=1354) to work on /home/airflow/.local/lib/python3.7/site-packages/airflow/example_dags/tutorial.py
[2023-02-27T20:02:00.455+0000] {processor.py:743} INFO - Processing file /home/airflow/.local/lib/python3.7/site-packages/airflow/example_dags/tutorial.py for tasks to queue
[2023-02-27T20:02:00.455+0000] {logging_mixin.py:137} INFO - [2023-02-27T20:02:00.455+0000] {dagbag.py:538} INFO - Filling up the DagBag from /home/airflow/.local/lib/python3.7/site-packages/airflow/example_dags/tutorial.py
[2023-02-27T20:02:00.473+0000] {processor.py:753} INFO - DAG(s) dict_keys(['tutorial']) retrieved from /home/airflow/.local/lib/python3.7/site-packages/airflow/example_dags/tutorial.py
[2023-02-27T20:02:00.510+0000] {logging_mixin.py:137} INFO - [2023-02-27T20:02:00.510+0000] {dag.py:2690} INFO - Sync 1 DAGs
[2023-02-27T20:02:00.549+0000] {logging_mixin.py:137} INFO - [2023-02-27T20:02:00.548+0000] {dag.py:3441} INFO - Setting next_dagrun for tutorial to 2023-02-26T20:02:00.548293+00:00, run_after=2023-02-27T20:02:00.548293+00:00
[2023-02-27T20:02:00.588+0000] {processor.py:175} INFO - Processing /home/airflow/.local/lib/python3.7/site-packages/airflow/example_dags/tutorial.py took 0.138 seconds
[2023-02-27T20:02:31.277+0000] {processor.py:153} INFO - Started process (PID=1422) to work on /home/airflow/.local/lib/python3.7/site-packages/airflow/example_dags/tutorial.py
[2023-02-27T20:02:31.278+0000] {processor.py:743} INFO - Processing file /home/airflow/.local/lib/python3.7/site-packages/airflow/example_dags/tutorial.py for tasks to queue
[2023-02-27T20:02:31.278+0000] {logging_mixin.py:137} INFO - [2023-02-27T20:02:31.278+0000] {dagbag.py:538} INFO - Filling up the DagBag from /home/airflow/.local/lib/python3.7/site-packages/airflow/example_dags/tutorial.py
[2023-02-27T20:02:31.295+0000] {processor.py:753} INFO - DAG(s) dict_keys(['tutorial']) retrieved from /home/airflow/.local/lib/python3.7/site-packages/airflow/example_dags/tutorial.py
[2023-02-27T20:02:31.323+0000] {logging_mixin.py:137} INFO - [2023-02-27T20:02:31.322+0000] {dag.py:2690} INFO - Sync 1 DAGs
[2023-02-27T20:02:31.352+0000] {logging_mixin.py:137} INFO - [2023-02-27T20:02:31.351+0000] {dag.py:3441} INFO - Setting next_dagrun for tutorial to 2023-02-26T20:02:31.351624+00:00, run_after=2023-02-27T20:02:31.351624+00:00
[2023-02-27T20:02:31.376+0000] {processor.py:175} INFO - Processing /home/airflow/.local/lib/python3.7/site-packages/airflow/example_dags/tutorial.py took 0.103 seconds
[2023-02-27T20:03:02.221+0000] {processor.py:153} INFO - Started process (PID=1503) to work on /home/airflow/.local/lib/python3.7/site-packages/airflow/example_dags/tutorial.py
[2023-02-27T20:03:02.222+0000] {processor.py:743} INFO - Processing file /home/airflow/.local/lib/python3.7/site-packages/airflow/example_dags/tutorial.py for tasks to queue
[2023-02-27T20:03:02.223+0000] {logging_mixin.py:137} INFO - [2023-02-27T20:03:02.223+0000] {dagbag.py:538} INFO - Filling up the DagBag from /home/airflow/.local/lib/python3.7/site-packages/airflow/example_dags/tutorial.py
[2023-02-27T20:03:02.239+0000] {processor.py:753} INFO - DAG(s) dict_keys(['tutorial']) retrieved from /home/airflow/.local/lib/python3.7/site-packages/airflow/example_dags/tutorial.py
[2023-02-27T20:03:02.264+0000] {logging_mixin.py:137} INFO - [2023-02-27T20:03:02.264+0000] {dag.py:2690} INFO - Sync 1 DAGs
[2023-02-27T20:03:02.294+0000] {logging_mixin.py:137} INFO - [2023-02-27T20:03:02.294+0000] {dag.py:3441} INFO - Setting next_dagrun for tutorial to 2023-02-26T20:03:02.294151+00:00, run_after=2023-02-27T20:03:02.294151+00:00
[2023-02-27T20:03:02.316+0000] {processor.py:175} INFO - Processing /home/airflow/.local/lib/python3.7/site-packages/airflow/example_dags/tutorial.py took 0.099 seconds
[2023-02-27T20:03:32.525+0000] {processor.py:153} INFO - Started process (PID=1570) to work on /home/airflow/.local/lib/python3.7/site-packages/airflow/example_dags/tutorial.py
[2023-02-27T20:03:32.527+0000] {processor.py:743} INFO - Processing file /home/airflow/.local/lib/python3.7/site-packages/airflow/example_dags/tutorial.py for tasks to queue
[2023-02-27T20:03:32.527+0000] {logging_mixin.py:137} INFO - [2023-02-27T20:03:32.527+0000] {dagbag.py:538} INFO - Filling up the DagBag from /home/airflow/.local/lib/python3.7/site-packages/airflow/example_dags/tutorial.py
[2023-02-27T20:03:32.547+0000] {processor.py:753} INFO - DAG(s) dict_keys(['tutorial']) retrieved from /home/airflow/.local/lib/python3.7/site-packages/airflow/example_dags/tutorial.py
[2023-02-27T20:03:32.579+0000] {logging_mixin.py:137} INFO - [2023-02-27T20:03:32.579+0000] {dag.py:2690} INFO - Sync 1 DAGs
[2023-02-27T20:03:32.611+0000] {logging_mixin.py:137} INFO - [2023-02-27T20:03:32.611+0000] {dag.py:3441} INFO - Setting next_dagrun for tutorial to 2023-02-26T20:03:32.611526+00:00, run_after=2023-02-27T20:03:32.611526+00:00
[2023-02-27T20:03:32.642+0000] {processor.py:175} INFO - Processing /home/airflow/.local/lib/python3.7/site-packages/airflow/example_dags/tutorial.py took 0.120 seconds
[2023-02-27T20:04:02.812+0000] {processor.py:153} INFO - Started process (PID=1638) to work on /home/airflow/.local/lib/python3.7/site-packages/airflow/example_dags/tutorial.py
[2023-02-27T20:04:02.813+0000] {processor.py:743} INFO - Processing file /home/airflow/.local/lib/python3.7/site-packages/airflow/example_dags/tutorial.py for tasks to queue
[2023-02-27T20:04:02.814+0000] {logging_mixin.py:137} INFO - [2023-02-27T20:04:02.814+0000] {dagbag.py:538} INFO - Filling up the DagBag from /home/airflow/.local/lib/python3.7/site-packages/airflow/example_dags/tutorial.py
[2023-02-27T20:04:02.853+0000] {processor.py:753} INFO - DAG(s) dict_keys(['tutorial']) retrieved from /home/airflow/.local/lib/python3.7/site-packages/airflow/example_dags/tutorial.py
[2023-02-27T20:04:02.912+0000] {logging_mixin.py:137} INFO - [2023-02-27T20:04:02.912+0000] {dag.py:2690} INFO - Sync 1 DAGs
[2023-02-27T20:04:02.955+0000] {logging_mixin.py:137} INFO - [2023-02-27T20:04:02.955+0000] {dag.py:3441} INFO - Setting next_dagrun for tutorial to 2023-02-26T20:04:02.954969+00:00, run_after=2023-02-27T20:04:02.954969+00:00
[2023-02-27T20:04:02.994+0000] {processor.py:175} INFO - Processing /home/airflow/.local/lib/python3.7/site-packages/airflow/example_dags/tutorial.py took 0.187 seconds
[2023-02-27T20:04:33.154+0000] {processor.py:153} INFO - Started process (PID=1722) to work on /home/airflow/.local/lib/python3.7/site-packages/airflow/example_dags/tutorial.py
[2023-02-27T20:04:33.155+0000] {processor.py:743} INFO - Processing file /home/airflow/.local/lib/python3.7/site-packages/airflow/example_dags/tutorial.py for tasks to queue
[2023-02-27T20:04:33.156+0000] {logging_mixin.py:137} INFO - [2023-02-27T20:04:33.156+0000] {dagbag.py:538} INFO - Filling up the DagBag from /home/airflow/.local/lib/python3.7/site-packages/airflow/example_dags/tutorial.py
[2023-02-27T20:04:33.173+0000] {processor.py:753} INFO - DAG(s) dict_keys(['tutorial']) retrieved from /home/airflow/.local/lib/python3.7/site-packages/airflow/example_dags/tutorial.py
[2023-02-27T20:04:33.209+0000] {logging_mixin.py:137} INFO - [2023-02-27T20:04:33.209+0000] {dag.py:2690} INFO - Sync 1 DAGs
[2023-02-27T20:04:33.245+0000] {logging_mixin.py:137} INFO - [2023-02-27T20:04:33.245+0000] {dag.py:3441} INFO - Setting next_dagrun for tutorial to 2023-02-26T20:04:33.245321+00:00, run_after=2023-02-27T20:04:33.245321+00:00
[2023-02-27T20:04:33.282+0000] {processor.py:175} INFO - Processing /home/airflow/.local/lib/python3.7/site-packages/airflow/example_dags/tutorial.py took 0.132 seconds
[2023-02-27T20:05:04.899+0000] {processor.py:153} INFO - Started process (PID=1790) to work on /home/airflow/.local/lib/python3.7/site-packages/airflow/example_dags/tutorial.py
[2023-02-27T20:05:04.909+0000] {processor.py:743} INFO - Processing file /home/airflow/.local/lib/python3.7/site-packages/airflow/example_dags/tutorial.py for tasks to queue
[2023-02-27T20:05:04.910+0000] {logging_mixin.py:137} INFO - [2023-02-27T20:05:04.910+0000] {dagbag.py:538} INFO - Filling up the DagBag from /home/airflow/.local/lib/python3.7/site-packages/airflow/example_dags/tutorial.py
[2023-02-27T20:05:05.070+0000] {processor.py:753} INFO - DAG(s) dict_keys(['tutorial']) retrieved from /home/airflow/.local/lib/python3.7/site-packages/airflow/example_dags/tutorial.py
[2023-02-27T20:05:05.167+0000] {logging_mixin.py:137} INFO - [2023-02-27T20:05:05.164+0000] {dag.py:2690} INFO - Sync 1 DAGs
[2023-02-27T20:05:05.247+0000] {logging_mixin.py:137} INFO - [2023-02-27T20:05:05.247+0000] {dag.py:3441} INFO - Setting next_dagrun for tutorial to 2023-02-26T20:05:05.246846+00:00, run_after=2023-02-27T20:05:05.246846+00:00
[2023-02-27T20:05:05.319+0000] {processor.py:175} INFO - Processing /home/airflow/.local/lib/python3.7/site-packages/airflow/example_dags/tutorial.py took 0.465 seconds
[2023-02-27T20:05:35.366+0000] {processor.py:153} INFO - Started process (PID=1859) to work on /home/airflow/.local/lib/python3.7/site-packages/airflow/example_dags/tutorial.py
[2023-02-27T20:05:35.368+0000] {processor.py:743} INFO - Processing file /home/airflow/.local/lib/python3.7/site-packages/airflow/example_dags/tutorial.py for tasks to queue
[2023-02-27T20:05:35.369+0000] {logging_mixin.py:137} INFO - [2023-02-27T20:05:35.368+0000] {dagbag.py:538} INFO - Filling up the DagBag from /home/airflow/.local/lib/python3.7/site-packages/airflow/example_dags/tutorial.py
[2023-02-27T20:05:35.401+0000] {processor.py:753} INFO - DAG(s) dict_keys(['tutorial']) retrieved from /home/airflow/.local/lib/python3.7/site-packages/airflow/example_dags/tutorial.py
[2023-02-27T20:05:35.444+0000] {logging_mixin.py:137} INFO - [2023-02-27T20:05:35.443+0000] {dag.py:2690} INFO - Sync 1 DAGs
[2023-02-27T20:05:35.507+0000] {logging_mixin.py:137} INFO - [2023-02-27T20:05:35.507+0000] {dag.py:3441} INFO - Setting next_dagrun for tutorial to 2023-02-26T20:05:35.507329+00:00, run_after=2023-02-27T20:05:35.507329+00:00
[2023-02-27T20:05:35.550+0000] {processor.py:175} INFO - Processing /home/airflow/.local/lib/python3.7/site-packages/airflow/example_dags/tutorial.py took 0.188 seconds
[2023-02-27T20:06:05.828+0000] {processor.py:153} INFO - Started process (PID=1928) to work on /home/airflow/.local/lib/python3.7/site-packages/airflow/example_dags/tutorial.py
[2023-02-27T20:06:05.830+0000] {processor.py:743} INFO - Processing file /home/airflow/.local/lib/python3.7/site-packages/airflow/example_dags/tutorial.py for tasks to queue
[2023-02-27T20:06:05.831+0000] {logging_mixin.py:137} INFO - [2023-02-27T20:06:05.831+0000] {dagbag.py:538} INFO - Filling up the DagBag from /home/airflow/.local/lib/python3.7/site-packages/airflow/example_dags/tutorial.py
[2023-02-27T20:06:05.848+0000] {processor.py:753} INFO - DAG(s) dict_keys(['tutorial']) retrieved from /home/airflow/.local/lib/python3.7/site-packages/airflow/example_dags/tutorial.py
[2023-02-27T20:06:05.876+0000] {logging_mixin.py:137} INFO - [2023-02-27T20:06:05.876+0000] {dag.py:2690} INFO - Sync 1 DAGs
[2023-02-27T20:06:05.907+0000] {logging_mixin.py:137} INFO - [2023-02-27T20:06:05.907+0000] {dag.py:3441} INFO - Setting next_dagrun for tutorial to 2023-02-26T20:06:05.906056+00:00, run_after=2023-02-27T20:06:05.906056+00:00
[2023-02-27T20:06:05.926+0000] {processor.py:175} INFO - Processing /home/airflow/.local/lib/python3.7/site-packages/airflow/example_dags/tutorial.py took 0.102 seconds
[2023-02-27T20:06:36.061+0000] {processor.py:153} INFO - Started process (PID=2005) to work on /home/airflow/.local/lib/python3.7/site-packages/airflow/example_dags/tutorial.py
[2023-02-27T20:06:36.063+0000] {processor.py:743} INFO - Processing file /home/airflow/.local/lib/python3.7/site-packages/airflow/example_dags/tutorial.py for tasks to queue
[2023-02-27T20:06:36.064+0000] {logging_mixin.py:137} INFO - [2023-02-27T20:06:36.064+0000] {dagbag.py:538} INFO - Filling up the DagBag from /home/airflow/.local/lib/python3.7/site-packages/airflow/example_dags/tutorial.py
[2023-02-27T20:06:36.096+0000] {processor.py:753} INFO - DAG(s) dict_keys(['tutorial']) retrieved from /home/airflow/.local/lib/python3.7/site-packages/airflow/example_dags/tutorial.py
[2023-02-27T20:06:36.172+0000] {logging_mixin.py:137} INFO - [2023-02-27T20:06:36.171+0000] {dag.py:2690} INFO - Sync 1 DAGs
[2023-02-27T20:06:36.230+0000] {logging_mixin.py:137} INFO - [2023-02-27T20:06:36.230+0000] {dag.py:3441} INFO - Setting next_dagrun for tutorial to 2023-02-26T20:06:36.230425+00:00, run_after=2023-02-27T20:06:36.230425+00:00
[2023-02-27T20:06:36.275+0000] {processor.py:175} INFO - Processing /home/airflow/.local/lib/python3.7/site-packages/airflow/example_dags/tutorial.py took 0.221 seconds
[2023-02-27T20:07:07.988+0000] {processor.py:153} INFO - Started process (PID=2083) to work on /home/airflow/.local/lib/python3.7/site-packages/airflow/example_dags/tutorial.py
[2023-02-27T20:07:07.989+0000] {processor.py:743} INFO - Processing file /home/airflow/.local/lib/python3.7/site-packages/airflow/example_dags/tutorial.py for tasks to queue
[2023-02-27T20:07:07.996+0000] {logging_mixin.py:137} INFO - [2023-02-27T20:07:07.990+0000] {dagbag.py:538} INFO - Filling up the DagBag from /home/airflow/.local/lib/python3.7/site-packages/airflow/example_dags/tutorial.py
[2023-02-27T20:07:08.015+0000] {processor.py:753} INFO - DAG(s) dict_keys(['tutorial']) retrieved from /home/airflow/.local/lib/python3.7/site-packages/airflow/example_dags/tutorial.py
[2023-02-27T20:07:08.051+0000] {logging_mixin.py:137} INFO - [2023-02-27T20:07:08.051+0000] {dag.py:2690} INFO - Sync 1 DAGs
[2023-02-27T20:07:08.206+0000] {logging_mixin.py:137} INFO - [2023-02-27T20:07:08.204+0000] {dag.py:3441} INFO - Setting next_dagrun for tutorial to 2023-02-26T20:07:08.204216+00:00, run_after=2023-02-27T20:07:08.204216+00:00
[2023-02-27T20:07:08.377+0000] {processor.py:175} INFO - Processing /home/airflow/.local/lib/python3.7/site-packages/airflow/example_dags/tutorial.py took 0.393 seconds
[2023-02-27T20:07:38.427+0000] {processor.py:153} INFO - Started process (PID=2151) to work on /home/airflow/.local/lib/python3.7/site-packages/airflow/example_dags/tutorial.py
[2023-02-27T20:07:38.428+0000] {processor.py:743} INFO - Processing file /home/airflow/.local/lib/python3.7/site-packages/airflow/example_dags/tutorial.py for tasks to queue
[2023-02-27T20:07:38.429+0000] {logging_mixin.py:137} INFO - [2023-02-27T20:07:38.429+0000] {dagbag.py:538} INFO - Filling up the DagBag from /home/airflow/.local/lib/python3.7/site-packages/airflow/example_dags/tutorial.py
[2023-02-27T20:07:38.442+0000] {processor.py:753} INFO - DAG(s) dict_keys(['tutorial']) retrieved from /home/airflow/.local/lib/python3.7/site-packages/airflow/example_dags/tutorial.py
[2023-02-27T20:07:38.469+0000] {logging_mixin.py:137} INFO - [2023-02-27T20:07:38.469+0000] {dag.py:2690} INFO - Sync 1 DAGs
[2023-02-27T20:07:38.498+0000] {logging_mixin.py:137} INFO - [2023-02-27T20:07:38.498+0000] {dag.py:3441} INFO - Setting next_dagrun for tutorial to 2023-02-26T20:07:38.498033+00:00, run_after=2023-02-27T20:07:38.498033+00:00
[2023-02-27T20:07:38.520+0000] {processor.py:175} INFO - Processing /home/airflow/.local/lib/python3.7/site-packages/airflow/example_dags/tutorial.py took 0.097 seconds
