[2023-02-27T19:12:32.584+0000] {processor.py:153} INFO - Started process (PID=66) to work on /home/airflow/.local/lib/python3.7/site-packages/airflow/example_dags/tutorial_dag.py
[2023-02-27T19:12:32.589+0000] {processor.py:743} INFO - Processing file /home/airflow/.local/lib/python3.7/site-packages/airflow/example_dags/tutorial_dag.py for tasks to queue
[2023-02-27T19:12:32.592+0000] {logging_mixin.py:137} INFO - [2023-02-27T19:12:32.592+0000] {dagbag.py:538} INFO - Filling up the DagBag from /home/airflow/.local/lib/python3.7/site-packages/airflow/example_dags/tutorial_dag.py
[2023-02-27T19:12:32.617+0000] {processor.py:753} INFO - DAG(s) dict_keys(['tutorial_dag']) retrieved from /home/airflow/.local/lib/python3.7/site-packages/airflow/example_dags/tutorial_dag.py
[2023-02-27T19:12:32.815+0000] {logging_mixin.py:137} INFO - [2023-02-27T19:12:32.815+0000] {dag.py:2690} INFO - Sync 1 DAGs
[2023-02-27T19:12:32.927+0000] {logging_mixin.py:137} INFO - [2023-02-27T19:12:32.927+0000] {dag.py:3441} INFO - Setting next_dagrun for tutorial_dag to None, run_after=None
[2023-02-27T19:12:32.982+0000] {processor.py:175} INFO - Processing /home/airflow/.local/lib/python3.7/site-packages/airflow/example_dags/tutorial_dag.py took 0.402 seconds
[2023-02-27T19:14:14.303+0000] {processor.py:153} INFO - Started process (PID=66) to work on /home/airflow/.local/lib/python3.7/site-packages/airflow/example_dags/tutorial_dag.py
[2023-02-27T19:14:14.304+0000] {processor.py:743} INFO - Processing file /home/airflow/.local/lib/python3.7/site-packages/airflow/example_dags/tutorial_dag.py for tasks to queue
[2023-02-27T19:14:14.305+0000] {logging_mixin.py:137} INFO - [2023-02-27T19:14:14.305+0000] {dagbag.py:538} INFO - Filling up the DagBag from /home/airflow/.local/lib/python3.7/site-packages/airflow/example_dags/tutorial_dag.py
[2023-02-27T19:14:14.326+0000] {processor.py:753} INFO - DAG(s) dict_keys(['tutorial_dag']) retrieved from /home/airflow/.local/lib/python3.7/site-packages/airflow/example_dags/tutorial_dag.py
[2023-02-27T19:14:14.665+0000] {logging_mixin.py:137} INFO - [2023-02-27T19:14:14.665+0000] {manager.py:504} INFO - Created Permission View: can delete on DAG:tutorial_dag
[2023-02-27T19:14:14.722+0000] {logging_mixin.py:137} INFO - [2023-02-27T19:14:14.722+0000] {manager.py:504} INFO - Created Permission View: can edit on DAG:tutorial_dag
[2023-02-27T19:14:14.756+0000] {logging_mixin.py:137} INFO - [2023-02-27T19:14:14.756+0000] {manager.py:504} INFO - Created Permission View: can read on DAG:tutorial_dag
[2023-02-27T19:14:14.757+0000] {logging_mixin.py:137} INFO - [2023-02-27T19:14:14.756+0000] {dag.py:2690} INFO - Sync 1 DAGs
[2023-02-27T19:14:14.858+0000] {logging_mixin.py:137} INFO - [2023-02-27T19:14:14.852+0000] {dag.py:2711} INFO - Creating ORM DAG for tutorial_dag
[2023-02-27T19:14:14.926+0000] {logging_mixin.py:137} INFO - [2023-02-27T19:14:14.926+0000] {dag.py:3441} INFO - Setting next_dagrun for tutorial_dag to None, run_after=None
[2023-02-27T19:14:15.029+0000] {processor.py:175} INFO - Processing /home/airflow/.local/lib/python3.7/site-packages/airflow/example_dags/tutorial_dag.py took 0.737 seconds
[2023-02-27T19:14:45.659+0000] {processor.py:153} INFO - Started process (PID=134) to work on /home/airflow/.local/lib/python3.7/site-packages/airflow/example_dags/tutorial_dag.py
[2023-02-27T19:14:45.661+0000] {processor.py:743} INFO - Processing file /home/airflow/.local/lib/python3.7/site-packages/airflow/example_dags/tutorial_dag.py for tasks to queue
[2023-02-27T19:14:45.662+0000] {logging_mixin.py:137} INFO - [2023-02-27T19:14:45.662+0000] {dagbag.py:538} INFO - Filling up the DagBag from /home/airflow/.local/lib/python3.7/site-packages/airflow/example_dags/tutorial_dag.py
[2023-02-27T19:14:45.698+0000] {processor.py:753} INFO - DAG(s) dict_keys(['tutorial_dag']) retrieved from /home/airflow/.local/lib/python3.7/site-packages/airflow/example_dags/tutorial_dag.py
[2023-02-27T19:14:45.741+0000] {logging_mixin.py:137} INFO - [2023-02-27T19:14:45.741+0000] {dag.py:2690} INFO - Sync 1 DAGs
[2023-02-27T19:14:45.791+0000] {logging_mixin.py:137} INFO - [2023-02-27T19:14:45.790+0000] {dag.py:3441} INFO - Setting next_dagrun for tutorial_dag to None, run_after=None
[2023-02-27T19:14:45.844+0000] {processor.py:175} INFO - Processing /home/airflow/.local/lib/python3.7/site-packages/airflow/example_dags/tutorial_dag.py took 0.198 seconds
[2023-02-27T19:15:16.629+0000] {processor.py:153} INFO - Started process (PID=202) to work on /home/airflow/.local/lib/python3.7/site-packages/airflow/example_dags/tutorial_dag.py
[2023-02-27T19:15:16.630+0000] {processor.py:743} INFO - Processing file /home/airflow/.local/lib/python3.7/site-packages/airflow/example_dags/tutorial_dag.py for tasks to queue
[2023-02-27T19:15:16.631+0000] {logging_mixin.py:137} INFO - [2023-02-27T19:15:16.631+0000] {dagbag.py:538} INFO - Filling up the DagBag from /home/airflow/.local/lib/python3.7/site-packages/airflow/example_dags/tutorial_dag.py
[2023-02-27T19:15:16.655+0000] {processor.py:753} INFO - DAG(s) dict_keys(['tutorial_dag']) retrieved from /home/airflow/.local/lib/python3.7/site-packages/airflow/example_dags/tutorial_dag.py
[2023-02-27T19:15:16.705+0000] {logging_mixin.py:137} INFO - [2023-02-27T19:15:16.704+0000] {dag.py:2690} INFO - Sync 1 DAGs
[2023-02-27T19:15:16.760+0000] {logging_mixin.py:137} INFO - [2023-02-27T19:15:16.759+0000] {dag.py:3441} INFO - Setting next_dagrun for tutorial_dag to None, run_after=None
[2023-02-27T19:15:16.798+0000] {processor.py:175} INFO - Processing /home/airflow/.local/lib/python3.7/site-packages/airflow/example_dags/tutorial_dag.py took 0.173 seconds
[2023-02-27T19:15:47.237+0000] {processor.py:153} INFO - Started process (PID=277) to work on /home/airflow/.local/lib/python3.7/site-packages/airflow/example_dags/tutorial_dag.py
[2023-02-27T19:15:47.246+0000] {processor.py:743} INFO - Processing file /home/airflow/.local/lib/python3.7/site-packages/airflow/example_dags/tutorial_dag.py for tasks to queue
[2023-02-27T19:15:47.248+0000] {logging_mixin.py:137} INFO - [2023-02-27T19:15:47.248+0000] {dagbag.py:538} INFO - Filling up the DagBag from /home/airflow/.local/lib/python3.7/site-packages/airflow/example_dags/tutorial_dag.py
[2023-02-27T19:15:47.288+0000] {processor.py:753} INFO - DAG(s) dict_keys(['tutorial_dag']) retrieved from /home/airflow/.local/lib/python3.7/site-packages/airflow/example_dags/tutorial_dag.py
[2023-02-27T19:15:47.352+0000] {logging_mixin.py:137} INFO - [2023-02-27T19:15:47.352+0000] {dag.py:2690} INFO - Sync 1 DAGs
[2023-02-27T19:15:47.404+0000] {logging_mixin.py:137} INFO - [2023-02-27T19:15:47.403+0000] {dag.py:3441} INFO - Setting next_dagrun for tutorial_dag to None, run_after=None
[2023-02-27T19:15:47.442+0000] {processor.py:175} INFO - Processing /home/airflow/.local/lib/python3.7/site-packages/airflow/example_dags/tutorial_dag.py took 0.210 seconds
[2023-02-27T19:16:17.581+0000] {processor.py:153} INFO - Started process (PID=351) to work on /home/airflow/.local/lib/python3.7/site-packages/airflow/example_dags/tutorial_dag.py
[2023-02-27T19:16:17.583+0000] {processor.py:743} INFO - Processing file /home/airflow/.local/lib/python3.7/site-packages/airflow/example_dags/tutorial_dag.py for tasks to queue
[2023-02-27T19:16:17.584+0000] {logging_mixin.py:137} INFO - [2023-02-27T19:16:17.584+0000] {dagbag.py:538} INFO - Filling up the DagBag from /home/airflow/.local/lib/python3.7/site-packages/airflow/example_dags/tutorial_dag.py
[2023-02-27T19:16:17.602+0000] {processor.py:753} INFO - DAG(s) dict_keys(['tutorial_dag']) retrieved from /home/airflow/.local/lib/python3.7/site-packages/airflow/example_dags/tutorial_dag.py
[2023-02-27T19:16:17.638+0000] {logging_mixin.py:137} INFO - [2023-02-27T19:16:17.638+0000] {dag.py:2690} INFO - Sync 1 DAGs
[2023-02-27T19:16:17.674+0000] {logging_mixin.py:137} INFO - [2023-02-27T19:16:17.674+0000] {dag.py:3441} INFO - Setting next_dagrun for tutorial_dag to None, run_after=None
[2023-02-27T19:16:17.705+0000] {processor.py:175} INFO - Processing /home/airflow/.local/lib/python3.7/site-packages/airflow/example_dags/tutorial_dag.py took 0.127 seconds
[2023-02-27T19:16:48.133+0000] {processor.py:153} INFO - Started process (PID=418) to work on /home/airflow/.local/lib/python3.7/site-packages/airflow/example_dags/tutorial_dag.py
[2023-02-27T19:16:48.134+0000] {processor.py:743} INFO - Processing file /home/airflow/.local/lib/python3.7/site-packages/airflow/example_dags/tutorial_dag.py for tasks to queue
[2023-02-27T19:16:48.135+0000] {logging_mixin.py:137} INFO - [2023-02-27T19:16:48.134+0000] {dagbag.py:538} INFO - Filling up the DagBag from /home/airflow/.local/lib/python3.7/site-packages/airflow/example_dags/tutorial_dag.py
[2023-02-27T19:16:48.157+0000] {processor.py:753} INFO - DAG(s) dict_keys(['tutorial_dag']) retrieved from /home/airflow/.local/lib/python3.7/site-packages/airflow/example_dags/tutorial_dag.py
[2023-02-27T19:16:48.186+0000] {logging_mixin.py:137} INFO - [2023-02-27T19:16:48.185+0000] {dag.py:2690} INFO - Sync 1 DAGs
[2023-02-27T19:16:48.218+0000] {logging_mixin.py:137} INFO - [2023-02-27T19:16:48.217+0000] {dag.py:3441} INFO - Setting next_dagrun for tutorial_dag to None, run_after=None
[2023-02-27T19:16:48.257+0000] {processor.py:175} INFO - Processing /home/airflow/.local/lib/python3.7/site-packages/airflow/example_dags/tutorial_dag.py took 0.130 seconds
[2023-02-27T19:17:18.337+0000] {processor.py:153} INFO - Started process (PID=486) to work on /home/airflow/.local/lib/python3.7/site-packages/airflow/example_dags/tutorial_dag.py
[2023-02-27T19:17:18.338+0000] {processor.py:743} INFO - Processing file /home/airflow/.local/lib/python3.7/site-packages/airflow/example_dags/tutorial_dag.py for tasks to queue
[2023-02-27T19:17:18.338+0000] {logging_mixin.py:137} INFO - [2023-02-27T19:17:18.338+0000] {dagbag.py:538} INFO - Filling up the DagBag from /home/airflow/.local/lib/python3.7/site-packages/airflow/example_dags/tutorial_dag.py
[2023-02-27T19:17:18.364+0000] {processor.py:753} INFO - DAG(s) dict_keys(['tutorial_dag']) retrieved from /home/airflow/.local/lib/python3.7/site-packages/airflow/example_dags/tutorial_dag.py
[2023-02-27T19:17:18.458+0000] {logging_mixin.py:137} INFO - [2023-02-27T19:17:18.458+0000] {dag.py:2690} INFO - Sync 1 DAGs
[2023-02-27T19:17:18.489+0000] {logging_mixin.py:137} INFO - [2023-02-27T19:17:18.489+0000] {dag.py:3441} INFO - Setting next_dagrun for tutorial_dag to None, run_after=None
[2023-02-27T19:17:18.513+0000] {processor.py:175} INFO - Processing /home/airflow/.local/lib/python3.7/site-packages/airflow/example_dags/tutorial_dag.py took 0.180 seconds
[2023-02-27T19:17:48.969+0000] {processor.py:153} INFO - Started process (PID=568) to work on /home/airflow/.local/lib/python3.7/site-packages/airflow/example_dags/tutorial_dag.py
[2023-02-27T19:17:48.970+0000] {processor.py:743} INFO - Processing file /home/airflow/.local/lib/python3.7/site-packages/airflow/example_dags/tutorial_dag.py for tasks to queue
[2023-02-27T19:17:48.971+0000] {logging_mixin.py:137} INFO - [2023-02-27T19:17:48.971+0000] {dagbag.py:538} INFO - Filling up the DagBag from /home/airflow/.local/lib/python3.7/site-packages/airflow/example_dags/tutorial_dag.py
[2023-02-27T19:17:49.007+0000] {processor.py:753} INFO - DAG(s) dict_keys(['tutorial_dag']) retrieved from /home/airflow/.local/lib/python3.7/site-packages/airflow/example_dags/tutorial_dag.py
[2023-02-27T19:17:49.084+0000] {logging_mixin.py:137} INFO - [2023-02-27T19:17:49.084+0000] {dag.py:2690} INFO - Sync 1 DAGs
[2023-02-27T19:17:49.159+0000] {logging_mixin.py:137} INFO - [2023-02-27T19:17:49.159+0000] {dag.py:3441} INFO - Setting next_dagrun for tutorial_dag to None, run_after=None
[2023-02-27T19:17:49.215+0000] {processor.py:175} INFO - Processing /home/airflow/.local/lib/python3.7/site-packages/airflow/example_dags/tutorial_dag.py took 0.262 seconds
[2023-02-27T19:18:19.472+0000] {processor.py:153} INFO - Started process (PID=635) to work on /home/airflow/.local/lib/python3.7/site-packages/airflow/example_dags/tutorial_dag.py
[2023-02-27T19:18:19.474+0000] {processor.py:743} INFO - Processing file /home/airflow/.local/lib/python3.7/site-packages/airflow/example_dags/tutorial_dag.py for tasks to queue
[2023-02-27T19:18:19.475+0000] {logging_mixin.py:137} INFO - [2023-02-27T19:18:19.475+0000] {dagbag.py:538} INFO - Filling up the DagBag from /home/airflow/.local/lib/python3.7/site-packages/airflow/example_dags/tutorial_dag.py
[2023-02-27T19:18:19.492+0000] {processor.py:753} INFO - DAG(s) dict_keys(['tutorial_dag']) retrieved from /home/airflow/.local/lib/python3.7/site-packages/airflow/example_dags/tutorial_dag.py
[2023-02-27T19:18:19.522+0000] {logging_mixin.py:137} INFO - [2023-02-27T19:18:19.522+0000] {dag.py:2690} INFO - Sync 1 DAGs
[2023-02-27T19:18:19.556+0000] {logging_mixin.py:137} INFO - [2023-02-27T19:18:19.556+0000] {dag.py:3441} INFO - Setting next_dagrun for tutorial_dag to None, run_after=None
[2023-02-27T19:18:19.582+0000] {processor.py:175} INFO - Processing /home/airflow/.local/lib/python3.7/site-packages/airflow/example_dags/tutorial_dag.py took 0.113 seconds
[2023-02-27T19:18:49.991+0000] {processor.py:153} INFO - Started process (PID=703) to work on /home/airflow/.local/lib/python3.7/site-packages/airflow/example_dags/tutorial_dag.py
[2023-02-27T19:18:49.993+0000] {processor.py:743} INFO - Processing file /home/airflow/.local/lib/python3.7/site-packages/airflow/example_dags/tutorial_dag.py for tasks to queue
[2023-02-27T19:18:49.996+0000] {logging_mixin.py:137} INFO - [2023-02-27T19:18:49.995+0000] {dagbag.py:538} INFO - Filling up the DagBag from /home/airflow/.local/lib/python3.7/site-packages/airflow/example_dags/tutorial_dag.py
[2023-02-27T19:18:50.025+0000] {processor.py:753} INFO - DAG(s) dict_keys(['tutorial_dag']) retrieved from /home/airflow/.local/lib/python3.7/site-packages/airflow/example_dags/tutorial_dag.py
[2023-02-27T19:18:50.072+0000] {logging_mixin.py:137} INFO - [2023-02-27T19:18:50.072+0000] {dag.py:2690} INFO - Sync 1 DAGs
[2023-02-27T19:18:50.108+0000] {logging_mixin.py:137} INFO - [2023-02-27T19:18:50.108+0000] {dag.py:3441} INFO - Setting next_dagrun for tutorial_dag to None, run_after=None
[2023-02-27T19:18:50.137+0000] {processor.py:175} INFO - Processing /home/airflow/.local/lib/python3.7/site-packages/airflow/example_dags/tutorial_dag.py took 0.150 seconds
[2023-02-27T19:19:20.762+0000] {processor.py:153} INFO - Started process (PID=770) to work on /home/airflow/.local/lib/python3.7/site-packages/airflow/example_dags/tutorial_dag.py
[2023-02-27T19:19:20.763+0000] {processor.py:743} INFO - Processing file /home/airflow/.local/lib/python3.7/site-packages/airflow/example_dags/tutorial_dag.py for tasks to queue
[2023-02-27T19:19:20.764+0000] {logging_mixin.py:137} INFO - [2023-02-27T19:19:20.764+0000] {dagbag.py:538} INFO - Filling up the DagBag from /home/airflow/.local/lib/python3.7/site-packages/airflow/example_dags/tutorial_dag.py
[2023-02-27T19:19:20.782+0000] {processor.py:753} INFO - DAG(s) dict_keys(['tutorial_dag']) retrieved from /home/airflow/.local/lib/python3.7/site-packages/airflow/example_dags/tutorial_dag.py
[2023-02-27T19:19:20.812+0000] {logging_mixin.py:137} INFO - [2023-02-27T19:19:20.812+0000] {dag.py:2690} INFO - Sync 1 DAGs
[2023-02-27T19:19:20.844+0000] {logging_mixin.py:137} INFO - [2023-02-27T19:19:20.844+0000] {dag.py:3441} INFO - Setting next_dagrun for tutorial_dag to None, run_after=None
[2023-02-27T19:19:20.870+0000] {processor.py:175} INFO - Processing /home/airflow/.local/lib/python3.7/site-packages/airflow/example_dags/tutorial_dag.py took 0.114 seconds
[2023-02-27T19:19:51.477+0000] {processor.py:153} INFO - Started process (PID=837) to work on /home/airflow/.local/lib/python3.7/site-packages/airflow/example_dags/tutorial_dag.py
[2023-02-27T19:19:51.487+0000] {processor.py:743} INFO - Processing file /home/airflow/.local/lib/python3.7/site-packages/airflow/example_dags/tutorial_dag.py for tasks to queue
[2023-02-27T19:19:51.488+0000] {logging_mixin.py:137} INFO - [2023-02-27T19:19:51.488+0000] {dagbag.py:538} INFO - Filling up the DagBag from /home/airflow/.local/lib/python3.7/site-packages/airflow/example_dags/tutorial_dag.py
[2023-02-27T19:19:51.524+0000] {processor.py:753} INFO - DAG(s) dict_keys(['tutorial_dag']) retrieved from /home/airflow/.local/lib/python3.7/site-packages/airflow/example_dags/tutorial_dag.py
[2023-02-27T19:19:51.567+0000] {logging_mixin.py:137} INFO - [2023-02-27T19:19:51.567+0000] {dag.py:2690} INFO - Sync 1 DAGs
[2023-02-27T19:19:51.618+0000] {logging_mixin.py:137} INFO - [2023-02-27T19:19:51.617+0000] {dag.py:3441} INFO - Setting next_dagrun for tutorial_dag to None, run_after=None
[2023-02-27T19:19:51.651+0000] {processor.py:175} INFO - Processing /home/airflow/.local/lib/python3.7/site-packages/airflow/example_dags/tutorial_dag.py took 0.179 seconds
[2023-02-27T19:20:22.310+0000] {processor.py:153} INFO - Started process (PID=918) to work on /home/airflow/.local/lib/python3.7/site-packages/airflow/example_dags/tutorial_dag.py
[2023-02-27T19:20:22.312+0000] {processor.py:743} INFO - Processing file /home/airflow/.local/lib/python3.7/site-packages/airflow/example_dags/tutorial_dag.py for tasks to queue
[2023-02-27T19:20:22.313+0000] {logging_mixin.py:137} INFO - [2023-02-27T19:20:22.312+0000] {dagbag.py:538} INFO - Filling up the DagBag from /home/airflow/.local/lib/python3.7/site-packages/airflow/example_dags/tutorial_dag.py
[2023-02-27T19:20:22.329+0000] {processor.py:753} INFO - DAG(s) dict_keys(['tutorial_dag']) retrieved from /home/airflow/.local/lib/python3.7/site-packages/airflow/example_dags/tutorial_dag.py
[2023-02-27T19:20:22.362+0000] {logging_mixin.py:137} INFO - [2023-02-27T19:20:22.362+0000] {dag.py:2690} INFO - Sync 1 DAGs
[2023-02-27T19:20:22.396+0000] {logging_mixin.py:137} INFO - [2023-02-27T19:20:22.396+0000] {dag.py:3441} INFO - Setting next_dagrun for tutorial_dag to None, run_after=None
[2023-02-27T19:20:22.424+0000] {processor.py:175} INFO - Processing /home/airflow/.local/lib/python3.7/site-packages/airflow/example_dags/tutorial_dag.py took 0.117 seconds
[2023-02-27T19:20:52.764+0000] {processor.py:153} INFO - Started process (PID=986) to work on /home/airflow/.local/lib/python3.7/site-packages/airflow/example_dags/tutorial_dag.py
[2023-02-27T19:20:52.765+0000] {processor.py:743} INFO - Processing file /home/airflow/.local/lib/python3.7/site-packages/airflow/example_dags/tutorial_dag.py for tasks to queue
[2023-02-27T19:20:52.768+0000] {logging_mixin.py:137} INFO - [2023-02-27T19:20:52.768+0000] {dagbag.py:538} INFO - Filling up the DagBag from /home/airflow/.local/lib/python3.7/site-packages/airflow/example_dags/tutorial_dag.py
[2023-02-27T19:20:52.786+0000] {processor.py:753} INFO - DAG(s) dict_keys(['tutorial_dag']) retrieved from /home/airflow/.local/lib/python3.7/site-packages/airflow/example_dags/tutorial_dag.py
[2023-02-27T19:20:52.827+0000] {logging_mixin.py:137} INFO - [2023-02-27T19:20:52.827+0000] {dag.py:2690} INFO - Sync 1 DAGs
[2023-02-27T19:20:52.871+0000] {logging_mixin.py:137} INFO - [2023-02-27T19:20:52.871+0000] {dag.py:3441} INFO - Setting next_dagrun for tutorial_dag to None, run_after=None
[2023-02-27T19:20:52.901+0000] {processor.py:175} INFO - Processing /home/airflow/.local/lib/python3.7/site-packages/airflow/example_dags/tutorial_dag.py took 0.141 seconds
[2023-02-27T19:21:23.229+0000] {processor.py:153} INFO - Started process (PID=1060) to work on /home/airflow/.local/lib/python3.7/site-packages/airflow/example_dags/tutorial_dag.py
[2023-02-27T19:21:23.231+0000] {processor.py:743} INFO - Processing file /home/airflow/.local/lib/python3.7/site-packages/airflow/example_dags/tutorial_dag.py for tasks to queue
[2023-02-27T19:21:23.232+0000] {logging_mixin.py:137} INFO - [2023-02-27T19:21:23.232+0000] {dagbag.py:538} INFO - Filling up the DagBag from /home/airflow/.local/lib/python3.7/site-packages/airflow/example_dags/tutorial_dag.py
[2023-02-27T19:21:23.252+0000] {processor.py:753} INFO - DAG(s) dict_keys(['tutorial_dag']) retrieved from /home/airflow/.local/lib/python3.7/site-packages/airflow/example_dags/tutorial_dag.py
[2023-02-27T19:21:23.342+0000] {logging_mixin.py:137} INFO - [2023-02-27T19:21:23.342+0000] {dag.py:2690} INFO - Sync 1 DAGs
[2023-02-27T19:21:23.420+0000] {logging_mixin.py:137} INFO - [2023-02-27T19:21:23.420+0000] {dag.py:3441} INFO - Setting next_dagrun for tutorial_dag to None, run_after=None
[2023-02-27T19:21:23.452+0000] {processor.py:175} INFO - Processing /home/airflow/.local/lib/python3.7/site-packages/airflow/example_dags/tutorial_dag.py took 0.231 seconds
[2023-02-27T19:21:53.557+0000] {processor.py:153} INFO - Started process (PID=1134) to work on /home/airflow/.local/lib/python3.7/site-packages/airflow/example_dags/tutorial_dag.py
[2023-02-27T19:21:53.558+0000] {processor.py:743} INFO - Processing file /home/airflow/.local/lib/python3.7/site-packages/airflow/example_dags/tutorial_dag.py for tasks to queue
[2023-02-27T19:21:53.559+0000] {logging_mixin.py:137} INFO - [2023-02-27T19:21:53.559+0000] {dagbag.py:538} INFO - Filling up the DagBag from /home/airflow/.local/lib/python3.7/site-packages/airflow/example_dags/tutorial_dag.py
[2023-02-27T19:21:53.572+0000] {processor.py:753} INFO - DAG(s) dict_keys(['tutorial_dag']) retrieved from /home/airflow/.local/lib/python3.7/site-packages/airflow/example_dags/tutorial_dag.py
[2023-02-27T19:21:53.601+0000] {logging_mixin.py:137} INFO - [2023-02-27T19:21:53.601+0000] {dag.py:2690} INFO - Sync 1 DAGs
[2023-02-27T19:21:53.631+0000] {logging_mixin.py:137} INFO - [2023-02-27T19:21:53.631+0000] {dag.py:3441} INFO - Setting next_dagrun for tutorial_dag to None, run_after=None
[2023-02-27T19:21:53.656+0000] {processor.py:175} INFO - Processing /home/airflow/.local/lib/python3.7/site-packages/airflow/example_dags/tutorial_dag.py took 0.103 seconds
[2023-02-27T19:22:24.128+0000] {processor.py:153} INFO - Started process (PID=1201) to work on /home/airflow/.local/lib/python3.7/site-packages/airflow/example_dags/tutorial_dag.py
[2023-02-27T19:22:24.129+0000] {processor.py:743} INFO - Processing file /home/airflow/.local/lib/python3.7/site-packages/airflow/example_dags/tutorial_dag.py for tasks to queue
[2023-02-27T19:22:24.130+0000] {logging_mixin.py:137} INFO - [2023-02-27T19:22:24.130+0000] {dagbag.py:538} INFO - Filling up the DagBag from /home/airflow/.local/lib/python3.7/site-packages/airflow/example_dags/tutorial_dag.py
[2023-02-27T19:22:24.145+0000] {processor.py:753} INFO - DAG(s) dict_keys(['tutorial_dag']) retrieved from /home/airflow/.local/lib/python3.7/site-packages/airflow/example_dags/tutorial_dag.py
[2023-02-27T19:22:24.173+0000] {logging_mixin.py:137} INFO - [2023-02-27T19:22:24.173+0000] {dag.py:2690} INFO - Sync 1 DAGs
[2023-02-27T19:22:24.202+0000] {logging_mixin.py:137} INFO - [2023-02-27T19:22:24.202+0000] {dag.py:3441} INFO - Setting next_dagrun for tutorial_dag to None, run_after=None
[2023-02-27T19:22:24.226+0000] {processor.py:175} INFO - Processing /home/airflow/.local/lib/python3.7/site-packages/airflow/example_dags/tutorial_dag.py took 0.101 seconds
[2023-02-27T19:22:54.453+0000] {processor.py:153} INFO - Started process (PID=1282) to work on /home/airflow/.local/lib/python3.7/site-packages/airflow/example_dags/tutorial_dag.py
[2023-02-27T19:22:54.454+0000] {processor.py:743} INFO - Processing file /home/airflow/.local/lib/python3.7/site-packages/airflow/example_dags/tutorial_dag.py for tasks to queue
[2023-02-27T19:22:54.459+0000] {logging_mixin.py:137} INFO - [2023-02-27T19:22:54.458+0000] {dagbag.py:538} INFO - Filling up the DagBag from /home/airflow/.local/lib/python3.7/site-packages/airflow/example_dags/tutorial_dag.py
[2023-02-27T19:22:54.477+0000] {processor.py:753} INFO - DAG(s) dict_keys(['tutorial_dag']) retrieved from /home/airflow/.local/lib/python3.7/site-packages/airflow/example_dags/tutorial_dag.py
[2023-02-27T19:22:54.526+0000] {logging_mixin.py:137} INFO - [2023-02-27T19:22:54.526+0000] {dag.py:2690} INFO - Sync 1 DAGs
[2023-02-27T19:22:54.558+0000] {logging_mixin.py:137} INFO - [2023-02-27T19:22:54.558+0000] {dag.py:3441} INFO - Setting next_dagrun for tutorial_dag to None, run_after=None
[2023-02-27T19:22:54.584+0000] {processor.py:175} INFO - Processing /home/airflow/.local/lib/python3.7/site-packages/airflow/example_dags/tutorial_dag.py took 0.135 seconds
[2023-02-27T19:23:24.865+0000] {processor.py:153} INFO - Started process (PID=1350) to work on /home/airflow/.local/lib/python3.7/site-packages/airflow/example_dags/tutorial_dag.py
[2023-02-27T19:23:24.876+0000] {processor.py:743} INFO - Processing file /home/airflow/.local/lib/python3.7/site-packages/airflow/example_dags/tutorial_dag.py for tasks to queue
[2023-02-27T19:23:24.877+0000] {logging_mixin.py:137} INFO - [2023-02-27T19:23:24.876+0000] {dagbag.py:538} INFO - Filling up the DagBag from /home/airflow/.local/lib/python3.7/site-packages/airflow/example_dags/tutorial_dag.py
[2023-02-27T19:23:24.907+0000] {processor.py:753} INFO - DAG(s) dict_keys(['tutorial_dag']) retrieved from /home/airflow/.local/lib/python3.7/site-packages/airflow/example_dags/tutorial_dag.py
[2023-02-27T19:23:24.965+0000] {logging_mixin.py:137} INFO - [2023-02-27T19:23:24.964+0000] {dag.py:2690} INFO - Sync 1 DAGs
[2023-02-27T19:23:25.009+0000] {logging_mixin.py:137} INFO - [2023-02-27T19:23:25.009+0000] {dag.py:3441} INFO - Setting next_dagrun for tutorial_dag to None, run_after=None
[2023-02-27T19:23:25.042+0000] {processor.py:175} INFO - Processing /home/airflow/.local/lib/python3.7/site-packages/airflow/example_dags/tutorial_dag.py took 0.182 seconds
[2023-02-27T19:23:55.679+0000] {processor.py:153} INFO - Started process (PID=1419) to work on /home/airflow/.local/lib/python3.7/site-packages/airflow/example_dags/tutorial_dag.py
[2023-02-27T19:23:55.680+0000] {processor.py:743} INFO - Processing file /home/airflow/.local/lib/python3.7/site-packages/airflow/example_dags/tutorial_dag.py for tasks to queue
[2023-02-27T19:23:55.681+0000] {logging_mixin.py:137} INFO - [2023-02-27T19:23:55.680+0000] {dagbag.py:538} INFO - Filling up the DagBag from /home/airflow/.local/lib/python3.7/site-packages/airflow/example_dags/tutorial_dag.py
[2023-02-27T19:23:55.699+0000] {processor.py:753} INFO - DAG(s) dict_keys(['tutorial_dag']) retrieved from /home/airflow/.local/lib/python3.7/site-packages/airflow/example_dags/tutorial_dag.py
[2023-02-27T19:23:55.736+0000] {logging_mixin.py:137} INFO - [2023-02-27T19:23:55.736+0000] {dag.py:2690} INFO - Sync 1 DAGs
[2023-02-27T19:23:55.780+0000] {logging_mixin.py:137} INFO - [2023-02-27T19:23:55.780+0000] {dag.py:3441} INFO - Setting next_dagrun for tutorial_dag to None, run_after=None
[2023-02-27T19:23:55.811+0000] {processor.py:175} INFO - Processing /home/airflow/.local/lib/python3.7/site-packages/airflow/example_dags/tutorial_dag.py took 0.136 seconds
[2023-02-27T19:24:26.155+0000] {processor.py:153} INFO - Started process (PID=1494) to work on /home/airflow/.local/lib/python3.7/site-packages/airflow/example_dags/tutorial_dag.py
[2023-02-27T19:24:26.157+0000] {processor.py:743} INFO - Processing file /home/airflow/.local/lib/python3.7/site-packages/airflow/example_dags/tutorial_dag.py for tasks to queue
[2023-02-27T19:24:26.158+0000] {logging_mixin.py:137} INFO - [2023-02-27T19:24:26.157+0000] {dagbag.py:538} INFO - Filling up the DagBag from /home/airflow/.local/lib/python3.7/site-packages/airflow/example_dags/tutorial_dag.py
[2023-02-27T19:24:26.175+0000] {processor.py:753} INFO - DAG(s) dict_keys(['tutorial_dag']) retrieved from /home/airflow/.local/lib/python3.7/site-packages/airflow/example_dags/tutorial_dag.py
[2023-02-27T19:24:26.212+0000] {logging_mixin.py:137} INFO - [2023-02-27T19:24:26.212+0000] {dag.py:2690} INFO - Sync 1 DAGs
[2023-02-27T19:24:26.251+0000] {logging_mixin.py:137} INFO - [2023-02-27T19:24:26.251+0000] {dag.py:3441} INFO - Setting next_dagrun for tutorial_dag to None, run_after=None
[2023-02-27T19:24:26.341+0000] {processor.py:175} INFO - Processing /home/airflow/.local/lib/python3.7/site-packages/airflow/example_dags/tutorial_dag.py took 0.189 seconds
[2023-02-27T19:24:56.369+0000] {processor.py:153} INFO - Started process (PID=1566) to work on /home/airflow/.local/lib/python3.7/site-packages/airflow/example_dags/tutorial_dag.py
[2023-02-27T19:24:56.370+0000] {processor.py:743} INFO - Processing file /home/airflow/.local/lib/python3.7/site-packages/airflow/example_dags/tutorial_dag.py for tasks to queue
[2023-02-27T19:24:56.371+0000] {logging_mixin.py:137} INFO - [2023-02-27T19:24:56.371+0000] {dagbag.py:538} INFO - Filling up the DagBag from /home/airflow/.local/lib/python3.7/site-packages/airflow/example_dags/tutorial_dag.py
[2023-02-27T19:24:56.385+0000] {processor.py:753} INFO - DAG(s) dict_keys(['tutorial_dag']) retrieved from /home/airflow/.local/lib/python3.7/site-packages/airflow/example_dags/tutorial_dag.py
[2023-02-27T19:24:56.413+0000] {logging_mixin.py:137} INFO - [2023-02-27T19:24:56.413+0000] {dag.py:2690} INFO - Sync 1 DAGs
[2023-02-27T19:24:56.442+0000] {logging_mixin.py:137} INFO - [2023-02-27T19:24:56.442+0000] {dag.py:3441} INFO - Setting next_dagrun for tutorial_dag to None, run_after=None
[2023-02-27T19:24:56.468+0000] {processor.py:175} INFO - Processing /home/airflow/.local/lib/python3.7/site-packages/airflow/example_dags/tutorial_dag.py took 0.102 seconds
[2023-02-27T19:25:26.890+0000] {processor.py:153} INFO - Started process (PID=1633) to work on /home/airflow/.local/lib/python3.7/site-packages/airflow/example_dags/tutorial_dag.py
[2023-02-27T19:25:26.892+0000] {processor.py:743} INFO - Processing file /home/airflow/.local/lib/python3.7/site-packages/airflow/example_dags/tutorial_dag.py for tasks to queue
[2023-02-27T19:25:26.893+0000] {logging_mixin.py:137} INFO - [2023-02-27T19:25:26.892+0000] {dagbag.py:538} INFO - Filling up the DagBag from /home/airflow/.local/lib/python3.7/site-packages/airflow/example_dags/tutorial_dag.py
[2023-02-27T19:25:26.906+0000] {processor.py:753} INFO - DAG(s) dict_keys(['tutorial_dag']) retrieved from /home/airflow/.local/lib/python3.7/site-packages/airflow/example_dags/tutorial_dag.py
[2023-02-27T19:25:26.935+0000] {logging_mixin.py:137} INFO - [2023-02-27T19:25:26.935+0000] {dag.py:2690} INFO - Sync 1 DAGs
[2023-02-27T19:25:26.962+0000] {logging_mixin.py:137} INFO - [2023-02-27T19:25:26.962+0000] {dag.py:3441} INFO - Setting next_dagrun for tutorial_dag to None, run_after=None
[2023-02-27T19:25:26.991+0000] {processor.py:175} INFO - Processing /home/airflow/.local/lib/python3.7/site-packages/airflow/example_dags/tutorial_dag.py took 0.105 seconds
[2023-02-27T19:25:57.166+0000] {processor.py:153} INFO - Started process (PID=1714) to work on /home/airflow/.local/lib/python3.7/site-packages/airflow/example_dags/tutorial_dag.py
[2023-02-27T19:25:57.167+0000] {processor.py:743} INFO - Processing file /home/airflow/.local/lib/python3.7/site-packages/airflow/example_dags/tutorial_dag.py for tasks to queue
[2023-02-27T19:25:57.168+0000] {logging_mixin.py:137} INFO - [2023-02-27T19:25:57.168+0000] {dagbag.py:538} INFO - Filling up the DagBag from /home/airflow/.local/lib/python3.7/site-packages/airflow/example_dags/tutorial_dag.py
[2023-02-27T19:25:57.186+0000] {processor.py:753} INFO - DAG(s) dict_keys(['tutorial_dag']) retrieved from /home/airflow/.local/lib/python3.7/site-packages/airflow/example_dags/tutorial_dag.py
[2023-02-27T19:25:57.216+0000] {logging_mixin.py:137} INFO - [2023-02-27T19:25:57.216+0000] {dag.py:2690} INFO - Sync 1 DAGs
[2023-02-27T19:25:57.244+0000] {logging_mixin.py:137} INFO - [2023-02-27T19:25:57.243+0000] {dag.py:3441} INFO - Setting next_dagrun for tutorial_dag to None, run_after=None
[2023-02-27T19:25:57.272+0000] {processor.py:175} INFO - Processing /home/airflow/.local/lib/python3.7/site-packages/airflow/example_dags/tutorial_dag.py took 0.110 seconds
[2023-02-27T19:26:27.539+0000] {processor.py:153} INFO - Started process (PID=1781) to work on /home/airflow/.local/lib/python3.7/site-packages/airflow/example_dags/tutorial_dag.py
[2023-02-27T19:26:27.540+0000] {processor.py:743} INFO - Processing file /home/airflow/.local/lib/python3.7/site-packages/airflow/example_dags/tutorial_dag.py for tasks to queue
[2023-02-27T19:26:27.541+0000] {logging_mixin.py:137} INFO - [2023-02-27T19:26:27.541+0000] {dagbag.py:538} INFO - Filling up the DagBag from /home/airflow/.local/lib/python3.7/site-packages/airflow/example_dags/tutorial_dag.py
[2023-02-27T19:26:27.562+0000] {processor.py:753} INFO - DAG(s) dict_keys(['tutorial_dag']) retrieved from /home/airflow/.local/lib/python3.7/site-packages/airflow/example_dags/tutorial_dag.py
[2023-02-27T19:26:27.590+0000] {logging_mixin.py:137} INFO - [2023-02-27T19:26:27.590+0000] {dag.py:2690} INFO - Sync 1 DAGs
[2023-02-27T19:26:27.652+0000] {logging_mixin.py:137} INFO - [2023-02-27T19:26:27.651+0000] {dag.py:3441} INFO - Setting next_dagrun for tutorial_dag to None, run_after=None
[2023-02-27T19:26:27.678+0000] {processor.py:175} INFO - Processing /home/airflow/.local/lib/python3.7/site-packages/airflow/example_dags/tutorial_dag.py took 0.144 seconds
[2023-02-27T19:26:57.790+0000] {processor.py:153} INFO - Started process (PID=1848) to work on /home/airflow/.local/lib/python3.7/site-packages/airflow/example_dags/tutorial_dag.py
[2023-02-27T19:26:57.791+0000] {processor.py:743} INFO - Processing file /home/airflow/.local/lib/python3.7/site-packages/airflow/example_dags/tutorial_dag.py for tasks to queue
[2023-02-27T19:26:57.792+0000] {logging_mixin.py:137} INFO - [2023-02-27T19:26:57.792+0000] {dagbag.py:538} INFO - Filling up the DagBag from /home/airflow/.local/lib/python3.7/site-packages/airflow/example_dags/tutorial_dag.py
[2023-02-27T19:26:57.806+0000] {processor.py:753} INFO - DAG(s) dict_keys(['tutorial_dag']) retrieved from /home/airflow/.local/lib/python3.7/site-packages/airflow/example_dags/tutorial_dag.py
[2023-02-27T19:26:57.835+0000] {logging_mixin.py:137} INFO - [2023-02-27T19:26:57.835+0000] {dag.py:2690} INFO - Sync 1 DAGs
[2023-02-27T19:26:57.866+0000] {logging_mixin.py:137} INFO - [2023-02-27T19:26:57.866+0000] {dag.py:3441} INFO - Setting next_dagrun for tutorial_dag to None, run_after=None
[2023-02-27T19:26:57.889+0000] {processor.py:175} INFO - Processing /home/airflow/.local/lib/python3.7/site-packages/airflow/example_dags/tutorial_dag.py took 0.102 seconds
[2023-02-27T19:27:29.690+0000] {processor.py:153} INFO - Started process (PID=1929) to work on /home/airflow/.local/lib/python3.7/site-packages/airflow/example_dags/tutorial_dag.py
[2023-02-27T19:27:29.697+0000] {processor.py:743} INFO - Processing file /home/airflow/.local/lib/python3.7/site-packages/airflow/example_dags/tutorial_dag.py for tasks to queue
[2023-02-27T19:27:29.698+0000] {logging_mixin.py:137} INFO - [2023-02-27T19:27:29.697+0000] {dagbag.py:538} INFO - Filling up the DagBag from /home/airflow/.local/lib/python3.7/site-packages/airflow/example_dags/tutorial_dag.py
[2023-02-27T19:27:29.718+0000] {processor.py:753} INFO - DAG(s) dict_keys(['tutorial_dag']) retrieved from /home/airflow/.local/lib/python3.7/site-packages/airflow/example_dags/tutorial_dag.py
[2023-02-27T19:27:29.756+0000] {logging_mixin.py:137} INFO - [2023-02-27T19:27:29.755+0000] {dag.py:2690} INFO - Sync 1 DAGs
[2023-02-27T19:27:29.791+0000] {logging_mixin.py:137} INFO - [2023-02-27T19:27:29.791+0000] {dag.py:3441} INFO - Setting next_dagrun for tutorial_dag to None, run_after=None
[2023-02-27T19:27:29.858+0000] {processor.py:175} INFO - Processing /home/airflow/.local/lib/python3.7/site-packages/airflow/example_dags/tutorial_dag.py took 0.175 seconds
[2023-02-27T19:28:00.572+0000] {processor.py:153} INFO - Started process (PID=1996) to work on /home/airflow/.local/lib/python3.7/site-packages/airflow/example_dags/tutorial_dag.py
[2023-02-27T19:28:00.573+0000] {processor.py:743} INFO - Processing file /home/airflow/.local/lib/python3.7/site-packages/airflow/example_dags/tutorial_dag.py for tasks to queue
[2023-02-27T19:28:00.574+0000] {logging_mixin.py:137} INFO - [2023-02-27T19:28:00.574+0000] {dagbag.py:538} INFO - Filling up the DagBag from /home/airflow/.local/lib/python3.7/site-packages/airflow/example_dags/tutorial_dag.py
[2023-02-27T19:28:00.590+0000] {processor.py:753} INFO - DAG(s) dict_keys(['tutorial_dag']) retrieved from /home/airflow/.local/lib/python3.7/site-packages/airflow/example_dags/tutorial_dag.py
[2023-02-27T19:28:00.618+0000] {logging_mixin.py:137} INFO - [2023-02-27T19:28:00.618+0000] {dag.py:2690} INFO - Sync 1 DAGs
[2023-02-27T19:28:00.647+0000] {logging_mixin.py:137} INFO - [2023-02-27T19:28:00.647+0000] {dag.py:3441} INFO - Setting next_dagrun for tutorial_dag to None, run_after=None
[2023-02-27T19:28:00.669+0000] {processor.py:175} INFO - Processing /home/airflow/.local/lib/python3.7/site-packages/airflow/example_dags/tutorial_dag.py took 0.101 seconds
[2023-02-27T19:28:31.196+0000] {processor.py:153} INFO - Started process (PID=2063) to work on /home/airflow/.local/lib/python3.7/site-packages/airflow/example_dags/tutorial_dag.py
[2023-02-27T19:28:31.197+0000] {processor.py:743} INFO - Processing file /home/airflow/.local/lib/python3.7/site-packages/airflow/example_dags/tutorial_dag.py for tasks to queue
[2023-02-27T19:28:31.198+0000] {logging_mixin.py:137} INFO - [2023-02-27T19:28:31.198+0000] {dagbag.py:538} INFO - Filling up the DagBag from /home/airflow/.local/lib/python3.7/site-packages/airflow/example_dags/tutorial_dag.py
[2023-02-27T19:28:31.228+0000] {processor.py:753} INFO - DAG(s) dict_keys(['tutorial_dag']) retrieved from /home/airflow/.local/lib/python3.7/site-packages/airflow/example_dags/tutorial_dag.py
[2023-02-27T19:28:31.350+0000] {logging_mixin.py:137} INFO - [2023-02-27T19:28:31.349+0000] {dag.py:2690} INFO - Sync 1 DAGs
[2023-02-27T19:28:31.389+0000] {logging_mixin.py:137} INFO - [2023-02-27T19:28:31.389+0000] {dag.py:3441} INFO - Setting next_dagrun for tutorial_dag to None, run_after=None
[2023-02-27T19:28:31.417+0000] {processor.py:175} INFO - Processing /home/airflow/.local/lib/python3.7/site-packages/airflow/example_dags/tutorial_dag.py took 0.224 seconds
[2023-02-27T19:29:02.122+0000] {processor.py:153} INFO - Started process (PID=2146) to work on /home/airflow/.local/lib/python3.7/site-packages/airflow/example_dags/tutorial_dag.py
[2023-02-27T19:29:02.123+0000] {processor.py:743} INFO - Processing file /home/airflow/.local/lib/python3.7/site-packages/airflow/example_dags/tutorial_dag.py for tasks to queue
[2023-02-27T19:29:02.123+0000] {logging_mixin.py:137} INFO - [2023-02-27T19:29:02.123+0000] {dagbag.py:538} INFO - Filling up the DagBag from /home/airflow/.local/lib/python3.7/site-packages/airflow/example_dags/tutorial_dag.py
[2023-02-27T19:29:02.139+0000] {processor.py:753} INFO - DAG(s) dict_keys(['tutorial_dag']) retrieved from /home/airflow/.local/lib/python3.7/site-packages/airflow/example_dags/tutorial_dag.py
[2023-02-27T19:29:02.168+0000] {logging_mixin.py:137} INFO - [2023-02-27T19:29:02.168+0000] {dag.py:2690} INFO - Sync 1 DAGs
[2023-02-27T19:29:02.195+0000] {logging_mixin.py:137} INFO - [2023-02-27T19:29:02.195+0000] {dag.py:3441} INFO - Setting next_dagrun for tutorial_dag to None, run_after=None
[2023-02-27T19:29:02.217+0000] {processor.py:175} INFO - Processing /home/airflow/.local/lib/python3.7/site-packages/airflow/example_dags/tutorial_dag.py took 0.098 seconds
[2023-02-27T19:29:32.946+0000] {processor.py:153} INFO - Started process (PID=2214) to work on /home/airflow/.local/lib/python3.7/site-packages/airflow/example_dags/tutorial_dag.py
[2023-02-27T19:29:32.947+0000] {processor.py:743} INFO - Processing file /home/airflow/.local/lib/python3.7/site-packages/airflow/example_dags/tutorial_dag.py for tasks to queue
[2023-02-27T19:29:32.948+0000] {logging_mixin.py:137} INFO - [2023-02-27T19:29:32.947+0000] {dagbag.py:538} INFO - Filling up the DagBag from /home/airflow/.local/lib/python3.7/site-packages/airflow/example_dags/tutorial_dag.py
[2023-02-27T19:29:32.976+0000] {processor.py:753} INFO - DAG(s) dict_keys(['tutorial_dag']) retrieved from /home/airflow/.local/lib/python3.7/site-packages/airflow/example_dags/tutorial_dag.py
[2023-02-27T19:29:33.016+0000] {logging_mixin.py:137} INFO - [2023-02-27T19:29:33.016+0000] {dag.py:2690} INFO - Sync 1 DAGs
[2023-02-27T19:29:33.088+0000] {logging_mixin.py:137} INFO - [2023-02-27T19:29:33.088+0000] {dag.py:3441} INFO - Setting next_dagrun for tutorial_dag to None, run_after=None
[2023-02-27T19:29:33.153+0000] {processor.py:175} INFO - Processing /home/airflow/.local/lib/python3.7/site-packages/airflow/example_dags/tutorial_dag.py took 0.211 seconds
[2023-02-27T19:30:03.747+0000] {processor.py:153} INFO - Started process (PID=2281) to work on /home/airflow/.local/lib/python3.7/site-packages/airflow/example_dags/tutorial_dag.py
[2023-02-27T19:30:03.748+0000] {processor.py:743} INFO - Processing file /home/airflow/.local/lib/python3.7/site-packages/airflow/example_dags/tutorial_dag.py for tasks to queue
[2023-02-27T19:30:03.749+0000] {logging_mixin.py:137} INFO - [2023-02-27T19:30:03.749+0000] {dagbag.py:538} INFO - Filling up the DagBag from /home/airflow/.local/lib/python3.7/site-packages/airflow/example_dags/tutorial_dag.py
[2023-02-27T19:30:03.764+0000] {processor.py:753} INFO - DAG(s) dict_keys(['tutorial_dag']) retrieved from /home/airflow/.local/lib/python3.7/site-packages/airflow/example_dags/tutorial_dag.py
[2023-02-27T19:30:03.793+0000] {logging_mixin.py:137} INFO - [2023-02-27T19:30:03.793+0000] {dag.py:2690} INFO - Sync 1 DAGs
[2023-02-27T19:30:03.827+0000] {logging_mixin.py:137} INFO - [2023-02-27T19:30:03.827+0000] {dag.py:3441} INFO - Setting next_dagrun for tutorial_dag to None, run_after=None
[2023-02-27T19:30:03.854+0000] {processor.py:175} INFO - Processing /home/airflow/.local/lib/python3.7/site-packages/airflow/example_dags/tutorial_dag.py took 0.112 seconds
[2023-02-27T19:30:34.109+0000] {processor.py:153} INFO - Started process (PID=2348) to work on /home/airflow/.local/lib/python3.7/site-packages/airflow/example_dags/tutorial_dag.py
[2023-02-27T19:30:34.110+0000] {processor.py:743} INFO - Processing file /home/airflow/.local/lib/python3.7/site-packages/airflow/example_dags/tutorial_dag.py for tasks to queue
[2023-02-27T19:30:34.111+0000] {logging_mixin.py:137} INFO - [2023-02-27T19:30:34.110+0000] {dagbag.py:538} INFO - Filling up the DagBag from /home/airflow/.local/lib/python3.7/site-packages/airflow/example_dags/tutorial_dag.py
[2023-02-27T19:30:34.146+0000] {processor.py:753} INFO - DAG(s) dict_keys(['tutorial_dag']) retrieved from /home/airflow/.local/lib/python3.7/site-packages/airflow/example_dags/tutorial_dag.py
[2023-02-27T19:30:34.207+0000] {logging_mixin.py:137} INFO - [2023-02-27T19:30:34.207+0000] {dag.py:2690} INFO - Sync 1 DAGs
[2023-02-27T19:30:34.290+0000] {logging_mixin.py:137} INFO - [2023-02-27T19:30:34.290+0000] {dag.py:3441} INFO - Setting next_dagrun for tutorial_dag to None, run_after=None
[2023-02-27T19:30:34.359+0000] {processor.py:175} INFO - Processing /home/airflow/.local/lib/python3.7/site-packages/airflow/example_dags/tutorial_dag.py took 0.257 seconds
[2023-02-27T19:31:05.088+0000] {processor.py:153} INFO - Started process (PID=2415) to work on /home/airflow/.local/lib/python3.7/site-packages/airflow/example_dags/tutorial_dag.py
[2023-02-27T19:31:05.090+0000] {processor.py:743} INFO - Processing file /home/airflow/.local/lib/python3.7/site-packages/airflow/example_dags/tutorial_dag.py for tasks to queue
[2023-02-27T19:31:05.096+0000] {logging_mixin.py:137} INFO - [2023-02-27T19:31:05.096+0000] {dagbag.py:538} INFO - Filling up the DagBag from /home/airflow/.local/lib/python3.7/site-packages/airflow/example_dags/tutorial_dag.py
[2023-02-27T19:31:05.122+0000] {processor.py:753} INFO - DAG(s) dict_keys(['tutorial_dag']) retrieved from /home/airflow/.local/lib/python3.7/site-packages/airflow/example_dags/tutorial_dag.py
[2023-02-27T19:31:05.176+0000] {logging_mixin.py:137} INFO - [2023-02-27T19:31:05.176+0000] {dag.py:2690} INFO - Sync 1 DAGs
[2023-02-27T19:31:05.234+0000] {logging_mixin.py:137} INFO - [2023-02-27T19:31:05.234+0000] {dag.py:3441} INFO - Setting next_dagrun for tutorial_dag to None, run_after=None
[2023-02-27T19:31:05.271+0000] {processor.py:175} INFO - Processing /home/airflow/.local/lib/python3.7/site-packages/airflow/example_dags/tutorial_dag.py took 0.187 seconds
[2023-02-27T19:31:35.334+0000] {processor.py:153} INFO - Started process (PID=2488) to work on /home/airflow/.local/lib/python3.7/site-packages/airflow/example_dags/tutorial_dag.py
[2023-02-27T19:31:35.335+0000] {processor.py:743} INFO - Processing file /home/airflow/.local/lib/python3.7/site-packages/airflow/example_dags/tutorial_dag.py for tasks to queue
[2023-02-27T19:31:35.336+0000] {logging_mixin.py:137} INFO - [2023-02-27T19:31:35.335+0000] {dagbag.py:538} INFO - Filling up the DagBag from /home/airflow/.local/lib/python3.7/site-packages/airflow/example_dags/tutorial_dag.py
[2023-02-27T19:31:35.355+0000] {processor.py:753} INFO - DAG(s) dict_keys(['tutorial_dag']) retrieved from /home/airflow/.local/lib/python3.7/site-packages/airflow/example_dags/tutorial_dag.py
[2023-02-27T19:31:35.400+0000] {logging_mixin.py:137} INFO - [2023-02-27T19:31:35.400+0000] {dag.py:2690} INFO - Sync 1 DAGs
[2023-02-27T19:31:35.435+0000] {logging_mixin.py:137} INFO - [2023-02-27T19:31:35.434+0000] {dag.py:3441} INFO - Setting next_dagrun for tutorial_dag to None, run_after=None
[2023-02-27T19:31:35.460+0000] {processor.py:175} INFO - Processing /home/airflow/.local/lib/python3.7/site-packages/airflow/example_dags/tutorial_dag.py took 0.130 seconds
[2023-02-27T19:32:05.531+0000] {processor.py:153} INFO - Started process (PID=2562) to work on /home/airflow/.local/lib/python3.7/site-packages/airflow/example_dags/tutorial_dag.py
[2023-02-27T19:32:05.532+0000] {processor.py:743} INFO - Processing file /home/airflow/.local/lib/python3.7/site-packages/airflow/example_dags/tutorial_dag.py for tasks to queue
[2023-02-27T19:32:05.533+0000] {logging_mixin.py:137} INFO - [2023-02-27T19:32:05.533+0000] {dagbag.py:538} INFO - Filling up the DagBag from /home/airflow/.local/lib/python3.7/site-packages/airflow/example_dags/tutorial_dag.py
[2023-02-27T19:32:05.546+0000] {processor.py:753} INFO - DAG(s) dict_keys(['tutorial_dag']) retrieved from /home/airflow/.local/lib/python3.7/site-packages/airflow/example_dags/tutorial_dag.py
[2023-02-27T19:32:05.576+0000] {logging_mixin.py:137} INFO - [2023-02-27T19:32:05.576+0000] {dag.py:2690} INFO - Sync 1 DAGs
[2023-02-27T19:32:05.605+0000] {logging_mixin.py:137} INFO - [2023-02-27T19:32:05.604+0000] {dag.py:3441} INFO - Setting next_dagrun for tutorial_dag to None, run_after=None
[2023-02-27T19:32:05.632+0000] {processor.py:175} INFO - Processing /home/airflow/.local/lib/python3.7/site-packages/airflow/example_dags/tutorial_dag.py took 0.105 seconds
[2023-02-27T19:32:35.994+0000] {processor.py:153} INFO - Started process (PID=2629) to work on /home/airflow/.local/lib/python3.7/site-packages/airflow/example_dags/tutorial_dag.py
[2023-02-27T19:32:35.995+0000] {processor.py:743} INFO - Processing file /home/airflow/.local/lib/python3.7/site-packages/airflow/example_dags/tutorial_dag.py for tasks to queue
[2023-02-27T19:32:35.996+0000] {logging_mixin.py:137} INFO - [2023-02-27T19:32:35.996+0000] {dagbag.py:538} INFO - Filling up the DagBag from /home/airflow/.local/lib/python3.7/site-packages/airflow/example_dags/tutorial_dag.py
[2023-02-27T19:32:36.013+0000] {processor.py:753} INFO - DAG(s) dict_keys(['tutorial_dag']) retrieved from /home/airflow/.local/lib/python3.7/site-packages/airflow/example_dags/tutorial_dag.py
[2023-02-27T19:32:36.043+0000] {logging_mixin.py:137} INFO - [2023-02-27T19:32:36.043+0000] {dag.py:2690} INFO - Sync 1 DAGs
[2023-02-27T19:32:36.079+0000] {logging_mixin.py:137} INFO - [2023-02-27T19:32:36.079+0000] {dag.py:3441} INFO - Setting next_dagrun for tutorial_dag to None, run_after=None
[2023-02-27T19:32:36.105+0000] {processor.py:175} INFO - Processing /home/airflow/.local/lib/python3.7/site-packages/airflow/example_dags/tutorial_dag.py took 0.114 seconds
[2023-02-27T19:33:06.490+0000] {processor.py:153} INFO - Started process (PID=2706) to work on /home/airflow/.local/lib/python3.7/site-packages/airflow/example_dags/tutorial_dag.py
[2023-02-27T19:33:06.497+0000] {processor.py:743} INFO - Processing file /home/airflow/.local/lib/python3.7/site-packages/airflow/example_dags/tutorial_dag.py for tasks to queue
[2023-02-27T19:33:06.498+0000] {logging_mixin.py:137} INFO - [2023-02-27T19:33:06.498+0000] {dagbag.py:538} INFO - Filling up the DagBag from /home/airflow/.local/lib/python3.7/site-packages/airflow/example_dags/tutorial_dag.py
[2023-02-27T19:33:06.514+0000] {processor.py:753} INFO - DAG(s) dict_keys(['tutorial_dag']) retrieved from /home/airflow/.local/lib/python3.7/site-packages/airflow/example_dags/tutorial_dag.py
[2023-02-27T19:33:06.559+0000] {logging_mixin.py:137} INFO - [2023-02-27T19:33:06.558+0000] {dag.py:2690} INFO - Sync 1 DAGs
[2023-02-27T19:33:06.589+0000] {logging_mixin.py:137} INFO - [2023-02-27T19:33:06.589+0000] {dag.py:3441} INFO - Setting next_dagrun for tutorial_dag to None, run_after=None
[2023-02-27T19:33:06.610+0000] {processor.py:175} INFO - Processing /home/airflow/.local/lib/python3.7/site-packages/airflow/example_dags/tutorial_dag.py took 0.123 seconds
[2023-02-27T19:33:37.023+0000] {processor.py:153} INFO - Started process (PID=2779) to work on /home/airflow/.local/lib/python3.7/site-packages/airflow/example_dags/tutorial_dag.py
[2023-02-27T19:33:37.024+0000] {processor.py:743} INFO - Processing file /home/airflow/.local/lib/python3.7/site-packages/airflow/example_dags/tutorial_dag.py for tasks to queue
[2023-02-27T19:33:37.024+0000] {logging_mixin.py:137} INFO - [2023-02-27T19:33:37.024+0000] {dagbag.py:538} INFO - Filling up the DagBag from /home/airflow/.local/lib/python3.7/site-packages/airflow/example_dags/tutorial_dag.py
[2023-02-27T19:33:37.037+0000] {processor.py:753} INFO - DAG(s) dict_keys(['tutorial_dag']) retrieved from /home/airflow/.local/lib/python3.7/site-packages/airflow/example_dags/tutorial_dag.py
[2023-02-27T19:33:37.063+0000] {logging_mixin.py:137} INFO - [2023-02-27T19:33:37.063+0000] {dag.py:2690} INFO - Sync 1 DAGs
[2023-02-27T19:33:37.091+0000] {logging_mixin.py:137} INFO - [2023-02-27T19:33:37.091+0000] {dag.py:3441} INFO - Setting next_dagrun for tutorial_dag to None, run_after=None
[2023-02-27T19:33:37.112+0000] {processor.py:175} INFO - Processing /home/airflow/.local/lib/python3.7/site-packages/airflow/example_dags/tutorial_dag.py took 0.094 seconds
[2023-02-27T19:34:07.402+0000] {processor.py:153} INFO - Started process (PID=2847) to work on /home/airflow/.local/lib/python3.7/site-packages/airflow/example_dags/tutorial_dag.py
[2023-02-27T19:34:07.403+0000] {processor.py:743} INFO - Processing file /home/airflow/.local/lib/python3.7/site-packages/airflow/example_dags/tutorial_dag.py for tasks to queue
[2023-02-27T19:34:07.404+0000] {logging_mixin.py:137} INFO - [2023-02-27T19:34:07.404+0000] {dagbag.py:538} INFO - Filling up the DagBag from /home/airflow/.local/lib/python3.7/site-packages/airflow/example_dags/tutorial_dag.py
[2023-02-27T19:34:07.419+0000] {processor.py:753} INFO - DAG(s) dict_keys(['tutorial_dag']) retrieved from /home/airflow/.local/lib/python3.7/site-packages/airflow/example_dags/tutorial_dag.py
[2023-02-27T19:34:07.454+0000] {logging_mixin.py:137} INFO - [2023-02-27T19:34:07.454+0000] {dag.py:2690} INFO - Sync 1 DAGs
[2023-02-27T19:34:07.484+0000] {logging_mixin.py:137} INFO - [2023-02-27T19:34:07.484+0000] {dag.py:3441} INFO - Setting next_dagrun for tutorial_dag to None, run_after=None
[2023-02-27T19:34:07.510+0000] {processor.py:175} INFO - Processing /home/airflow/.local/lib/python3.7/site-packages/airflow/example_dags/tutorial_dag.py took 0.112 seconds
[2023-02-27T19:34:37.809+0000] {processor.py:153} INFO - Started process (PID=2914) to work on /home/airflow/.local/lib/python3.7/site-packages/airflow/example_dags/tutorial_dag.py
[2023-02-27T19:34:37.811+0000] {processor.py:743} INFO - Processing file /home/airflow/.local/lib/python3.7/site-packages/airflow/example_dags/tutorial_dag.py for tasks to queue
[2023-02-27T19:34:37.812+0000] {logging_mixin.py:137} INFO - [2023-02-27T19:34:37.811+0000] {dagbag.py:538} INFO - Filling up the DagBag from /home/airflow/.local/lib/python3.7/site-packages/airflow/example_dags/tutorial_dag.py
[2023-02-27T19:34:37.825+0000] {processor.py:753} INFO - DAG(s) dict_keys(['tutorial_dag']) retrieved from /home/airflow/.local/lib/python3.7/site-packages/airflow/example_dags/tutorial_dag.py
[2023-02-27T19:34:37.852+0000] {logging_mixin.py:137} INFO - [2023-02-27T19:34:37.852+0000] {dag.py:2690} INFO - Sync 1 DAGs
[2023-02-27T19:34:37.884+0000] {logging_mixin.py:137} INFO - [2023-02-27T19:34:37.883+0000] {dag.py:3441} INFO - Setting next_dagrun for tutorial_dag to None, run_after=None
[2023-02-27T19:34:37.905+0000] {processor.py:175} INFO - Processing /home/airflow/.local/lib/python3.7/site-packages/airflow/example_dags/tutorial_dag.py took 0.099 seconds
[2023-02-27T19:35:08.427+0000] {processor.py:153} INFO - Started process (PID=2995) to work on /home/airflow/.local/lib/python3.7/site-packages/airflow/example_dags/tutorial_dag.py
[2023-02-27T19:35:08.428+0000] {processor.py:743} INFO - Processing file /home/airflow/.local/lib/python3.7/site-packages/airflow/example_dags/tutorial_dag.py for tasks to queue
[2023-02-27T19:35:08.430+0000] {logging_mixin.py:137} INFO - [2023-02-27T19:35:08.430+0000] {dagbag.py:538} INFO - Filling up the DagBag from /home/airflow/.local/lib/python3.7/site-packages/airflow/example_dags/tutorial_dag.py
[2023-02-27T19:35:08.452+0000] {processor.py:753} INFO - DAG(s) dict_keys(['tutorial_dag']) retrieved from /home/airflow/.local/lib/python3.7/site-packages/airflow/example_dags/tutorial_dag.py
[2023-02-27T19:35:08.483+0000] {logging_mixin.py:137} INFO - [2023-02-27T19:35:08.483+0000] {dag.py:2690} INFO - Sync 1 DAGs
[2023-02-27T19:35:08.517+0000] {logging_mixin.py:137} INFO - [2023-02-27T19:35:08.517+0000] {dag.py:3441} INFO - Setting next_dagrun for tutorial_dag to None, run_after=None
[2023-02-27T19:35:08.544+0000] {processor.py:175} INFO - Processing /home/airflow/.local/lib/python3.7/site-packages/airflow/example_dags/tutorial_dag.py took 0.120 seconds
[2023-02-27T19:50:31.200+0000] {processor.py:153} INFO - Started process (PID=66) to work on /home/airflow/.local/lib/python3.7/site-packages/airflow/example_dags/tutorial_dag.py
[2023-02-27T19:50:31.201+0000] {processor.py:743} INFO - Processing file /home/airflow/.local/lib/python3.7/site-packages/airflow/example_dags/tutorial_dag.py for tasks to queue
[2023-02-27T19:50:31.204+0000] {logging_mixin.py:137} INFO - [2023-02-27T19:50:31.204+0000] {dagbag.py:538} INFO - Filling up the DagBag from /home/airflow/.local/lib/python3.7/site-packages/airflow/example_dags/tutorial_dag.py
[2023-02-27T19:50:31.253+0000] {processor.py:753} INFO - DAG(s) dict_keys(['tutorial_dag']) retrieved from /home/airflow/.local/lib/python3.7/site-packages/airflow/example_dags/tutorial_dag.py
[2023-02-27T19:50:31.313+0000] {logging_mixin.py:137} INFO - [2023-02-27T19:50:31.313+0000] {dag.py:2690} INFO - Sync 1 DAGs
[2023-02-27T19:50:31.378+0000] {logging_mixin.py:137} INFO - [2023-02-27T19:50:31.377+0000] {dag.py:3441} INFO - Setting next_dagrun for tutorial_dag to None, run_after=None
[2023-02-27T19:50:31.416+0000] {processor.py:175} INFO - Processing /home/airflow/.local/lib/python3.7/site-packages/airflow/example_dags/tutorial_dag.py took 0.221 seconds
[2023-02-27T19:52:51.430+0000] {processor.py:153} INFO - Started process (PID=65) to work on /home/airflow/.local/lib/python3.7/site-packages/airflow/example_dags/tutorial_dag.py
[2023-02-27T19:52:51.432+0000] {processor.py:743} INFO - Processing file /home/airflow/.local/lib/python3.7/site-packages/airflow/example_dags/tutorial_dag.py for tasks to queue
[2023-02-27T19:52:51.433+0000] {logging_mixin.py:137} INFO - [2023-02-27T19:52:51.432+0000] {dagbag.py:538} INFO - Filling up the DagBag from /home/airflow/.local/lib/python3.7/site-packages/airflow/example_dags/tutorial_dag.py
[2023-02-27T19:52:51.457+0000] {processor.py:753} INFO - DAG(s) dict_keys(['tutorial_dag']) retrieved from /home/airflow/.local/lib/python3.7/site-packages/airflow/example_dags/tutorial_dag.py
[2023-02-27T19:52:51.673+0000] {logging_mixin.py:137} INFO - [2023-02-27T19:52:51.672+0000] {manager.py:504} INFO - Created Permission View: can edit on DAG:tutorial_dag
[2023-02-27T19:52:51.691+0000] {logging_mixin.py:137} INFO - [2023-02-27T19:52:51.691+0000] {manager.py:504} INFO - Created Permission View: can read on DAG:tutorial_dag
[2023-02-27T19:52:51.701+0000] {logging_mixin.py:137} INFO - [2023-02-27T19:52:51.700+0000] {manager.py:504} INFO - Created Permission View: can delete on DAG:tutorial_dag
[2023-02-27T19:52:51.701+0000] {logging_mixin.py:137} INFO - [2023-02-27T19:52:51.701+0000] {dag.py:2690} INFO - Sync 1 DAGs
[2023-02-27T19:52:51.717+0000] {logging_mixin.py:137} INFO - [2023-02-27T19:52:51.717+0000] {dag.py:2711} INFO - Creating ORM DAG for tutorial_dag
[2023-02-27T19:52:51.740+0000] {logging_mixin.py:137} INFO - [2023-02-27T19:52:51.740+0000] {dag.py:3441} INFO - Setting next_dagrun for tutorial_dag to None, run_after=None
[2023-02-27T19:52:51.817+0000] {processor.py:175} INFO - Processing /home/airflow/.local/lib/python3.7/site-packages/airflow/example_dags/tutorial_dag.py took 0.390 seconds
[2023-02-27T19:53:22.193+0000] {processor.py:153} INFO - Started process (PID=132) to work on /home/airflow/.local/lib/python3.7/site-packages/airflow/example_dags/tutorial_dag.py
[2023-02-27T19:53:22.194+0000] {processor.py:743} INFO - Processing file /home/airflow/.local/lib/python3.7/site-packages/airflow/example_dags/tutorial_dag.py for tasks to queue
[2023-02-27T19:53:22.195+0000] {logging_mixin.py:137} INFO - [2023-02-27T19:53:22.195+0000] {dagbag.py:538} INFO - Filling up the DagBag from /home/airflow/.local/lib/python3.7/site-packages/airflow/example_dags/tutorial_dag.py
[2023-02-27T19:53:22.212+0000] {processor.py:753} INFO - DAG(s) dict_keys(['tutorial_dag']) retrieved from /home/airflow/.local/lib/python3.7/site-packages/airflow/example_dags/tutorial_dag.py
[2023-02-27T19:53:22.242+0000] {logging_mixin.py:137} INFO - [2023-02-27T19:53:22.242+0000] {dag.py:2690} INFO - Sync 1 DAGs
[2023-02-27T19:53:22.271+0000] {logging_mixin.py:137} INFO - [2023-02-27T19:53:22.271+0000] {dag.py:3441} INFO - Setting next_dagrun for tutorial_dag to None, run_after=None
[2023-02-27T19:53:22.302+0000] {processor.py:175} INFO - Processing /home/airflow/.local/lib/python3.7/site-packages/airflow/example_dags/tutorial_dag.py took 0.112 seconds
[2023-02-27T19:53:52.640+0000] {processor.py:153} INFO - Started process (PID=212) to work on /home/airflow/.local/lib/python3.7/site-packages/airflow/example_dags/tutorial_dag.py
[2023-02-27T19:53:52.643+0000] {processor.py:743} INFO - Processing file /home/airflow/.local/lib/python3.7/site-packages/airflow/example_dags/tutorial_dag.py for tasks to queue
[2023-02-27T19:53:52.644+0000] {logging_mixin.py:137} INFO - [2023-02-27T19:53:52.643+0000] {dagbag.py:538} INFO - Filling up the DagBag from /home/airflow/.local/lib/python3.7/site-packages/airflow/example_dags/tutorial_dag.py
[2023-02-27T19:53:52.684+0000] {processor.py:753} INFO - DAG(s) dict_keys(['tutorial_dag']) retrieved from /home/airflow/.local/lib/python3.7/site-packages/airflow/example_dags/tutorial_dag.py
[2023-02-27T19:53:52.739+0000] {logging_mixin.py:137} INFO - [2023-02-27T19:53:52.739+0000] {dag.py:2690} INFO - Sync 1 DAGs
[2023-02-27T19:53:52.781+0000] {logging_mixin.py:137} INFO - [2023-02-27T19:53:52.781+0000] {dag.py:3441} INFO - Setting next_dagrun for tutorial_dag to None, run_after=None
[2023-02-27T19:53:52.814+0000] {processor.py:175} INFO - Processing /home/airflow/.local/lib/python3.7/site-packages/airflow/example_dags/tutorial_dag.py took 0.178 seconds
[2023-02-27T19:54:23.216+0000] {processor.py:153} INFO - Started process (PID=278) to work on /home/airflow/.local/lib/python3.7/site-packages/airflow/example_dags/tutorial_dag.py
[2023-02-27T19:54:23.218+0000] {processor.py:743} INFO - Processing file /home/airflow/.local/lib/python3.7/site-packages/airflow/example_dags/tutorial_dag.py for tasks to queue
[2023-02-27T19:54:23.220+0000] {logging_mixin.py:137} INFO - [2023-02-27T19:54:23.219+0000] {dagbag.py:538} INFO - Filling up the DagBag from /home/airflow/.local/lib/python3.7/site-packages/airflow/example_dags/tutorial_dag.py
[2023-02-27T19:54:23.241+0000] {processor.py:753} INFO - DAG(s) dict_keys(['tutorial_dag']) retrieved from /home/airflow/.local/lib/python3.7/site-packages/airflow/example_dags/tutorial_dag.py
[2023-02-27T19:54:23.284+0000] {logging_mixin.py:137} INFO - [2023-02-27T19:54:23.283+0000] {dag.py:2690} INFO - Sync 1 DAGs
[2023-02-27T19:54:23.335+0000] {logging_mixin.py:137} INFO - [2023-02-27T19:54:23.334+0000] {dag.py:3441} INFO - Setting next_dagrun for tutorial_dag to None, run_after=None
[2023-02-27T19:54:23.375+0000] {processor.py:175} INFO - Processing /home/airflow/.local/lib/python3.7/site-packages/airflow/example_dags/tutorial_dag.py took 0.171 seconds
[2023-02-27T19:54:54.148+0000] {processor.py:153} INFO - Started process (PID=345) to work on /home/airflow/.local/lib/python3.7/site-packages/airflow/example_dags/tutorial_dag.py
[2023-02-27T19:54:54.149+0000] {processor.py:743} INFO - Processing file /home/airflow/.local/lib/python3.7/site-packages/airflow/example_dags/tutorial_dag.py for tasks to queue
[2023-02-27T19:54:54.151+0000] {logging_mixin.py:137} INFO - [2023-02-27T19:54:54.150+0000] {dagbag.py:538} INFO - Filling up the DagBag from /home/airflow/.local/lib/python3.7/site-packages/airflow/example_dags/tutorial_dag.py
[2023-02-27T19:54:54.176+0000] {processor.py:753} INFO - DAG(s) dict_keys(['tutorial_dag']) retrieved from /home/airflow/.local/lib/python3.7/site-packages/airflow/example_dags/tutorial_dag.py
[2023-02-27T19:54:54.206+0000] {logging_mixin.py:137} INFO - [2023-02-27T19:54:54.205+0000] {dag.py:2690} INFO - Sync 1 DAGs
[2023-02-27T19:54:54.237+0000] {logging_mixin.py:137} INFO - [2023-02-27T19:54:54.237+0000] {dag.py:3441} INFO - Setting next_dagrun for tutorial_dag to None, run_after=None
[2023-02-27T19:54:54.262+0000] {processor.py:175} INFO - Processing /home/airflow/.local/lib/python3.7/site-packages/airflow/example_dags/tutorial_dag.py took 0.122 seconds
[2023-02-27T19:55:24.927+0000] {processor.py:153} INFO - Started process (PID=419) to work on /home/airflow/.local/lib/python3.7/site-packages/airflow/example_dags/tutorial_dag.py
[2023-02-27T19:55:24.928+0000] {processor.py:743} INFO - Processing file /home/airflow/.local/lib/python3.7/site-packages/airflow/example_dags/tutorial_dag.py for tasks to queue
[2023-02-27T19:55:24.929+0000] {logging_mixin.py:137} INFO - [2023-02-27T19:55:24.929+0000] {dagbag.py:538} INFO - Filling up the DagBag from /home/airflow/.local/lib/python3.7/site-packages/airflow/example_dags/tutorial_dag.py
[2023-02-27T19:55:24.953+0000] {processor.py:753} INFO - DAG(s) dict_keys(['tutorial_dag']) retrieved from /home/airflow/.local/lib/python3.7/site-packages/airflow/example_dags/tutorial_dag.py
[2023-02-27T19:55:24.988+0000] {logging_mixin.py:137} INFO - [2023-02-27T19:55:24.988+0000] {dag.py:2690} INFO - Sync 1 DAGs
[2023-02-27T19:55:25.029+0000] {logging_mixin.py:137} INFO - [2023-02-27T19:55:25.029+0000] {dag.py:3441} INFO - Setting next_dagrun for tutorial_dag to None, run_after=None
[2023-02-27T19:55:25.075+0000] {processor.py:175} INFO - Processing /home/airflow/.local/lib/python3.7/site-packages/airflow/example_dags/tutorial_dag.py took 0.151 seconds
[2023-02-27T19:55:55.326+0000] {processor.py:153} INFO - Started process (PID=493) to work on /home/airflow/.local/lib/python3.7/site-packages/airflow/example_dags/tutorial_dag.py
[2023-02-27T19:55:55.327+0000] {processor.py:743} INFO - Processing file /home/airflow/.local/lib/python3.7/site-packages/airflow/example_dags/tutorial_dag.py for tasks to queue
[2023-02-27T19:55:55.327+0000] {logging_mixin.py:137} INFO - [2023-02-27T19:55:55.327+0000] {dagbag.py:538} INFO - Filling up the DagBag from /home/airflow/.local/lib/python3.7/site-packages/airflow/example_dags/tutorial_dag.py
[2023-02-27T19:55:55.342+0000] {processor.py:753} INFO - DAG(s) dict_keys(['tutorial_dag']) retrieved from /home/airflow/.local/lib/python3.7/site-packages/airflow/example_dags/tutorial_dag.py
[2023-02-27T19:55:55.372+0000] {logging_mixin.py:137} INFO - [2023-02-27T19:55:55.371+0000] {dag.py:2690} INFO - Sync 1 DAGs
[2023-02-27T19:55:55.399+0000] {logging_mixin.py:137} INFO - [2023-02-27T19:55:55.399+0000] {dag.py:3441} INFO - Setting next_dagrun for tutorial_dag to None, run_after=None
[2023-02-27T19:55:55.421+0000] {processor.py:175} INFO - Processing /home/airflow/.local/lib/python3.7/site-packages/airflow/example_dags/tutorial_dag.py took 0.098 seconds
[2023-02-27T19:56:25.796+0000] {processor.py:153} INFO - Started process (PID=560) to work on /home/airflow/.local/lib/python3.7/site-packages/airflow/example_dags/tutorial_dag.py
[2023-02-27T19:56:25.797+0000] {processor.py:743} INFO - Processing file /home/airflow/.local/lib/python3.7/site-packages/airflow/example_dags/tutorial_dag.py for tasks to queue
[2023-02-27T19:56:25.798+0000] {logging_mixin.py:137} INFO - [2023-02-27T19:56:25.798+0000] {dagbag.py:538} INFO - Filling up the DagBag from /home/airflow/.local/lib/python3.7/site-packages/airflow/example_dags/tutorial_dag.py
[2023-02-27T19:56:25.813+0000] {processor.py:753} INFO - DAG(s) dict_keys(['tutorial_dag']) retrieved from /home/airflow/.local/lib/python3.7/site-packages/airflow/example_dags/tutorial_dag.py
[2023-02-27T19:56:25.840+0000] {logging_mixin.py:137} INFO - [2023-02-27T19:56:25.839+0000] {dag.py:2690} INFO - Sync 1 DAGs
[2023-02-27T19:56:25.867+0000] {logging_mixin.py:137} INFO - [2023-02-27T19:56:25.866+0000] {dag.py:3441} INFO - Setting next_dagrun for tutorial_dag to None, run_after=None
[2023-02-27T19:56:25.898+0000] {processor.py:175} INFO - Processing /home/airflow/.local/lib/python3.7/site-packages/airflow/example_dags/tutorial_dag.py took 0.106 seconds
[2023-02-27T19:56:56.312+0000] {processor.py:153} INFO - Started process (PID=634) to work on /home/airflow/.local/lib/python3.7/site-packages/airflow/example_dags/tutorial_dag.py
[2023-02-27T19:56:56.314+0000] {processor.py:743} INFO - Processing file /home/airflow/.local/lib/python3.7/site-packages/airflow/example_dags/tutorial_dag.py for tasks to queue
[2023-02-27T19:56:56.315+0000] {logging_mixin.py:137} INFO - [2023-02-27T19:56:56.315+0000] {dagbag.py:538} INFO - Filling up the DagBag from /home/airflow/.local/lib/python3.7/site-packages/airflow/example_dags/tutorial_dag.py
[2023-02-27T19:56:56.353+0000] {processor.py:753} INFO - DAG(s) dict_keys(['tutorial_dag']) retrieved from /home/airflow/.local/lib/python3.7/site-packages/airflow/example_dags/tutorial_dag.py
[2023-02-27T19:56:56.427+0000] {logging_mixin.py:137} INFO - [2023-02-27T19:56:56.427+0000] {dag.py:2690} INFO - Sync 1 DAGs
[2023-02-27T19:56:56.552+0000] {logging_mixin.py:137} INFO - [2023-02-27T19:56:56.552+0000] {dag.py:3441} INFO - Setting next_dagrun for tutorial_dag to None, run_after=None
[2023-02-27T19:56:56.595+0000] {processor.py:175} INFO - Processing /home/airflow/.local/lib/python3.7/site-packages/airflow/example_dags/tutorial_dag.py took 0.287 seconds
[2023-02-27T19:57:26.842+0000] {processor.py:153} INFO - Started process (PID=709) to work on /home/airflow/.local/lib/python3.7/site-packages/airflow/example_dags/tutorial_dag.py
[2023-02-27T19:57:26.844+0000] {processor.py:743} INFO - Processing file /home/airflow/.local/lib/python3.7/site-packages/airflow/example_dags/tutorial_dag.py for tasks to queue
[2023-02-27T19:57:26.846+0000] {logging_mixin.py:137} INFO - [2023-02-27T19:57:26.846+0000] {dagbag.py:538} INFO - Filling up the DagBag from /home/airflow/.local/lib/python3.7/site-packages/airflow/example_dags/tutorial_dag.py
[2023-02-27T19:57:26.865+0000] {processor.py:753} INFO - DAG(s) dict_keys(['tutorial_dag']) retrieved from /home/airflow/.local/lib/python3.7/site-packages/airflow/example_dags/tutorial_dag.py
[2023-02-27T19:57:26.901+0000] {logging_mixin.py:137} INFO - [2023-02-27T19:57:26.901+0000] {dag.py:2690} INFO - Sync 1 DAGs
[2023-02-27T19:57:26.935+0000] {logging_mixin.py:137} INFO - [2023-02-27T19:57:26.935+0000] {dag.py:3441} INFO - Setting next_dagrun for tutorial_dag to None, run_after=None
[2023-02-27T19:57:26.974+0000] {processor.py:175} INFO - Processing /home/airflow/.local/lib/python3.7/site-packages/airflow/example_dags/tutorial_dag.py took 0.135 seconds
[2023-02-27T19:57:57.020+0000] {processor.py:153} INFO - Started process (PID=777) to work on /home/airflow/.local/lib/python3.7/site-packages/airflow/example_dags/tutorial_dag.py
[2023-02-27T19:57:57.021+0000] {processor.py:743} INFO - Processing file /home/airflow/.local/lib/python3.7/site-packages/airflow/example_dags/tutorial_dag.py for tasks to queue
[2023-02-27T19:57:57.022+0000] {logging_mixin.py:137} INFO - [2023-02-27T19:57:57.022+0000] {dagbag.py:538} INFO - Filling up the DagBag from /home/airflow/.local/lib/python3.7/site-packages/airflow/example_dags/tutorial_dag.py
[2023-02-27T19:57:57.036+0000] {processor.py:753} INFO - DAG(s) dict_keys(['tutorial_dag']) retrieved from /home/airflow/.local/lib/python3.7/site-packages/airflow/example_dags/tutorial_dag.py
[2023-02-27T19:57:57.063+0000] {logging_mixin.py:137} INFO - [2023-02-27T19:57:57.063+0000] {dag.py:2690} INFO - Sync 1 DAGs
[2023-02-27T19:57:57.092+0000] {logging_mixin.py:137} INFO - [2023-02-27T19:57:57.092+0000] {dag.py:3441} INFO - Setting next_dagrun for tutorial_dag to None, run_after=None
[2023-02-27T19:57:57.113+0000] {processor.py:175} INFO - Processing /home/airflow/.local/lib/python3.7/site-packages/airflow/example_dags/tutorial_dag.py took 0.096 seconds
[2023-02-27T19:58:28.235+0000] {processor.py:153} INFO - Started process (PID=854) to work on /home/airflow/.local/lib/python3.7/site-packages/airflow/example_dags/tutorial_dag.py
[2023-02-27T19:58:28.236+0000] {processor.py:743} INFO - Processing file /home/airflow/.local/lib/python3.7/site-packages/airflow/example_dags/tutorial_dag.py for tasks to queue
[2023-02-27T19:58:28.237+0000] {logging_mixin.py:137} INFO - [2023-02-27T19:58:28.237+0000] {dagbag.py:538} INFO - Filling up the DagBag from /home/airflow/.local/lib/python3.7/site-packages/airflow/example_dags/tutorial_dag.py
[2023-02-27T19:58:28.266+0000] {processor.py:753} INFO - DAG(s) dict_keys(['tutorial_dag']) retrieved from /home/airflow/.local/lib/python3.7/site-packages/airflow/example_dags/tutorial_dag.py
[2023-02-27T19:58:28.312+0000] {logging_mixin.py:137} INFO - [2023-02-27T19:58:28.312+0000] {dag.py:2690} INFO - Sync 1 DAGs
[2023-02-27T19:58:28.361+0000] {logging_mixin.py:137} INFO - [2023-02-27T19:58:28.361+0000] {dag.py:3441} INFO - Setting next_dagrun for tutorial_dag to None, run_after=None
[2023-02-27T19:58:28.386+0000] {processor.py:175} INFO - Processing /home/airflow/.local/lib/python3.7/site-packages/airflow/example_dags/tutorial_dag.py took 0.155 seconds
[2023-02-27T19:58:58.413+0000] {processor.py:153} INFO - Started process (PID=926) to work on /home/airflow/.local/lib/python3.7/site-packages/airflow/example_dags/tutorial_dag.py
[2023-02-27T19:58:58.414+0000] {processor.py:743} INFO - Processing file /home/airflow/.local/lib/python3.7/site-packages/airflow/example_dags/tutorial_dag.py for tasks to queue
[2023-02-27T19:58:58.415+0000] {logging_mixin.py:137} INFO - [2023-02-27T19:58:58.415+0000] {dagbag.py:538} INFO - Filling up the DagBag from /home/airflow/.local/lib/python3.7/site-packages/airflow/example_dags/tutorial_dag.py
[2023-02-27T19:58:58.430+0000] {processor.py:753} INFO - DAG(s) dict_keys(['tutorial_dag']) retrieved from /home/airflow/.local/lib/python3.7/site-packages/airflow/example_dags/tutorial_dag.py
[2023-02-27T19:58:58.456+0000] {logging_mixin.py:137} INFO - [2023-02-27T19:58:58.455+0000] {dag.py:2690} INFO - Sync 1 DAGs
[2023-02-27T19:58:58.484+0000] {logging_mixin.py:137} INFO - [2023-02-27T19:58:58.484+0000] {dag.py:3441} INFO - Setting next_dagrun for tutorial_dag to None, run_after=None
[2023-02-27T19:58:58.506+0000] {processor.py:175} INFO - Processing /home/airflow/.local/lib/python3.7/site-packages/airflow/example_dags/tutorial_dag.py took 0.096 seconds
[2023-02-27T19:59:28.878+0000] {processor.py:153} INFO - Started process (PID=995) to work on /home/airflow/.local/lib/python3.7/site-packages/airflow/example_dags/tutorial_dag.py
[2023-02-27T19:59:28.879+0000] {processor.py:743} INFO - Processing file /home/airflow/.local/lib/python3.7/site-packages/airflow/example_dags/tutorial_dag.py for tasks to queue
[2023-02-27T19:59:28.881+0000] {logging_mixin.py:137} INFO - [2023-02-27T19:59:28.880+0000] {dagbag.py:538} INFO - Filling up the DagBag from /home/airflow/.local/lib/python3.7/site-packages/airflow/example_dags/tutorial_dag.py
[2023-02-27T19:59:28.897+0000] {processor.py:753} INFO - DAG(s) dict_keys(['tutorial_dag']) retrieved from /home/airflow/.local/lib/python3.7/site-packages/airflow/example_dags/tutorial_dag.py
[2023-02-27T19:59:28.927+0000] {logging_mixin.py:137} INFO - [2023-02-27T19:59:28.927+0000] {dag.py:2690} INFO - Sync 1 DAGs
[2023-02-27T19:59:28.956+0000] {logging_mixin.py:137} INFO - [2023-02-27T19:59:28.956+0000] {dag.py:3441} INFO - Setting next_dagrun for tutorial_dag to None, run_after=None
[2023-02-27T19:59:28.990+0000] {processor.py:175} INFO - Processing /home/airflow/.local/lib/python3.7/site-packages/airflow/example_dags/tutorial_dag.py took 0.115 seconds
[2023-02-27T19:59:59.331+0000] {processor.py:153} INFO - Started process (PID=1077) to work on /home/airflow/.local/lib/python3.7/site-packages/airflow/example_dags/tutorial_dag.py
[2023-02-27T19:59:59.332+0000] {processor.py:743} INFO - Processing file /home/airflow/.local/lib/python3.7/site-packages/airflow/example_dags/tutorial_dag.py for tasks to queue
[2023-02-27T19:59:59.333+0000] {logging_mixin.py:137} INFO - [2023-02-27T19:59:59.333+0000] {dagbag.py:538} INFO - Filling up the DagBag from /home/airflow/.local/lib/python3.7/site-packages/airflow/example_dags/tutorial_dag.py
[2023-02-27T19:59:59.348+0000] {processor.py:753} INFO - DAG(s) dict_keys(['tutorial_dag']) retrieved from /home/airflow/.local/lib/python3.7/site-packages/airflow/example_dags/tutorial_dag.py
[2023-02-27T19:59:59.374+0000] {logging_mixin.py:137} INFO - [2023-02-27T19:59:59.374+0000] {dag.py:2690} INFO - Sync 1 DAGs
[2023-02-27T19:59:59.403+0000] {logging_mixin.py:137} INFO - [2023-02-27T19:59:59.403+0000] {dag.py:3441} INFO - Setting next_dagrun for tutorial_dag to None, run_after=None
[2023-02-27T19:59:59.427+0000] {processor.py:175} INFO - Processing /home/airflow/.local/lib/python3.7/site-packages/airflow/example_dags/tutorial_dag.py took 0.099 seconds
[2023-02-27T20:00:29.504+0000] {processor.py:153} INFO - Started process (PID=1145) to work on /home/airflow/.local/lib/python3.7/site-packages/airflow/example_dags/tutorial_dag.py
[2023-02-27T20:00:29.505+0000] {processor.py:743} INFO - Processing file /home/airflow/.local/lib/python3.7/site-packages/airflow/example_dags/tutorial_dag.py for tasks to queue
[2023-02-27T20:00:29.506+0000] {logging_mixin.py:137} INFO - [2023-02-27T20:00:29.506+0000] {dagbag.py:538} INFO - Filling up the DagBag from /home/airflow/.local/lib/python3.7/site-packages/airflow/example_dags/tutorial_dag.py
[2023-02-27T20:00:29.522+0000] {processor.py:753} INFO - DAG(s) dict_keys(['tutorial_dag']) retrieved from /home/airflow/.local/lib/python3.7/site-packages/airflow/example_dags/tutorial_dag.py
[2023-02-27T20:00:29.559+0000] {logging_mixin.py:137} INFO - [2023-02-27T20:00:29.558+0000] {dag.py:2690} INFO - Sync 1 DAGs
[2023-02-27T20:00:29.590+0000] {logging_mixin.py:137} INFO - [2023-02-27T20:00:29.590+0000] {dag.py:3441} INFO - Setting next_dagrun for tutorial_dag to None, run_after=None
[2023-02-27T20:00:29.615+0000] {processor.py:175} INFO - Processing /home/airflow/.local/lib/python3.7/site-packages/airflow/example_dags/tutorial_dag.py took 0.114 seconds
[2023-02-27T20:01:00.690+0000] {processor.py:153} INFO - Started process (PID=1212) to work on /home/airflow/.local/lib/python3.7/site-packages/airflow/example_dags/tutorial_dag.py
[2023-02-27T20:01:00.691+0000] {processor.py:743} INFO - Processing file /home/airflow/.local/lib/python3.7/site-packages/airflow/example_dags/tutorial_dag.py for tasks to queue
[2023-02-27T20:01:00.692+0000] {logging_mixin.py:137} INFO - [2023-02-27T20:01:00.691+0000] {dagbag.py:538} INFO - Filling up the DagBag from /home/airflow/.local/lib/python3.7/site-packages/airflow/example_dags/tutorial_dag.py
[2023-02-27T20:01:00.716+0000] {processor.py:753} INFO - DAG(s) dict_keys(['tutorial_dag']) retrieved from /home/airflow/.local/lib/python3.7/site-packages/airflow/example_dags/tutorial_dag.py
[2023-02-27T20:01:00.768+0000] {logging_mixin.py:137} INFO - [2023-02-27T20:01:00.767+0000] {dag.py:2690} INFO - Sync 1 DAGs
[2023-02-27T20:01:00.816+0000] {logging_mixin.py:137} INFO - [2023-02-27T20:01:00.816+0000] {dag.py:3441} INFO - Setting next_dagrun for tutorial_dag to None, run_after=None
[2023-02-27T20:01:00.866+0000] {processor.py:175} INFO - Processing /home/airflow/.local/lib/python3.7/site-packages/airflow/example_dags/tutorial_dag.py took 0.189 seconds
[2023-02-27T20:01:30.953+0000] {processor.py:153} INFO - Started process (PID=1294) to work on /home/airflow/.local/lib/python3.7/site-packages/airflow/example_dags/tutorial_dag.py
[2023-02-27T20:01:30.954+0000] {processor.py:743} INFO - Processing file /home/airflow/.local/lib/python3.7/site-packages/airflow/example_dags/tutorial_dag.py for tasks to queue
[2023-02-27T20:01:30.955+0000] {logging_mixin.py:137} INFO - [2023-02-27T20:01:30.955+0000] {dagbag.py:538} INFO - Filling up the DagBag from /home/airflow/.local/lib/python3.7/site-packages/airflow/example_dags/tutorial_dag.py
[2023-02-27T20:01:30.968+0000] {processor.py:753} INFO - DAG(s) dict_keys(['tutorial_dag']) retrieved from /home/airflow/.local/lib/python3.7/site-packages/airflow/example_dags/tutorial_dag.py
[2023-02-27T20:01:30.995+0000] {logging_mixin.py:137} INFO - [2023-02-27T20:01:30.995+0000] {dag.py:2690} INFO - Sync 1 DAGs
[2023-02-27T20:01:31.024+0000] {logging_mixin.py:137} INFO - [2023-02-27T20:01:31.024+0000] {dag.py:3441} INFO - Setting next_dagrun for tutorial_dag to None, run_after=None
[2023-02-27T20:01:31.053+0000] {processor.py:175} INFO - Processing /home/airflow/.local/lib/python3.7/site-packages/airflow/example_dags/tutorial_dag.py took 0.103 seconds
[2023-02-27T20:02:02.047+0000] {processor.py:153} INFO - Started process (PID=1362) to work on /home/airflow/.local/lib/python3.7/site-packages/airflow/example_dags/tutorial_dag.py
[2023-02-27T20:02:02.048+0000] {processor.py:743} INFO - Processing file /home/airflow/.local/lib/python3.7/site-packages/airflow/example_dags/tutorial_dag.py for tasks to queue
[2023-02-27T20:02:02.048+0000] {logging_mixin.py:137} INFO - [2023-02-27T20:02:02.048+0000] {dagbag.py:538} INFO - Filling up the DagBag from /home/airflow/.local/lib/python3.7/site-packages/airflow/example_dags/tutorial_dag.py
[2023-02-27T20:02:02.062+0000] {processor.py:753} INFO - DAG(s) dict_keys(['tutorial_dag']) retrieved from /home/airflow/.local/lib/python3.7/site-packages/airflow/example_dags/tutorial_dag.py
[2023-02-27T20:02:02.088+0000] {logging_mixin.py:137} INFO - [2023-02-27T20:02:02.088+0000] {dag.py:2690} INFO - Sync 1 DAGs
[2023-02-27T20:02:02.121+0000] {logging_mixin.py:137} INFO - [2023-02-27T20:02:02.120+0000] {dag.py:3441} INFO - Setting next_dagrun for tutorial_dag to None, run_after=None
[2023-02-27T20:02:02.142+0000] {processor.py:175} INFO - Processing /home/airflow/.local/lib/python3.7/site-packages/airflow/example_dags/tutorial_dag.py took 0.098 seconds
[2023-02-27T20:02:33.128+0000] {processor.py:153} INFO - Started process (PID=1436) to work on /home/airflow/.local/lib/python3.7/site-packages/airflow/example_dags/tutorial_dag.py
[2023-02-27T20:02:33.130+0000] {processor.py:743} INFO - Processing file /home/airflow/.local/lib/python3.7/site-packages/airflow/example_dags/tutorial_dag.py for tasks to queue
[2023-02-27T20:02:33.134+0000] {logging_mixin.py:137} INFO - [2023-02-27T20:02:33.133+0000] {dagbag.py:538} INFO - Filling up the DagBag from /home/airflow/.local/lib/python3.7/site-packages/airflow/example_dags/tutorial_dag.py
[2023-02-27T20:02:33.164+0000] {processor.py:753} INFO - DAG(s) dict_keys(['tutorial_dag']) retrieved from /home/airflow/.local/lib/python3.7/site-packages/airflow/example_dags/tutorial_dag.py
[2023-02-27T20:02:33.202+0000] {logging_mixin.py:137} INFO - [2023-02-27T20:02:33.202+0000] {dag.py:2690} INFO - Sync 1 DAGs
[2023-02-27T20:02:33.266+0000] {logging_mixin.py:137} INFO - [2023-02-27T20:02:33.266+0000] {dag.py:3441} INFO - Setting next_dagrun for tutorial_dag to None, run_after=None
[2023-02-27T20:02:33.302+0000] {processor.py:175} INFO - Processing /home/airflow/.local/lib/python3.7/site-packages/airflow/example_dags/tutorial_dag.py took 0.178 seconds
[2023-02-27T20:03:03.527+0000] {processor.py:153} INFO - Started process (PID=1510) to work on /home/airflow/.local/lib/python3.7/site-packages/airflow/example_dags/tutorial_dag.py
[2023-02-27T20:03:03.528+0000] {processor.py:743} INFO - Processing file /home/airflow/.local/lib/python3.7/site-packages/airflow/example_dags/tutorial_dag.py for tasks to queue
[2023-02-27T20:03:03.529+0000] {logging_mixin.py:137} INFO - [2023-02-27T20:03:03.529+0000] {dagbag.py:538} INFO - Filling up the DagBag from /home/airflow/.local/lib/python3.7/site-packages/airflow/example_dags/tutorial_dag.py
[2023-02-27T20:03:03.545+0000] {processor.py:753} INFO - DAG(s) dict_keys(['tutorial_dag']) retrieved from /home/airflow/.local/lib/python3.7/site-packages/airflow/example_dags/tutorial_dag.py
[2023-02-27T20:03:03.574+0000] {logging_mixin.py:137} INFO - [2023-02-27T20:03:03.573+0000] {dag.py:2690} INFO - Sync 1 DAGs
[2023-02-27T20:03:03.600+0000] {logging_mixin.py:137} INFO - [2023-02-27T20:03:03.600+0000] {dag.py:3441} INFO - Setting next_dagrun for tutorial_dag to None, run_after=None
[2023-02-27T20:03:03.623+0000] {processor.py:175} INFO - Processing /home/airflow/.local/lib/python3.7/site-packages/airflow/example_dags/tutorial_dag.py took 0.099 seconds
[2023-02-27T20:03:34.207+0000] {processor.py:153} INFO - Started process (PID=1578) to work on /home/airflow/.local/lib/python3.7/site-packages/airflow/example_dags/tutorial_dag.py
[2023-02-27T20:03:34.209+0000] {processor.py:743} INFO - Processing file /home/airflow/.local/lib/python3.7/site-packages/airflow/example_dags/tutorial_dag.py for tasks to queue
[2023-02-27T20:03:34.210+0000] {logging_mixin.py:137} INFO - [2023-02-27T20:03:34.209+0000] {dagbag.py:538} INFO - Filling up the DagBag from /home/airflow/.local/lib/python3.7/site-packages/airflow/example_dags/tutorial_dag.py
[2023-02-27T20:03:34.228+0000] {processor.py:753} INFO - DAG(s) dict_keys(['tutorial_dag']) retrieved from /home/airflow/.local/lib/python3.7/site-packages/airflow/example_dags/tutorial_dag.py
[2023-02-27T20:03:34.254+0000] {logging_mixin.py:137} INFO - [2023-02-27T20:03:34.254+0000] {dag.py:2690} INFO - Sync 1 DAGs
[2023-02-27T20:03:34.285+0000] {logging_mixin.py:137} INFO - [2023-02-27T20:03:34.285+0000] {dag.py:3441} INFO - Setting next_dagrun for tutorial_dag to None, run_after=None
[2023-02-27T20:03:34.310+0000] {processor.py:175} INFO - Processing /home/airflow/.local/lib/python3.7/site-packages/airflow/example_dags/tutorial_dag.py took 0.106 seconds
[2023-02-27T20:04:04.994+0000] {processor.py:153} INFO - Started process (PID=1662) to work on /home/airflow/.local/lib/python3.7/site-packages/airflow/example_dags/tutorial_dag.py
[2023-02-27T20:04:04.995+0000] {processor.py:743} INFO - Processing file /home/airflow/.local/lib/python3.7/site-packages/airflow/example_dags/tutorial_dag.py for tasks to queue
[2023-02-27T20:04:04.996+0000] {logging_mixin.py:137} INFO - [2023-02-27T20:04:04.996+0000] {dagbag.py:538} INFO - Filling up the DagBag from /home/airflow/.local/lib/python3.7/site-packages/airflow/example_dags/tutorial_dag.py
[2023-02-27T20:04:05.015+0000] {processor.py:753} INFO - DAG(s) dict_keys(['tutorial_dag']) retrieved from /home/airflow/.local/lib/python3.7/site-packages/airflow/example_dags/tutorial_dag.py
[2023-02-27T20:04:05.066+0000] {logging_mixin.py:137} INFO - [2023-02-27T20:04:05.066+0000] {dag.py:2690} INFO - Sync 1 DAGs
[2023-02-27T20:04:05.126+0000] {logging_mixin.py:137} INFO - [2023-02-27T20:04:05.126+0000] {dag.py:3441} INFO - Setting next_dagrun for tutorial_dag to None, run_after=None
[2023-02-27T20:04:05.184+0000] {processor.py:175} INFO - Processing /home/airflow/.local/lib/python3.7/site-packages/airflow/example_dags/tutorial_dag.py took 0.195 seconds
[2023-02-27T20:04:35.903+0000] {processor.py:153} INFO - Started process (PID=1731) to work on /home/airflow/.local/lib/python3.7/site-packages/airflow/example_dags/tutorial_dag.py
[2023-02-27T20:04:35.904+0000] {processor.py:743} INFO - Processing file /home/airflow/.local/lib/python3.7/site-packages/airflow/example_dags/tutorial_dag.py for tasks to queue
[2023-02-27T20:04:35.904+0000] {logging_mixin.py:137} INFO - [2023-02-27T20:04:35.904+0000] {dagbag.py:538} INFO - Filling up the DagBag from /home/airflow/.local/lib/python3.7/site-packages/airflow/example_dags/tutorial_dag.py
[2023-02-27T20:04:35.927+0000] {processor.py:753} INFO - DAG(s) dict_keys(['tutorial_dag']) retrieved from /home/airflow/.local/lib/python3.7/site-packages/airflow/example_dags/tutorial_dag.py
[2023-02-27T20:04:36.008+0000] {logging_mixin.py:137} INFO - [2023-02-27T20:04:36.008+0000] {dag.py:2690} INFO - Sync 1 DAGs
[2023-02-27T20:04:36.046+0000] {logging_mixin.py:137} INFO - [2023-02-27T20:04:36.046+0000] {dag.py:3441} INFO - Setting next_dagrun for tutorial_dag to None, run_after=None
[2023-02-27T20:04:36.077+0000] {processor.py:175} INFO - Processing /home/airflow/.local/lib/python3.7/site-packages/airflow/example_dags/tutorial_dag.py took 0.179 seconds
[2023-02-27T20:05:06.541+0000] {processor.py:153} INFO - Started process (PID=1799) to work on /home/airflow/.local/lib/python3.7/site-packages/airflow/example_dags/tutorial_dag.py
[2023-02-27T20:05:06.542+0000] {processor.py:743} INFO - Processing file /home/airflow/.local/lib/python3.7/site-packages/airflow/example_dags/tutorial_dag.py for tasks to queue
[2023-02-27T20:05:06.543+0000] {logging_mixin.py:137} INFO - [2023-02-27T20:05:06.543+0000] {dagbag.py:538} INFO - Filling up the DagBag from /home/airflow/.local/lib/python3.7/site-packages/airflow/example_dags/tutorial_dag.py
[2023-02-27T20:05:06.565+0000] {processor.py:753} INFO - DAG(s) dict_keys(['tutorial_dag']) retrieved from /home/airflow/.local/lib/python3.7/site-packages/airflow/example_dags/tutorial_dag.py
[2023-02-27T20:05:06.613+0000] {logging_mixin.py:137} INFO - [2023-02-27T20:05:06.613+0000] {dag.py:2690} INFO - Sync 1 DAGs
[2023-02-27T20:05:06.669+0000] {logging_mixin.py:137} INFO - [2023-02-27T20:05:06.669+0000] {dag.py:3441} INFO - Setting next_dagrun for tutorial_dag to None, run_after=None
[2023-02-27T20:05:06.732+0000] {processor.py:175} INFO - Processing /home/airflow/.local/lib/python3.7/site-packages/airflow/example_dags/tutorial_dag.py took 0.196 seconds
[2023-02-27T20:05:37.244+0000] {processor.py:153} INFO - Started process (PID=1869) to work on /home/airflow/.local/lib/python3.7/site-packages/airflow/example_dags/tutorial_dag.py
[2023-02-27T20:05:37.245+0000] {processor.py:743} INFO - Processing file /home/airflow/.local/lib/python3.7/site-packages/airflow/example_dags/tutorial_dag.py for tasks to queue
[2023-02-27T20:05:37.246+0000] {logging_mixin.py:137} INFO - [2023-02-27T20:05:37.246+0000] {dagbag.py:538} INFO - Filling up the DagBag from /home/airflow/.local/lib/python3.7/site-packages/airflow/example_dags/tutorial_dag.py
[2023-02-27T20:05:37.262+0000] {processor.py:753} INFO - DAG(s) dict_keys(['tutorial_dag']) retrieved from /home/airflow/.local/lib/python3.7/site-packages/airflow/example_dags/tutorial_dag.py
[2023-02-27T20:05:37.289+0000] {logging_mixin.py:137} INFO - [2023-02-27T20:05:37.289+0000] {dag.py:2690} INFO - Sync 1 DAGs
[2023-02-27T20:05:37.319+0000] {logging_mixin.py:137} INFO - [2023-02-27T20:05:37.318+0000] {dag.py:3441} INFO - Setting next_dagrun for tutorial_dag to None, run_after=None
[2023-02-27T20:05:37.340+0000] {processor.py:175} INFO - Processing /home/airflow/.local/lib/python3.7/site-packages/airflow/example_dags/tutorial_dag.py took 0.099 seconds
[2023-02-27T20:06:07.527+0000] {processor.py:153} INFO - Started process (PID=1937) to work on /home/airflow/.local/lib/python3.7/site-packages/airflow/example_dags/tutorial_dag.py
[2023-02-27T20:06:07.528+0000] {processor.py:743} INFO - Processing file /home/airflow/.local/lib/python3.7/site-packages/airflow/example_dags/tutorial_dag.py for tasks to queue
[2023-02-27T20:06:07.528+0000] {logging_mixin.py:137} INFO - [2023-02-27T20:06:07.528+0000] {dagbag.py:538} INFO - Filling up the DagBag from /home/airflow/.local/lib/python3.7/site-packages/airflow/example_dags/tutorial_dag.py
[2023-02-27T20:06:07.546+0000] {processor.py:753} INFO - DAG(s) dict_keys(['tutorial_dag']) retrieved from /home/airflow/.local/lib/python3.7/site-packages/airflow/example_dags/tutorial_dag.py
[2023-02-27T20:06:07.582+0000] {logging_mixin.py:137} INFO - [2023-02-27T20:06:07.582+0000] {dag.py:2690} INFO - Sync 1 DAGs
[2023-02-27T20:06:07.619+0000] {logging_mixin.py:137} INFO - [2023-02-27T20:06:07.619+0000] {dag.py:3441} INFO - Setting next_dagrun for tutorial_dag to None, run_after=None
[2023-02-27T20:06:07.647+0000] {processor.py:175} INFO - Processing /home/airflow/.local/lib/python3.7/site-packages/airflow/example_dags/tutorial_dag.py took 0.124 seconds
[2023-02-27T20:06:38.387+0000] {processor.py:153} INFO - Started process (PID=2019) to work on /home/airflow/.local/lib/python3.7/site-packages/airflow/example_dags/tutorial_dag.py
[2023-02-27T20:06:38.395+0000] {processor.py:743} INFO - Processing file /home/airflow/.local/lib/python3.7/site-packages/airflow/example_dags/tutorial_dag.py for tasks to queue
[2023-02-27T20:06:38.400+0000] {logging_mixin.py:137} INFO - [2023-02-27T20:06:38.400+0000] {dagbag.py:538} INFO - Filling up the DagBag from /home/airflow/.local/lib/python3.7/site-packages/airflow/example_dags/tutorial_dag.py
[2023-02-27T20:06:38.435+0000] {processor.py:753} INFO - DAG(s) dict_keys(['tutorial_dag']) retrieved from /home/airflow/.local/lib/python3.7/site-packages/airflow/example_dags/tutorial_dag.py
[2023-02-27T20:06:38.475+0000] {logging_mixin.py:137} INFO - [2023-02-27T20:06:38.475+0000] {dag.py:2690} INFO - Sync 1 DAGs
[2023-02-27T20:06:38.510+0000] {logging_mixin.py:137} INFO - [2023-02-27T20:06:38.510+0000] {dag.py:3441} INFO - Setting next_dagrun for tutorial_dag to None, run_after=None
[2023-02-27T20:06:38.546+0000] {processor.py:175} INFO - Processing /home/airflow/.local/lib/python3.7/site-packages/airflow/example_dags/tutorial_dag.py took 0.179 seconds
[2023-02-27T20:07:09.599+0000] {processor.py:153} INFO - Started process (PID=2091) to work on /home/airflow/.local/lib/python3.7/site-packages/airflow/example_dags/tutorial_dag.py
[2023-02-27T20:07:09.601+0000] {processor.py:743} INFO - Processing file /home/airflow/.local/lib/python3.7/site-packages/airflow/example_dags/tutorial_dag.py for tasks to queue
[2023-02-27T20:07:09.601+0000] {logging_mixin.py:137} INFO - [2023-02-27T20:07:09.601+0000] {dagbag.py:538} INFO - Filling up the DagBag from /home/airflow/.local/lib/python3.7/site-packages/airflow/example_dags/tutorial_dag.py
[2023-02-27T20:07:09.618+0000] {processor.py:753} INFO - DAG(s) dict_keys(['tutorial_dag']) retrieved from /home/airflow/.local/lib/python3.7/site-packages/airflow/example_dags/tutorial_dag.py
[2023-02-27T20:07:09.661+0000] {logging_mixin.py:137} INFO - [2023-02-27T20:07:09.661+0000] {dag.py:2690} INFO - Sync 1 DAGs
[2023-02-27T20:07:09.691+0000] {logging_mixin.py:137} INFO - [2023-02-27T20:07:09.691+0000] {dag.py:3441} INFO - Setting next_dagrun for tutorial_dag to None, run_after=None
[2023-02-27T20:07:09.720+0000] {processor.py:175} INFO - Processing /home/airflow/.local/lib/python3.7/site-packages/airflow/example_dags/tutorial_dag.py took 0.124 seconds
[2023-02-27T20:07:40.020+0000] {processor.py:153} INFO - Started process (PID=2159) to work on /home/airflow/.local/lib/python3.7/site-packages/airflow/example_dags/tutorial_dag.py
[2023-02-27T20:07:40.022+0000] {processor.py:743} INFO - Processing file /home/airflow/.local/lib/python3.7/site-packages/airflow/example_dags/tutorial_dag.py for tasks to queue
[2023-02-27T20:07:40.023+0000] {logging_mixin.py:137} INFO - [2023-02-27T20:07:40.022+0000] {dagbag.py:538} INFO - Filling up the DagBag from /home/airflow/.local/lib/python3.7/site-packages/airflow/example_dags/tutorial_dag.py
[2023-02-27T20:07:40.057+0000] {processor.py:753} INFO - DAG(s) dict_keys(['tutorial_dag']) retrieved from /home/airflow/.local/lib/python3.7/site-packages/airflow/example_dags/tutorial_dag.py
[2023-02-27T20:07:40.102+0000] {logging_mixin.py:137} INFO - [2023-02-27T20:07:40.102+0000] {dag.py:2690} INFO - Sync 1 DAGs
[2023-02-27T20:07:40.161+0000] {logging_mixin.py:137} INFO - [2023-02-27T20:07:40.161+0000] {dag.py:3441} INFO - Setting next_dagrun for tutorial_dag to None, run_after=None
[2023-02-27T20:07:40.256+0000] {processor.py:175} INFO - Processing /home/airflow/.local/lib/python3.7/site-packages/airflow/example_dags/tutorial_dag.py took 0.239 seconds
