[2023-02-27T20:23:11.178+0000] {taskinstance.py:1083} INFO - Dependencies all met for <TaskInstance: postgres_operator_dag.create_pet_table manual__2023-02-27T20:23:09.477870+00:00 [queued]>
[2023-02-27T20:23:11.210+0000] {taskinstance.py:1083} INFO - Dependencies all met for <TaskInstance: postgres_operator_dag.create_pet_table manual__2023-02-27T20:23:09.477870+00:00 [queued]>
[2023-02-27T20:23:11.210+0000] {taskinstance.py:1279} INFO - 
--------------------------------------------------------------------------------
[2023-02-27T20:23:11.210+0000] {taskinstance.py:1280} INFO - Starting attempt 1 of 1
[2023-02-27T20:23:11.210+0000] {taskinstance.py:1281} INFO - 
--------------------------------------------------------------------------------
[2023-02-27T20:23:11.240+0000] {taskinstance.py:1300} INFO - Executing <Task(PostgresOperator): create_pet_table> on 2023-02-27 20:23:09.477870+00:00
[2023-02-27T20:23:11.247+0000] {standard_task_runner.py:55} INFO - Started process 484 to run task
[2023-02-27T20:23:11.250+0000] {standard_task_runner.py:82} INFO - Running: ['***', 'tasks', 'run', 'postgres_operator_dag', 'create_pet_table', 'manual__2023-02-27T20:23:09.477870+00:00', '--job-id', '6', '--raw', '--subdir', 'DAGS_FOLDER/create_table.py', '--cfg-path', '/tmp/tmpz1qoer7h']
[2023-02-27T20:23:11.251+0000] {standard_task_runner.py:83} INFO - Job 6: Subtask create_pet_table
[2023-02-27T20:23:11.364+0000] {task_command.py:388} INFO - Running <TaskInstance: postgres_operator_dag.create_pet_table manual__2023-02-27T20:23:09.477870+00:00 [running]> on host 9a54fb355ce5
[2023-02-27T20:23:11.446+0000] {taskinstance.py:1509} INFO - Exporting the following env vars:
AIRFLOW_CTX_DAG_OWNER=***
AIRFLOW_CTX_DAG_ID=postgres_operator_dag
AIRFLOW_CTX_TASK_ID=create_pet_table
AIRFLOW_CTX_EXECUTION_DATE=2023-02-27T20:23:09.477870+00:00
AIRFLOW_CTX_TRY_NUMBER=1
AIRFLOW_CTX_DAG_RUN_ID=manual__2023-02-27T20:23:09.477870+00:00
[2023-02-27T20:23:11.447+0000] {sql.py:254} INFO - Executing: -- create pet table
CREATE TABLE IF NOT EXISTS pet (
    pet_id SERIAL PRIMARY KEY,
    name VARCHAR NOT NULL,
    pet_type VARCHAR NOT NULL,
    birth_date DATE NOT NULL,
    OWNER VARCHAR NOT NULL);
[2023-02-27T20:23:11.456+0000] {base.py:73} INFO - Using connection ID 'postgres_default' for task execution.
[2023-02-27T20:23:11.750+0000] {base.py:73} INFO - Using connection ID 'postgres_default' for task execution.
[2023-02-27T20:23:11.754+0000] {sql.py:375} INFO - Running statement: -- create pet table
CREATE TABLE IF NOT EXISTS pet (
    pet_id SERIAL PRIMARY KEY,
    name VARCHAR NOT NULL,
    pet_type VARCHAR NOT NULL,
    birth_date DATE NOT NULL,
    OWNER VARCHAR NOT NULL);, parameters: None
[2023-02-27T20:23:11.771+0000] {taskinstance.py:1323} INFO - Marking task as SUCCESS. dag_id=postgres_operator_dag, task_id=create_pet_table, execution_date=20230227T202309, start_date=20230227T202311, end_date=20230227T202311
[2023-02-27T20:23:11.826+0000] {local_task_job.py:208} INFO - Task exited with return code 0
[2023-02-27T20:23:11.846+0000] {taskinstance.py:2578} INFO - 0 downstream tasks scheduled from follow-on schedule check
