[2023-02-28T16:59:59.624+0000] {manager.py:483} INFO - Processing files using up to 2 processes at a time 
[2023-02-28T16:59:59.626+0000] {manager.py:484} INFO - Process each file at most once every 30 seconds
[2023-02-28T16:59:59.626+0000] {manager.py:486} INFO - Checking for new files in /opt/airflow/dags every 300 seconds
[2023-02-28T16:59:59.627+0000] {manager.py:726} INFO - Searching for files in /opt/airflow/dags
[2023-02-28T16:59:59.633+0000] {manager.py:729} INFO - There are 2 files in /opt/airflow/dags
[2023-02-28T16:59:59.791+0000] {manager.py:854} INFO - 
================================================================================
DAG File Processing Stats

File Path                            PID  Runtime      # DAGs    # Errors  Last Runtime    Last Run
---------------------------------  -----  ---------  --------  ----------  --------------  ----------
/opt/airflow/dags/get_pokemons.py     35  0.09s             0           0
/opt/airflow/dags/create_table.py     36  0.08s             0           0
================================================================================
[2023-02-28T17:00:29.986+0000] {manager.py:854} INFO - 
================================================================================
DAG File Processing Stats

File Path                            PID  Runtime      # DAGs    # Errors  Last Runtime    Last Run
---------------------------------  -----  ---------  --------  ----------  --------------  -------------------
/opt/airflow/dags/get_pokemons.py     74  0.00s             0           1  0.15s           2023-02-28T16:59:59
/opt/airflow/dags/create_table.py                           1           0  0.35s           2023-02-28T17:00:00
================================================================================
[2023-02-28T17:01:00.192+0000] {manager.py:520} INFO - DAG pokemons is missing and will be deactivated.
[2023-02-28T17:01:00.195+0000] {manager.py:530} INFO - Deactivated 1 DAGs which are no longer present in file.
[2023-02-28T17:01:00.198+0000] {manager.py:534} INFO - Deleted DAG pokemons in serialized_dag table
[2023-02-28T17:01:00.205+0000] {manager.py:854} INFO - 
================================================================================
DAG File Processing Stats

File Path                            PID  Runtime      # DAGs    # Errors  Last Runtime    Last Run
---------------------------------  -----  ---------  --------  ----------  --------------  -------------------
/opt/airflow/dags/get_pokemons.py    109  0.00s             0           1  0.09s           2023-02-28T17:00:30
/opt/airflow/dags/create_table.py                           1           0  0.21s           2023-02-28T17:00:30
================================================================================
[2023-02-28T17:01:30.415+0000] {manager.py:854} INFO - 
================================================================================
DAG File Processing Stats

File Path                            PID  Runtime      # DAGs    # Errors  Last Runtime    Last Run
---------------------------------  -----  ---------  --------  ----------  --------------  -------------------
/opt/airflow/dags/get_pokemons.py    138  0.00s             0           1  0.06s           2023-02-28T17:01:00
/opt/airflow/dags/create_table.py                           1           0  0.12s           2023-02-28T17:01:01
================================================================================
[2023-02-28T17:02:00.800+0000] {manager.py:854} INFO - 
================================================================================
DAG File Processing Stats

File Path                          PID    Runtime      # DAGs    # Errors  Last Runtime    Last Run
---------------------------------  -----  ---------  --------  ----------  --------------  -------------------
/opt/airflow/dags/get_pokemons.py                           1           0  0.19s           2023-02-28T17:01:54
/opt/airflow/dags/create_table.py                           1           0  0.14s           2023-02-28T17:01:31
================================================================================
[2023-02-28T17:02:31.045+0000] {manager.py:854} INFO - 
================================================================================
DAG File Processing Stats

File Path                          PID    Runtime      # DAGs    # Errors  Last Runtime    Last Run
---------------------------------  -----  ---------  --------  ----------  --------------  -------------------
/opt/airflow/dags/get_pokemons.py                           1           0  0.19s           2023-02-28T17:02:25
/opt/airflow/dags/create_table.py                           1           0  0.15s           2023-02-28T17:02:01
================================================================================
[2023-02-28T17:03:01.365+0000] {manager.py:854} INFO - 
================================================================================
DAG File Processing Stats

File Path                          PID    Runtime      # DAGs    # Errors  Last Runtime    Last Run
---------------------------------  -----  ---------  --------  ----------  --------------  -------------------
/opt/airflow/dags/get_pokemons.py                           1           0  0.39s           2023-02-28T17:02:55
/opt/airflow/dags/create_table.py                           1           0  0.15s           2023-02-28T17:02:32
================================================================================
[2023-02-28T17:03:31.691+0000] {manager.py:854} INFO - 
================================================================================
DAG File Processing Stats

File Path                          PID    Runtime      # DAGs    # Errors  Last Runtime    Last Run
---------------------------------  -----  ---------  --------  ----------  --------------  -------------------
/opt/airflow/dags/get_pokemons.py                           1           0  0.25s           2023-02-28T17:03:26
/opt/airflow/dags/create_table.py                           1           0  0.22s           2023-02-28T17:03:02
================================================================================
[2023-02-28T17:04:01.932+0000] {manager.py:854} INFO - 
================================================================================
DAG File Processing Stats

File Path                          PID    Runtime      # DAGs    # Errors  Last Runtime    Last Run
---------------------------------  -----  ---------  --------  ----------  --------------  -------------------
/opt/airflow/dags/get_pokemons.py                           1           0  0.11s           2023-02-28T17:03:56
/opt/airflow/dags/create_table.py                           1           0  0.14s           2023-02-28T17:03:32
================================================================================
[2023-02-28T17:04:32.220+0000] {manager.py:854} INFO - 
================================================================================
DAG File Processing Stats

File Path                          PID    Runtime      # DAGs    # Errors  Last Runtime    Last Run
---------------------------------  -----  ---------  --------  ----------  --------------  -------------------
/opt/airflow/dags/get_pokemons.py                           1           0  0.16s           2023-02-28T17:04:27
/opt/airflow/dags/create_table.py                           1           0  0.18s           2023-02-28T17:04:03
================================================================================
[2023-02-28T17:05:00.383+0000] {manager.py:726} INFO - Searching for files in /opt/airflow/dags
[2023-02-28T17:05:00.396+0000] {manager.py:729} INFO - There are 2 files in /opt/airflow/dags
[2023-02-28T17:05:02.414+0000] {manager.py:854} INFO - 
================================================================================
DAG File Processing Stats

File Path                          PID    Runtime      # DAGs    # Errors  Last Runtime    Last Run
---------------------------------  -----  ---------  --------  ----------  --------------  -------------------
/opt/airflow/dags/get_pokemons.py                           1           0  0.11s           2023-02-28T17:04:57
/opt/airflow/dags/create_table.py                           1           0  0.27s           2023-02-28T17:04:33
================================================================================
[2023-02-28T17:05:32.675+0000] {manager.py:854} INFO - 
================================================================================
DAG File Processing Stats

File Path                          PID    Runtime      # DAGs    # Errors  Last Runtime    Last Run
---------------------------------  -----  ---------  --------  ----------  --------------  -------------------
/opt/airflow/dags/get_pokemons.py                           1           0  0.12s           2023-02-28T17:05:27
/opt/airflow/dags/create_table.py                           1           0  0.13s           2023-02-28T17:05:04
================================================================================
[2023-02-28T17:06:02.913+0000] {manager.py:854} INFO - 
================================================================================
DAG File Processing Stats

File Path                          PID    Runtime      # DAGs    # Errors  Last Runtime    Last Run
---------------------------------  -----  ---------  --------  ----------  --------------  -------------------
/opt/airflow/dags/get_pokemons.py                           1           0  0.13s           2023-02-28T17:05:57
/opt/airflow/dags/create_table.py                           1           0  0.14s           2023-02-28T17:05:34
================================================================================
[2023-02-28T17:06:33.130+0000] {manager.py:854} INFO - 
================================================================================
DAG File Processing Stats

File Path                          PID    Runtime      # DAGs    # Errors  Last Runtime    Last Run
---------------------------------  -----  ---------  --------  ----------  --------------  -------------------
/opt/airflow/dags/get_pokemons.py                           1           0  0.12s           2023-02-28T17:06:28
/opt/airflow/dags/create_table.py                           1           0  0.11s           2023-02-28T17:06:05
================================================================================
[2023-02-28T17:07:03.382+0000] {manager.py:854} INFO - 
================================================================================
DAG File Processing Stats

File Path                          PID    Runtime      # DAGs    # Errors  Last Runtime    Last Run
---------------------------------  -----  ---------  --------  ----------  --------------  -------------------
/opt/airflow/dags/get_pokemons.py                           1           0  0.11s           2023-02-28T17:06:58
/opt/airflow/dags/create_table.py                           1           0  0.13s           2023-02-28T17:06:35
================================================================================
[2023-02-28T17:07:33.625+0000] {manager.py:854} INFO - 
================================================================================
DAG File Processing Stats

File Path                          PID    Runtime      # DAGs    # Errors  Last Runtime    Last Run
---------------------------------  -----  ---------  --------  ----------  --------------  -------------------
/opt/airflow/dags/get_pokemons.py                           1           0  0.14s           2023-02-28T17:07:28
/opt/airflow/dags/create_table.py                           1           0  0.14s           2023-02-28T17:07:05
================================================================================
[2023-02-28T17:08:03.884+0000] {manager.py:854} INFO - 
================================================================================
DAG File Processing Stats

File Path                            PID  Runtime      # DAGs    # Errors  Last Runtime    Last Run
---------------------------------  -----  ---------  --------  ----------  --------------  -------------------
/opt/airflow/dags/get_pokemons.py    600  0.02s             1           0  0.21s           2023-02-28T17:07:59
/opt/airflow/dags/create_table.py                           1           0  0.12s           2023-02-28T17:07:35
================================================================================
[2023-02-28T17:08:34.154+0000] {manager.py:854} INFO - 
================================================================================
DAG File Processing Stats

File Path                          PID    Runtime      # DAGs    # Errors  Last Runtime    Last Run
---------------------------------  -----  ---------  --------  ----------  --------------  -------------------
/opt/airflow/dags/get_pokemons.py                           1           0  0.12s           2023-02-28T17:08:15
/opt/airflow/dags/create_table.py                           1           0  0.15s           2023-02-28T17:08:06
================================================================================
[2023-02-28T17:09:04.392+0000] {manager.py:854} INFO - 
================================================================================
DAG File Processing Stats

File Path                          PID    Runtime      # DAGs    # Errors  Last Runtime    Last Run
---------------------------------  -----  ---------  --------  ----------  --------------  -------------------
/opt/airflow/dags/get_pokemons.py                           1           0  0.11s           2023-02-28T17:08:45
/opt/airflow/dags/create_table.py                           1           0  0.12s           2023-02-28T17:08:36
================================================================================
[2023-02-28T17:09:34.628+0000] {manager.py:854} INFO - 
================================================================================
DAG File Processing Stats

File Path                          PID    Runtime      # DAGs    # Errors  Last Runtime    Last Run
---------------------------------  -----  ---------  --------  ----------  --------------  -------------------
/opt/airflow/dags/get_pokemons.py                           1           0  0.11s           2023-02-28T17:09:15
/opt/airflow/dags/create_table.py                           1           0  0.12s           2023-02-28T17:09:06
================================================================================
[2023-02-28T17:10:00.835+0000] {manager.py:726} INFO - Searching for files in /opt/airflow/dags
[2023-02-28T17:10:00.837+0000] {manager.py:729} INFO - There are 2 files in /opt/airflow/dags
[2023-02-28T17:10:04.862+0000] {manager.py:854} INFO - 
================================================================================
DAG File Processing Stats

File Path                          PID    Runtime      # DAGs    # Errors  Last Runtime    Last Run
---------------------------------  -----  ---------  --------  ----------  --------------  -------------------
/opt/airflow/dags/get_pokemons.py                           1           0  0.13s           2023-02-28T17:09:45
/opt/airflow/dags/create_table.py                           1           0  0.11s           2023-02-28T17:09:36
================================================================================
